INPUT PARAMETERS:
msa_name /data/wangd17/contact_seqs/A3D/A3D_contacts_stable.dat
out_name a3d_stable.bm_param
folder_name A3D_stable
scratch_dir /data/wangd17/Ising-Model_biowulf/scratch/
input_name none
mc_init random
lambda 0
myseed 1
max_iter 10000000
mc_steps 1000
eps0_h 0.02
eps0_J 0.002
adaptive_stepsize_on 1
adaptive_sampling_on 1
eps_inc 1.5
eps_dec 0.6
eps_min_h 0.001
eps_max_h 2.5
eps_min_J 0.00001
eps_max_J_N 2.5
gamma 0.1
cutoff_freq 0.05
delta 0.0
symmetrize_on 0
do_lowmem_fill 1
cutoff_rmsd 0.002
conv_type rmsd
verbose 1
record_freq 50

/data/wangd17/contact_seqs/A3D/A3D_contacts_stable.dat
Sequence length: 2415
random
conv type: rmsd
Doing low-memory frequency fill...
0
10000
20000
30000
40000
50000
60000
70000
80000
90000
100000
110000
120000
130000
140000
150000
160000
170000
180000
190000
200000
210000
220000
230000
240000
250000
260000
270000
280000
290000
300000
310000
320000
330000
340000
350000
360000
370000
380000
390000
400000
410000
420000
430000
440000
450000
460000
470000
480000
490000
500000
510000
520000
530000
540000
550000
560000
570000
580000
590000
600000
610000
620000
630000
640000
650000
660000
670000
680000
690000
700000
710000
720000
730000
740000
750000
760000
770000
780000
790000
800000
810000
820000
830000
840000
850000
860000
870000
880000
890000
900000
910000
920000
930000
940000
950000
960000
970000
980000
990000
1000000
1010000
1020000
1030000
1040000
1050000
1060000
1070000
1080000
1090000
1100000
1110000
1120000
1130000
1140000
1150000
1160000
1170000
1180000
1190000
1200000
1210000
1220000
1230000
1240000
1250000
1260000
1270000
1280000
1290000
1300000
1310000
1320000
1330000
1340000
1350000
1360000
1370000
1380000
1390000
1400000
1410000
1420000
1430000
1440000
1450000
1460000
1470000
1480000
1490000
1500000
1510000
1520000
1530000
1540000
1550000
1560000
1570000
1580000
1590000
No. seqs: 1598285
Should be N: 25.719
Fitting model.

iteration 0
Number of threads allocated = 1
Avg. energy: 84.5226
RMS of dh, dJ: 0.00796123 0.000859723
Max of dh, dJ: 0.160881 0.22373
Std. errors: 0.0137349 0.00115208
Model difference is within sampling error. Increasing sampling...
MC steps per iteration: 2000

iteration 1
Number of threads allocated = 1
Avg. energy: 83.3129
RMS of dh, dJ: 0.00698926 0.000809792
Max of dh, dJ: 0.151381 0.22073

iteration 2
Number of threads allocated = 1
Avg. energy: 85.6082
RMS of dh, dJ: 0.00643649 0.000789242
Max of dh, dJ: 0.127596 0.21223
Std. errors: 0.0097312 0.000829602
Model difference is within sampling error. Increasing sampling...
MC steps per iteration: 4000

iteration 3
Number of threads allocated = 1
Avg. energy: 85.0608
RMS of dh, dJ: 0.00641513 0.000775617
Max of dh, dJ: 0.147631 0.22048

iteration 4
Number of threads allocated = 1
Avg. energy: 84.7602
RMS of dh, dJ: 0.0057349 0.000755128
Max of dh, dJ: 0.130631 0.21048

iteration 5
Number of threads allocated = 1
Avg. energy: 85.0351
RMS of dh, dJ: 0.00605631 0.000768222
Max of dh, dJ: 0.143631 0.22073

iteration 6
Number of threads allocated = 1
Avg. energy: 85.397
RMS of dh, dJ: 0.00556631 0.00074858
Max of dh, dJ: 0.118131 0.20498

iteration 7
Number of threads allocated = 1
Avg. energy: 83.6878
RMS of dh, dJ: 0.00545464 0.000748736
Max of dh, dJ: 0.121131 0.21023

iteration 8
Number of threads allocated = 1
Avg. energy: 84.7051
RMS of dh, dJ: 0.00549599 0.000753598
Max of dh, dJ: 0.113881 0.20448

iteration 9
Number of threads allocated = 1
Avg. energy: 85.4809
RMS of dh, dJ: 0.00507251 0.000730379
Max of dh, dJ: 0.0943812 0.18398

iteration 10
Number of threads allocated = 1
Avg. energy: 84.8258
RMS of dh, dJ: 0.004218 0.000701421
Max of dh, dJ: 0.0728812 0.17398

iteration 11
Number of threads allocated = 1
Avg. energy: 84.8301
RMS of dh, dJ: 0.0036264 0.000674787
Max of dh, dJ: 0.0681312 0.16123

iteration 12
Number of threads allocated = 1
Avg. energy: 84.044
RMS of dh, dJ: 0.0031561 0.000651109
Max of dh, dJ: 0.042018 0.14423

iteration 13
Number of threads allocated = 1
Avg. energy: 84.5617
RMS of dh, dJ: 0.00246941 0.0006127
Max of dh, dJ: 0.032268 0.131814
Std. errors: 0.00699522 0.000612924
Model difference is within sampling error. Increasing sampling...
MC steps per iteration: 8000

iteration 14
Number of threads allocated = 1
Avg. energy: 85.104
RMS of dh, dJ: 0.0018265 0.000583675
Max of dh, dJ: 0.024393 0.130939

iteration 15
Number of threads allocated = 1
Avg. energy: 84.5933
RMS of dh, dJ: 0.00186681 0.000586683
Max of dh, dJ: 0.023518 0.127814

iteration 16
Number of threads allocated = 1
Avg. energy: 84.5266
RMS of dh, dJ: 0.00179682 0.000577268
Max of dh, dJ: 0.0183569 0.123855

iteration 17
Number of threads allocated = 1
Avg. energy: 84.404
RMS of dh, dJ: 0.00183211 0.000585911
Max of dh, dJ: 0.018643 0.132439

iteration 18
Number of threads allocated = 1
Avg. energy: 84.7375
RMS of dh, dJ: 0.00174289 0.000579697
Max of dh, dJ: 0.0156619 0.130439

iteration 19
Number of threads allocated = 1
Avg. energy: 84.6782
RMS of dh, dJ: 0.00171072 0.000581238
Max of dh, dJ: 0.0159707 0.135355

iteration 20
Number of threads allocated = 1
Avg. energy: 84.4811
RMS of dh, dJ: 0.00147554 0.000570857
Max of dh, dJ: 0.0118785 0.125564

iteration 21
Number of threads allocated = 1
Avg. energy: 84.4705
RMS of dh, dJ: 0.00179875 0.000568748
Max of dh, dJ: 0.0179857 0.121314

iteration 22
Number of threads allocated = 1
Avg. energy: 85.114
RMS of dh, dJ: 0.00168595 0.000576891
Max of dh, dJ: 0.0191372 0.135564

iteration 23
Number of threads allocated = 1
Avg. energy: 84.4876
RMS of dh, dJ: 0.00167003 0.000568662
Max of dh, dJ: 0.016222 0.128939

iteration 24
Number of threads allocated = 1
Avg. energy: 85.0359
RMS of dh, dJ: 0.00162257 0.000562814
Max of dh, dJ: 0.012804 0.123939

iteration 25
Number of threads allocated = 1
Avg. energy: 85.3927
RMS of dh, dJ: 0.00163974 0.000572487
Max of dh, dJ: 0.0161586 0.12798

iteration 26
Number of threads allocated = 1
Avg. energy: 85.0813
RMS of dh, dJ: 0.00173046 0.00056604
Max of dh, dJ: 0.0180392 0.118189

iteration 27
Number of threads allocated = 1
Avg. energy: 85.3816
RMS of dh, dJ: 0.00163596 0.000572372
Max of dh, dJ: 0.0158381 0.125814

iteration 28
Number of threads allocated = 1
Avg. energy: 85.0264
RMS of dh, dJ: 0.00169231 0.000559529
Max of dh, dJ: 0.0229672 0.12373

iteration 29
Number of threads allocated = 1
Avg. energy: 84.3224
RMS of dh, dJ: 0.00158865 0.000567032
Max of dh, dJ: 0.0123731 0.129689

iteration 30
Number of threads allocated = 1
Avg. energy: 84.6733
RMS of dh, dJ: 0.00167599 0.000568935
Max of dh, dJ: 0.0138848 0.134189

iteration 31
Number of threads allocated = 1
Avg. energy: 84.366
RMS of dh, dJ: 0.00163852 0.00057637
Max of dh, dJ: 0.014179 0.130439

iteration 32
Number of threads allocated = 1
Avg. energy: 85.1968
RMS of dh, dJ: 0.00153262 0.000565186
Max of dh, dJ: 0.0126742 0.122189

iteration 33
Number of threads allocated = 1
Avg. energy: 85.7073
RMS of dh, dJ: 0.00157885 0.000563819
Max of dh, dJ: 0.01368 0.131439

iteration 34
Number of threads allocated = 1
Avg. energy: 84.9977
RMS of dh, dJ: 0.00158518 0.000563809
Max of dh, dJ: 0.0125326 0.125189

iteration 35
Number of threads allocated = 1
Avg. energy: 85.0311
RMS of dh, dJ: 0.00167575 0.000564631
Max of dh, dJ: 0.01432 0.124814

iteration 36
Number of threads allocated = 1
Avg. energy: 84.5556
RMS of dh, dJ: 0.00164208 0.000568132
Max of dh, dJ: 0.0165747 0.129564

iteration 37
Number of threads allocated = 1
Avg. energy: 84.7008
RMS of dh, dJ: 0.00161184 0.00056734
Max of dh, dJ: 0.013053 0.124939

iteration 38
Number of threads allocated = 1
Avg. energy: 84.6884
RMS of dh, dJ: 0.00156181 0.000565519
Max of dh, dJ: 0.0102835 0.128689

iteration 39
Number of threads allocated = 1
Avg. energy: 85.1894
RMS of dh, dJ: 0.00162279 0.000562188
Max of dh, dJ: 0.0140913 0.129439

iteration 40
Number of threads allocated = 1
Avg. energy: 84.5823
RMS of dh, dJ: 0.00161847 0.000560467
Max of dh, dJ: 0.0192057 0.123064

iteration 41
Number of threads allocated = 1
Avg. energy: 85.1213
RMS of dh, dJ: 0.00165477 0.000568598
Max of dh, dJ: 0.0154119 0.126439

iteration 42
Number of threads allocated = 1
Avg. energy: 84.9842
RMS of dh, dJ: 0.00152584 0.000561617
Max of dh, dJ: 0.0118307 0.124064

iteration 43
Number of threads allocated = 1
Avg. energy: 84.7742
RMS of dh, dJ: 0.00160016 0.000573393
Max of dh, dJ: 0.0131811 0.121855

iteration 44
Number of threads allocated = 1
Avg. energy: 84.4357
RMS of dh, dJ: 0.0017013 0.000566202
Max of dh, dJ: 0.0193073 0.120689

iteration 45
Number of threads allocated = 1
Avg. energy: 85.2244
RMS of dh, dJ: 0.00159046 0.000566419
Max of dh, dJ: 0.0164253 0.12823

iteration 46
Number of threads allocated = 1
Avg. energy: 85.1265
RMS of dh, dJ: 0.00156043 0.000559936
Max of dh, dJ: 0.013179 0.125689

iteration 47
Number of threads allocated = 1
Avg. energy: 84.5519
RMS of dh, dJ: 0.00172503 0.000554718
Max of dh, dJ: 0.0158125 0.121605

iteration 48
Number of threads allocated = 1
Avg. energy: 85.0563
RMS of dh, dJ: 0.00162233 0.000562316
Max of dh, dJ: 0.0139002 0.126939

iteration 49
Number of threads allocated = 1
Avg. energy: 85.5199
RMS of dh, dJ: 0.00163794 0.000567274
Max of dh, dJ: 0.0180328 0.130689

iteration 50
Number of threads allocated = 1
Avg. energy: 84.7749
RMS of dh, dJ: 0.0015332 0.000562974
Max of dh, dJ: 0.0161999 0.125439

iteration 51
Number of threads allocated = 1
Avg. energy: 84.956
RMS of dh, dJ: 0.00160201 0.000564877
Max of dh, dJ: 0.0133259 0.125814

iteration 52
Number of threads allocated = 1
Avg. energy: 85.2954
RMS of dh, dJ: 0.00156352 0.000559417
Max of dh, dJ: 0.0173125 0.126314

iteration 53
Number of threads allocated = 1
Avg. energy: 85.811
RMS of dh, dJ: 0.00158358 0.000555432
Max of dh, dJ: 0.0114342 0.126439

iteration 54
Number of threads allocated = 1
Avg. energy: 84.9746
RMS of dh, dJ: 0.00161483 0.000567996
Max of dh, dJ: 0.0149242 0.123314

iteration 55
Number of threads allocated = 1
Avg. energy: 84.7756
RMS of dh, dJ: 0.00155617 0.000561389
Max of dh, dJ: 0.0138003 0.127314

iteration 56
Number of threads allocated = 1
Avg. energy: 84.864
RMS of dh, dJ: 0.00162913 0.000564912
Max of dh, dJ: 0.0156546 0.127689

iteration 57
Number of threads allocated = 1
Avg. energy: 85.3038
RMS of dh, dJ: 0.00155222 0.000564012
Max of dh, dJ: 0.014382 0.125689

iteration 58
Number of threads allocated = 1
Avg. energy: 85.0762
RMS of dh, dJ: 0.00161374 0.000567147
Max of dh, dJ: 0.0156619 0.125189

iteration 59
Number of threads allocated = 1
Avg. energy: 84.659
RMS of dh, dJ: 0.00171451 0.000565736
Max of dh, dJ: 0.0200758 0.126855

iteration 60
Number of threads allocated = 1
Avg. energy: 85.1771
RMS of dh, dJ: 0.00159365 0.000564799
Max of dh, dJ: 0.01618 0.124064

iteration 61
Number of threads allocated = 1
Avg. energy: 84.9872
RMS of dh, dJ: 0.00162201 0.000567489
Max of dh, dJ: 0.0150369 0.124939

iteration 62
Number of threads allocated = 1
Avg. energy: 85.3399
RMS of dh, dJ: 0.00162931 0.000558796
Max of dh, dJ: 0.0132008 0.125814

iteration 63
Number of threads allocated = 1
Avg. energy: 84.889
RMS of dh, dJ: 0.0015773 0.000560602
Max of dh, dJ: 0.0119265 0.119564

iteration 64
Number of threads allocated = 1
Avg. energy: 84.693
RMS of dh, dJ: 0.00158757 0.000555463
Max of dh, dJ: 0.0183422 0.119689

iteration 65
Number of threads allocated = 1
Avg. energy: 84.7469
RMS of dh, dJ: 0.00163279 0.000562015
Max of dh, dJ: 0.0140443 0.119605

iteration 66
Number of threads allocated = 1
Avg. energy: 85.0928
RMS of dh, dJ: 0.00159044 0.000560155
Max of dh, dJ: 0.0170331 0.125439

iteration 67
Number of threads allocated = 1
Avg. energy: 84.9088
RMS of dh, dJ: 0.00163506 0.000562875
Max of dh, dJ: 0.0150062 0.125064

iteration 68
Number of threads allocated = 1
Avg. energy: 84.8582
RMS of dh, dJ: 0.00151434 0.000561838
Max of dh, dJ: 0.0117009 0.126439

iteration 69
Number of threads allocated = 1
Avg. energy: 85.0832
RMS of dh, dJ: 0.0015527 0.000560094
Max of dh, dJ: 0.0111453 0.118855

iteration 70
Number of threads allocated = 1
Avg. energy: 85.0022
RMS of dh, dJ: 0.00159525 0.000572547
Max of dh, dJ: 0.0123769 0.129689

iteration 71
Number of threads allocated = 1
Avg. energy: 85.522
RMS of dh, dJ: 0.00154998 0.000559591
Max of dh, dJ: 0.0156753 0.126189

iteration 72
Number of threads allocated = 1
Avg. energy: 84.6571
RMS of dh, dJ: 0.00162589 0.000564236
Max of dh, dJ: 0.0147057 0.126439

iteration 73
Number of threads allocated = 1
Avg. energy: 85.003
RMS of dh, dJ: 0.00161081 0.000556605
Max of dh, dJ: 0.0171731 0.122689

iteration 74
Number of threads allocated = 1
Avg. energy: 84.9334
RMS of dh, dJ: 0.00154924 0.000559569
Max of dh, dJ: 0.0114463 0.122439

iteration 75
Number of threads allocated = 1
Avg. energy: 84.6596
RMS of dh, dJ: 0.00164282 0.000558673
Max of dh, dJ: 0.020389 0.120814

iteration 76
Number of threads allocated = 1
Avg. energy: 85.1349
RMS of dh, dJ: 0.00167716 0.000553978
Max of dh, dJ: 0.016764 0.125189

iteration 77
Number of threads allocated = 1
Avg. energy: 84.3865
RMS of dh, dJ: 0.0016999 0.000571342
Max of dh, dJ: 0.0155948 0.132605

iteration 78
Number of threads allocated = 1
Avg. energy: 85.2121
RMS of dh, dJ: 0.00160284 0.000559296
Max of dh, dJ: 0.0120335 0.123439

iteration 79
Number of threads allocated = 1
Avg. energy: 85.2395
RMS of dh, dJ: 0.00168127 0.00055942
Max of dh, dJ: 0.0181581 0.127939

iteration 80
Number of threads allocated = 1
Avg. energy: 85.4564
RMS of dh, dJ: 0.00157387 0.000562751
Max of dh, dJ: 0.0109704 0.122189

iteration 81
Number of threads allocated = 1
Avg. energy: 84.7824
RMS of dh, dJ: 0.00159223 0.000559678
Max of dh, dJ: 0.0116408 0.126189

iteration 82
Number of threads allocated = 1
Avg. energy: 84.9355
RMS of dh, dJ: 0.00160575 0.00056208
Max of dh, dJ: 0.0235704 0.12598

iteration 83
Number of threads allocated = 1
Avg. energy: 84.9419
RMS of dh, dJ: 0.00164821 0.000560184
Max of dh, dJ: 0.0125388 0.126814

iteration 84
Number of threads allocated = 1
Avg. energy: 85.0674
RMS of dh, dJ: 0.00165881 0.000563579
Max of dh, dJ: 0.0159857 0.120064

iteration 85
Number of threads allocated = 1
Avg. energy: 85.2856
RMS of dh, dJ: 0.00170421 0.000571661
Max of dh, dJ: 0.0162892 0.131689

iteration 86
Number of threads allocated = 1
Avg. energy: 84.9415
RMS of dh, dJ: 0.00156558 0.000558352
Max of dh, dJ: 0.0127009 0.12973

iteration 87
Number of threads allocated = 1
Avg. energy: 84.675
RMS of dh, dJ: 0.00161101 0.000566121
Max of dh, dJ: 0.0168069 0.129564

iteration 88
Number of threads allocated = 1
Avg. energy: 85.4175
RMS of dh, dJ: 0.00158146 0.000553685
Max of dh, dJ: 0.0138607 0.121855

iteration 89
Number of threads allocated = 1
Avg. energy: 85.2605
RMS of dh, dJ: 0.00163951 0.000565015
Max of dh, dJ: 0.0152793 0.126689

iteration 90
Number of threads allocated = 1
Avg. energy: 85.3678
RMS of dh, dJ: 0.00158198 0.000566085
Max of dh, dJ: 0.0155862 0.134564

iteration 91
Number of threads allocated = 1
Avg. energy: 85.1123
RMS of dh, dJ: 0.00160529 0.000552231
Max of dh, dJ: 0.0159779 0.118605

iteration 92
Number of threads allocated = 1
Avg. energy: 84.5035
RMS of dh, dJ: 0.00157506 0.000560477
Max of dh, dJ: 0.0127465 0.129814

iteration 93
Number of threads allocated = 1
Avg. energy: 84.8846
RMS of dh, dJ: 0.00168074 0.000559447
Max of dh, dJ: 0.0205503 0.127814

iteration 94
Number of threads allocated = 1
Avg. energy: 84.6887
RMS of dh, dJ: 0.00162007 0.000558252
Max of dh, dJ: 0.0130503 0.126314

iteration 95
Number of threads allocated = 1
Avg. energy: 85.1757
RMS of dh, dJ: 0.001601 0.000563943
Max of dh, dJ: 0.0133688 0.131564

iteration 96
Number of threads allocated = 1
Avg. energy: 85.7216
RMS of dh, dJ: 0.00163794 0.000559569
Max of dh, dJ: 0.0144857 0.12798

iteration 97
Number of threads allocated = 1
Avg. energy: 85.0256
RMS of dh, dJ: 0.00161174 0.000556661
Max of dh, dJ: 0.015393 0.129689

iteration 98
Number of threads allocated = 1
Avg. energy: 85.57
RMS of dh, dJ: 0.0016595 0.000562421
Max of dh, dJ: 0.0163448 0.126564

iteration 99
Number of threads allocated = 1
Avg. energy: 84.9275
RMS of dh, dJ: 0.00154171 0.000565764
Max of dh, dJ: 0.0164698 0.124439

iteration 100
Number of threads allocated = 1
Avg. energy: 84.9624
RMS of dh, dJ: 0.00161795 0.000563559
Max of dh, dJ: 0.0147826 0.126605

iteration 101
Number of threads allocated = 1
Avg. energy: 85.0582
RMS of dh, dJ: 0.00166824 0.000561118
Max of dh, dJ: 0.0179509 0.124939

iteration 102
Number of threads allocated = 1
Avg. energy: 85.0337
RMS of dh, dJ: 0.00157091 0.000553579
Max of dh, dJ: 0.0143607 0.126564

iteration 103
Number of threads allocated = 1
Avg. energy: 85.3994
RMS of dh, dJ: 0.00153418 0.000559233
Max of dh, dJ: 0.0161543 0.125814

iteration 104
Number of threads allocated = 1
Avg. energy: 84.7789
RMS of dh, dJ: 0.0015762 0.000566581
Max of dh, dJ: 0.0131107 0.131689

iteration 105
Number of threads allocated = 1
Avg. energy: 85.7119
RMS of dh, dJ: 0.00165324 0.000561878
Max of dh, dJ: 0.017143 0.124564

iteration 106
Number of threads allocated = 1
Avg. energy: 85.0847
RMS of dh, dJ: 0.00163972 0.000566558
Max of dh, dJ: 0.0157869 0.129064

iteration 107
Number of threads allocated = 1
Avg. energy: 85.2596
RMS of dh, dJ: 0.00157515 0.000564816
Max of dh, dJ: 0.0149142 0.122689

iteration 108
Number of threads allocated = 1
Avg. energy: 84.6019
RMS of dh, dJ: 0.00171001 0.000563788
Max of dh, dJ: 0.018305 0.119355

iteration 109
Number of threads allocated = 1
Avg. energy: 85.0586
RMS of dh, dJ: 0.00173988 0.000554706
Max of dh, dJ: 0.0179454 0.115189

iteration 110
Number of threads allocated = 1
Avg. energy: 85.1817
RMS of dh, dJ: 0.00162597 0.000567463
Max of dh, dJ: 0.0127869 0.11998

iteration 111
Number of threads allocated = 1
Avg. energy: 85.3146
RMS of dh, dJ: 0.00165174 0.000565721
Max of dh, dJ: 0.0204119 0.126189

iteration 112
Number of threads allocated = 1
Avg. energy: 85.2462
RMS of dh, dJ: 0.00162545 0.000555241
Max of dh, dJ: 0.0146931 0.129314

iteration 113
Number of threads allocated = 1
Avg. energy: 85.2398
RMS of dh, dJ: 0.0015725 0.00055806
Max of dh, dJ: 0.015571 0.128689

iteration 114
Number of threads allocated = 1
Avg. energy: 85.3447
RMS of dh, dJ: 0.00158305 0.000569377
Max of dh, dJ: 0.0162796 0.127314

iteration 115
Number of threads allocated = 1
Avg. energy: 85.506
RMS of dh, dJ: 0.00163428 0.000552412
Max of dh, dJ: 0.0174253 0.121689

iteration 116
Number of threads allocated = 1
Avg. energy: 85.2202
RMS of dh, dJ: 0.0016942 0.000558225
Max of dh, dJ: 0.0142438 0.118689

iteration 117
Number of threads allocated = 1
Avg. energy: 85.401
RMS of dh, dJ: 0.00149357 0.000562193
Max of dh, dJ: 0.0122491 0.12348

iteration 118
Number of threads allocated = 1
Avg. energy: 84.9877
RMS of dh, dJ: 0.00154256 0.000562228
Max of dh, dJ: 0.0125369 0.123439

iteration 119
Number of threads allocated = 1
Avg. energy: 84.6131
RMS of dh, dJ: 0.00160462 0.000559985
Max of dh, dJ: 0.01532 0.125564

iteration 120
Number of threads allocated = 1
Avg. energy: 85.2546
RMS of dh, dJ: 0.00161793 0.0005601
Max of dh, dJ: 0.0137164 0.126439

iteration 121
Number of threads allocated = 1
Avg. energy: 85.2358
RMS of dh, dJ: 0.00157662 0.000566151
Max of dh, dJ: 0.0124242 0.122814

iteration 122
Number of threads allocated = 1
Avg. energy: 85.122
RMS of dh, dJ: 0.0015531 0.000556784
Max of dh, dJ: 0.0196312 0.127605

iteration 123
Number of threads allocated = 1
Avg. energy: 84.8263
RMS of dh, dJ: 0.00170076 0.000557514
Max of dh, dJ: 0.0175704 0.116064

iteration 124
Number of threads allocated = 1
Avg. energy: 85.6136
RMS of dh, dJ: 0.00157651 0.000556452
Max of dh, dJ: 0.0128258 0.124564

iteration 125
Number of threads allocated = 1
Avg. energy: 84.7202
RMS of dh, dJ: 0.0017506 0.000556914
Max of dh, dJ: 0.017264 0.120189

iteration 126
Number of threads allocated = 1
Avg. energy: 85.4202
RMS of dh, dJ: 0.00165764 0.000557514
Max of dh, dJ: 0.0163239 0.125814

iteration 127
Number of threads allocated = 1
Avg. energy: 84.799
RMS of dh, dJ: 0.00165644 0.0005565
Max of dh, dJ: 0.0154698 0.125439

iteration 128
Number of threads allocated = 1
Avg. energy: 85.2072
RMS of dh, dJ: 0.00171256 0.000553654
Max of dh, dJ: 0.015247 0.124564

iteration 129
Number of threads allocated = 1
Avg. energy: 85.3658
RMS of dh, dJ: 0.00154858 0.000553764
Max of dh, dJ: 0.0120503 0.119689

iteration 130
Number of threads allocated = 1
Avg. energy: 84.9012
RMS of dh, dJ: 0.00150124 0.00055621
Max of dh, dJ: 0.0101931 0.128939

iteration 131
Number of threads allocated = 1
Avg. energy: 85.1191
RMS of dh, dJ: 0.00177398 0.00055187
Max of dh, dJ: 0.014713 0.122814

iteration 132
Number of threads allocated = 1
Avg. energy: 85.3959
RMS of dh, dJ: 0.00171019 0.000556205
Max of dh, dJ: 0.0203204 0.13173

iteration 133
Number of threads allocated = 1
Avg. energy: 85.8997
RMS of dh, dJ: 0.00164168 0.00055319
Max of dh, dJ: 0.018768 0.120064

iteration 134
Number of threads allocated = 1
Avg. energy: 84.8784
RMS of dh, dJ: 0.00167428 0.00055735
Max of dh, dJ: 0.0131029 0.130564

iteration 135
Number of threads allocated = 1
Avg. energy: 85.0747
RMS of dh, dJ: 0.00165856 0.000557752
Max of dh, dJ: 0.0214557 0.12448

iteration 136
Number of threads allocated = 1
Avg. energy: 85.461
RMS of dh, dJ: 0.00164024 0.00055544
Max of dh, dJ: 0.0154499 0.119439

iteration 137
Number of threads allocated = 1
Avg. energy: 84.8932
RMS of dh, dJ: 0.00161636 0.000559129
Max of dh, dJ: 0.0200758 0.129064

iteration 138
Number of threads allocated = 1
Avg. energy: 84.953
RMS of dh, dJ: 0.00157196 0.000559831
Max of dh, dJ: 0.0136029 0.121939

iteration 139
Number of threads allocated = 1
Avg. energy: 85.5203
RMS of dh, dJ: 0.00168062 0.000550005
Max of dh, dJ: 0.0208258 0.121689

iteration 140
Number of threads allocated = 1
Avg. energy: 85.4791
RMS of dh, dJ: 0.0015387 0.000557061
Max of dh, dJ: 0.0129664 0.128314

iteration 141
Number of threads allocated = 1
Avg. energy: 85.4529
RMS of dh, dJ: 0.0016227 0.000559955
Max of dh, dJ: 0.0145986 0.128439

iteration 142
Number of threads allocated = 1
Avg. energy: 85.7036
RMS of dh, dJ: 0.00165124 0.000559056
Max of dh, dJ: 0.0175369 0.12073

iteration 143
Number of threads allocated = 1
Avg. energy: 84.6841
RMS of dh, dJ: 0.00162625 0.000562853
Max of dh, dJ: 0.0188069 0.122439

iteration 144
Number of threads allocated = 1
Avg. energy: 85.2273
RMS of dh, dJ: 0.00156132 0.000562044
Max of dh, dJ: 0.0162248 0.129814

iteration 145
Number of threads allocated = 1
Avg. energy: 84.8461
RMS of dh, dJ: 0.00161132 0.000555855
Max of dh, dJ: 0.0119231 0.12223

iteration 146
Number of threads allocated = 1
Avg. energy: 85.519
RMS of dh, dJ: 0.00155625 0.000552454
Max of dh, dJ: 0.0131954 0.123355

iteration 147
Number of threads allocated = 1
Avg. energy: 85.2351
RMS of dh, dJ: 0.00164065 0.000561506
Max of dh, dJ: 0.0131875 0.124189

iteration 148
Number of threads allocated = 1
Avg. energy: 84.8745
RMS of dh, dJ: 0.00165229 0.00056477
Max of dh, dJ: 0.0181742 0.122314

iteration 149
Number of threads allocated = 1
Avg. energy: 85.2114
RMS of dh, dJ: 0.00165066 0.000551405
Max of dh, dJ: 0.0170302 0.121689

iteration 150
Number of threads allocated = 1
Avg. energy: 85.1012
RMS of dh, dJ: 0.00163637 0.000555112
Max of dh, dJ: 0.0183204 0.119064

iteration 151
Number of threads allocated = 1
Avg. energy: 85.0718
RMS of dh, dJ: 0.00161989 0.000559337
Max of dh, dJ: 0.013639 0.116564

iteration 152
Number of threads allocated = 1
Avg. energy: 85.2129
RMS of dh, dJ: 0.0016472 0.000558581
Max of dh, dJ: 0.0164241 0.127064

iteration 153
Number of threads allocated = 1
Avg. energy: 85.3967
RMS of dh, dJ: 0.00151786 0.000555012
Max of dh, dJ: 0.0180331 0.119689

iteration 154
Number of threads allocated = 1
Avg. energy: 85.2959
RMS of dh, dJ: 0.00162266 0.000558363
Max of dh, dJ: 0.0178812 0.128064

iteration 155
Number of threads allocated = 1
Avg. energy: 85.6852
RMS of dh, dJ: 0.00168125 0.00055141
Max of dh, dJ: 0.0142981 0.128314

iteration 156
Number of threads allocated = 1
Avg. energy: 85.1123
RMS of dh, dJ: 0.00166856 0.000558667
Max of dh, dJ: 0.0133893 0.125189

iteration 157
Number of threads allocated = 1
Avg. energy: 85.0104
RMS of dh, dJ: 0.00160895 0.000572799
Max of dh, dJ: 0.0152349 0.133439

iteration 158
Number of threads allocated = 1
Avg. energy: 85.1285
RMS of dh, dJ: 0.00177676 0.000560413
Max of dh, dJ: 0.017357 0.124105

iteration 159
Number of threads allocated = 1
Avg. energy: 85.4074
RMS of dh, dJ: 0.00154456 0.000560921
Max of dh, dJ: 0.0126753 0.138814

iteration 160
Number of threads allocated = 1
Avg. energy: 85.5068
RMS of dh, dJ: 0.00152111 0.00055992
Max of dh, dJ: 0.011347 0.121855

iteration 161
Number of threads allocated = 1
Avg. energy: 85.0085
RMS of dh, dJ: 0.00168604 0.000559418
Max of dh, dJ: 0.0186107 0.127064

iteration 162
Number of threads allocated = 1
Avg. energy: 85.2977
RMS of dh, dJ: 0.00163003 0.000559047
Max of dh, dJ: 0.0160221 0.115855

iteration 163
Number of threads allocated = 1
Avg. energy: 85.2966
RMS of dh, dJ: 0.00157391 0.000555521
Max of dh, dJ: 0.0138247 0.12173

iteration 164
Number of threads allocated = 1
Avg. energy: 84.9695
RMS of dh, dJ: 0.00162015 0.000549449
Max of dh, dJ: 0.015929 0.124939

iteration 165
Number of threads allocated = 1
Avg. energy: 85.3198
RMS of dh, dJ: 0.00155514 0.000564219
Max of dh, dJ: 0.0164282 0.121439

iteration 166
Number of threads allocated = 1
Avg. energy: 85.299
RMS of dh, dJ: 0.00164587 0.000563025
Max of dh, dJ: 0.0136552 0.131064

iteration 167
Number of threads allocated = 1
Avg. energy: 85.3029
RMS of dh, dJ: 0.0015974 0.000569055
Max of dh, dJ: 0.0146576 0.136814

iteration 168
Number of threads allocated = 1
Avg. energy: 85.0634
RMS of dh, dJ: 0.0016284 0.000560214
Max of dh, dJ: 0.0130807 0.129189

iteration 169
Number of threads allocated = 1
Avg. energy: 85.5653
RMS of dh, dJ: 0.00162071 0.000557442
Max of dh, dJ: 0.015014 0.132064

iteration 170
Number of threads allocated = 1
Avg. energy: 85.505
RMS of dh, dJ: 0.00148499 0.000560418
Max of dh, dJ: 0.0132008 0.131064

iteration 171
Number of threads allocated = 1
Avg. energy: 85.5182
RMS of dh, dJ: 0.00164465 0.000552187
Max of dh, dJ: 0.01982 0.126689

iteration 172
Number of threads allocated = 1
Avg. energy: 85.4354
RMS of dh, dJ: 0.00159115 0.000555521
Max of dh, dJ: 0.0183073 0.122314

iteration 173
Number of threads allocated = 1
Avg. energy: 85.4332
RMS of dh, dJ: 0.00157678 0.000553809
Max of dh, dJ: 0.0141431 0.122314

iteration 174
Number of threads allocated = 1
Avg. energy: 84.8139
RMS of dh, dJ: 0.00157407 0.000558709
Max of dh, dJ: 0.017554 0.128189

iteration 175
Number of threads allocated = 1
Avg. energy: 85.2613
RMS of dh, dJ: 0.00153858 0.000560237
Max of dh, dJ: 0.0148419 0.125105

iteration 176
Number of threads allocated = 1
Avg. energy: 85.5534
RMS of dh, dJ: 0.00163163 0.000556049
Max of dh, dJ: 0.0162802 0.122064

iteration 177
Number of threads allocated = 1
Avg. energy: 85.3278
RMS of dh, dJ: 0.0014795 0.000560937
Max of dh, dJ: 0.011804 0.124439

iteration 178
Number of threads allocated = 1
Avg. energy: 84.8735
RMS of dh, dJ: 0.00166276 0.000557064
Max of dh, dJ: 0.0173422 0.131814

iteration 179
Number of threads allocated = 1
Avg. energy: 85.3239
RMS of dh, dJ: 0.00162033 0.000558838
Max of dh, dJ: 0.014857 0.124814

iteration 180
Number of threads allocated = 1
Avg. energy: 85.8024
RMS of dh, dJ: 0.00163866 0.000559326
Max of dh, dJ: 0.0159375 0.128439

iteration 181
Number of threads allocated = 1
Avg. energy: 85.6952
RMS of dh, dJ: 0.00166006 0.000555615
Max of dh, dJ: 0.0160681 0.124939

iteration 182
Number of threads allocated = 1
Avg. energy: 84.6126
RMS of dh, dJ: 0.00158969 0.000560899
Max of dh, dJ: 0.0139427 0.128939

iteration 183
Number of threads allocated = 1
Avg. energy: 85.0182
RMS of dh, dJ: 0.00162163 0.000558371
Max of dh, dJ: 0.0159672 0.123939

iteration 184
Number of threads allocated = 1
Avg. energy: 85.3857
RMS of dh, dJ: 0.00161045 0.000555642
Max of dh, dJ: 0.0230681 0.12848

iteration 185
Number of threads allocated = 1
Avg. energy: 85.1517
RMS of dh, dJ: 0.00162619 0.00055708
Max of dh, dJ: 0.0192357 0.125189

iteration 186
Number of threads allocated = 1
Avg. energy: 84.8205
RMS of dh, dJ: 0.00152185 0.000561904
Max of dh, dJ: 0.0127622 0.127689

iteration 187
Number of threads allocated = 1
Avg. energy: 85.0155
RMS of dh, dJ: 0.0015653 0.000550993
Max of dh, dJ: 0.0142703 0.123189

iteration 188
Number of threads allocated = 1
Avg. energy: 85.1694
RMS of dh, dJ: 0.00157579 0.000560505
Max of dh, dJ: 0.0149231 0.131439

iteration 189
Number of threads allocated = 1
Avg. energy: 85.7029
RMS of dh, dJ: 0.0016374 0.000552589
Max of dh, dJ: 0.012768 0.123689

iteration 190
Number of threads allocated = 1
Avg. energy: 85.6275
RMS of dh, dJ: 0.00156483 0.000557799
Max of dh, dJ: 0.0115336 0.129689

iteration 191
Number of threads allocated = 1
Avg. energy: 84.8275
RMS of dh, dJ: 0.00167269 0.000553092
Max of dh, dJ: 0.0197802 0.128189

iteration 192
Number of threads allocated = 1
Avg. energy: 85.2772
RMS of dh, dJ: 0.00161071 0.000561729
Max of dh, dJ: 0.0125625 0.124564

iteration 193
Number of threads allocated = 1
Avg. energy: 85.6285
RMS of dh, dJ: 0.00156236 0.000553434
Max of dh, dJ: 0.0142793 0.124814

iteration 194
Number of threads allocated = 1
Avg. energy: 85.7265
RMS of dh, dJ: 0.00156998 0.000558474
Max of dh, dJ: 0.0138182 0.125939

iteration 195
Number of threads allocated = 1
Avg. energy: 85.0179
RMS of dh, dJ: 0.00166533 0.000561283
Max of dh, dJ: 0.015889 0.12248

iteration 196
Number of threads allocated = 1
Avg. energy: 85.0727
RMS of dh, dJ: 0.00164791 0.000565405
Max of dh, dJ: 0.0150625 0.129855

iteration 197
Number of threads allocated = 1
Avg. energy: 85.2404
RMS of dh, dJ: 0.00157697 0.000560244
Max of dh, dJ: 0.00992048 0.126689

iteration 198
Number of threads allocated = 1
Avg. energy: 85.3816
RMS of dh, dJ: 0.00164318 0.000555405
Max of dh, dJ: 0.0183733 0.121605

iteration 199
Number of threads allocated = 1
Avg. energy: 85.0724
RMS of dh, dJ: 0.00149548 0.000553112
Max of dh, dJ: 0.0133307 0.119689

iteration 200
Number of threads allocated = 1
Avg. energy: 84.9584
RMS of dh, dJ: 0.00154616 0.000554381
Max of dh, dJ: 0.0128607 0.122314

iteration 201
Number of threads allocated = 1
Avg. energy: 85.0664
RMS of dh, dJ: 0.00158613 0.00054987
Max of dh, dJ: 0.0207057 0.125564

iteration 202
Number of threads allocated = 1
Avg. energy: 85.3501
RMS of dh, dJ: 0.00163797 0.000560292
Max of dh, dJ: 0.015393 0.128314

iteration 203
Number of threads allocated = 1
Avg. energy: 84.8145
RMS of dh, dJ: 0.00170663 0.000550222
Max of dh, dJ: 0.0260807 0.117064

iteration 204
Number of threads allocated = 1
Avg. energy: 85.2666
RMS of dh, dJ: 0.00156997 0.0005632
Max of dh, dJ: 0.017982 0.130064

iteration 205
Number of threads allocated = 1
Avg. energy: 85.5626
RMS of dh, dJ: 0.00163095 0.00055769
Max of dh, dJ: 0.0131453 0.121689

iteration 206
Number of threads allocated = 1
Avg. energy: 85.1863
RMS of dh, dJ: 0.00162985 0.000563488
Max of dh, dJ: 0.0185689 0.129564

iteration 207
Number of threads allocated = 1
Avg. energy: 85.4021
RMS of dh, dJ: 0.00165932 0.000553659
Max of dh, dJ: 0.0155331 0.128689

iteration 208
Number of threads allocated = 1
Avg. energy: 85.2172
RMS of dh, dJ: 0.00168057 0.000556383
Max of dh, dJ: 0.015607 0.12448

iteration 209
Number of threads allocated = 1
Avg. energy: 85.2808
RMS of dh, dJ: 0.00156596 0.000557963
Max of dh, dJ: 0.0147279 0.126314

iteration 210
Number of threads allocated = 1
Avg. energy: 85.082
RMS of dh, dJ: 0.00159139 0.000560131
Max of dh, dJ: 0.0143607 0.117814

iteration 211
Number of threads allocated = 1
Avg. energy: 85.3721
RMS of dh, dJ: 0.00166544 0.000557796
Max of dh, dJ: 0.0192357 0.129855

iteration 212
Number of threads allocated = 1
Avg. energy: 85.6058
RMS of dh, dJ: 0.00169299 0.00054836
Max of dh, dJ: 0.018929 0.121939

iteration 213
Number of threads allocated = 1
Avg. energy: 85.5025
RMS of dh, dJ: 0.00158467 0.000555611
Max of dh, dJ: 0.0133259 0.123564

iteration 214
Number of threads allocated = 1
Avg. energy: 85.2385
RMS of dh, dJ: 0.00158581 0.000565237
Max of dh, dJ: 0.012993 0.125189

iteration 215
Number of threads allocated = 1
Avg. energy: 84.6661
RMS of dh, dJ: 0.00166581 0.000557557
Max of dh, dJ: 0.0179707 0.128605

iteration 216
Number of threads allocated = 1
Avg. energy: 85.2953
RMS of dh, dJ: 0.00154638 0.000560801
Max of dh, dJ: 0.0128454 0.124689

iteration 217
Number of threads allocated = 1
Avg. energy: 85.3661
RMS of dh, dJ: 0.00159919 0.000560036
Max of dh, dJ: 0.0150986 0.12548

iteration 218
Number of threads allocated = 1
Avg. energy: 85.297
RMS of dh, dJ: 0.0016056 0.000555119
Max of dh, dJ: 0.014857 0.129564

iteration 219
Number of threads allocated = 1
Avg. energy: 84.5472
RMS of dh, dJ: 0.00162222 0.000556757
Max of dh, dJ: 0.0154427 0.126189

iteration 220
Number of threads allocated = 1
Avg. energy: 85.0803
RMS of dh, dJ: 0.00167197 0.000547548
Max of dh, dJ: 0.0211543 0.118064

iteration 221
Number of threads allocated = 1
Avg. energy: 85.3113
RMS of dh, dJ: 0.00165398 0.000553352
Max of dh, dJ: 0.0162009 0.120939

iteration 222
Number of threads allocated = 1
Avg. energy: 85.1862
RMS of dh, dJ: 0.00164467 0.000555059
Max of dh, dJ: 0.0161543 0.120189

iteration 223
Number of threads allocated = 1
Avg. energy: 85.239
RMS of dh, dJ: 0.00164276 0.000556328
Max of dh, dJ: 0.018368 0.128064

iteration 224
Number of threads allocated = 1
Avg. energy: 85.3864
RMS of dh, dJ: 0.00168283 0.000554051
Max of dh, dJ: 0.0157174 0.124189

iteration 225
Number of threads allocated = 1
Avg. energy: 85.4421
RMS of dh, dJ: 0.00165449 0.000552437
Max of dh, dJ: 0.0221954 0.121855

iteration 226
Number of threads allocated = 1
Avg. energy: 85.3863
RMS of dh, dJ: 0.00158759 0.000556074
Max of dh, dJ: 0.0126508 0.126064

iteration 227
Number of threads allocated = 1
Avg. energy: 84.9352
RMS of dh, dJ: 0.00161292 0.000556963
Max of dh, dJ: 0.0168177 0.125564

iteration 228
Number of threads allocated = 1
Avg. energy: 85.1861
RMS of dh, dJ: 0.00151002 0.000559129
Max of dh, dJ: 0.0116642 0.125064

iteration 229
Number of threads allocated = 1
Avg. energy: 85.2815
RMS of dh, dJ: 0.00160081 0.000556392
Max of dh, dJ: 0.0131393 0.122939

iteration 230
Number of threads allocated = 1
Avg. energy: 84.7598
RMS of dh, dJ: 0.00167579 0.0005556
Max of dh, dJ: 0.0139857 0.127189

iteration 231
Number of threads allocated = 1
Avg. energy: 85.2066
RMS of dh, dJ: 0.0016065 0.00055466
Max of dh, dJ: 0.0148177 0.119439

iteration 232
Number of threads allocated = 1
Avg. energy: 85.3487
RMS of dh, dJ: 0.00176828 0.000548343
Max of dh, dJ: 0.0184454 0.112439

iteration 233
Number of threads allocated = 1
Avg. energy: 85.5328
RMS of dh, dJ: 0.00168011 0.000550653
Max of dh, dJ: 0.0158733 0.116939

iteration 234
Number of threads allocated = 1
Avg. energy: 85.4659
RMS of dh, dJ: 0.00166804 0.000551147
Max of dh, dJ: 0.0178529 0.12073

iteration 235
Number of threads allocated = 1
Avg. energy: 85.3589
RMS of dh, dJ: 0.00153405 0.000555614
Max of dh, dJ: 0.0110592 0.123689

iteration 236
Number of threads allocated = 1
Avg. energy: 84.9067
RMS of dh, dJ: 0.00160209 0.00055207
Max of dh, dJ: 0.0146543 0.118689

iteration 237
Number of threads allocated = 1
Avg. energy: 85.1757
RMS of dh, dJ: 0.00159565 0.000554816
Max of dh, dJ: 0.0164043 0.116939

iteration 238
Number of threads allocated = 1
Avg. energy: 85.3143
RMS of dh, dJ: 0.0016195 0.000550091
Max of dh, dJ: 0.0189043 0.128814

iteration 239
Number of threads allocated = 1
Avg. energy: 85.3912
RMS of dh, dJ: 0.00163616 0.000559104
Max of dh, dJ: 0.0173247 0.122564

iteration 240
Number of threads allocated = 1
Avg. energy: 85.7407
RMS of dh, dJ: 0.00168353 0.000548634
Max of dh, dJ: 0.0145681 0.119439

iteration 241
Number of threads allocated = 1
Avg. energy: 85.157
RMS of dh, dJ: 0.00164094 0.000557361
Max of dh, dJ: 0.0183607 0.118939

iteration 242
Number of threads allocated = 1
Avg. energy: 85.4417
RMS of dh, dJ: 0.00150024 0.000550676
Max of dh, dJ: 0.0123529 0.11648

iteration 243
Number of threads allocated = 1
Avg. energy: 85.6986
RMS of dh, dJ: 0.00166704 0.000548773
Max of dh, dJ: 0.019018 0.120939

iteration 244
Number of threads allocated = 1
Avg. energy: 85.8036
RMS of dh, dJ: 0.00168743 0.000553741
Max of dh, dJ: 0.017618 0.12173

iteration 245
Number of threads allocated = 1
Avg. energy: 85.1294
RMS of dh, dJ: 0.0015497 0.000552375
Max of dh, dJ: 0.0137793 0.123564

iteration 246
Number of threads allocated = 1
Avg. energy: 85.206
RMS of dh, dJ: 0.00161269 0.000549037
Max of dh, dJ: 0.0174971 0.119189

iteration 247
Number of threads allocated = 1
Avg. energy: 85.6762
RMS of dh, dJ: 0.00171142 0.000549704
Max of dh, dJ: 0.0246401 0.121689

iteration 248
Number of threads allocated = 1
Avg. energy: 85.5618
RMS of dh, dJ: 0.00161148 0.000552048
Max of dh, dJ: 0.0153422 0.120064

iteration 249
Number of threads allocated = 1
Avg. energy: 85.176
RMS of dh, dJ: 0.00163476 0.000554681
Max of dh, dJ: 0.0155919 0.120314

iteration 250
Number of threads allocated = 1
Avg. energy: 85.0162
RMS of dh, dJ: 0.00171002 0.000549012
Max of dh, dJ: 0.020889 0.113605

iteration 251
Number of threads allocated = 1
Avg. energy: 85.3924
RMS of dh, dJ: 0.001696 0.000549347
Max of dh, dJ: 0.0171188 0.120189

iteration 252
Number of threads allocated = 1
Avg. energy: 85.1265
RMS of dh, dJ: 0.00158261 0.000551173
Max of dh, dJ: 0.0167008 0.122314

iteration 253
Number of threads allocated = 1
Avg. energy: 85.5941
RMS of dh, dJ: 0.00154978 0.000550799
Max of dh, dJ: 0.0133204 0.115855

iteration 254
Number of threads allocated = 1
Avg. energy: 84.7455
RMS of dh, dJ: 0.00157704 0.000555951
Max of dh, dJ: 0.0146927 0.124439

iteration 255
Number of threads allocated = 1
Avg. energy: 85.4824
RMS of dh, dJ: 0.00163018 0.000554322
Max of dh, dJ: 0.0155747 0.123814

iteration 256
Number of threads allocated = 1
Avg. energy: 85.9483
RMS of dh, dJ: 0.00169022 0.000556052
Max of dh, dJ: 0.0184983 0.120564

iteration 257
Number of threads allocated = 1
Avg. energy: 85.3665
RMS of dh, dJ: 0.00170096 0.000547767
Max of dh, dJ: 0.0199983 0.118605

iteration 258
Number of threads allocated = 1
Avg. energy: 85.4462
RMS of dh, dJ: 0.00166887 0.000556828
Max of dh, dJ: 0.0229938 0.120064

iteration 259
Number of threads allocated = 1
Avg. energy: 84.6794
RMS of dh, dJ: 0.00165695 0.000554664
Max of dh, dJ: 0.0180331 0.134855

iteration 260
Number of threads allocated = 1
Avg. energy: 85.3239
RMS of dh, dJ: 0.00159102 0.000552859
Max of dh, dJ: 0.0132057 0.123314

iteration 261
Number of threads allocated = 1
Avg. energy: 85.1203
RMS of dh, dJ: 0.00177277 0.000543137
Max of dh, dJ: 0.0289043 0.119689

iteration 262
Number of threads allocated = 1
Avg. energy: 85.4511
RMS of dh, dJ: 0.00168451 0.000546853
Max of dh, dJ: 0.0163181 0.119189

iteration 263
Number of threads allocated = 1
Avg. energy: 85.1426
RMS of dh, dJ: 0.00163144 0.000548241
Max of dh, dJ: 0.0134427 0.114939

iteration 264
Number of threads allocated = 1
Avg. energy: 85.2
RMS of dh, dJ: 0.00161828 0.000554614
Max of dh, dJ: 0.0137483 0.127189

iteration 265
Number of threads allocated = 1
Avg. energy: 85.9203
RMS of dh, dJ: 0.00160405 0.000554699
Max of dh, dJ: 0.0142008 0.124189

iteration 266
Number of threads allocated = 1
Avg. energy: 85.174
RMS of dh, dJ: 0.0015279 0.000555735
Max of dh, dJ: 0.0142131 0.130939

iteration 267
Number of threads allocated = 1
Avg. energy: 85.1393
RMS of dh, dJ: 0.00162379 0.000552267
Max of dh, dJ: 0.0139672 0.11898

iteration 268
Number of threads allocated = 1
Avg. energy: 85.4379
RMS of dh, dJ: 0.00168284 0.000556394
Max of dh, dJ: 0.0224508 0.120855

iteration 269
Number of threads allocated = 1
Avg. energy: 85.8441
RMS of dh, dJ: 0.00165104 0.000555134
Max of dh, dJ: 0.0145681 0.120939

iteration 270
Number of threads allocated = 1
Avg. energy: 85.258
RMS of dh, dJ: 0.00163282 0.000563416
Max of dh, dJ: 0.0166931 0.122189

iteration 271
Number of threads allocated = 1
Avg. energy: 85.0649
RMS of dh, dJ: 0.00168719 0.000549391
Max of dh, dJ: 0.018893 0.126689

iteration 272
Number of threads allocated = 1
Avg. energy: 85.3736
RMS of dh, dJ: 0.00150044 0.000552826
Max of dh, dJ: 0.0136753 0.12473

iteration 273
Number of threads allocated = 1
Avg. energy: 85.1032
RMS of dh, dJ: 0.00164905 0.000558115
Max of dh, dJ: 0.0191107 0.123814

iteration 274
Number of threads allocated = 1
Avg. energy: 85.6954
RMS of dh, dJ: 0.00165266 0.000545598
Max of dh, dJ: 0.0135682 0.121814

iteration 275
Number of threads allocated = 1
Avg. energy: 85.034
RMS of dh, dJ: 0.00161251 0.000566019
Max of dh, dJ: 0.0177357 0.126605

iteration 276
Number of threads allocated = 1
Avg. energy: 85.0893
RMS of dh, dJ: 0.00152376 0.000559195
Max of dh, dJ: 0.0123688 0.119939

iteration 277
Number of threads allocated = 1
Avg. energy: 85.4738
RMS of dh, dJ: 0.00173177 0.00055536
Max of dh, dJ: 0.0192204 0.126314

iteration 278
Number of threads allocated = 1
Avg. energy: 85.4892
RMS of dh, dJ: 0.00161874 0.000557145
Max of dh, dJ: 0.0155858 0.118814

iteration 279
Number of threads allocated = 1
Avg. energy: 85.4535
RMS of dh, dJ: 0.00160684 0.000556165
Max of dh, dJ: 0.0134431 0.134939

iteration 280
Number of threads allocated = 1
Avg. energy: 85.6262
RMS of dh, dJ: 0.00162923 0.000547686
Max of dh, dJ: 0.0158003 0.122439

iteration 281
Number of threads allocated = 1
Avg. energy: 85.3195
RMS of dh, dJ: 0.00157255 0.000554539
Max of dh, dJ: 0.0124311 0.126605

iteration 282
Number of threads allocated = 1
Avg. energy: 85.1234
RMS of dh, dJ: 0.00155162 0.000557312
Max of dh, dJ: 0.0115922 0.126064

iteration 283
Number of threads allocated = 1
Avg. energy: 85.6422
RMS of dh, dJ: 0.00159893 0.000557211
Max of dh, dJ: 0.019264 0.125439

iteration 284
Number of threads allocated = 1
Avg. energy: 85.1044
RMS of dh, dJ: 0.00160024 0.000555864
Max of dh, dJ: 0.0150858 0.125814

iteration 285
Number of threads allocated = 1
Avg. energy: 85.1301
RMS of dh, dJ: 0.00163386 0.000552398
Max of dh, dJ: 0.0167357 0.124064

iteration 286
Number of threads allocated = 1
Avg. energy: 85.6629
RMS of dh, dJ: 0.00157676 0.000559036
Max of dh, dJ: 0.0138584 0.123064

iteration 287
Number of threads allocated = 1
Avg. energy: 85.8154
RMS of dh, dJ: 0.00159874 0.000554123
Max of dh, dJ: 0.0129545 0.122814

iteration 288
Number of threads allocated = 1
Avg. energy: 85.8931
RMS of dh, dJ: 0.00170122 0.000559794
Max of dh, dJ: 0.0156431 0.125064

iteration 289
Number of threads allocated = 1
Avg. energy: 85.3546
RMS of dh, dJ: 0.00151483 0.000550997
Max of dh, dJ: 0.0127752 0.123439

iteration 290
Number of threads allocated = 1
Avg. energy: 84.8914
RMS of dh, dJ: 0.00155288 0.000551464
Max of dh, dJ: 0.0161842 0.12348

iteration 291
Number of threads allocated = 1
Avg. energy: 85.8071
RMS of dh, dJ: 0.00172353 0.0005523
Max of dh, dJ: 0.0209707 0.127105

iteration 292
Number of threads allocated = 1
Avg. energy: 85.2112
RMS of dh, dJ: 0.00163283 0.000555605
Max of dh, dJ: 0.0147681 0.123564

iteration 293
Number of threads allocated = 1
Avg. energy: 85.308
RMS of dh, dJ: 0.00157073 0.000560338
Max of dh, dJ: 0.0133068 0.124564

iteration 294
Number of threads allocated = 1
Avg. energy: 85.2249
RMS of dh, dJ: 0.00155309 0.000555005
Max of dh, dJ: 0.0117279 0.126064

iteration 295
Number of threads allocated = 1
Avg. energy: 85.4676
RMS of dh, dJ: 0.00167786 0.000554296
Max of dh, dJ: 0.0197562 0.127939

iteration 296
Number of threads allocated = 1
Avg. energy: 85.3902
RMS of dh, dJ: 0.00163457 0.000557393
Max of dh, dJ: 0.0133529 0.126564

iteration 297
Number of threads allocated = 1
Avg. energy: 85.3259
RMS of dh, dJ: 0.00168543 0.000553118
Max of dh, dJ: 0.0180331 0.128939

iteration 298
Number of threads allocated = 1
Avg. energy: 85.8643
RMS of dh, dJ: 0.00162841 0.000551125
Max of dh, dJ: 0.0148181 0.128439

iteration 299
Number of threads allocated = 1
Avg. energy: 85.2346
RMS of dh, dJ: 0.00162817 0.000551134
Max of dh, dJ: 0.0153486 0.124064

iteration 300
Number of threads allocated = 1
Avg. energy: 85.5017
RMS of dh, dJ: 0.0016307 0.000551451
Max of dh, dJ: 0.0205914 0.119189

iteration 301
Number of threads allocated = 1
Avg. energy: 85.6066
RMS of dh, dJ: 0.0016187 0.000546604
Max of dh, dJ: 0.0129508 0.124689

iteration 302
Number of threads allocated = 1
Avg. energy: 85.0752
RMS of dh, dJ: 0.00172655 0.00055323
Max of dh, dJ: 0.0195501 0.120939

iteration 303
Number of threads allocated = 1
Avg. energy: 84.9681
RMS of dh, dJ: 0.00165825 0.000545153
Max of dh, dJ: 0.015445 0.115814

iteration 304
Number of threads allocated = 1
Avg. energy: 86.1411
RMS of dh, dJ: 0.00169688 0.000545921
Max of dh, dJ: 0.0140986 0.121189

iteration 305
Number of threads allocated = 1
Avg. energy: 85.6147
RMS of dh, dJ: 0.00161094 0.000552692
Max of dh, dJ: 0.015695 0.125564

iteration 306
Number of threads allocated = 1
Avg. energy: 85.6225
RMS of dh, dJ: 0.00159833 0.000554708
Max of dh, dJ: 0.0134087 0.121814

iteration 307
Number of threads allocated = 1
Avg. energy: 85.8023
RMS of dh, dJ: 0.00167834 0.000563477
Max of dh, dJ: 0.016482 0.126564

iteration 308
Number of threads allocated = 1
Avg. energy: 84.9717
RMS of dh, dJ: 0.0015459 0.000552174
Max of dh, dJ: 0.0116233 0.117939

iteration 309
Number of threads allocated = 1
Avg. energy: 85.3417
RMS of dh, dJ: 0.00148943 0.00055649
Max of dh, dJ: 0.0127643 0.119064

iteration 310
Number of threads allocated = 1
Avg. energy: 85.1259
RMS of dh, dJ: 0.0014958 0.000556164
Max of dh, dJ: 0.011368 0.122314

iteration 311
Number of threads allocated = 1
Avg. energy: 85.3761
RMS of dh, dJ: 0.00157578 0.000559171
Max of dh, dJ: 0.0134698 0.130564

iteration 312
Number of threads allocated = 1
Avg. energy: 85.3933
RMS of dh, dJ: 0.0016427 0.000554095
Max of dh, dJ: 0.0142057 0.124939

iteration 313
Number of threads allocated = 1
Avg. energy: 85.6547
RMS of dh, dJ: 0.00160172 0.000554725
Max of dh, dJ: 0.0138358 0.124814

iteration 314
Number of threads allocated = 1
Avg. energy: 85.0891
RMS of dh, dJ: 0.00154307 0.000558139
Max of dh, dJ: 0.0115369 0.124564

iteration 315
Number of threads allocated = 1
Avg. energy: 84.9042
RMS of dh, dJ: 0.00159498 0.000552746
Max of dh, dJ: 0.0169431 0.125314

iteration 316
Number of threads allocated = 1
Avg. energy: 85.471
RMS of dh, dJ: 0.0015116 0.000556701
Max of dh, dJ: 0.0126654 0.124564

iteration 317
Number of threads allocated = 1
Avg. energy: 85.7448
RMS of dh, dJ: 0.0017211 0.000561276
Max of dh, dJ: 0.0126985 0.123189

iteration 318
Number of threads allocated = 1
Avg. energy: 85.0335
RMS of dh, dJ: 0.00159521 0.000552563
Max of dh, dJ: 0.0137008 0.122564

iteration 319
Number of threads allocated = 1
Avg. energy: 85.3165
RMS of dh, dJ: 0.00157671 0.000557145
Max of dh, dJ: 0.0158258 0.121189

iteration 320
Number of threads allocated = 1
Avg. energy: 85.5264
RMS of dh, dJ: 0.001674 0.00055529
Max of dh, dJ: 0.0184454 0.11898

iteration 321
Number of threads allocated = 1
Avg. energy: 85.2651
RMS of dh, dJ: 0.00162539 0.000550779
Max of dh, dJ: 0.015607 0.123439

iteration 322
Number of threads allocated = 1
Avg. energy: 85.38
RMS of dh, dJ: 0.00159897 0.000555778
Max of dh, dJ: 0.0121102 0.123105

iteration 323
Number of threads allocated = 1
Avg. energy: 85.8988
RMS of dh, dJ: 0.00158195 0.00055602
Max of dh, dJ: 0.0165689 0.123939

iteration 324
Number of threads allocated = 1
Avg. energy: 85.1014
RMS of dh, dJ: 0.00174353 0.000563159
Max of dh, dJ: 0.0174319 0.125314

iteration 325
Number of threads allocated = 1
Avg. energy: 85.4168
RMS of dh, dJ: 0.00162523 0.000545676
Max of dh, dJ: 0.0147752 0.125064

iteration 326
Number of threads allocated = 1
Avg. energy: 84.9832
RMS of dh, dJ: 0.00164217 0.000565729
Max of dh, dJ: 0.0152752 0.126439

iteration 327
Number of threads allocated = 1
Avg. energy: 85.9278
RMS of dh, dJ: 0.001584 0.000561201
Max of dh, dJ: 0.0178258 0.133314

iteration 328
Number of threads allocated = 1
Avg. energy: 85.0336
RMS of dh, dJ: 0.00164285 0.000559276
Max of dh, dJ: 0.0242793 0.118689

iteration 329
Number of threads allocated = 1
Avg. energy: 85.4019
RMS of dh, dJ: 0.00160079 0.000552558
Max of dh, dJ: 0.0145203 0.119314

iteration 330
Number of threads allocated = 1
Avg. energy: 85.3886
RMS of dh, dJ: 0.00158629 0.000554663
Max of dh, dJ: 0.0149103 0.12098

iteration 331
Number of threads allocated = 1
Avg. energy: 85.2892
RMS of dh, dJ: 0.00166881 0.000553984
Max of dh, dJ: 0.0203607 0.118064

iteration 332
Number of threads allocated = 1
Avg. energy: 85.533
RMS of dh, dJ: 0.00164238 0.00055078
Max of dh, dJ: 0.0167357 0.124439

iteration 333
Number of threads allocated = 1
Avg. energy: 85.8747
RMS of dh, dJ: 0.00153832 0.000553211
Max of dh, dJ: 0.0127793 0.122814

iteration 334
Number of threads allocated = 1
Avg. energy: 85.6626
RMS of dh, dJ: 0.00146426 0.000551875
Max of dh, dJ: 0.0102057 0.124814

iteration 335
Number of threads allocated = 1
Avg. energy: 85.4133
RMS of dh, dJ: 0.00171047 0.000557537
Max of dh, dJ: 0.01918 0.12398

iteration 336
Number of threads allocated = 1
Avg. energy: 85.4319
RMS of dh, dJ: 0.00153407 0.000552672
Max of dh, dJ: 0.0136029 0.119564

iteration 337
Number of threads allocated = 1
Avg. energy: 85.6712
RMS of dh, dJ: 0.00163733 0.000551958
Max of dh, dJ: 0.0189557 0.123689

iteration 338
Number of threads allocated = 1
Avg. energy: 85.6733
RMS of dh, dJ: 0.00150871 0.000554153
Max of dh, dJ: 0.0130759 0.134064

iteration 339
Number of threads allocated = 1
Avg. energy: 85.7823
RMS of dh, dJ: 0.0015632 0.000557
Max of dh, dJ: 0.0153381 0.122814

iteration 340
Number of threads allocated = 1
Avg. energy: 85.3686
RMS of dh, dJ: 0.0015999 0.000556991
Max of dh, dJ: 0.016518 0.120439

iteration 341
Number of threads allocated = 1
Avg. energy: 85.5811
RMS of dh, dJ: 0.00157359 0.000551712
Max of dh, dJ: 0.0149078 0.126939

iteration 342
Number of threads allocated = 1
Avg. energy: 86.1842
RMS of dh, dJ: 0.00161991 0.000551
Max of dh, dJ: 0.0162009 0.121605

iteration 343
Number of threads allocated = 1
Avg. energy: 85.674
RMS of dh, dJ: 0.00162151 0.000554835
Max of dh, dJ: 0.014618 0.118064

iteration 344
Number of threads allocated = 1
Avg. energy: 85.5135
RMS of dh, dJ: 0.00160729 0.000544937
Max of dh, dJ: 0.0131431 0.122689

iteration 345
Number of threads allocated = 1
Avg. energy: 85.2739
RMS of dh, dJ: 0.00155349 0.000556279
Max of dh, dJ: 0.0145625 0.128189

iteration 346
Number of threads allocated = 1
Avg. energy: 85.8133
RMS of dh, dJ: 0.00171985 0.000548765
Max of dh, dJ: 0.0189508 0.128064

iteration 347
Number of threads allocated = 1
Avg. energy: 86.0173
RMS of dh, dJ: 0.00159103 0.000555049
Max of dh, dJ: 0.0133931 0.125939

iteration 348
Number of threads allocated = 1
Avg. energy: 85.4124
RMS of dh, dJ: 0.00161311 0.000556903
Max of dh, dJ: 0.0178307 0.121439

iteration 349
Number of threads allocated = 1
Avg. energy: 85.264
RMS of dh, dJ: 0.00168021 0.000547762
Max of dh, dJ: 0.0184081 0.121314

iteration 350
Number of threads allocated = 1
Avg. energy: 85.3664
RMS of dh, dJ: 0.00171726 0.000557323
Max of dh, dJ: 0.016389 0.129439

iteration 351
Number of threads allocated = 1
Avg. energy: 85.2787
RMS of dh, dJ: 0.00157603 0.000552354
Max of dh, dJ: 0.0138953 0.120939

iteration 352
Number of threads allocated = 1
Avg. energy: 85.5535
RMS of dh, dJ: 0.00175508 0.000556299
Max of dh, dJ: 0.0136508 0.124439

iteration 353
Number of threads allocated = 1
Avg. energy: 85.3922
RMS of dh, dJ: 0.00157171 0.000551531
Max of dh, dJ: 0.0153529 0.128314

iteration 354
Number of threads allocated = 1
Avg. energy: 85.2528
RMS of dh, dJ: 0.0016584 0.000553286
Max of dh, dJ: 0.0141107 0.128689

iteration 355
Number of threads allocated = 1
Avg. energy: 85.5329
RMS of dh, dJ: 0.0016418 0.000551464
Max of dh, dJ: 0.0179043 0.124064

iteration 356
Number of threads allocated = 1
Avg. energy: 85.5525
RMS of dh, dJ: 0.00158077 0.000548647
Max of dh, dJ: 0.0143529 0.114689

iteration 357
Number of threads allocated = 1
Avg. energy: 85.4565
RMS of dh, dJ: 0.00159896 0.000549644
Max of dh, dJ: 0.0162357 0.118439

iteration 358
Number of threads allocated = 1
Avg. energy: 85.724
RMS of dh, dJ: 0.00167793 0.00054775
Max of dh, dJ: 0.0170704 0.113689

iteration 359
Number of threads allocated = 1
Avg. energy: 85.9158
RMS of dh, dJ: 0.00162971 0.000553503
Max of dh, dJ: 0.017518 0.131439

iteration 360
Number of threads allocated = 1
Avg. energy: 85.831
RMS of dh, dJ: 0.00167572 0.000545316
Max of dh, dJ: 0.0220704 0.117105

iteration 361
Number of threads allocated = 1
Avg. energy: 85.4913
RMS of dh, dJ: 0.00160816 0.000553295
Max of dh, dJ: 0.0211107 0.124814

iteration 362
Number of threads allocated = 1
Avg. energy: 85.6349
RMS of dh, dJ: 0.00155847 0.000556725
Max of dh, dJ: 0.0162008 0.126314

iteration 363
Number of threads allocated = 1
Avg. energy: 85.0511
RMS of dh, dJ: 0.00168254 0.000560571
Max of dh, dJ: 0.0217204 0.128439

iteration 364
Number of threads allocated = 1
Avg. energy: 85.6887
RMS of dh, dJ: 0.00173733 0.000545635
Max of dh, dJ: 0.0188529 0.125564

iteration 365
Number of threads allocated = 1
Avg. energy: 85.4417
RMS of dh, dJ: 0.00159904 0.00056031
Max of dh, dJ: 0.0128492 0.118605

iteration 366
Number of threads allocated = 1
Avg. energy: 85.1065
RMS of dh, dJ: 0.00168216 0.000557246
Max of dh, dJ: 0.0178258 0.125064

iteration 367
Number of threads allocated = 1
Avg. energy: 85.0355
RMS of dh, dJ: 0.00159284 0.000552763
Max of dh, dJ: 0.0139396 0.122355

iteration 368
Number of threads allocated = 1
Avg. energy: 85.7287
RMS of dh, dJ: 0.00160534 0.000559275
Max of dh, dJ: 0.0121102 0.121439

iteration 369
Number of threads allocated = 1
Avg. energy: 85.5714
RMS of dh, dJ: 0.001599 0.000549387
Max of dh, dJ: 0.0143189 0.123439

iteration 370
Number of threads allocated = 1
Avg. energy: 85.436
RMS of dh, dJ: 0.00155912 0.00055548
Max of dh, dJ: 0.0126751 0.123314

iteration 371
Number of threads allocated = 1
Avg. energy: 85.3288
RMS of dh, dJ: 0.0015368 0.000560385
Max of dh, dJ: 0.0145677 0.124064

iteration 372
Number of threads allocated = 1
Avg. energy: 85.6762
RMS of dh, dJ: 0.00158501 0.000550641
Max of dh, dJ: 0.0153358 0.124314

iteration 373
Number of threads allocated = 1
Avg. energy: 85.6795
RMS of dh, dJ: 0.00173533 0.000545147
Max of dh, dJ: 0.0164253 0.126439

iteration 374
Number of threads allocated = 1
Avg. energy: 85.6275
RMS of dh, dJ: 0.00163813 0.000550539
Max of dh, dJ: 0.0167208 0.121064

iteration 375
Number of threads allocated = 1
Avg. energy: 85.7437
RMS of dh, dJ: 0.00158976 0.000551219
Max of dh, dJ: 0.0159375 0.117939

iteration 376
Number of threads allocated = 1
Avg. energy: 85.3768
RMS of dh, dJ: 0.00169236 0.000545104
Max of dh, dJ: 0.0162438 0.118189

iteration 377
Number of threads allocated = 1
Avg. energy: 85.5808
RMS of dh, dJ: 0.0015961 0.000549131
Max of dh, dJ: 0.0167802 0.120064

iteration 378
Number of threads allocated = 1
Avg. energy: 85.6664
RMS of dh, dJ: 0.00161113 0.000551831
Max of dh, dJ: 0.0150203 0.119439

iteration 379
Number of threads allocated = 1
Avg. energy: 85.4857
RMS of dh, dJ: 0.0015419 0.000547237
Max of dh, dJ: 0.0152204 0.121689

iteration 380
Number of threads allocated = 1
Avg. energy: 85.4566
RMS of dh, dJ: 0.001607 0.000551095
Max of dh, dJ: 0.0191233 0.118564

iteration 381
Number of threads allocated = 1
Avg. energy: 85.8241
RMS of dh, dJ: 0.00167588 0.000546436
Max of dh, dJ: 0.0201029 0.119939

iteration 382
Number of threads allocated = 1
Avg. energy: 85.6044
RMS of dh, dJ: 0.00158173 0.000548849
Max of dh, dJ: 0.0145704 0.116814

iteration 383
Number of threads allocated = 1
Avg. energy: 85.6638
RMS of dh, dJ: 0.00155699 0.000552465
Max of dh, dJ: 0.0154427 0.124355

iteration 384
Number of threads allocated = 1
Avg. energy: 85.4758
RMS of dh, dJ: 0.00164908 0.00055261
Max of dh, dJ: 0.0141092 0.117439

iteration 385
Number of threads allocated = 1
Avg. energy: 85.0845
RMS of dh, dJ: 0.00168427 0.000552173
Max of dh, dJ: 0.016054 0.121689

iteration 386
Number of threads allocated = 1
Avg. energy: 85.7652
RMS of dh, dJ: 0.00171376 0.00055981
Max of dh, dJ: 0.023632 0.129064

iteration 387
Number of threads allocated = 1
Avg. energy: 85.6764
RMS of dh, dJ: 0.00155626 0.000551878
Max of dh, dJ: 0.0140293 0.123189

iteration 388
Number of threads allocated = 1
Avg. energy: 85.1078
RMS of dh, dJ: 0.00170523 0.000552486
Max of dh, dJ: 0.0181954 0.11548

iteration 389
Number of threads allocated = 1
Avg. energy: 85.4562
RMS of dh, dJ: 0.00156454 0.000560727
Max of dh, dJ: 0.0145336 0.122064

iteration 390
Number of threads allocated = 1
Avg. energy: 85.5931
RMS of dh, dJ: 0.00160115 0.000547392
Max of dh, dJ: 0.0130682 0.120814

iteration 391
Number of threads allocated = 1
Avg. energy: 85.7302
RMS of dh, dJ: 0.00157603 0.000548996
Max of dh, dJ: 0.0137793 0.120314

iteration 392
Number of threads allocated = 1
Avg. energy: 85.6009
RMS of dh, dJ: 0.00157978 0.00055001
Max of dh, dJ: 0.018264 0.123605

iteration 393
Number of threads allocated = 1
Avg. energy: 85.7925
RMS of dh, dJ: 0.00167473 0.000550367
Max of dh, dJ: 0.0143259 0.115314

iteration 394
Number of threads allocated = 1
Avg. energy: 85.4794
RMS of dh, dJ: 0.00157356 0.000556167
Max of dh, dJ: 0.0143607 0.12073

iteration 395
Number of threads allocated = 1
Avg. energy: 85.238
RMS of dh, dJ: 0.00158055 0.000554991
Max of dh, dJ: 0.0123358 0.122814

iteration 396
Number of threads allocated = 1
Avg. energy: 85.4746
RMS of dh, dJ: 0.00171134 0.000552825
Max of dh, dJ: 0.0162438 0.120689

iteration 397
Number of threads allocated = 1
Avg. energy: 85.4011
RMS of dh, dJ: 0.00159786 0.000551316
Max of dh, dJ: 0.017429 0.133939

iteration 398
Number of threads allocated = 1
Avg. energy: 85.7119
RMS of dh, dJ: 0.00161253 0.000552645
Max of dh, dJ: 0.0152793 0.122689

iteration 399
Number of threads allocated = 1
Avg. energy: 85.4265
RMS of dh, dJ: 0.00170354 0.000554994
Max of dh, dJ: 0.0155922 0.129439

iteration 400
Number of threads allocated = 1
Avg. energy: 85.3614
RMS of dh, dJ: 0.00158686 0.000550841
Max of dh, dJ: 0.016445 0.112314

iteration 401
Number of threads allocated = 1
Avg. energy: 85.6463
RMS of dh, dJ: 0.00168774 0.000552499
Max of dh, dJ: 0.0166029 0.122814

iteration 402
Number of threads allocated = 1
Avg. energy: 85.2973
RMS of dh, dJ: 0.00151256 0.000552153
Max of dh, dJ: 0.018389 0.124564

iteration 403
Number of threads allocated = 1
Avg. energy: 85.6734
RMS of dh, dJ: 0.00156003 0.000556252
Max of dh, dJ: 0.0134857 0.120814

iteration 404
Number of threads allocated = 1
Avg. energy: 85.8131
RMS of dh, dJ: 0.00164526 0.000545953
Max of dh, dJ: 0.0201753 0.121564

iteration 405
Number of threads allocated = 1
Avg. energy: 85.7184
RMS of dh, dJ: 0.00164081 0.000549804
Max of dh, dJ: 0.0145181 0.122189

iteration 406
Number of threads allocated = 1
Avg. energy: 85.6259
RMS of dh, dJ: 0.00165217 0.000547481
Max of dh, dJ: 0.0189081 0.116689

iteration 407
Number of threads allocated = 1
Avg. energy: 85.6059
RMS of dh, dJ: 0.00148157 0.000560715
Max of dh, dJ: 0.00994267 0.119439

iteration 408
Number of threads allocated = 1
Avg. energy: 85.516
RMS of dh, dJ: 0.00161554 0.000550972
Max of dh, dJ: 0.0170503 0.12198

iteration 409
Number of threads allocated = 1
Avg. energy: 85.8307
RMS of dh, dJ: 0.00161001 0.000553446
Max of dh, dJ: 0.0166453 0.123314

iteration 410
Number of threads allocated = 1
Avg. energy: 85.7877
RMS of dh, dJ: 0.00162999 0.000546015
Max of dh, dJ: 0.0174857 0.122189

iteration 411
Number of threads allocated = 1
Avg. energy: 85.8966
RMS of dh, dJ: 0.00164109 0.000543273
Max of dh, dJ: 0.02082 0.120814

iteration 412
Number of threads allocated = 1
Avg. energy: 84.8879
RMS of dh, dJ: 0.00163657 0.000551522
Max of dh, dJ: 0.019107 0.118564

iteration 413
Number of threads allocated = 1
Avg. energy: 85.4165
RMS of dh, dJ: 0.00164579 0.000549411
Max of dh, dJ: 0.0170759 0.125189

iteration 414
Number of threads allocated = 1
Avg. energy: 85.3809
RMS of dh, dJ: 0.0016111 0.000551742
Max of dh, dJ: 0.0185293 0.119689

iteration 415
Number of threads allocated = 1
Avg. energy: 85.5524
RMS of dh, dJ: 0.00157632 0.000557179
Max of dh, dJ: 0.0192236 0.120855

iteration 416
Number of threads allocated = 1
Avg. energy: 85.7021
RMS of dh, dJ: 0.00160636 0.000555992
Max of dh, dJ: 0.015963 0.124064

iteration 417
Number of threads allocated = 1
Avg. energy: 85.9492
RMS of dh, dJ: 0.0016611 0.000551615
Max of dh, dJ: 0.0144672 0.128314

iteration 418
Number of threads allocated = 1
Avg. energy: 86.4361
RMS of dh, dJ: 0.00153875 0.000555942
Max of dh, dJ: 0.0143146 0.123439

iteration 419
Number of threads allocated = 1
Avg. energy: 85.6286
RMS of dh, dJ: 0.0016668 0.00055017
Max of dh, dJ: 0.0154154 0.127064

iteration 420
Number of threads allocated = 1
Avg. energy: 85.902
RMS of dh, dJ: 0.00173221 0.000548464
Max of dh, dJ: 0.0269431 0.125189

iteration 421
Number of threads allocated = 1
Avg. energy: 85.9196
RMS of dh, dJ: 0.001638 0.000550593
Max of dh, dJ: 0.013393 0.112564

iteration 422
Number of threads allocated = 1
Avg. energy: 85.0809
RMS of dh, dJ: 0.00150986 0.00055826
Max of dh, dJ: 0.0145293 0.127439

iteration 423
Number of threads allocated = 1
Avg. energy: 85.4364
RMS of dh, dJ: 0.00153636 0.000558344
Max of dh, dJ: 0.0188381 0.120605

iteration 424
Number of threads allocated = 1
Avg. energy: 85.6964
RMS of dh, dJ: 0.00165109 0.000548665
Max of dh, dJ: 0.0169983 0.121814

iteration 425
Number of threads allocated = 1
Avg. energy: 85.7017
RMS of dh, dJ: 0.00163007 0.000551779
Max of dh, dJ: 0.0181107 0.116439

iteration 426
Number of threads allocated = 1
Avg. energy: 85.5089
RMS of dh, dJ: 0.00160252 0.000554753
Max of dh, dJ: 0.0178607 0.124939

iteration 427
Number of threads allocated = 1
Avg. energy: 84.9643
RMS of dh, dJ: 0.0015765 0.000557932
Max of dh, dJ: 0.0126939 0.12348

iteration 428
Number of threads allocated = 1
Avg. energy: 85.3444
RMS of dh, dJ: 0.00164131 0.000552565
Max of dh, dJ: 0.020768 0.125439

iteration 429
Number of threads allocated = 1
Avg. energy: 85.5562
RMS of dh, dJ: 0.00162349 0.000552085
Max of dh, dJ: 0.013268 0.121105

iteration 430
Number of threads allocated = 1
Avg. energy: 85.5774
RMS of dh, dJ: 0.00178514 0.000541236
Max of dh, dJ: 0.0224081 0.124064

iteration 431
Number of threads allocated = 1
Avg. energy: 85.2317
RMS of dh, dJ: 0.00167885 0.000548581
Max of dh, dJ: 0.0171029 0.112189

iteration 432
Number of threads allocated = 1
Avg. energy: 85.6995
RMS of dh, dJ: 0.0015323 0.000553292
Max of dh, dJ: 0.012096 0.122689

iteration 433
Number of threads allocated = 1
Avg. energy: 85.5926
RMS of dh, dJ: 0.00164441 0.000547274
Max of dh, dJ: 0.0164002 0.117439

iteration 434
Number of threads allocated = 1
Avg. energy: 85.3172
RMS of dh, dJ: 0.0015995 0.000544521
Max of dh, dJ: 0.0138177 0.117564

iteration 435
Number of threads allocated = 1
Avg. energy: 85.195
RMS of dh, dJ: 0.00156914 0.000552122
Max of dh, dJ: 0.0134857 0.118939

iteration 436
Number of threads allocated = 1
Avg. energy: 85.0111
RMS of dh, dJ: 0.00169789 0.000552621
Max of dh, dJ: 0.0154857 0.128189

iteration 437
Number of threads allocated = 1
Avg. energy: 85.9218
RMS of dh, dJ: 0.00160089 0.000551077
Max of dh, dJ: 0.0167483 0.120064

iteration 438
Number of threads allocated = 1
Avg. energy: 85.8413
RMS of dh, dJ: 0.00165713 0.000545157
Max of dh, dJ: 0.0180704 0.11748

iteration 439
Number of threads allocated = 1
Avg. energy: 85.9918
RMS of dh, dJ: 0.00168173 0.000540642
Max of dh, dJ: 0.015445 0.115564

iteration 440
Number of threads allocated = 1
Avg. energy: 85.4576
RMS of dh, dJ: 0.00162177 0.000555805
Max of dh, dJ: 0.0173259 0.12273

iteration 441
Number of threads allocated = 1
Avg. energy: 85.2643
RMS of dh, dJ: 0.00162465 0.00055229
Max of dh, dJ: 0.0136581 0.125314

iteration 442
Number of threads allocated = 1
Avg. energy: 85.575
RMS of dh, dJ: 0.00167938 0.000546864
Max of dh, dJ: 0.0190592 0.130564

iteration 443
Number of threads allocated = 1
Avg. energy: 85.1768
RMS of dh, dJ: 0.00155637 0.00055014
Max of dh, dJ: 0.0180503 0.111439

iteration 444
Number of threads allocated = 1
Avg. energy: 85.5822
RMS of dh, dJ: 0.00157905 0.000550988
Max of dh, dJ: 0.0123953 0.123939

iteration 445
Number of threads allocated = 1
Avg. energy: 85.5208
RMS of dh, dJ: 0.0016255 0.000562371
Max of dh, dJ: 0.0165677 0.127189

iteration 446
Number of threads allocated = 1
Avg. energy: 85.8179
RMS of dh, dJ: 0.00164307 0.00055451
Max of dh, dJ: 0.0169342 0.127189

iteration 447
Number of threads allocated = 1
Avg. energy: 84.752
RMS of dh, dJ: 0.00175056 0.00055803
Max of dh, dJ: 0.0358457 0.136605

iteration 448
Number of threads allocated = 1
Avg. energy: 85.317
RMS of dh, dJ: 0.00163913 0.000553577
Max of dh, dJ: 0.0171927 0.124189

iteration 449
Number of threads allocated = 1
Avg. energy: 85.9751
RMS of dh, dJ: 0.00160825 0.000545462
Max of dh, dJ: 0.0129983 0.124689

iteration 450
Number of threads allocated = 1
Avg. energy: 85.4096
RMS of dh, dJ: 0.00166927 0.000547772
Max of dh, dJ: 0.0170759 0.123814

iteration 451
Number of threads allocated = 1
Avg. energy: 85.0915
RMS of dh, dJ: 0.00154133 0.000556065
Max of dh, dJ: 0.0125388 0.128189

iteration 452
Number of threads allocated = 1
Avg. energy: 85.7884
RMS of dh, dJ: 0.00171165 0.000540459
Max of dh, dJ: 0.02532 0.116689

iteration 453
Number of threads allocated = 1
Avg. energy: 85.0669
RMS of dh, dJ: 0.00172906 0.00054425
Max of dh, dJ: 0.0224454 0.111509

iteration 454
Number of threads allocated = 1
Avg. energy: 85.7197
RMS of dh, dJ: 0.00166512 0.000548156
Max of dh, dJ: 0.013893 0.129689

iteration 455
Number of threads allocated = 1
Avg. energy: 86.4889
RMS of dh, dJ: 0.00164334 0.00055089
Max of dh, dJ: 0.0158414 0.121314

iteration 456
Number of threads allocated = 1
Avg. energy: 86.0041
RMS of dh, dJ: 0.00159123 0.000548134
Max of dh, dJ: 0.0153358 0.119314

iteration 457
Number of threads allocated = 1
Avg. energy: 85.472
RMS of dh, dJ: 0.0015887 0.00055237
Max of dh, dJ: 0.0179672 0.120439

iteration 458
Number of threads allocated = 1
Avg. energy: 85.2724
RMS of dh, dJ: 0.00169125 0.000563217
Max of dh, dJ: 0.0194078 0.132189

iteration 459
Number of threads allocated = 1
Avg. energy: 85.7603
RMS of dh, dJ: 0.00179549 0.000544698
Max of dh, dJ: 0.0213607 0.118439

iteration 460
Number of threads allocated = 1
Avg. energy: 85.6536
RMS of dh, dJ: 0.00167335 0.000548853
Max of dh, dJ: 0.0195331 0.121064

iteration 461
Number of threads allocated = 1
Avg. energy: 85.2832
RMS of dh, dJ: 0.00164457 0.000553331
Max of dh, dJ: 0.0132236 0.125314

iteration 462
Number of threads allocated = 1
Avg. energy: 85.2457
RMS of dh, dJ: 0.00167697 0.000549512
Max of dh, dJ: 0.0224983 0.108355

iteration 463
Number of threads allocated = 1
Avg. energy: 84.9916
RMS of dh, dJ: 0.00158611 0.000544391
Max of dh, dJ: 0.0150704 0.11623

iteration 464
Number of threads allocated = 1
Avg. energy: 85.3177
RMS of dh, dJ: 0.00164385 0.000546081
Max of dh, dJ: 0.0202831 0.115105

iteration 465
Number of threads allocated = 1
Avg. energy: 85.8891
RMS of dh, dJ: 0.00166775 0.000547829
Max of dh, dJ: 0.016893 0.12248

iteration 466
Number of threads allocated = 1
Avg. energy: 85.6384
RMS of dh, dJ: 0.00158827 0.000555699
Max of dh, dJ: 0.0128638 0.129814

iteration 467
Number of threads allocated = 1
Avg. energy: 85.3779
RMS of dh, dJ: 0.00177835 0.000549024
Max of dh, dJ: 0.0192009 0.117314

iteration 468
Number of threads allocated = 1
Avg. energy: 85.788
RMS of dh, dJ: 0.0016019 0.000554069
Max of dh, dJ: 0.0159081 0.120064

iteration 469
Number of threads allocated = 1
Avg. energy: 86.0074
RMS of dh, dJ: 0.00157805 0.000550581
Max of dh, dJ: 0.0140569 0.126564

iteration 470
Number of threads allocated = 1
Avg. energy: 86.1813
RMS of dh, dJ: 0.0015762 0.000553857
Max of dh, dJ: 0.0169439 0.125939

iteration 471
Number of threads allocated = 1
Avg. energy: 85.121
RMS of dh, dJ: 0.00164121 0.000551291
Max of dh, dJ: 0.0147438 0.122564

iteration 472
Number of threads allocated = 1
Avg. energy: 85.5411
RMS of dh, dJ: 0.00158363 0.000549922
Max of dh, dJ: 0.0159253 0.122939

iteration 473
Number of threads allocated = 1
Avg. energy: 85.5793
RMS of dh, dJ: 0.00160472 0.0005551
Max of dh, dJ: 0.0160503 0.122814

iteration 474
Number of threads allocated = 1
Avg. energy: 85.719
RMS of dh, dJ: 0.0016199 0.000548882
Max of dh, dJ: 0.0177008 0.128814

iteration 475
Number of threads allocated = 1
Avg. energy: 85.101
RMS of dh, dJ: 0.00159183 0.000547023
Max of dh, dJ: 0.0160501 0.115439

iteration 476
Number of threads allocated = 1
Avg. energy: 85.816
RMS of dh, dJ: 0.00162398 0.000560256
Max of dh, dJ: 0.0161107 0.133189

iteration 477
Number of threads allocated = 1
Avg. energy: 85.7999
RMS of dh, dJ: 0.00163255 0.000555478
Max of dh, dJ: 0.0159779 0.12023

iteration 478
Number of threads allocated = 1
Avg. energy: 85.4643
RMS of dh, dJ: 0.00168185 0.000548423
Max of dh, dJ: 0.0154076 0.122939

iteration 479
Number of threads allocated = 1
Avg. energy: 85.8093
RMS of dh, dJ: 0.0016055 0.000547644
Max of dh, dJ: 0.0160481 0.121314

iteration 480
Number of threads allocated = 1
Avg. energy: 85.6242
RMS of dh, dJ: 0.00160837 0.000550582
Max of dh, dJ: 0.0140704 0.118605

iteration 481
Number of threads allocated = 1
Avg. energy: 85.6595
RMS of dh, dJ: 0.001584 0.000562185
Max of dh, dJ: 0.0165747 0.128564

iteration 482
Number of threads allocated = 1
Avg. energy: 85.088
RMS of dh, dJ: 0.00155654 0.000551929
Max of dh, dJ: 0.0127147 0.118314

iteration 483
Number of threads allocated = 1
Avg. energy: 85.8673
RMS of dh, dJ: 0.00162694 0.000556664
Max of dh, dJ: 0.015893 0.12798

iteration 484
Number of threads allocated = 1
Avg. energy: 85.5254
RMS of dh, dJ: 0.00161063 0.000549049
Max of dh, dJ: 0.0129454 0.117939

iteration 485
Number of threads allocated = 1
Avg. energy: 85.8005
RMS of dh, dJ: 0.00162145 0.000553625
Max of dh, dJ: 0.015721 0.122439

iteration 486
Number of threads allocated = 1
Avg. energy: 85.5996
RMS of dh, dJ: 0.00159839 0.000553804
Max of dh, dJ: 0.0180858 0.124939

iteration 487
Number of threads allocated = 1
Avg. energy: 86.1482
RMS of dh, dJ: 0.00165719 0.000549078
Max of dh, dJ: 0.0132248 0.127064

iteration 488
Number of threads allocated = 1
Avg. energy: 85.7962
RMS of dh, dJ: 0.00163736 0.000548345
Max of dh, dJ: 0.0201552 0.125064

iteration 489
Number of threads allocated = 1
Avg. energy: 86.1292
RMS of dh, dJ: 0.0016624 0.000551628
Max of dh, dJ: 0.0180758 0.121064

iteration 490
Number of threads allocated = 1
Avg. energy: 85.4684
RMS of dh, dJ: 0.00167398 0.000553993
Max of dh, dJ: 0.0188628 0.123314

iteration 491
Number of threads allocated = 1
Avg. energy: 85.0929
RMS of dh, dJ: 0.00154098 0.000563883
Max of dh, dJ: 0.0135677 0.128189

iteration 492
Number of threads allocated = 1
Avg. energy: 85.5447
RMS of dh, dJ: 0.00154735 0.000551226
Max of dh, dJ: 0.0157703 0.11873

iteration 493
Number of threads allocated = 1
Avg. energy: 85.2301
RMS of dh, dJ: 0.00168479 0.000550099
Max of dh, dJ: 0.0198529 0.122314

iteration 494
Number of threads allocated = 1
Avg. energy: 85.7217
RMS of dh, dJ: 0.00162093 0.000558968
Max of dh, dJ: 0.0204086 0.128314

iteration 495
Number of threads allocated = 1
Avg. energy: 85.5637
RMS of dh, dJ: 0.00162984 0.000551483
Max of dh, dJ: 0.0155503 0.118105

iteration 496
Number of threads allocated = 1
Avg. energy: 85.2677
RMS of dh, dJ: 0.00162062 0.000553563
Max of dh, dJ: 0.0158358 0.117189

iteration 497
Number of threads allocated = 1
Avg. energy: 85.5953
RMS of dh, dJ: 0.00166031 0.000552268
Max of dh, dJ: 0.013298 0.124814

iteration 498
Number of threads allocated = 1
Avg. energy: 85.5092
RMS of dh, dJ: 0.0016857 0.000553287
Max of dh, dJ: 0.0160681 0.121564

iteration 499
Number of threads allocated = 1
Avg. energy: 85.5577
RMS of dh, dJ: 0.00167733 0.000553414
Max of dh, dJ: 0.018607 0.120689

iteration 500
Number of threads allocated = 1
Avg. energy: 85.7206
RMS of dh, dJ: 0.00163476 0.000553749
Max of dh, dJ: 0.0228733 0.11723

iteration 501
Number of threads allocated = 1
Avg. energy: 85.5534
RMS of dh, dJ: 0.00173015 0.000558361
Max of dh, dJ: 0.0159078 0.130689

iteration 502
Number of threads allocated = 1
Avg. energy: 85.969
RMS of dh, dJ: 0.00172334 0.000546958
Max of dh, dJ: 0.0235758 0.116064

iteration 503
Number of threads allocated = 1
Avg. energy: 85.8771
RMS of dh, dJ: 0.00168365 0.000559622
Max of dh, dJ: 0.017857 0.129855

iteration 504
Number of threads allocated = 1
Avg. energy: 85.7574
RMS of dh, dJ: 0.00157014 0.000552512
Max of dh, dJ: 0.0156932 0.118689

iteration 505
Number of threads allocated = 1
Avg. energy: 85.5142
RMS of dh, dJ: 0.00163762 0.000555824
Max of dh, dJ: 0.017857 0.121564

iteration 506
Number of threads allocated = 1
Avg. energy: 86.4562
RMS of dh, dJ: 0.00160826 0.000557141
Max of dh, dJ: 0.0124485 0.122689

iteration 507
Number of threads allocated = 1
Avg. energy: 86.0338
RMS of dh, dJ: 0.0015583 0.000557586
Max of dh, dJ: 0.0132888 0.116564

iteration 508
Number of threads allocated = 1
Avg. energy: 85.2365
RMS of dh, dJ: 0.00159064 0.000558689
Max of dh, dJ: 0.0121954 0.114605

iteration 509
Number of threads allocated = 1
Avg. energy: 85.8203
RMS of dh, dJ: 0.00160697 0.000552152
Max of dh, dJ: 0.0147562 0.127689

iteration 510
Number of threads allocated = 1
Avg. energy: 85.6084
RMS of dh, dJ: 0.00155009 0.000553767
Max of dh, dJ: 0.0132108 0.124939

iteration 511
Number of threads allocated = 1
Avg. energy: 85.161
RMS of dh, dJ: 0.00164858 0.000558253
Max of dh, dJ: 0.014732 0.118314

iteration 512
Number of threads allocated = 1
Avg. energy: 85.6824
RMS of dh, dJ: 0.00159218 0.000558985
Max of dh, dJ: 0.0163259 0.119564

iteration 513
Number of threads allocated = 1
Avg. energy: 85.5216
RMS of dh, dJ: 0.00150788 0.000554082
Max of dh, dJ: 0.0138239 0.123689

iteration 514
Number of threads allocated = 1
Avg. energy: 85.5769
RMS of dh, dJ: 0.00159945 0.000553159
Max of dh, dJ: 0.013721 0.11798

iteration 515
Number of threads allocated = 1
Avg. energy: 85.6936
RMS of dh, dJ: 0.00156639 0.000548154
Max of dh, dJ: 0.0123547 0.114064

iteration 516
Number of threads allocated = 1
Avg. energy: 86.2089
RMS of dh, dJ: 0.00166026 0.000557626
Max of dh, dJ: 0.014868 0.124564

iteration 517
Number of threads allocated = 1
Avg. energy: 85.5588
RMS of dh, dJ: 0.0015834 0.000551593
Max of dh, dJ: 0.015445 0.120814

iteration 518
Number of threads allocated = 1
Avg. energy: 85.5267
RMS of dh, dJ: 0.00161414 0.000552185
Max of dh, dJ: 0.0151693 0.120564

iteration 519
Number of threads allocated = 1
Avg. energy: 85.7527
RMS of dh, dJ: 0.00161837 0.000549633
Max of dh, dJ: 0.0170704 0.110605

iteration 520
Number of threads allocated = 1
Avg. energy: 85.6843
RMS of dh, dJ: 0.00161135 0.000551506
Max of dh, dJ: 0.0188529 0.122939

iteration 521
Number of threads allocated = 1
Avg. energy: 85.9581
RMS of dh, dJ: 0.0016247 0.00055532
Max of dh, dJ: 0.0203419 0.122105

iteration 522
Number of threads allocated = 1
Avg. energy: 85.5355
RMS of dh, dJ: 0.00163037 0.000551594
Max of dh, dJ: 0.0152802 0.122314

iteration 523
Number of threads allocated = 1
Avg. energy: 85.6673
RMS of dh, dJ: 0.00154168 0.000556533
Max of dh, dJ: 0.0119971 0.120689

iteration 524
Number of threads allocated = 1
Avg. energy: 85.6361
RMS of dh, dJ: 0.00165615 0.000552036
Max of dh, dJ: 0.016071 0.116939

iteration 525
Number of threads allocated = 1
Avg. energy: 85.5444
RMS of dh, dJ: 0.00156711 0.000553368
Max of dh, dJ: 0.013929 0.116105

iteration 526
Number of threads allocated = 1
Avg. energy: 85.7223
RMS of dh, dJ: 0.00166279 0.000557845
Max of dh, dJ: 0.0221581 0.122564

iteration 527
Number of threads allocated = 1
Avg. energy: 85.4804
RMS of dh, dJ: 0.00165407 0.000546888
Max of dh, dJ: 0.0146875 0.128439

iteration 528
Number of threads allocated = 1
Avg. energy: 85.1242
RMS of dh, dJ: 0.00166271 0.00056013
Max of dh, dJ: 0.0213419 0.122189

iteration 529
Number of threads allocated = 1
Avg. energy: 85.8408
RMS of dh, dJ: 0.00165028 0.000546854
Max of dh, dJ: 0.021607 0.119564

iteration 530
Number of threads allocated = 1
Avg. energy: 85.4228
RMS of dh, dJ: 0.00168558 0.000549717
Max of dh, dJ: 0.0190112 0.118564

iteration 531
Number of threads allocated = 1
Avg. energy: 85.5186
RMS of dh, dJ: 0.00162682 0.00055219
Max of dh, dJ: 0.0201997 0.117689

iteration 532
Number of threads allocated = 1
Avg. energy: 86.1244
RMS of dh, dJ: 0.00170183 0.000552574
Max of dh, dJ: 0.0175758 0.129564

iteration 533
Number of threads allocated = 1
Avg. energy: 85.8037
RMS of dh, dJ: 0.00160693 0.000553386
Max of dh, dJ: 0.0159231 0.12698

iteration 534
Number of threads allocated = 1
Avg. energy: 85.4212
RMS of dh, dJ: 0.00148136 0.000561206
Max of dh, dJ: 0.0111576 0.125939

iteration 535
Number of threads allocated = 1
Avg. energy: 85.8919
RMS of dh, dJ: 0.00161325 0.000556493
Max of dh, dJ: 0.01843 0.125939

iteration 536
Number of threads allocated = 1
Avg. energy: 85.7628
RMS of dh, dJ: 0.00152919 0.000553947
Max of dh, dJ: 0.01107 0.115064

iteration 537
Number of threads allocated = 1
Avg. energy: 85.9352
RMS of dh, dJ: 0.00174201 0.000547124
Max of dh, dJ: 0.0181581 0.121564

iteration 538
Number of threads allocated = 1
Avg. energy: 85.6096
RMS of dh, dJ: 0.00155517 0.000558272
Max of dh, dJ: 0.0146819 0.122814

iteration 539
Number of threads allocated = 1
Avg. energy: 86.0338
RMS of dh, dJ: 0.00173221 0.000551982
Max of dh, dJ: 0.0187826 0.121355

iteration 540
Number of threads allocated = 1
Avg. energy: 85.4254
RMS of dh, dJ: 0.00155747 0.000552884
Max of dh, dJ: 0.0154431 0.123939

iteration 541
Number of threads allocated = 1
Avg. energy: 85.3102
RMS of dh, dJ: 0.00161751 0.00056475
Max of dh, dJ: 0.0135625 0.130189

iteration 542
Number of threads allocated = 1
Avg. energy: 85.5682
RMS of dh, dJ: 0.00155384 0.000550207
Max of dh, dJ: 0.0158181 0.127939

iteration 543
Number of threads allocated = 1
Avg. energy: 85.411
RMS of dh, dJ: 0.00150185 0.000550126
Max of dh, dJ: 0.0117131 0.118689

iteration 544
Number of threads allocated = 1
Avg. energy: 85.1133
RMS of dh, dJ: 0.00157693 0.000557295
Max of dh, dJ: 0.0132831 0.123439

iteration 545
Number of threads allocated = 1
Avg. energy: 85.925
RMS of dh, dJ: 0.00158961 0.000553323
Max of dh, dJ: 0.0131508 0.123439

iteration 546
Number of threads allocated = 1
Avg. energy: 85.5192
RMS of dh, dJ: 0.00156487 0.000556505
Max of dh, dJ: 0.012268 0.125105

iteration 547
Number of threads allocated = 1
Avg. energy: 85.5089
RMS of dh, dJ: 0.00154483 0.000560934
Max of dh, dJ: 0.0144704 0.130689

iteration 548
Number of threads allocated = 1
Avg. energy: 85.3478
RMS of dh, dJ: 0.00163661 0.000558295
Max of dh, dJ: 0.0136431 0.121939

iteration 549
Number of threads allocated = 1
Avg. energy: 85.7653
RMS of dh, dJ: 0.00164294 0.000555231
Max of dh, dJ: 0.024514 0.125814

iteration 550
Number of threads allocated = 1
Avg. energy: 86.0886
RMS of dh, dJ: 0.00165433 0.000547007
Max of dh, dJ: 0.0167802 0.11723

iteration 551
Number of threads allocated = 1
Avg. energy: 85.9021
RMS of dh, dJ: 0.00152037 0.000555733
Max of dh, dJ: 0.0115914 0.12248

iteration 552
Number of threads allocated = 1
Avg. energy: 85.5104
RMS of dh, dJ: 0.0015902 0.000553925
Max of dh, dJ: 0.0141932 0.123814

iteration 553
Number of threads allocated = 1
Avg. energy: 85.3199
RMS of dh, dJ: 0.00165192 0.000553342
Max of dh, dJ: 0.0168181 0.12473

iteration 554
Number of threads allocated = 1
Avg. energy: 85.3259
RMS of dh, dJ: 0.0016002 0.000548913
Max of dh, dJ: 0.0126047 0.123564

iteration 555
Number of threads allocated = 1
Avg. energy: 85.7054
RMS of dh, dJ: 0.0016021 0.000545407
Max of dh, dJ: 0.0174508 0.116814

iteration 556
Number of threads allocated = 1
Avg. energy: 86.047
RMS of dh, dJ: 0.0016959 0.000543174
Max of dh, dJ: 0.0194704 0.119564

iteration 557
Number of threads allocated = 1
Avg. energy: 85.7447
RMS of dh, dJ: 0.00169676 0.000554107
Max of dh, dJ: 0.0221312 0.132314

iteration 558
Number of threads allocated = 1
Avg. energy: 85.719
RMS of dh, dJ: 0.00168625 0.000546961
Max of dh, dJ: 0.0259043 0.113814

iteration 559
Number of threads allocated = 1
Avg. energy: 85.5789
RMS of dh, dJ: 0.00168342 0.000544321
Max of dh, dJ: 0.0228381 0.118064

iteration 560
Number of threads allocated = 1
Avg. energy: 85.9326
RMS of dh, dJ: 0.00165955 0.00054418
Max of dh, dJ: 0.0191029 0.117855

iteration 561
Number of threads allocated = 1
Avg. energy: 85.6818
RMS of dh, dJ: 0.00163222 0.000555259
Max of dh, dJ: 0.0177009 0.125189

iteration 562
Number of threads allocated = 1
Avg. energy: 85.9491
RMS of dh, dJ: 0.00169319 0.000547486
Max of dh, dJ: 0.0181401 0.123939

iteration 563
Number of threads allocated = 1
Avg. energy: 85.6767
RMS of dh, dJ: 0.00154967 0.000547809
Max of dh, dJ: 0.0168607 0.123564

iteration 564
Number of threads allocated = 1
Avg. energy: 85.4955
RMS of dh, dJ: 0.00162197 0.000555012
Max of dh, dJ: 0.020143 0.123564

iteration 565
Number of threads allocated = 1
Avg. energy: 85.2878
RMS of dh, dJ: 0.00157035 0.000553181
Max of dh, dJ: 0.017805 0.124314

iteration 566
Number of threads allocated = 1
Avg. energy: 85.1805
RMS of dh, dJ: 0.00166546 0.000546604
Max of dh, dJ: 0.0228529 0.115689

iteration 567
Number of threads allocated = 1
Avg. energy: 85.8184
RMS of dh, dJ: 0.00157139 0.00055338
Max of dh, dJ: 0.0139857 0.128814

iteration 568
Number of threads allocated = 1
Avg. energy: 85.7808
RMS of dh, dJ: 0.00164291 0.00055569
Max of dh, dJ: 0.0182721 0.132439

iteration 569
Number of threads allocated = 1
Avg. energy: 85.9738
RMS of dh, dJ: 0.00161405 0.000556467
Max of dh, dJ: 0.014429 0.124689

iteration 570
Number of threads allocated = 1
Avg. energy: 85.6405
RMS of dh, dJ: 0.00156797 0.000557065
Max of dh, dJ: 0.0122317 0.116439

iteration 571
Number of threads allocated = 1
Avg. energy: 85.8233
RMS of dh, dJ: 0.00163901 0.000550398
Max of dh, dJ: 0.0199631 0.126814

iteration 572
Number of threads allocated = 1
Avg. energy: 85.5382
RMS of dh, dJ: 0.00170666 0.000555904
Max of dh, dJ: 0.0159081 0.124189

iteration 573
Number of threads allocated = 1
Avg. energy: 85.5262
RMS of dh, dJ: 0.0015534 0.000555705
Max of dh, dJ: 0.0179231 0.121564

iteration 574
Number of threads allocated = 1
Avg. energy: 85.5686
RMS of dh, dJ: 0.00171716 0.000543533
Max of dh, dJ: 0.0155302 0.124189

iteration 575
Number of threads allocated = 1
Avg. energy: 85.3676
RMS of dh, dJ: 0.00157581 0.00055462
Max of dh, dJ: 0.0131102 0.123814

iteration 576
Number of threads allocated = 1
Avg. energy: 85.8822
RMS of dh, dJ: 0.00172574 0.000540921
Max of dh, dJ: 0.0174052 0.121064

iteration 577
Number of threads allocated = 1
Avg. energy: 86.3231
RMS of dh, dJ: 0.00165853 0.000554694
Max of dh, dJ: 0.015236 0.123564

iteration 578
Number of threads allocated = 1
Avg. energy: 85.1516
RMS of dh, dJ: 0.00144203 0.000556333
Max of dh, dJ: 0.00964009 0.123439
Converged!
RMS of dh, dJ, tot: 0.00144203 0.000556333 0.00199836
Max of |dh|, |dJ|: 0.00964009 0.123439
