INPUT PARAMETERS:
msa_name /data/wangd17/contact_seqs/l-repressor_all/lambda_contacts_stable_all.dat
freq_dir /data/wangd17/Ising-Model_biowulf/scratch/lambda_stable_all/lambda=0.000000_mc_steps_init=1000_as_al_gamma=0.100000_cutoff_rmsd=0.002000/
out_name lambda_stable_all_cont5.bm_param
folder_name lambda_stable_all_cont5
scratch_dir /data/wangd17/Ising-Model_biowulf/scratch/
input_name /data/wangd17/Ising-Model_biowulf/scratch/lambda_stable_all_cont4/lambda=0.000000_mc_steps_init=256000_as_al_gamma=0.100000_cutoff_rmsd=0.000020_restart4
mc_init random
lambda 0
myseed 1
max_iter 10000000
mc_steps 256000
eps0_h 0.02
eps0_J 0.002
adaptive_stepsize_on 1
adaptive_sampling_on 1
eps_inc 1.5
eps_dec 0.6
eps_min_h 0.001
eps_max_h 2.5
eps_min_J 0.00001
eps_max_J_N 2.5
gamma 0.1
cutoff_freq 0.05
delta 0.0
symmetrize_on 0
do_lowmem_fill 1
cutoff_rmsd 0.00002
conv_type rmsd
verbose 1
record_freq 50
num_restarts 5

/data/wangd17/contact_seqs/l-repressor_all/lambda_contacts_stable_all.dat
Sequence length: 2926
random
conv type: rmsd
Reading in MSA frequencies...
Fitting model.

iteration 0
Number of threads allocated = 1
Avg. energy: 90.6713
RMS of dh, dJ: 0.00115867 0.000617484
Max of dh, dJ: 0.0132395 0.12653

iteration 1
Number of threads allocated = 1
Avg. energy: 90.5481
RMS of dh, dJ: 0.00090653 0.000538886
Max of dh, dJ: 0.00983735 0.116351

iteration 2
Number of threads allocated = 1
Avg. energy: 90.5567
RMS of dh, dJ: 0.000524851 0.000567596
Max of dh, dJ: 0.00700676 0.119905

iteration 3
Number of threads allocated = 1
Avg. energy: 90.5517
RMS of dh, dJ: 0.00079946 0.000538775
Max of dh, dJ: 0.00781437 0.116488

iteration 4
Number of threads allocated = 1
Avg. energy: 90.5857
RMS of dh, dJ: 0.000450923 0.000543519
Max of dh, dJ: 0.00543464 0.119144

iteration 5
Number of threads allocated = 1
Avg. energy: 90.5507
RMS of dh, dJ: 0.000379229 0.000544172
Max of dh, dJ: 0.00393557 0.120019

iteration 6
Number of threads allocated = 1
Avg. energy: 90.5869
RMS of dh, dJ: 0.00050066 0.000542012
Max of dh, dJ: 0.00609936 0.11675

iteration 7
Number of threads allocated = 1
Avg. energy: 90.5432
RMS of dh, dJ: 0.000487007 0.000563217
Max of dh, dJ: 0.00617083 0.119676

iteration 8
Number of threads allocated = 1
Avg. energy: 90.535
RMS of dh, dJ: 0.00088991 0.000540164
Max of dh, dJ: 0.0097454 0.116093

iteration 9
Number of threads allocated = 1
Avg. energy: 90.5695
RMS of dh, dJ: 0.000360081 0.000549635
Max of dh, dJ: 0.00449697 0.120824

iteration 10
Number of threads allocated = 1
Avg. energy: 90.6325
RMS of dh, dJ: 0.000334349 0.000551047
Max of dh, dJ: 0.00394342 0.120074

iteration 11
Number of threads allocated = 1
Avg. energy: 90.574
RMS of dh, dJ: 0.00039105 0.000559956
Max of dh, dJ: 0.00479211 0.119508

iteration 12
Number of threads allocated = 1
Avg. energy: 90.5933
RMS of dh, dJ: 0.00034887 0.000552212
Max of dh, dJ: 0.00372942 0.119765

iteration 13
Number of threads allocated = 1
Avg. energy: 90.5716
RMS of dh, dJ: 0.000353336 0.000555364
Max of dh, dJ: 0.00466922 0.119131

iteration 14
Number of threads allocated = 1
Avg. energy: 90.6651
RMS of dh, dJ: 0.000380932 0.000544327
Max of dh, dJ: 0.00329031 0.118558

iteration 15
Number of threads allocated = 1
Avg. energy: 90.4913
RMS of dh, dJ: 0.00104159 0.000543064
Max of dh, dJ: 0.0105579 0.119503

iteration 16
Number of threads allocated = 1
Avg. energy: 90.6347
RMS of dh, dJ: 0.00059928 0.000568602
Max of dh, dJ: 0.00882547 0.122273

iteration 17
Number of threads allocated = 1
Avg. energy: 90.5881
RMS of dh, dJ: 0.000523043 0.000540579
Max of dh, dJ: 0.00573368 0.117429

iteration 18
Number of threads allocated = 1
Avg. energy: 90.4688
RMS of dh, dJ: 0.00102911 0.000543098
Max of dh, dJ: 0.0120618 0.117503

iteration 19
Number of threads allocated = 1
Avg. energy: 90.6503
RMS of dh, dJ: 0.000606605 0.000539091
Max of dh, dJ: 0.0065579 0.119472

iteration 20
Number of threads allocated = 1
Avg. energy: 90.5357
RMS of dh, dJ: 0.00040682 0.000541864
Max of dh, dJ: 0.00429518 0.118937

iteration 21
Number of threads allocated = 1
Avg. energy: 90.4373
RMS of dh, dJ: 0.00057888 0.000539627
Max of dh, dJ: 0.00625461 0.11632

iteration 22
Number of threads allocated = 1
Avg. energy: 90.5886
RMS of dh, dJ: 0.000344523 0.000551157
Max of dh, dJ: 0.0050325 0.119867

iteration 23
Number of threads allocated = 1
Avg. energy: 90.5575
RMS of dh, dJ: 0.000358774 0.000554381
Max of dh, dJ: 0.0049036 0.120781

iteration 24
Number of threads allocated = 1
Avg. energy: 90.5417
RMS of dh, dJ: 0.000396079 0.000542543
Max of dh, dJ: 0.00402061 0.11782

iteration 25
Number of threads allocated = 1
Avg. energy: 90.6312
RMS of dh, dJ: 0.0004211 0.00054219
Max of dh, dJ: 0.00530183 0.116222

iteration 26
Number of threads allocated = 1
Avg. energy: 90.5939
RMS of dh, dJ: 0.000341914 0.000549076
Max of dh, dJ: 0.00340899 0.118074

iteration 27
Number of threads allocated = 1
Avg. energy: 90.6499
RMS of dh, dJ: 0.00045694 0.000543662
Max of dh, dJ: 0.00574149 0.116785

iteration 28
Number of threads allocated = 1
Avg. energy: 90.4613
RMS of dh, dJ: 0.000782476 0.000583241
Max of dh, dJ: 0.00877548 0.123162

iteration 29
Number of threads allocated = 1
Avg. energy: 90.5424
RMS of dh, dJ: 0.00140539 0.000550882
Max of dh, dJ: 0.0144485 0.116902

iteration 30
Number of threads allocated = 1
Avg. energy: 90.5374
RMS of dh, dJ: 0.000335131 0.000553143
Max of dh, dJ: 0.00514264 0.118875

iteration 31
Number of threads allocated = 1
Avg. energy: 90.543
RMS of dh, dJ: 0.000522419 0.000540286
Max of dh, dJ: 0.00525885 0.117003

iteration 32
Number of threads allocated = 1
Avg. energy: 90.607
RMS of dh, dJ: 0.00049564 0.000566752
Max of dh, dJ: 0.00643094 0.120881

iteration 33
Number of threads allocated = 1
Avg. energy: 90.5438
RMS of dh, dJ: 0.000369414 0.000555656
Max of dh, dJ: 0.00481945 0.120191

iteration 34
Number of threads allocated = 1
Avg. energy: 90.6189
RMS of dh, dJ: 0.000613766 0.000573379
Max of dh, dJ: 0.00818273 0.121582

iteration 35
Number of threads allocated = 1
Avg. energy: 90.5016
RMS of dh, dJ: 0.000415419 0.000541756
Max of dh, dJ: 0.00443763 0.117738

iteration 36
Number of threads allocated = 1
Avg. energy: 90.6062
RMS of dh, dJ: 0.00116829 0.000541481
Max of dh, dJ: 0.0121243 0.115605

iteration 37
Number of threads allocated = 1
Avg. energy: 90.5172
RMS of dh, dJ: 0.00035646 0.000544578
Max of dh, dJ: 0.00397096 0.119551

iteration 38
Number of threads allocated = 1
Avg. energy: 90.5769
RMS of dh, dJ: 0.00041449 0.000542193
Max of dh, dJ: 0.00463738 0.118332

iteration 39
Number of threads allocated = 1
Avg. energy: 90.5646
RMS of dh, dJ: 0.000466797 0.000562341
Max of dh, dJ: 0.0057786 0.119343

iteration 40
Number of threads allocated = 1
Avg. energy: 90.5746
RMS of dh, dJ: 0.000363242 0.000547106
Max of dh, dJ: 0.00470296 0.118523

iteration 41
Number of threads allocated = 1
Avg. energy: 90.564
RMS of dh, dJ: 0.000589125 0.0005377
Max of dh, dJ: 0.00697977 0.117269

iteration 42
Number of threads allocated = 1
Avg. energy: 90.6427
RMS of dh, dJ: 0.000524703 0.000540436
Max of dh, dJ: 0.00629227 0.117863

iteration 43
Number of threads allocated = 1
Avg. energy: 90.5853
RMS of dh, dJ: 0.000395769 0.000552502
Max of dh, dJ: 0.00596219 0.123242

iteration 44
Number of threads allocated = 1
Avg. energy: 90.5254
RMS of dh, dJ: 0.000968697 0.000537895
Max of dh, dJ: 0.0111087 0.117144

iteration 45
Number of threads allocated = 1
Avg. energy: 90.6133
RMS of dh, dJ: 0.00073963 0.000580113
Max of dh, dJ: 0.00969266 0.122205

iteration 46
Number of threads allocated = 1
Avg. energy: 90.5604
RMS of dh, dJ: 0.000460331 0.00056214
Max of dh, dJ: 0.00558098 0.120918

iteration 47
Number of threads allocated = 1
Avg. energy: 90.4289
RMS of dh, dJ: 0.000506472 0.000538552
Max of dh, dJ: 0.00636398 0.118351

iteration 48
Number of threads allocated = 1
Avg. energy: 90.5753
RMS of dh, dJ: 0.000403202 0.000543162
Max of dh, dJ: 0.00416572 0.118133

iteration 49
Number of threads allocated = 1
Avg. energy: 90.6309
RMS of dh, dJ: 0.000398142 0.000543158
Max of dh, dJ: 0.004551 0.117238

iteration 50
Number of threads allocated = 1
Avg. energy: 90.6275
RMS of dh, dJ: 0.000323381 0.0005508
Max of dh, dJ: 0.00346952 0.118984

iteration 51
Number of threads allocated = 1
Avg. energy: 90.5699
RMS of dh, dJ: 0.00106723 0.000541071
Max of dh, dJ: 0.0109233 0.117562

iteration 52
Number of threads allocated = 1
Avg. energy: 90.5512
RMS of dh, dJ: 0.000348387 0.00054613
Max of dh, dJ: 0.00389682 0.119805

iteration 53
Number of threads allocated = 1
Avg. energy: 90.6469
RMS of dh, dJ: 0.000694783 0.000537395
Max of dh, dJ: 0.00876493 0.118042

iteration 54
Number of threads allocated = 1
Avg. energy: 90.5762
RMS of dh, dJ: 0.000463476 0.000538465
Max of dh, dJ: 0.00597558 0.117726

iteration 55
Number of threads allocated = 1
Avg. energy: 90.5768
RMS of dh, dJ: 0.000428203 0.000558911
Max of dh, dJ: 0.00662023 0.119691

iteration 56
Number of threads allocated = 1
Avg. energy: 90.4759
RMS of dh, dJ: 0.000322425 0.000549661
Max of dh, dJ: 0.00538016 0.119976

iteration 57
Number of threads allocated = 1
Avg. energy: 90.5702
RMS of dh, dJ: 0.000356915 0.000543315
Max of dh, dJ: 0.0035728 0.117965

iteration 58
Number of threads allocated = 1
Avg. energy: 90.6348
RMS of dh, dJ: 0.000391314 0.000543084
Max of dh, dJ: 0.00402915 0.117797

iteration 59
Number of threads allocated = 1
Avg. energy: 90.642
RMS of dh, dJ: 0.000437326 0.00053975
Max of dh, dJ: 0.00437276 0.117867

iteration 60
Number of threads allocated = 1
Avg. energy: 90.5695
RMS of dh, dJ: 0.000649123 0.000537824
Max of dh, dJ: 0.00734126 0.118288

iteration 61
Number of threads allocated = 1
Avg. energy: 90.6227
RMS of dh, dJ: 0.000666392 0.000574514
Max of dh, dJ: 0.00825125 0.121812

iteration 62
Number of threads allocated = 1
Avg. energy: 90.6029
RMS of dh, dJ: 0.000796587 0.000537844
Max of dh, dJ: 0.00953837 0.11823

iteration 63
Number of threads allocated = 1
Avg. energy: 90.5738
RMS of dh, dJ: 0.00049203 0.000562405
Max of dh, dJ: 0.00882938 0.122402

iteration 64
Number of threads allocated = 1
Avg. energy: 90.6172
RMS of dh, dJ: 0.00060148 0.000538416
Max of dh, dJ: 0.00644462 0.118375

iteration 65
Number of threads allocated = 1
Avg. energy: 90.6356
RMS of dh, dJ: 0.000354052 0.000550121
Max of dh, dJ: 0.0042161 0.118217

iteration 66
Number of threads allocated = 1
Avg. energy: 90.4736
RMS of dh, dJ: 0.000493086 0.000538748
Max of dh, dJ: 0.00577048 0.11743

iteration 67
Number of threads allocated = 1
Avg. energy: 90.5942
RMS of dh, dJ: 0.000379742 0.000554421
Max of dh, dJ: 0.00573953 0.121461

iteration 68
Number of threads allocated = 1
Avg. energy: 90.5215
RMS of dh, dJ: 0.000787363 0.00053832
Max of dh, dJ: 0.00978446 0.115378

iteration 69
Number of threads allocated = 1
Avg. energy: 90.5925
RMS of dh, dJ: 0.000571812 0.000538111
Max of dh, dJ: 0.00658524 0.117062

iteration 70
Number of threads allocated = 1
Avg. energy: 90.6267
RMS of dh, dJ: 0.000472786 0.000540987
Max of dh, dJ: 0.00560354 0.117476

iteration 71
Number of threads allocated = 1
Avg. energy: 90.4842
RMS of dh, dJ: 0.000861154 0.000538364
Max of dh, dJ: 0.00921415 0.117168

iteration 72
Number of threads allocated = 1
Avg. energy: 90.6884
RMS of dh, dJ: 0.000581678 0.000538603
Max of dh, dJ: 0.00605448 0.117288

iteration 73
Number of threads allocated = 1
Avg. energy: 90.6885
RMS of dh, dJ: 0.000576852 0.000571278
Max of dh, dJ: 0.00666141 0.121055

iteration 74
Number of threads allocated = 1
Avg. energy: 90.5105
RMS of dh, dJ: 0.000343882 0.000546298
Max of dh, dJ: 0.00429653 0.11984

iteration 75
Number of threads allocated = 1
Avg. energy: 90.5938
RMS of dh, dJ: 0.000411116 0.000553827
Max of dh, dJ: 0.00693664 0.120601

iteration 76
Number of threads allocated = 1
Avg. energy: 90.6253
RMS of dh, dJ: 0.000905563 0.000537219
Max of dh, dJ: 0.00996024 0.11573

iteration 77
Number of threads allocated = 1
Avg. energy: 90.7317
RMS of dh, dJ: 0.000567367 0.000539601
Max of dh, dJ: 0.00637821 0.118664

iteration 78
Number of threads allocated = 1
Avg. energy: 90.5548
RMS of dh, dJ: 0.000351287 0.000544065
Max of dh, dJ: 0.00394054 0.119664

iteration 79
Number of threads allocated = 1
Avg. energy: 90.7415
RMS of dh, dJ: 0.000693095 0.000574423
Max of dh, dJ: 0.0074661 0.125457

iteration 80
Number of threads allocated = 1
Avg. energy: 90.6571
RMS of dh, dJ: 0.00097338 0.000538581
Max of dh, dJ: 0.0107102 0.11839

iteration 81
Number of threads allocated = 1
Avg. energy: 90.5771
RMS of dh, dJ: 0.00101866 0.000540072
Max of dh, dJ: 0.0118641 0.116675

iteration 82
Number of threads allocated = 1
Avg. energy: 90.6392
RMS of dh, dJ: 0.000964965 0.000538723
Max of dh, dJ: 0.0102748 0.117667

iteration 83
Number of threads allocated = 1
Avg. energy: 90.5972
RMS of dh, dJ: 0.000462705 0.00054019
Max of dh, dJ: 0.00493845 0.120965

iteration 84
Number of threads allocated = 1
Avg. energy: 90.6826
RMS of dh, dJ: 0.000782837 0.000585923
Max of dh, dJ: 0.00894266 0.124117

iteration 85
Number of threads allocated = 1
Avg. energy: 90.585
RMS of dh, dJ: 0.000525941 0.000536858
Max of dh, dJ: 0.00550181 0.117492

iteration 86
Number of threads allocated = 1
Avg. energy: 90.6249
RMS of dh, dJ: 0.000412664 0.000556468
Max of dh, dJ: 0.00535418 0.12275

iteration 87
Number of threads allocated = 1
Avg. energy: 90.6098
RMS of dh, dJ: 0.000674219 0.00053576
Max of dh, dJ: 0.00782619 0.117445

iteration 88
Number of threads allocated = 1
Avg. energy: 90.6208
RMS of dh, dJ: 0.00100379 0.000539718
Max of dh, dJ: 0.0112337 0.116582

iteration 89
Number of threads allocated = 1
Avg. energy: 90.6438
RMS of dh, dJ: 0.000380366 0.000543017
Max of dh, dJ: 0.00411453 0.119312

iteration 90
Number of threads allocated = 1
Avg. energy: 90.7044
RMS of dh, dJ: 0.000594532 0.000537215
Max of dh, dJ: 0.00675321 0.117648

iteration 91
Number of threads allocated = 1
Avg. energy: 90.676
RMS of dh, dJ: 0.00078867 0.000535668
Max of dh, dJ: 0.00788376 0.116058

iteration 92
Number of threads allocated = 1
Avg. energy: 90.7713
RMS of dh, dJ: 0.00100662 0.000540117
Max of dh, dJ: 0.0117141 0.115765

iteration 93
Number of threads allocated = 1
Avg. energy: 90.7165
RMS of dh, dJ: 0.000372336 0.000552444
Max of dh, dJ: 0.00545438 0.122832

iteration 94
Number of threads allocated = 1
Avg. energy: 90.6303
RMS of dh, dJ: 0.000448204 0.000539714
Max of dh, dJ: 0.00509696 0.117199

iteration 95
Number of threads allocated = 1
Avg. energy: 90.6608
RMS of dh, dJ: 0.000440381 0.000540066
Max of dh, dJ: 0.00637595 0.118488

iteration 96
Number of threads allocated = 1
Avg. energy: 90.6219
RMS of dh, dJ: 0.000518792 0.000538137
Max of dh, dJ: 0.006551 0.117765

iteration 97
Number of threads allocated = 1
Avg. energy: 90.709
RMS of dh, dJ: 0.000931891 0.000590305
Max of dh, dJ: 0.0110403 0.124022

iteration 98
Number of threads allocated = 1
Avg. energy: 90.7457
RMS of dh, dJ: 0.00151832 0.000553998
Max of dh, dJ: 0.0157766 0.116296

iteration 99
Number of threads allocated = 1
Avg. energy: 90.735
RMS of dh, dJ: 0.000633398 0.000539123
Max of dh, dJ: 0.00688993 0.118585

iteration 100
Number of threads allocated = 1
Avg. energy: 90.6573
RMS of dh, dJ: 0.000409163 0.000539057
Max of dh, dJ: 0.00476584 0.118805

iteration 101
Number of threads allocated = 1
Avg. energy: 90.6721
RMS of dh, dJ: 0.000403377 0.000539695
Max of dh, dJ: 0.0040579 0.120781

iteration 102
Number of threads allocated = 1
Avg. energy: 90.6722
RMS of dh, dJ: 0.00044202 0.000538417
Max of dh, dJ: 0.0047292 0.119219

iteration 103
Number of threads allocated = 1
Avg. energy: 90.7665
RMS of dh, dJ: 0.000624166 0.000536419
Max of dh, dJ: 0.0067493 0.117254

iteration 104
Number of threads allocated = 1
Avg. energy: 90.6992
RMS of dh, dJ: 0.000352541 0.00054337
Max of dh, dJ: 0.00334696 0.119828

iteration 105
Number of threads allocated = 1
Avg. energy: 90.5849
RMS of dh, dJ: 0.000401639 0.000554141
Max of dh, dJ: 0.00610281 0.121234

iteration 106
Number of threads allocated = 1
Avg. energy: 90.723
RMS of dh, dJ: 0.000438032 0.000538398
Max of dh, dJ: 0.00518064 0.116226

iteration 107
Number of threads allocated = 1
Avg. energy: 90.5065
RMS of dh, dJ: 0.000642944 0.000536869
Max of dh, dJ: 0.00685642 0.11707

iteration 108
Number of threads allocated = 1
Avg. energy: 90.6176
RMS of dh, dJ: 0.000644523 0.000571039
Max of dh, dJ: 0.00889188 0.121453

iteration 109
Number of threads allocated = 1
Avg. energy: 90.7633
RMS of dh, dJ: 0.000374476 0.000549768
Max of dh, dJ: 0.00420617 0.119332

iteration 110
Number of threads allocated = 1
Avg. energy: 90.6878
RMS of dh, dJ: 0.000506055 0.000562716
Max of dh, dJ: 0.00670047 0.120195

iteration 111
Number of threads allocated = 1
Avg. energy: 90.678
RMS of dh, dJ: 0.000759493 0.000534666
Max of dh, dJ: 0.00900712 0.116437

iteration 112
Number of threads allocated = 1
Avg. energy: 90.5685
RMS of dh, dJ: 0.000924885 0.000536359
Max of dh, dJ: 0.00968463 0.115824

iteration 113
Number of threads allocated = 1
Avg. energy: 90.6536
RMS of dh, dJ: 0.000649075 0.000535545
Max of dh, dJ: 0.00875321 0.117293

iteration 114
Number of threads allocated = 1
Avg. energy: 90.7029
RMS of dh, dJ: 0.000398742 0.000550976
Max of dh, dJ: 0.00617883 0.120851

iteration 115
Number of threads allocated = 1
Avg. energy: 90.6418
RMS of dh, dJ: 0.000570403 0.00053582
Max of dh, dJ: 0.00656807 0.117601

iteration 116
Number of threads allocated = 1
Avg. energy: 90.8077
RMS of dh, dJ: 0.00052216 0.00053756
Max of dh, dJ: 0.00614774 0.117976

iteration 117
Number of threads allocated = 1
Avg. energy: 90.6776
RMS of dh, dJ: 0.000354339 0.000541515
Max of dh, dJ: 0.00389939 0.118453

iteration 118
Number of threads allocated = 1
Avg. energy: 90.7068
RMS of dh, dJ: 0.000469882 0.000559933
Max of dh, dJ: 0.00572781 0.121922

iteration 119
Number of threads allocated = 1
Avg. energy: 90.6686
RMS of dh, dJ: 0.000342414 0.00054218
Max of dh, dJ: 0.00463797 0.117621

iteration 120
Number of threads allocated = 1
Avg. energy: 90.6312
RMS of dh, dJ: 0.000332912 0.000543118
Max of dh, dJ: 0.00323563 0.117988

iteration 121
Number of threads allocated = 1
Avg. energy: 90.5932
RMS of dh, dJ: 0.000479784 0.000536589
Max of dh, dJ: 0.00602531 0.119035

iteration 122
Number of threads allocated = 1
Avg. energy: 90.6517
RMS of dh, dJ: 0.000924155 0.000586758
Max of dh, dJ: 0.0111223 0.123983

iteration 123
Number of threads allocated = 1
Avg. energy: 90.5986
RMS of dh, dJ: 0.00109445 0.000540719
Max of dh, dJ: 0.0120774 0.115941

iteration 124
Number of threads allocated = 1
Avg. energy: 90.7384
RMS of dh, dJ: 0.000528806 0.00056086
Max of dh, dJ: 0.00648172 0.120664

iteration 125
Number of threads allocated = 1
Avg. energy: 90.6417
RMS of dh, dJ: 0.000534499 0.000535189
Max of dh, dJ: 0.0054382 0.118035

iteration 126
Number of threads allocated = 1
Avg. energy: 90.688
RMS of dh, dJ: 0.000381554 0.000540347
Max of dh, dJ: 0.00391577 0.119449

iteration 127
Number of threads allocated = 1
Avg. energy: 90.6568
RMS of dh, dJ: 0.000417632 0.000538031
Max of dh, dJ: 0.00427608 0.116785

iteration 128
Number of threads allocated = 1
Avg. energy: 90.6955
RMS of dh, dJ: 0.000352683 0.000548139
Max of dh, dJ: 0.00599735 0.12034

iteration 129
Number of threads allocated = 1
Avg. energy: 90.5315
RMS of dh, dJ: 0.00039098 0.000543658
Max of dh, dJ: 0.00612235 0.118262

iteration 130
Number of threads allocated = 1
Avg. energy: 90.6408
RMS of dh, dJ: 0.000377702 0.000541699
Max of dh, dJ: 0.00416818 0.117836

iteration 131
Number of threads allocated = 1
Avg. energy: 90.6381
RMS of dh, dJ: 0.000422849 0.000537257
Max of dh, dJ: 0.00427365 0.117796

iteration 132
Number of threads allocated = 1
Avg. energy: 90.5527
RMS of dh, dJ: 0.000460819 0.000537043
Max of dh, dJ: 0.00511201 0.117863

iteration 133
Number of threads allocated = 1
Avg. energy: 90.645
RMS of dh, dJ: 0.000731481 0.000533758
Max of dh, dJ: 0.00795633 0.114922

iteration 134
Number of threads allocated = 1
Avg. energy: 90.5954
RMS of dh, dJ: 0.000510282 0.000536829
Max of dh, dJ: 0.00622587 0.117288

iteration 135
Number of threads allocated = 1
Avg. energy: 90.7717
RMS of dh, dJ: 0.00060481 0.00053579
Max of dh, dJ: 0.0069368 0.117457

iteration 136
Number of threads allocated = 1
Avg. energy: 90.7475
RMS of dh, dJ: 0.000733201 0.000576266
Max of dh, dJ: 0.00985281 0.12114

iteration 137
Number of threads allocated = 1
Avg. energy: 90.6887
RMS of dh, dJ: 0.00055753 0.000560092
Max of dh, dJ: 0.00778801 0.119933

iteration 138
Number of threads allocated = 1
Avg. energy: 90.7072
RMS of dh, dJ: 0.000665373 0.00053469
Max of dh, dJ: 0.00758133 0.11705

iteration 139
Number of threads allocated = 1
Avg. energy: 90.7252
RMS of dh, dJ: 0.000589137 0.00053589
Max of dh, dJ: 0.00739383 0.116457

iteration 140
Number of threads allocated = 1
Avg. energy: 90.7244
RMS of dh, dJ: 0.000677223 0.00053727
Max of dh, dJ: 0.00783524 0.116777

iteration 141
Number of threads allocated = 1
Avg. energy: 90.7643
RMS of dh, dJ: 0.000659243 0.000572787
Max of dh, dJ: 0.00747781 0.120311

iteration 142
Number of threads allocated = 1
Avg. energy: 90.7301
RMS of dh, dJ: 0.000402774 0.000539076
Max of dh, dJ: 0.003774 0.117972

iteration 143
Number of threads allocated = 1
Avg. energy: 90.7436
RMS of dh, dJ: 0.000670073 0.00057143
Max of dh, dJ: 0.00947781 0.120984

iteration 144
Number of threads allocated = 1
Avg. energy: 90.684
RMS of dh, dJ: 0.000528778 0.000534428
Max of dh, dJ: 0.00550885 0.11748

iteration 145
Number of threads allocated = 1
Avg. energy: 90.6299
RMS of dh, dJ: 0.000397048 0.000551204
Max of dh, dJ: 0.00630594 0.118847

iteration 146
Number of threads allocated = 1
Avg. energy: 90.6739
RMS of dh, dJ: 0.000821127 0.000535056
Max of dh, dJ: 0.00903837 0.118019

iteration 147
Number of threads allocated = 1
Avg. energy: 90.7548
RMS of dh, dJ: 0.000857962 0.000536313
Max of dh, dJ: 0.00936649 0.117382

iteration 148
Number of threads allocated = 1
Avg. energy: 90.7174
RMS of dh, dJ: 0.000340342 0.000547468
Max of dh, dJ: 0.00335526 0.11893

iteration 149
Number of threads allocated = 1
Avg. energy: 90.6924
RMS of dh, dJ: 0.000369821 0.000540445
Max of dh, dJ: 0.00346748 0.116832

iteration 150
Number of threads allocated = 1
Avg. energy: 90.6567
RMS of dh, dJ: 0.000444172 0.000535688
Max of dh, dJ: 0.00522244 0.118328

iteration 151
Number of threads allocated = 1
Avg. energy: 90.7016
RMS of dh, dJ: 0.000535367 0.000534585
Max of dh, dJ: 0.00567899 0.117523

iteration 152
Number of threads allocated = 1
Avg. energy: 90.6243
RMS of dh, dJ: 0.000669387 0.000534601
Max of dh, dJ: 0.00725712 0.118273

iteration 153
Number of threads allocated = 1
Avg. energy: 90.6629
RMS of dh, dJ: 0.000390269 0.000538366
Max of dh, dJ: 0.0041799 0.117535

iteration 154
Number of threads allocated = 1
Avg. energy: 90.7117
RMS of dh, dJ: 0.000489655 0.000556335
Max of dh, dJ: 0.00754813 0.122961

iteration 155
Number of threads allocated = 1
Avg. energy: 90.6496
RMS of dh, dJ: 0.000909351 0.00058528
Max of dh, dJ: 0.0135247 0.123186

iteration 156
Number of threads allocated = 1
Avg. energy: 90.7811
RMS of dh, dJ: 0.000601912 0.000535645
Max of dh, dJ: 0.00661649 0.117285

iteration 157
Number of threads allocated = 1
Avg. energy: 90.688
RMS of dh, dJ: 0.000369789 0.000540771
Max of dh, dJ: 0.00487819 0.117769

iteration 158
Number of threads allocated = 1
Avg. energy: 90.6675
RMS of dh, dJ: 0.000768034 0.000534367
Max of dh, dJ: 0.00918463 0.116015

iteration 159
Number of threads allocated = 1
Avg. energy: 90.6193
RMS of dh, dJ: 0.000763841 0.000535265
Max of dh, dJ: 0.00826883 0.114839

iteration 160
Number of threads allocated = 1
Avg. energy: 90.7285
RMS of dh, dJ: 0.000377854 0.000548964
Max of dh, dJ: 0.0064661 0.119738

iteration 161
Number of threads allocated = 1
Avg. energy: 90.7362
RMS of dh, dJ: 0.000596027 0.000566241
Max of dh, dJ: 0.00991531 0.120362

iteration 162
Number of threads allocated = 1
Avg. energy: 90.63
RMS of dh, dJ: 0.000333004 0.000544315
Max of dh, dJ: 0.00511633 0.118089

iteration 163
Number of threads allocated = 1
Avg. energy: 90.6502
RMS of dh, dJ: 0.00091945 0.000536663
Max of dh, dJ: 0.00952142 0.115824

iteration 164
Number of threads allocated = 1
Avg. energy: 90.6332
RMS of dh, dJ: 0.000862739 0.000535658
Max of dh, dJ: 0.00976883 0.115812

iteration 165
Number of threads allocated = 1
Avg. energy: 90.6357
RMS of dh, dJ: 0.000918663 0.000535566
Max of dh, dJ: 0.0113001 0.117867

iteration 166
Number of threads allocated = 1
Avg. energy: 90.8552
RMS of dh, dJ: 0.00164545 0.000655621
Max of dh, dJ: 0.016802 0.128006

iteration 167
Number of threads allocated = 1
Avg. energy: 90.6161
RMS of dh, dJ: 0.001103 0.000537323
Max of dh, dJ: 0.01174 0.115636

iteration 168
Number of threads allocated = 1
Avg. energy: 90.6055
RMS of dh, dJ: 0.00063531 0.000533063
Max of dh, dJ: 0.00719795 0.117062

iteration 169
Number of threads allocated = 1
Avg. energy: 90.6372
RMS of dh, dJ: 0.000473837 0.000534202
Max of dh, dJ: 0.00520577 0.116117

iteration 170
Number of threads allocated = 1
Avg. energy: 90.7657
RMS of dh, dJ: 0.000813296 0.00057996
Max of dh, dJ: 0.00961063 0.122678

iteration 171
Number of threads allocated = 1
Avg. energy: 90.6087
RMS of dh, dJ: 0.00118893 0.000539003
Max of dh, dJ: 0.013365 0.116874

iteration 172
Number of threads allocated = 1
Avg. energy: 90.6786
RMS of dh, dJ: 0.000360064 0.00054098
Max of dh, dJ: 0.00343829 0.118277

iteration 173
Number of threads allocated = 1
Avg. energy: 90.7153
RMS of dh, dJ: 0.00128361 0.000545411
Max of dh, dJ: 0.0141243 0.115128

iteration 174
Number of threads allocated = 1
Avg. energy: 90.7818
RMS of dh, dJ: 0.00129201 0.000620076
Max of dh, dJ: 0.0131653 0.125104

iteration 175
Number of threads allocated = 1
Avg. energy: 90.5732
RMS of dh, dJ: 0.000371412 0.000537906
Max of dh, dJ: 0.00388685 0.117805

iteration 176
Number of threads allocated = 1
Avg. energy: 90.6044
RMS of dh, dJ: 0.000399159 0.000537779
Max of dh, dJ: 0.00409954 0.118656

iteration 177
Number of threads allocated = 1
Avg. energy: 90.6953
RMS of dh, dJ: 0.00103696 0.000537482
Max of dh, dJ: 0.0115683 0.11696

iteration 178
Number of threads allocated = 1
Avg. energy: 90.7499
RMS of dh, dJ: 0.000350289 0.000544745
Max of dh, dJ: 0.00582547 0.120945

iteration 179
Number of threads allocated = 1
Avg. energy: 90.7858
RMS of dh, dJ: 0.000462644 0.000534559
Max of dh, dJ: 0.0052051 0.119055

iteration 180
Number of threads allocated = 1
Avg. energy: 90.6428
RMS of dh, dJ: 0.000496565 0.000554257
Max of dh, dJ: 0.00636063 0.119994

iteration 181
Number of threads allocated = 1
Avg. energy: 90.6274
RMS of dh, dJ: 0.000384127 0.000535259
Max of dh, dJ: 0.00411014 0.117461

iteration 182
Number of threads allocated = 1
Avg. energy: 90.6605
RMS of dh, dJ: 0.000602085 0.00053229
Max of dh, dJ: 0.00681811 0.11607

iteration 183
Number of threads allocated = 1
Avg. energy: 90.7672
RMS of dh, dJ: 0.000518169 0.000533377
Max of dh, dJ: 0.00687687 0.117449

iteration 184
Number of threads allocated = 1
Avg. energy: 90.6685
RMS of dh, dJ: 0.000406243 0.000550395
Max of dh, dJ: 0.00607938 0.117765

iteration 185
Number of threads allocated = 1
Avg. energy: 90.6639
RMS of dh, dJ: 0.00141343 0.000550771
Max of dh, dJ: 0.014658 0.114988

iteration 186
Number of threads allocated = 1
Avg. energy: 90.8701
RMS of dh, dJ: 0.000742302 0.000534436
Max of dh, dJ: 0.00875321 0.115347

iteration 187
Number of threads allocated = 1
Avg. energy: 90.8189
RMS of dh, dJ: 0.000451539 0.00055208
Max of dh, dJ: 0.00592703 0.120828

iteration 188
Number of threads allocated = 1
Avg. energy: 90.852
RMS of dh, dJ: 0.000397553 0.000551863
Max of dh, dJ: 0.00539324 0.120426

iteration 189
Number of threads allocated = 1
Avg. energy: 90.7765
RMS of dh, dJ: 0.000495168 0.000533051
Max of dh, dJ: 0.00509639 0.117808

iteration 190
Number of threads allocated = 1
Avg. energy: 90.6961
RMS of dh, dJ: 0.000357763 0.00054534
Max of dh, dJ: 0.00730594 0.118383

iteration 191
Number of threads allocated = 1
Avg. energy: 90.8207
RMS of dh, dJ: 0.00042169 0.000535012
Max of dh, dJ: 0.00470483 0.118621

iteration 192
Number of threads allocated = 1
Avg. energy: 90.7078
RMS of dh, dJ: 0.000863367 0.000534502
Max of dh, dJ: 0.00983915 0.116968

iteration 193
Number of threads allocated = 1
Avg. energy: 90.8175
RMS of dh, dJ: 0.000554273 0.000535908
Max of dh, dJ: 0.00586108 0.116386

iteration 194
Number of threads allocated = 1
Avg. energy: 90.7271
RMS of dh, dJ: 0.000608534 0.000560483
Max of dh, dJ: 0.00877469 0.12268

iteration 195
Number of threads allocated = 1
Avg. energy: 90.7551
RMS of dh, dJ: 0.000312675 0.000544843
Max of dh, dJ: 0.00371008 0.119023

iteration 196
Number of threads allocated = 1
Avg. energy: 90.6644
RMS of dh, dJ: 0.000673675 0.000533489
Max of dh, dJ: 0.00774873 0.120046

iteration 197
Number of threads allocated = 1
Avg. energy: 90.6669
RMS of dh, dJ: 0.000770769 0.000532253
Max of dh, dJ: 0.0090214 0.115374

iteration 198
Number of threads allocated = 1
Avg. energy: 90.8214
RMS of dh, dJ: 0.0010287 0.000595052
Max of dh, dJ: 0.0105794 0.123643

iteration 199
Number of threads allocated = 1
Avg. energy: 90.7331
RMS of dh, dJ: 0.000660917 0.000531489
Max of dh, dJ: 0.00730249 0.114828

iteration 200
Number of threads allocated = 1
Avg. energy: 90.7394
RMS of dh, dJ: 0.000562507 0.000557595
Max of dh, dJ: 0.00687786 0.120637

iteration 201
Number of threads allocated = 1
Avg. energy: 90.6976
RMS of dh, dJ: 0.00151946 0.000556197
Max of dh, dJ: 0.0161541 0.113629

iteration 202
Number of threads allocated = 1
Avg. energy: 90.681
RMS of dh, dJ: 0.000329373 0.000540763
Max of dh, dJ: 0.00414188 0.117426

iteration 203
Number of threads allocated = 1
Avg. energy: 90.7503
RMS of dh, dJ: 0.000345773 0.000539306
Max of dh, dJ: 0.00370047 0.118476

iteration 204
Number of threads allocated = 1
Avg. energy: 90.7156
RMS of dh, dJ: 0.000641122 0.000531684
Max of dh, dJ: 0.00632979 0.116965

iteration 205
Number of threads allocated = 1
Avg. energy: 90.7218
RMS of dh, dJ: 0.00107852 0.000538013
Max of dh, dJ: 0.0120212 0.114347

iteration 206
Number of threads allocated = 1
Avg. energy: 90.7791
RMS of dh, dJ: 0.000339845 0.000538264
Max of dh, dJ: 0.00421646 0.119078

iteration 207
Number of threads allocated = 1
Avg. energy: 90.7469
RMS of dh, dJ: 0.000675989 0.000565978
Max of dh, dJ: 0.008595 0.120221

iteration 208
Number of threads allocated = 1
Avg. energy: 90.8562
RMS of dh, dJ: 0.000344379 0.000540008
Max of dh, dJ: 0.00316141 0.118719

iteration 209
Number of threads allocated = 1
Avg. energy: 90.7001
RMS of dh, dJ: 0.000476373 0.000534229
Max of dh, dJ: 0.00538853 0.119031

iteration 210
Number of threads allocated = 1
Avg. energy: 90.7162
RMS of dh, dJ: 0.000320981 0.000538858
Max of dh, dJ: 0.00335685 0.11684

iteration 211
Number of threads allocated = 1
Avg. energy: 90.7179
RMS of dh, dJ: 0.00077501 0.000530589
Max of dh, dJ: 0.00888843 0.115859

iteration 212
Number of threads allocated = 1
Avg. energy: 90.8345
RMS of dh, dJ: 0.000448569 0.000534982
Max of dh, dJ: 0.00458524 0.11682

iteration 213
Number of threads allocated = 1
Avg. energy: 90.7441
RMS of dh, dJ: 0.00073307 0.000532113
Max of dh, dJ: 0.00801436 0.115902

iteration 214
Number of threads allocated = 1
Avg. energy: 90.7335
RMS of dh, dJ: 0.000634243 0.000562563
Max of dh, dJ: 0.0077802 0.123502

iteration 215
Number of threads allocated = 1
Avg. energy: 90.7369
RMS of dh, dJ: 0.000369223 0.000535375
Max of dh, dJ: 0.00486789 0.117601

iteration 216
Number of threads allocated = 1
Avg. energy: 90.6868
RMS of dh, dJ: 0.000982758 0.00053358
Max of dh, dJ: 0.0105065 0.113495

iteration 217
Number of threads allocated = 1
Avg. energy: 90.706
RMS of dh, dJ: 0.000478698 0.000532968
Max of dh, dJ: 0.00509572 0.117875

iteration 218
Number of threads allocated = 1
Avg. energy: 90.7436
RMS of dh, dJ: 0.000389444 0.000547711
Max of dh, dJ: 0.00627469 0.120472

iteration 219
Number of threads allocated = 1
Avg. energy: 90.7137
RMS of dh, dJ: 0.000440675 0.000548528
Max of dh, dJ: 0.00663406 0.119828

iteration 220
Number of threads allocated = 1
Avg. energy: 90.7462
RMS of dh, dJ: 0.000355411 0.000537855
Max of dh, dJ: 0.00441531 0.118324

iteration 221
Number of threads allocated = 1
Avg. energy: 90.7545
RMS of dh, dJ: 0.000647419 0.000566563
Max of dh, dJ: 0.00942313 0.120092

iteration 222
Number of threads allocated = 1
Avg. energy: 90.6148
RMS of dh, dJ: 0.000335894 0.00054365
Max of dh, dJ: 0.00448953 0.118066

iteration 223
Number of threads allocated = 1
Avg. energy: 90.785
RMS of dh, dJ: 0.000593992 0.00053027
Max of dh, dJ: 0.00724289 0.115109

iteration 224
Number of threads allocated = 1
Avg. energy: 90.7514
RMS of dh, dJ: 0.000311548 0.000540808
Max of dh, dJ: 0.00441141 0.117656

iteration 225
Number of threads allocated = 1
Avg. energy: 90.7211
RMS of dh, dJ: 0.00139245 0.000548093
Max of dh, dJ: 0.0161033 0.113867

iteration 226
Number of threads allocated = 1
Avg. energy: 90.8149
RMS of dh, dJ: 0.00060366 0.00056203
Max of dh, dJ: 0.00998563 0.120398

iteration 227
Number of threads allocated = 1
Avg. energy: 90.7489
RMS of dh, dJ: 0.000413295 0.00055006
Max of dh, dJ: 0.00627078 0.119406

iteration 228
Number of threads allocated = 1
Avg. energy: 90.7135
RMS of dh, dJ: 0.00060544 0.000531539
Max of dh, dJ: 0.00714204 0.116859

iteration 229
Number of threads allocated = 1
Avg. energy: 90.8329
RMS of dh, dJ: 0.000334806 0.000539791
Max of dh, dJ: 0.00345989 0.11782

iteration 230
Number of threads allocated = 1
Avg. energy: 90.7004
RMS of dh, dJ: 0.000520405 0.000532331
Max of dh, dJ: 0.00538901 0.117832

iteration 231
Number of threads allocated = 1
Avg. energy: 90.8373
RMS of dh, dJ: 0.000409591 0.000533831
Max of dh, dJ: 0.00501361 0.116511

iteration 232
Number of threads allocated = 1
Avg. energy: 90.8952
RMS of dh, dJ: 0.000683523 0.000570448
Max of dh, dJ: 0.00930203 0.121371

iteration 233
Number of threads allocated = 1
Avg. energy: 90.7338
RMS of dh, dJ: 0.000398484 0.000535091
Max of dh, dJ: 0.00399622 0.119883

iteration 234
Number of threads allocated = 1
Avg. energy: 90.7517
RMS of dh, dJ: 0.000535195 0.000531148
Max of dh, dJ: 0.00600712 0.117461

iteration 235
Number of threads allocated = 1
Avg. energy: 90.8575
RMS of dh, dJ: 0.00079194 0.000529725
Max of dh, dJ: 0.00944211 0.116492

iteration 236
Number of threads allocated = 1
Avg. energy: 90.7889
RMS of dh, dJ: 0.000525731 0.000530795
Max of dh, dJ: 0.00567842 0.115707

iteration 237
Number of threads allocated = 1
Avg. energy: 90.8062
RMS of dh, dJ: 0.00082262 0.000532845
Max of dh, dJ: 0.00927608 0.117417

iteration 238
Number of threads allocated = 1
Avg. energy: 90.8172
RMS of dh, dJ: 0.000778643 0.000531843
Max of dh, dJ: 0.00863061 0.116758

iteration 239
Number of threads allocated = 1
Avg. energy: 90.8053
RMS of dh, dJ: 0.000519588 0.000557187
Max of dh, dJ: 0.00772337 0.121881

iteration 240
Number of threads allocated = 1
Avg. energy: 90.7637
RMS of dh, dJ: 0.00110176 0.000595289
Max of dh, dJ: 0.0115716 0.122889

iteration 241
Number of threads allocated = 1
Avg. energy: 90.8061
RMS of dh, dJ: 0.000431387 0.000533953
Max of dh, dJ: 0.00444935 0.116933

iteration 242
Number of threads allocated = 1
Avg. energy: 90.7954
RMS of dh, dJ: 0.000443214 0.000534035
Max of dh, dJ: 0.00421897 0.116793

iteration 243
Number of threads allocated = 1
Avg. energy: 90.7685
RMS of dh, dJ: 0.000519981 0.000530734
Max of dh, dJ: 0.00624289 0.115832

iteration 244
Number of threads allocated = 1
Avg. energy: 90.8399
RMS of dh, dJ: 0.000505583 0.000551809
Max of dh, dJ: 0.0058127 0.120307

iteration 245
Number of threads allocated = 1
Avg. energy: 90.7314
RMS of dh, dJ: 0.000795594 0.000530892
Max of dh, dJ: 0.0082714 0.115742

iteration 246
Number of threads allocated = 1
Avg. energy: 90.7585
RMS of dh, dJ: 0.000379945 0.000543116
Max of dh, dJ: 0.00734289 0.118371

iteration 247
Number of threads allocated = 1
Avg. energy: 90.7187
RMS of dh, dJ: 0.000416949 0.000548863
Max of dh, dJ: 0.00513772 0.119285

iteration 248
Number of threads allocated = 1
Avg. energy: 90.8532
RMS of dh, dJ: 0.000590926 0.000530975
Max of dh, dJ: 0.00668156 0.116

iteration 249
Number of threads allocated = 1
Avg. energy: 90.7571
RMS of dh, dJ: 0.000429864 0.00054851
Max of dh, dJ: 0.008095 0.121222

iteration 250
Number of threads allocated = 1
Avg. energy: 90.7329
RMS of dh, dJ: 0.000780517 0.000531819
Max of dh, dJ: 0.00873218 0.116249

iteration 251
Number of threads allocated = 1
Avg. energy: 90.808
RMS of dh, dJ: 0.000618886 0.000529791
Max of dh, dJ: 0.00695499 0.11593

iteration 252
Number of threads allocated = 1
Avg. energy: 90.9181
RMS of dh, dJ: 0.000437199 0.000533539
Max of dh, dJ: 0.0045722 0.119152

iteration 253
Number of threads allocated = 1
Avg. energy: 90.8254
RMS of dh, dJ: 0.000709423 0.000531074
Max of dh, dJ: 0.00756571 0.116097

iteration 254
Number of threads allocated = 1
Avg. energy: 90.7653
RMS of dh, dJ: 0.000348284 0.000538937
Max of dh, dJ: 0.00430098 0.119555

iteration 255
Number of threads allocated = 1
Avg. energy: 90.7973
RMS of dh, dJ: 0.000340192 0.000539509
Max of dh, dJ: 0.00373742 0.118738

iteration 256
Number of threads allocated = 1
Avg. energy: 90.8666
RMS of dh, dJ: 0.000567957 0.000532346
Max of dh, dJ: 0.00610087 0.115949

iteration 257
Number of threads allocated = 1
Avg. energy: 90.8286
RMS of dh, dJ: 0.000387901 0.000532993
Max of dh, dJ: 0.00325655 0.118097

iteration 258
Number of threads allocated = 1
Avg. energy: 91.022
RMS of dh, dJ: 0.000439445 0.00055127
Max of dh, dJ: 0.00501824 0.120676

iteration 259
Number of threads allocated = 1
Avg. energy: 90.8763
RMS of dh, dJ: 0.000454193 0.000551825
Max of dh, dJ: 0.0057257 0.119379

iteration 260
Number of threads allocated = 1
Avg. energy: 90.772
RMS of dh, dJ: 0.000354776 0.000539154
Max of dh, dJ: 0.00461063 0.11925

iteration 261
Number of threads allocated = 1
Avg. energy: 90.7988
RMS of dh, dJ: 0.000388333 0.000532827
Max of dh, dJ: 0.00380639 0.117433

iteration 262
Number of threads allocated = 1
Avg. energy: 90.7861
RMS of dh, dJ: 0.00092425 0.000531465
Max of dh, dJ: 0.0104236 0.115718

iteration 263
Number of threads allocated = 1
Avg. energy: 90.7718
RMS of dh, dJ: 0.000566256 0.000557479
Max of dh, dJ: 0.00690929 0.122273

iteration 264
Number of threads allocated = 1
Avg. energy: 90.9069
RMS of dh, dJ: 0.000376146 0.000547525
Max of dh, dJ: 0.00484891 0.119445

iteration 265
Number of threads allocated = 1
Avg. energy: 90.8603
RMS of dh, dJ: 0.000330381 0.000537552
Max of dh, dJ: 0.00365498 0.11748

iteration 266
Number of threads allocated = 1
Avg. energy: 90.9007
RMS of dh, dJ: 0.000438092 0.000532638
Max of dh, dJ: 0.00512298 0.116785

iteration 267
Number of threads allocated = 1
Avg. energy: 90.8849
RMS of dh, dJ: 0.0005688 0.000530367
Max of dh, dJ: 0.00634182 0.114441

iteration 268
Number of threads allocated = 1
Avg. energy: 90.7895
RMS of dh, dJ: 0.000986009 0.000534384
Max of dh, dJ: 0.0118503 0.116367

iteration 269
Number of threads allocated = 1
Avg. energy: 90.8594
RMS of dh, dJ: 0.000339691 0.00054314
Max of dh, dJ: 0.00512625 0.118769

iteration 270
Number of threads allocated = 1
Avg. energy: 90.8721
RMS of dh, dJ: 0.000380202 0.000543471
Max of dh, dJ: 0.00526297 0.117808

iteration 271
Number of threads allocated = 1
Avg. energy: 90.8969
RMS of dh, dJ: 0.000375698 0.000544009
Max of dh, dJ: 0.00508856 0.119875

iteration 272
Number of threads allocated = 1
Avg. energy: 90.839
RMS of dh, dJ: 0.000606253 0.000530428
Max of dh, dJ: 0.00650561 0.116402

iteration 273
Number of threads allocated = 1
Avg. energy: 90.9476
RMS of dh, dJ: 0.000758901 0.000570507
Max of dh, dJ: 0.0101341 0.122945

iteration 274
