INPUT PARAMETERS:
msa_name /data/wangd17/contact_seqs/Ntl9_all/NTL9_contacts_stable_all.dat
out_name ntl9_stable_all.bm_param
folder_name NTL9_stable_all
scratch_dir /data/wangd17/Ising-Model_biowulf/scratch/
input_name none
mc_init random
lambda 0
myseed 1
max_iter 10000000
mc_steps 1000
eps0_h 0.02
eps0_J 0.002
adaptive_stepsize_on 1
adaptive_sampling_on 1
eps_inc 1.5
eps_dec 0.6
eps_min_h 0.001
eps_max_h 2.5
eps_min_J 0.00001
eps_max_J_N 2.5
gamma 0.1
cutoff_freq 0.05
delta 0.0
symmetrize_on 0
do_lowmem_fill 1
cutoff_rmsd 0.002
conv_type rmsd
verbose 1
record_freq 50

/data/wangd17/contact_seqs/Ntl9_all/NTL9_contacts_stable_all.dat
Sequence length: 630
random
conv type: rmsd
Doing low-memory frequency fill...
0
10000
20000
30000
40000
50000
60000
70000
80000
90000
100000
110000
120000
130000
140000
150000
160000
170000
180000
190000
200000
210000
220000
230000
240000
250000
260000
270000
280000
290000
300000
310000
320000
330000
340000
350000
360000
370000
380000
390000
400000
410000
420000
430000
440000
450000
460000
470000
480000
490000
500000
510000
520000
530000
540000
550000
560000
570000
580000
590000
600000
610000
620000
630000
640000
650000
660000
670000
680000
690000
700000
710000
720000
730000
740000
750000
760000
770000
780000
790000
800000
810000
820000
830000
840000
850000
860000
870000
880000
890000
900000
910000
920000
930000
940000
950000
960000
970000
980000
990000
1000000
1010000
1020000
1030000
1040000
1050000
1060000
1070000
1080000
1090000
1100000
1110000
1120000
1130000
1140000
1150000
1160000
1170000
1180000
1190000
1200000
1210000
1220000
1230000
1240000
1250000
1260000
1270000
1280000
1290000
1300000
1310000
1320000
1330000
1340000
1350000
1360000
1370000
1380000
1390000
1400000
1410000
1420000
1430000
1440000
1450000
1460000
1470000
1480000
1490000
1500000
1510000
1520000
1530000
1540000
1550000
1560000
1570000
1580000
1590000
1600000
1610000
1620000
1630000
1640000
1650000
1660000
1670000
1680000
1690000
1700000
1710000
1720000
1730000
1740000
1750000
1760000
1770000
1780000
1790000
1800000
1810000
1820000
1830000
1840000
1850000
1860000
1870000
1880000
1890000
1900000
1910000
1920000
1930000
1940000
1950000
1960000
1970000
1980000
1990000
2000000
2010000
2020000
2030000
2040000
2050000
2060000
2070000
2080000
2090000
2100000
2110000
2120000
2130000
2140000
2150000
2160000
2170000
2180000
2190000
2200000
2210000
2220000
2230000
2240000
2250000
2260000
2270000
2280000
2290000
2300000
2310000
2320000
2330000
2340000
2350000
2360000
2370000
2380000
2390000
2400000
2410000
2420000
2430000
2440000
2450000
2460000
2470000
2480000
2490000
2500000
2510000
2520000
2530000
2540000
2550000
2560000
2570000
2580000
2590000
2600000
2610000
2620000
2630000
2640000
2650000
2660000
2670000
2680000
2690000
2700000
2710000
2720000
2730000
2740000
2750000
2760000
2770000
2780000
2790000
2800000
2810000
2820000
2830000
2840000
2850000
2860000
2870000
2880000
2890000
2900000
2910000
2920000
2930000
2940000
2950000
2960000
2970000
2980000
2990000
3000000
3010000
3020000
3030000
3040000
3050000
3060000
3070000
3080000
3090000
3100000
3110000
3120000
3130000
3140000
3150000
3160000
3170000
3180000
3190000
3200000
3210000
3220000
3230000
3240000
3250000
3260000
3270000
3280000
3290000
3300000
3310000
3320000
3330000
3340000
3350000
3360000
3370000
3380000
3390000
3400000
3410000
3420000
3430000
3440000
3450000
3460000
3470000
3480000
3490000
3500000
3510000
3520000
3530000
3540000
3550000
3560000
3570000
3580000
3590000
3600000
3610000
3620000
3630000
3640000
3650000
3660000
3670000
3680000
3690000
3700000
3710000
3720000
3730000
3740000
3750000
3760000
3770000
3780000
3790000
3800000
3810000
3820000
3830000
3840000
3850000
3860000
3870000
3880000
3890000
3900000
3910000
3920000
3930000
3940000
3950000
3960000
3970000
3980000
3990000
4000000
4010000
4020000
4030000
4040000
4050000
4060000
4070000
4080000
4090000
4100000
4110000
4120000
4130000
4140000
4150000
4160000
4170000
4180000
4190000
4200000
4210000
4220000
4230000
4240000
4250000
4260000
4270000
4280000
4290000
4300000
4310000
4320000
4330000
4340000
4350000
4360000
4370000
4380000
4390000
4400000
4410000
4420000
4430000
4440000
4450000
4460000
4470000
4480000
4490000
4500000
4510000
4520000
4530000
4540000
4550000
4560000
4570000
4580000
4590000
4600000
4610000
4620000
4630000
4640000
4650000
4660000
4670000
4680000
4690000
4700000
4710000
4720000
4730000
4740000
4750000
4760000
4770000
4780000
4790000
4800000
4810000
4820000
4830000
4840000
4850000
4860000
4870000
4880000
4890000
4900000
4910000
4920000
4930000
4940000
4950000
4960000
4970000
4980000
4990000
5000000
5010000
5020000
5030000
5040000
5050000
5060000
5070000
5080000
5090000
5100000
5110000
5120000
5130000
5140000
5150000
5160000
5170000
5180000
5190000
5200000
5210000
5220000
5230000
5240000
5250000
5260000
5270000
5280000
5290000
5300000
5310000
5320000
5330000
5340000
5350000
5360000
5370000
5380000
5390000
5400000
5410000
5420000
5430000
5440000
5450000
5460000
5470000
5480000
5490000
5500000
5510000
5520000
5530000
5540000
5550000
5560000
5570000
5580000
5590000
5600000
5610000
5620000
5630000
5640000
5650000
5660000
5670000
5680000
5690000
5700000
5710000
5720000
5730000
5740000
5750000
5760000
5770000
5780000
5790000
5800000
5810000
5820000
5830000
5840000
5850000
5860000
5870000
5880000
5890000
5900000
5910000
5920000
5930000
5940000
5950000
5960000
5970000
5980000
5990000
6000000
6010000
6020000
6030000
6040000
6050000
6060000
6070000
6080000
6090000
6100000
6110000
6120000
6130000
6140000
6150000
6160000
6170000
6180000
6190000
6200000
6210000
6220000
6230000
6240000
6250000
6260000
6270000
6280000
6290000
6300000
6310000
6320000
6330000
6340000
6350000
6360000
6370000
6380000
6390000
6400000
6410000
6420000
6430000
6440000
6450000
6460000
6470000
6480000
6490000
6500000
6510000
6520000
6530000
6540000
6550000
6560000
6570000
6580000
6590000
6600000
6610000
6620000
6630000
6640000
6650000
6660000
6670000
6680000
6690000
6700000
6710000
6720000
6730000
6740000
6750000
6760000
6770000
6780000
6790000
6800000
6810000
6820000
6830000
6840000
6850000
6860000
6870000
6880000
6890000
6900000
6910000
6920000
6930000
6940000
6950000
6960000
6970000
6980000
6990000
7000000
7010000
7020000
7030000
7040000
7050000
7060000
7070000
7080000
7090000
7100000
7110000
7120000
7130000
7140000
7150000
7160000
7170000
7180000
7190000
7200000
7210000
7220000
7230000
7240000
7250000
7260000
7270000
7280000
7290000
7300000
7310000
7320000
7330000
7340000
7350000
7360000
7370000
7380000
7390000
7400000
7410000
7420000
7430000
7440000
7450000
7460000
7470000
7480000
7490000
7500000
7510000
7520000
7530000
7540000
7550000
7560000
7570000
7580000
7590000
7600000
7610000
7620000
7630000
7640000
7650000
7660000
7670000
7680000
7690000
7700000
7710000
7720000
7730000
7740000
7750000
7760000
7770000
7780000
7790000
7800000
7810000
7820000
7830000
7840000
7850000
7860000
7870000
7880000
7890000
7900000
7910000
7920000
7930000
7940000
7950000
7960000
7970000
7980000
7990000
8000000
8010000
8020000
8030000
8040000
8050000
8060000
8070000
8080000
8090000
8100000
8110000
8120000
8130000
8140000
8150000
8160000
8170000
8180000
8190000
8200000
8210000
8220000
8230000
8240000
8250000
8260000
8270000
8280000
8290000
8300000
8310000
8320000
8330000
8340000
8350000
8360000
8370000
8380000
8390000
8400000
8410000
8420000
8430000
8440000
8450000
8460000
8470000
8480000
8490000
8500000
8510000
8520000
8530000
8540000
8550000
8560000
8570000
8580000
8590000
8600000
8610000
8620000
8630000
8640000
8650000
8660000
8670000
8680000
8690000
8700000
8710000
8720000
8730000
8740000
8750000
8760000
8770000
8780000
8790000
8800000
8810000
8820000
8830000
8840000
8850000
8860000
8870000
8880000
8890000
8900000
8910000
8920000
8930000
8940000
8950000
8960000
8970000
8980000
8990000
9000000
9010000
9020000
9030000
9040000
9050000
9060000
9070000
9080000
9090000
9100000
9110000
9120000
9130000
9140000
9150000
9160000
9170000
9180000
9190000
9200000
9210000
9220000
9230000
9240000
9250000
9260000
9270000
9280000
9290000
9300000
9310000
9320000
9330000
9340000
9350000
9360000
9370000
9380000
9390000
9400000
9410000
9420000
9430000
9440000
9450000
9460000
9470000
9480000
9490000
9500000
9510000
9520000
9530000
9540000
9550000
9560000
9570000
9580000
9590000
9600000
9610000
9620000
9630000
9640000
9650000
9660000
9670000
9680000
9690000
9700000
9710000
9720000
9730000
9740000
9750000
9760000
9770000
9780000
9790000
9800000
9810000
9820000
9830000
9840000
9850000
9860000
9870000
9880000
9890000
9900000
9910000
9920000
9930000
9940000
9950000
9960000
9970000
9980000
9990000
10000000
10010000
10020000
10030000
10040000
10050000
10060000
10070000
10080000
10090000
10100000
10110000
10120000
10130000
10140000
10150000
10160000
10170000
10180000
10190000
10200000
10210000
10220000
10230000
10240000
10250000
10260000
10270000
10280000
10290000
10300000
10310000
10320000
10330000
10340000
10350000
10360000
10370000
10380000
10390000
10400000
10410000
10420000
10430000
10440000
10450000
10460000
10470000
10480000
10490000
10500000
10510000
10520000
10530000
10540000
10550000
10560000
10570000
10580000
10590000
10600000
10610000
10620000
10630000
10640000
10650000
10660000
10670000
10680000
10690000
10700000
10710000
10720000
10730000
10740000
10750000
10760000
10770000
10780000
10790000
10800000
10810000
10820000
10830000
10840000
10850000
10860000
10870000
10880000
10890000
10900000
10910000
10920000
10930000
10940000
10950000
10960000
10970000
10980000
10990000
11000000
11010000
11020000
11030000
11040000
11050000
11060000
11070000
11080000
11090000
11100000
11110000
11120000
11130000
11140000
11150000
11160000
11170000
11180000
11190000
11200000
11210000
11220000
11230000
11240000
11250000
11260000
11270000
11280000
11290000
11300000
11310000
11320000
11330000
11340000
11350000
11360000
11370000
11380000
11390000
11400000
11410000
11420000
11430000
11440000
11450000
11460000
11470000
11480000
11490000
11500000
11510000
11520000
11530000
11540000
11550000
11560000
11570000
11580000
11590000
11600000
11610000
11620000
11630000
11640000
11650000
11660000
11670000
11680000
11690000
11700000
11710000
11720000
11730000
11740000
11750000
11760000
11770000
11780000
11790000
11800000
11810000
11820000
11830000
11840000
11850000
11860000
11870000
11880000
11890000
11900000
11910000
11920000
11930000
11940000
11950000
11960000
11970000
11980000
11990000
12000000
12010000
12020000
12030000
12040000
12050000
12060000
12070000
12080000
12090000
12100000
12110000
12120000
12130000
12140000
12150000
12160000
12170000
12180000
12190000
12200000
12210000
12220000
12230000
12240000
12250000
12260000
12270000
12280000
12290000
12300000
12310000
12320000
12330000
12340000
12350000
12360000
12370000
12380000
12390000
12400000
12410000
12420000
12430000
12440000
12450000
12460000
12470000
12480000
12490000
12500000
12510000
12520000
12530000
12540000
12550000
12560000
12570000
12580000
12590000
12600000
12610000
12620000
12630000
12640000
12650000
12660000
12670000
12680000
12690000
12700000
12710000
12720000
12730000
12740000
12750000
12760000
12770000
12780000
12790000
12800000
12810000
12820000
12830000
12840000
12850000
12860000
12870000
12880000
12890000
12900000
12910000
12920000
12930000
12940000
12950000
12960000
12970000
12980000
12990000
13000000
13010000
13020000
13030000
13040000
13050000
13060000
13070000
13080000
13090000
13100000
13110000
13120000
13130000
13140000
13150000
13160000
13170000
13180000
13190000
13200000
13210000
13220000
13230000
13240000
13250000
13260000
13270000
13280000
13290000
13300000
13310000
13320000
13330000
13340000
13350000
13360000
13370000
13380000
13390000
13400000
13410000
13420000
13430000
13440000
13450000
13460000
13470000
13480000
13490000
13500000
13510000
13520000
13530000
13540000
13550000
13560000
13570000
13580000
13590000
13600000
13610000
13620000
13630000
13640000
13650000
13660000
13670000
13680000
13690000
13700000
13710000
13720000
13730000
13740000
13750000
13760000
13770000
13780000
13790000
13800000
13810000
13820000
13830000
13840000
13850000
13860000
13870000
13880000
13890000
13900000
13910000
13920000
13930000
13940000
13950000
13960000
13970000
13980000
13990000
14000000
14010000
14020000
14030000
14040000
14050000
14060000
14070000
14080000
14090000
14100000
14110000
14120000
14130000
14140000
14150000
14160000
14170000
14180000
14190000
14200000
14210000
14220000
14230000
14240000
14250000
14260000
14270000
14280000
14290000
14300000
14310000
14320000
14330000
14340000
14350000
14360000
14370000
14380000
14390000
14400000
14410000
14420000
14430000
14440000
14450000
14460000
14470000
14480000
14490000
14500000
14510000
14520000
14530000
14540000
14550000
14560000
14570000
14580000
14590000
14600000
14610000
14620000
14630000
14640000
14650000
14660000
14670000
14680000
14690000
14700000
14710000
14720000
14730000
14740000
14750000
No. seqs: 14755420
Should be N: 43.3148
Fitting model.

iteration 0
Number of threads allocated = 1
Avg. energy: 19.9181
RMS of dh, dJ: 0.0918901 0.0373869
Max of dh, dJ: 0.436831 0.663412

iteration 1
Number of threads allocated = 1
Avg. energy: 19.5611
RMS of dh, dJ: 0.0901136 0.0370099
Max of dh, dJ: 0.39916 0.642522

iteration 2
Number of threads allocated = 1
Avg. energy: 19.3003
RMS of dh, dJ: 0.0867636 0.036117
Max of dh, dJ: 0.424592 0.640391

iteration 3
Number of threads allocated = 1
Avg. energy: 18.7209
RMS of dh, dJ: 0.0824691 0.0350287
Max of dh, dJ: 0.398661 0.634522

iteration 4
Number of threads allocated = 1
Avg. energy: 17.7843
RMS of dh, dJ: 0.0775067 0.0336441
Max of dh, dJ: 0.379022 0.609522

iteration 5
Number of threads allocated = 1
Avg. energy: 17.2607
RMS of dh, dJ: 0.0702407 0.0316368
Max of dh, dJ: 0.334022 0.557522

iteration 6
Number of threads allocated = 1
Avg. energy: 15.2722
RMS of dh, dJ: 0.0642434 0.029827
Max of dh, dJ: 0.331592 0.573522

iteration 7
Number of threads allocated = 1
Avg. energy: 13.2167
RMS of dh, dJ: 0.0562945 0.0275027
Max of dh, dJ: 0.288022 0.511956

iteration 8
Number of threads allocated = 1
Avg. energy: 10.0754
RMS of dh, dJ: 0.0481158 0.0247752
Max of dh, dJ: 0.236904 0.452177

iteration 9
Number of threads allocated = 1
Avg. energy: 6.06176
RMS of dh, dJ: 0.0375178 0.0211861
Max of dh, dJ: 0.202592 0.410971

iteration 10
Number of threads allocated = 1
Avg. energy: 1.29763
RMS of dh, dJ: 0.0269563 0.0172172
Max of dh, dJ: 0.165592 0.351364

iteration 11
Number of threads allocated = 1
Avg. energy: -4.6394
RMS of dh, dJ: 0.0178892 0.0134083
Max of dh, dJ: 0.123661 0.282522

iteration 12
Number of threads allocated = 1
Avg. energy: -10.6178
RMS of dh, dJ: 0.0107547 0.0103006
Max of dh, dJ: 0.0722689 0.226364

iteration 13
Number of threads allocated = 1
Avg. energy: -14.3199
RMS of dh, dJ: 0.00725556 0.00843482
Max of dh, dJ: 0.0544308 0.187231

iteration 14
Number of threads allocated = 1
Avg. energy: -16.6885
RMS of dh, dJ: 0.00591989 0.00719394
Max of dh, dJ: 0.0342531 0.15846

iteration 15
Number of threads allocated = 1
Avg. energy: -16.2612
RMS of dh, dJ: 0.00687977 0.00767954
Max of dh, dJ: 0.0563748 0.16896

iteration 16
Number of threads allocated = 1
Avg. energy: -17.4558
RMS of dh, dJ: 0.00675971 0.00661305
Max of dh, dJ: 0.0528375 0.169798

iteration 17
Number of threads allocated = 1
Avg. energy: -17.6323
RMS of dh, dJ: 0.00710326 0.0071116
Max of dh, dJ: 0.052417 0.147118

iteration 18
Number of threads allocated = 1
Avg. energy: -17.327
RMS of dh, dJ: 0.00662946 0.00708291
Max of dh, dJ: 0.0710232 0.182472

iteration 19
Number of threads allocated = 1
Avg. energy: -17.6117
RMS of dh, dJ: 0.0081763 0.00631697
Max of dh, dJ: 0.0749768 0.168363
Std. errors: 0.020408 0.00665105
Model difference is within sampling error. Increasing sampling...
MC steps per iteration: 2000

iteration 20
Number of threads allocated = 1
Avg. energy: -16.5023
RMS of dh, dJ: 0.00552831 0.00671669
Max of dh, dJ: 0.0415113 0.150731

iteration 21
Number of threads allocated = 1
Avg. energy: -16.9414
RMS of dh, dJ: 0.00541914 0.0065226
Max of dh, dJ: 0.0393869 0.153631

iteration 22
Number of threads allocated = 1
Avg. energy: -17.0815
RMS of dh, dJ: 0.00620553 0.00624056
Max of dh, dJ: 0.0437496 0.15392

iteration 23
Number of threads allocated = 1
Avg. energy: -17.3474
RMS of dh, dJ: 0.00543195 0.00611751
Max of dh, dJ: 0.0412887 0.127522

iteration 24
Number of threads allocated = 1
Avg. energy: -17.4288
RMS of dh, dJ: 0.00566033 0.00597222
Max of dh, dJ: 0.0379017 0.137522

iteration 25
Number of threads allocated = 1
Avg. energy: -16.2768
RMS of dh, dJ: 0.00577015 0.00633024
Max of dh, dJ: 0.0383435 0.156481

iteration 26
Number of threads allocated = 1
Avg. energy: -16.3913
RMS of dh, dJ: 0.00622598 0.00583904
Max of dh, dJ: 0.0413983 0.144878

iteration 27
Number of threads allocated = 1
Avg. energy: -16.3043
RMS of dh, dJ: 0.00517414 0.00644267
Max of dh, dJ: 0.0336399 0.149325

iteration 28
Number of threads allocated = 1
Avg. energy: -16.4807
RMS of dh, dJ: 0.00631008 0.00613007
Max of dh, dJ: 0.0630232 0.149765

iteration 29
Number of threads allocated = 1
Avg. energy: -16.4739
RMS of dh, dJ: 0.00652558 0.00607893
Max of dh, dJ: 0.0577656 0.142856

iteration 30
Number of threads allocated = 1
Avg. energy: -15.5354
RMS of dh, dJ: 0.005898 0.00640475
Max of dh, dJ: 0.0437242 0.150218

iteration 31
Number of threads allocated = 1
Avg. energy: -15.9494
RMS of dh, dJ: 0.0060617 0.00558677
Max of dh, dJ: 0.0376144 0.145856

iteration 32
Number of threads allocated = 1
Avg. energy: -15.0871
RMS of dh, dJ: 0.00624275 0.00619763
Max of dh, dJ: 0.0418409 0.148008

iteration 33
Number of threads allocated = 1
Avg. energy: -14.6365
RMS of dh, dJ: 0.00603692 0.00640446
Max of dh, dJ: 0.0464308 0.158364

iteration 34
Number of threads allocated = 1
Avg. energy: -14.9474
RMS of dh, dJ: 0.00577138 0.00609687
Max of dh, dJ: 0.0383748 0.135522

iteration 35
Number of threads allocated = 1
Avg. energy: -14.0794
RMS of dh, dJ: 0.00611043 0.00632332
Max of dh, dJ: 0.0429115 0.150183

iteration 36
Number of threads allocated = 1
Avg. energy: -14.1683
RMS of dh, dJ: 0.00643854 0.00606686
Max of dh, dJ: 0.0543601 0.127731

iteration 37
Number of threads allocated = 1
Avg. energy: -13.6509
RMS of dh, dJ: 0.00541672 0.00656946
Max of dh, dJ: 0.0363246 0.137943

iteration 38
Number of threads allocated = 1
Avg. energy: -14.0713
RMS of dh, dJ: 0.00577758 0.00612653
Max of dh, dJ: 0.0378983 0.138838

iteration 39
Number of threads allocated = 1
Avg. energy: -13.8045
RMS of dh, dJ: 0.00563481 0.00665334
Max of dh, dJ: 0.0525228 0.14546

iteration 40
Number of threads allocated = 1
Avg. energy: -13.0658
RMS of dh, dJ: 0.0057314 0.00589748
Max of dh, dJ: 0.0416669 0.139236

iteration 41
Number of threads allocated = 1
Avg. energy: -13.074
RMS of dh, dJ: 0.00584453 0.00628197
Max of dh, dJ: 0.0403397 0.147721

iteration 42
Number of threads allocated = 1
Avg. energy: -13.1513
RMS of dh, dJ: 0.00588794 0.00637232
Max of dh, dJ: 0.0408953 0.147216

iteration 43
Number of threads allocated = 1
Avg. energy: -12.3145
RMS of dh, dJ: 0.00602302 0.00600813
Max of dh, dJ: 0.0407238 0.137961

iteration 44
Number of threads allocated = 1
Avg. energy: -11.9593
RMS of dh, dJ: 0.00563459 0.00625439
Max of dh, dJ: 0.0457106 0.137437

iteration 45
Number of threads allocated = 1
Avg. energy: -11.8055
RMS of dh, dJ: 0.00505953 0.00676997
Max of dh, dJ: 0.0393375 0.154522

iteration 46
Number of threads allocated = 1
Avg. energy: -12.0515
RMS of dh, dJ: 0.00611116 0.00580041
Max of dh, dJ: 0.0475692 0.123599

iteration 47
Number of threads allocated = 1
Avg. energy: -11.3089
RMS of dh, dJ: 0.00543543 0.00653394
Max of dh, dJ: 0.0384089 0.165731

iteration 48
Number of threads allocated = 1
Avg. energy: -11.5503
RMS of dh, dJ: 0.0049537 0.00651097
Max of dh, dJ: 0.0331403 0.141417

iteration 49
Number of threads allocated = 1
Avg. energy: -10.6431
RMS of dh, dJ: 0.00564772 0.00652421
Max of dh, dJ: 0.0359467 0.159238

iteration 50
Number of threads allocated = 1
Avg. energy: -11.1634
RMS of dh, dJ: 0.00561881 0.00608687
Max of dh, dJ: 0.0417106 0.138265

iteration 51
Number of threads allocated = 1
Avg. energy: -10.4794
RMS of dh, dJ: 0.00537446 0.00632535
Max of dh, dJ: 0.0360113 0.147363

iteration 52
Number of threads allocated = 1
Avg. energy: -10.8342
RMS of dh, dJ: 0.00644672 0.00603699
Max of dh, dJ: 0.0538597 0.144669

iteration 53
Number of threads allocated = 1
Avg. energy: -10.3255
RMS of dh, dJ: 0.00498631 0.00673994
Max of dh, dJ: 0.0325933 0.163364

iteration 54
Number of threads allocated = 1
Avg. energy: -10.9898
RMS of dh, dJ: 0.00650144 0.00566039
Max of dh, dJ: 0.0458375 0.140669

iteration 55
Number of threads allocated = 1
Avg. energy: -9.72607
RMS of dh, dJ: 0.00602977 0.00604959
Max of dh, dJ: 0.0463597 0.148238

iteration 56
Number of threads allocated = 1
Avg. energy: -10.1339
RMS of dh, dJ: 0.00630624 0.00564989
Max of dh, dJ: 0.0343375 0.128022

iteration 57
Number of threads allocated = 1
Avg. energy: -9.44679
RMS of dh, dJ: 0.0050542 0.00665866
Max of dh, dJ: 0.0392242 0.145022

iteration 58
Number of threads allocated = 1
Avg. energy: -9.31019
RMS of dh, dJ: 0.00566209 0.00606758
Max of dh, dJ: 0.0326372 0.132395

iteration 59
Number of threads allocated = 1
Avg. energy: -9.17497
RMS of dh, dJ: 0.00638447 0.00611224
Max of dh, dJ: 0.0415445 0.137483

iteration 60
Number of threads allocated = 1
Avg. energy: -9.3282
RMS of dh, dJ: 0.00643206 0.00558008
Max of dh, dJ: 0.0458941 0.124971

iteration 61
Number of threads allocated = 1
Avg. energy: -8.61622
RMS of dh, dJ: 0.00577053 0.00627944
Max of dh, dJ: 0.0437903 0.152231

iteration 62
Number of threads allocated = 1
Avg. energy: -8.019
RMS of dh, dJ: 0.00507678 0.00673442
Max of dh, dJ: 0.035932 0.163437

iteration 63
Number of threads allocated = 1
Avg. energy: -8.06074
RMS of dh, dJ: 0.00554485 0.00632523
Max of dh, dJ: 0.0422311 0.147769

iteration 64
Number of threads allocated = 1
Avg. energy: -7.66512
RMS of dh, dJ: 0.0055286 0.00651956
Max of dh, dJ: 0.0363435 0.149522

iteration 65
Number of threads allocated = 1
Avg. energy: -7.85878
RMS of dh, dJ: 0.00615272 0.00605406
Max of dh, dJ: 0.0395113 0.142768

iteration 66
Number of threads allocated = 1
Avg. energy: -7.9451
RMS of dh, dJ: 0.00687107 0.00600686
Max of dh, dJ: 0.0443397 0.134411

iteration 67
Number of threads allocated = 1
Avg. energy: -7.28844
RMS of dh, dJ: 0.00583518 0.00588384
Max of dh, dJ: 0.0343941 0.126522

iteration 68
Number of threads allocated = 1
Avg. energy: -7.16094
RMS of dh, dJ: 0.00591544 0.00587206
Max of dh, dJ: 0.0451144 0.129972

iteration 69
Number of threads allocated = 1
Avg. energy: -6.02916
RMS of dh, dJ: 0.00526546 0.00672088
Max of dh, dJ: 0.0366669 0.155156

iteration 70
Number of threads allocated = 1
Avg. energy: -5.89233
RMS of dh, dJ: 0.00468995 0.00700781
Max of dh, dJ: 0.0356144 0.159363

iteration 71
Number of threads allocated = 1
Avg. energy: -6.57084
RMS of dh, dJ: 0.00620785 0.00608816
Max of dh, dJ: 0.0462887 0.141541

iteration 72
Number of threads allocated = 1
Avg. energy: -5.79094
RMS of dh, dJ: 0.00545044 0.00626219
Max of dh, dJ: 0.0407656 0.139099

iteration 73
Number of threads allocated = 1
Avg. energy: -5.73175
RMS of dh, dJ: 0.00516371 0.00617514
Max of dh, dJ: 0.0416144 0.136364

iteration 74
Number of threads allocated = 1
Avg. energy: -5.72669
RMS of dh, dJ: 0.00523324 0.00647048
Max of dh, dJ: 0.0398397 0.144871

iteration 75
Number of threads allocated = 1
Avg. energy: -5.57767
RMS of dh, dJ: 0.00553695 0.00627542
Max of dh, dJ: 0.0432963 0.139894

iteration 76
Number of threads allocated = 1
Avg. energy: -5.09279
RMS of dh, dJ: 0.00566647 0.00642314
Max of dh, dJ: 0.0492106 0.146265

iteration 77
Number of threads allocated = 1
Avg. energy: -5.19352
RMS of dh, dJ: 0.0054103 0.00634871
Max of dh, dJ: 0.0402963 0.150231

iteration 78
Number of threads allocated = 1
Avg. energy: -5.04429
RMS of dh, dJ: 0.00553203 0.00613716
Max of dh, dJ: 0.0394089 0.141516

iteration 79
Number of threads allocated = 1
Avg. energy: -4.63816
RMS of dh, dJ: 0.0049498 0.00670878
Max of dh, dJ: 0.0344312 0.155181

iteration 80
Number of threads allocated = 1
Avg. energy: -5.09534
RMS of dh, dJ: 0.0064544 0.00563354
Max of dh, dJ: 0.0477963 0.138937

iteration 81
Number of threads allocated = 1
Avg. energy: -4.48764
RMS of dh, dJ: 0.00592172 0.00615918
Max of dh, dJ: 0.0443953 0.149177

iteration 82
Number of threads allocated = 1
Avg. energy: -4.3969
RMS of dh, dJ: 0.00599269 0.00610875
Max of dh, dJ: 0.0424768 0.131767

iteration 83
Number of threads allocated = 1
Avg. energy: -4.35527
RMS of dh, dJ: 0.0059453 0.00622695
Max of dh, dJ: 0.0412963 0.13329

iteration 84
Number of threads allocated = 1
Avg. energy: -4.23446
RMS of dh, dJ: 0.00611523 0.00582814
Max of dh, dJ: 0.0538601 0.133839

iteration 85
Number of threads allocated = 1
Avg. energy: -3.25318
RMS of dh, dJ: 0.00648826 0.00595882
Max of dh, dJ: 0.040417 0.149231

iteration 86
Number of threads allocated = 1
Avg. energy: -3.76548
RMS of dh, dJ: 0.00615898 0.00588126
Max of dh, dJ: 0.0423941 0.136331

iteration 87
Number of threads allocated = 1
Avg. energy: -3.01473
RMS of dh, dJ: 0.00636078 0.00596177
Max of dh, dJ: 0.0438941 0.155518

iteration 88
Number of threads allocated = 1
Avg. energy: -2.6398
RMS of dh, dJ: 0.00567951 0.00674399
Max of dh, dJ: 0.0428375 0.167769

iteration 89
Number of threads allocated = 1
Avg. energy: -2.56082
RMS of dh, dJ: 0.00613435 0.00584998
Max of dh, dJ: 0.0463409 0.14389

iteration 90
Number of threads allocated = 1
Avg. energy: -2.45007
RMS of dh, dJ: 0.00609694 0.0062051
Max of dh, dJ: 0.0436681 0.177522

iteration 91
Number of threads allocated = 1
Avg. energy: -2.06847
RMS of dh, dJ: 0.0053287 0.00622177
Max of dh, dJ: 0.0487894 0.136522

iteration 92
Number of threads allocated = 1
Avg. energy: -1.85437
RMS of dh, dJ: 0.00585065 0.00605838
Max of dh, dJ: 0.0445219 0.132681

iteration 93
Number of threads allocated = 1
Avg. energy: -1.66733
RMS of dh, dJ: 0.00570128 0.00614578
Max of dh, dJ: 0.0380113 0.152363

iteration 94
Number of threads allocated = 1
Avg. energy: -1.93808
RMS of dh, dJ: 0.00676105 0.00558987
Max of dh, dJ: 0.0393748 0.144913

iteration 95
Number of threads allocated = 1
Avg. energy: -0.596903
RMS of dh, dJ: 0.00604591 0.00629074
Max of dh, dJ: 0.0388687 0.156371

iteration 96
Number of threads allocated = 1
Avg. energy: -0.321889
RMS of dh, dJ: 0.00537582 0.00649508
Max of dh, dJ: 0.0453687 0.141231

iteration 97
Number of threads allocated = 1
Avg. energy: 0.303923
RMS of dh, dJ: 0.00598959 0.00646822
Max of dh, dJ: 0.0502238 0.158022

iteration 98
Number of threads allocated = 1
Avg. energy: -0.0215082
RMS of dh, dJ: 0.00557546 0.00643826
Max of dh, dJ: 0.0523748 0.152863

iteration 99
Number of threads allocated = 1
Avg. energy: -0.610025
RMS of dh, dJ: 0.00630672 0.00578759
Max of dh, dJ: 0.0423805 0.133765

iteration 100
Number of threads allocated = 1
Avg. energy: 0.290728
RMS of dh, dJ: 0.0051121 0.0064294
Max of dh, dJ: 0.0360692 0.150167

iteration 101
Number of threads allocated = 1
Avg. energy: 0.454844
RMS of dh, dJ: 0.00581797 0.00653887
Max of dh, dJ: 0.0508748 0.155437

iteration 102
Number of threads allocated = 1
Avg. energy: -0.0150339
RMS of dh, dJ: 0.00620133 0.00578858
Max of dh, dJ: 0.0508375 0.135132

iteration 103
Number of threads allocated = 1
Avg. energy: 0.182005
RMS of dh, dJ: 0.00658229 0.00602884
Max of dh, dJ: 0.0556372 0.141325

iteration 104
Number of threads allocated = 1
Avg. energy: 0.710922
RMS of dh, dJ: 0.00584212 0.0059421
Max of dh, dJ: 0.0504402 0.135864

iteration 105
Number of threads allocated = 1
Avg. energy: 1.35444
RMS of dh, dJ: 0.00528531 0.00639632
Max of dh, dJ: 0.032813 0.14996

iteration 106
Number of threads allocated = 1
Avg. energy: 0.6785
RMS of dh, dJ: 0.00593355 0.00563524
Max of dh, dJ: 0.0471396 0.129413

iteration 107
Number of threads allocated = 1
Avg. energy: 1.63457
RMS of dh, dJ: 0.00641923 0.00581881
Max of dh, dJ: 0.0468601 0.142471

iteration 108
Number of threads allocated = 1
Avg. energy: 2.16681
RMS of dh, dJ: 0.0058484 0.00671161
Max of dh, dJ: 0.0468856 0.161267

iteration 109
Number of threads allocated = 1
Avg. energy: 1.9598
RMS of dh, dJ: 0.00460553 0.00671896
Max of dh, dJ: 0.0340055 0.140084

iteration 110
Number of threads allocated = 1
Avg. energy: 1.59771
RMS of dh, dJ: 0.00573059 0.00593521
Max of dh, dJ: 0.0372963 0.142561

iteration 111
Number of threads allocated = 1
Avg. energy: 1.67983
RMS of dh, dJ: 0.00640485 0.00597224
Max of dh, dJ: 0.0448805 0.128736

iteration 112
Number of threads allocated = 1
Avg. energy: 2.63211
RMS of dh, dJ: 0.00542319 0.00607676
Max of dh, dJ: 0.0328805 0.149309

iteration 113
Number of threads allocated = 1
Avg. energy: 2.94811
RMS of dh, dJ: 0.00551611 0.00620209
Max of dh, dJ: 0.035687 0.151863

iteration 114
Number of threads allocated = 1
Avg. energy: 3.05153
RMS of dh, dJ: 0.00520938 0.00708892
Max of dh, dJ: 0.0405035 0.167202

iteration 115
Number of threads allocated = 1
Avg. energy: 2.41541
RMS of dh, dJ: 0.00650277 0.00562179
Max of dh, dJ: 0.0426144 0.128864

iteration 116
Number of threads allocated = 1
Avg. energy: 2.82408
RMS of dh, dJ: 0.00687373 0.00545009
Max of dh, dJ: 0.0468597 0.143522

iteration 117
Number of threads allocated = 1
Avg. energy: 3.06694
RMS of dh, dJ: 0.00629027 0.00570153
Max of dh, dJ: 0.0413941 0.145618

iteration 118
Number of threads allocated = 1
Avg. energy: 3.82449
RMS of dh, dJ: 0.00578117 0.00604798
Max of dh, dJ: 0.0423983 0.142584

iteration 119
Number of threads allocated = 1
Avg. energy: 3.85945
RMS of dh, dJ: 0.00547667 0.0064927
Max of dh, dJ: 0.0364017 0.153864

iteration 120
Number of threads allocated = 1
Avg. energy: 3.50226
RMS of dh, dJ: 0.00615662 0.00587961
Max of dh, dJ: 0.0422311 0.125864

iteration 121
Number of threads allocated = 1
Avg. energy: 4.27168
RMS of dh, dJ: 0.00597508 0.00603224
Max of dh, dJ: 0.0482496 0.140499

iteration 122
Number of threads allocated = 1
Avg. energy: 4.34234
RMS of dh, dJ: 0.00620798 0.0056819
Max of dh, dJ: 0.0416382 0.138652

iteration 123
Number of threads allocated = 1
Avg. energy: 4.15165
RMS of dh, dJ: 0.0062456 0.00564285
Max of dh, dJ: 0.0523435 0.127055

iteration 124
Number of threads allocated = 1
Avg. energy: 5.15478
RMS of dh, dJ: 0.00525193 0.00641278
Max of dh, dJ: 0.0432242 0.149363

iteration 125
Number of threads allocated = 1
Avg. energy: 4.93817
RMS of dh, dJ: 0.00565995 0.00618738
Max of dh, dJ: 0.0410113 0.160022

iteration 126
Number of threads allocated = 1
Avg. energy: 4.39751
RMS of dh, dJ: 0.0060163 0.00577015
Max of dh, dJ: 0.0513435 0.137267

iteration 127
Number of threads allocated = 1
Avg. energy: 5.4428
RMS of dh, dJ: 0.00598644 0.00639275
Max of dh, dJ: 0.0536144 0.152568

iteration 128
Number of threads allocated = 1
Avg. energy: 5.8347
RMS of dh, dJ: 0.00623113 0.00587796
Max of dh, dJ: 0.0433597 0.130636

iteration 129
Number of threads allocated = 1
Avg. energy: 5.94397
RMS of dh, dJ: 0.00681683 0.00567996
Max of dh, dJ: 0.0468409 0.134961

iteration 130
Number of threads allocated = 1
Avg. energy: 5.83983
RMS of dh, dJ: 0.00638102 0.00536079
Max of dh, dJ: 0.0382887 0.122437

iteration 131
Number of threads allocated = 1
Avg. energy: 7.3284
RMS of dh, dJ: 0.00486565 0.00703623
Max of dh, dJ: 0.0373597 0.149461

iteration 132
Number of threads allocated = 1
Avg. energy: 7.14159
RMS of dh, dJ: 0.00570855 0.00655118
Max of dh, dJ: 0.0334017 0.165022

iteration 133
Number of threads allocated = 1
Avg. energy: 6.9007
RMS of dh, dJ: 0.00577 0.00594903
Max of dh, dJ: 0.0483375 0.131363

iteration 134
Number of threads allocated = 1
Avg. energy: 6.8142
RMS of dh, dJ: 0.00522544 0.00616415
Max of dh, dJ: 0.0359563 0.152522

iteration 135
Number of threads allocated = 1
Avg. energy: 6.81923
RMS of dh, dJ: 0.00584989 0.00553088
Max of dh, dJ: 0.0403409 0.127231

iteration 136
Number of threads allocated = 1
Avg. energy: 7.7377
RMS of dh, dJ: 0.00586038 0.00575707
Max of dh, dJ: 0.0401372 0.144424

iteration 137
Number of threads allocated = 1
Avg. energy: 7.1999
RMS of dh, dJ: 0.0058259 0.00580792
Max of dh, dJ: 0.0348869 0.14748

iteration 138
Number of threads allocated = 1
Avg. energy: 8.61765
RMS of dh, dJ: 0.00542673 0.00633507
Max of dh, dJ: 0.0416565 0.147381

iteration 139
Number of threads allocated = 1
Avg. energy: 8.44862
RMS of dh, dJ: 0.00512114 0.00629979
Max of dh, dJ: 0.0387903 0.137956

iteration 140
Number of threads allocated = 1
Avg. energy: 8.5949
RMS of dh, dJ: 0.00619931 0.00626115
Max of dh, dJ: 0.0512531 0.150152

iteration 141
Number of threads allocated = 1
Avg. energy: 9.27747
RMS of dh, dJ: 0.00490121 0.00680102
Max of dh, dJ: 0.0407656 0.148507

iteration 142
Number of threads allocated = 1
Avg. energy: 8.88837
RMS of dh, dJ: 0.0048378 0.00615721
Max of dh, dJ: 0.0281372 0.143522

iteration 143
Number of threads allocated = 1
Avg. energy: 9.08799
RMS of dh, dJ: 0.00547949 0.00598359
Max of dh, dJ: 0.0408805 0.126639

iteration 144
Number of threads allocated = 1
Avg. energy: 9.19638
RMS of dh, dJ: 0.00496865 0.00647984
Max of dh, dJ: 0.0314768 0.141522

iteration 145
Number of threads allocated = 1
Avg. energy: 9.12596
RMS of dh, dJ: 0.00575686 0.00633157
Max of dh, dJ: 0.0458597 0.147731

iteration 146
Number of threads allocated = 1
Avg. energy: 9.46596
RMS of dh, dJ: 0.00587005 0.00583182
Max of dh, dJ: 0.0520692 0.130718

iteration 147
Number of threads allocated = 1
Avg. energy: 9.78377
RMS of dh, dJ: 0.00586322 0.00565551
Max of dh, dJ: 0.0373597 0.131042

iteration 148
Number of threads allocated = 1
Avg. energy: 10.5181
RMS of dh, dJ: 0.00519176 0.00621918
Max of dh, dJ: 0.0377887 0.145971

iteration 149
Number of threads allocated = 1
Avg. energy: 11.0331
RMS of dh, dJ: 0.00539143 0.00708875
Max of dh, dJ: 0.0416399 0.157533

iteration 150
Number of threads allocated = 1
Avg. energy: 9.74698
RMS of dh, dJ: 0.00650468 0.00527416
Max of dh, dJ: 0.055123 0.135522

iteration 151
Number of threads allocated = 1
Avg. energy: 11.0022
RMS of dh, dJ: 0.00640104 0.00617242
Max of dh, dJ: 0.0483601 0.143825

iteration 152
Number of threads allocated = 1
Avg. energy: 11.6361
RMS of dh, dJ: 0.00488026 0.00656214
Max of dh, dJ: 0.0408941 0.137831

iteration 153
Number of threads allocated = 1
Avg. energy: 10.9821
RMS of dh, dJ: 0.00582172 0.00592236
Max of dh, dJ: 0.0456669 0.143112

iteration 154
Number of threads allocated = 1
Avg. energy: 11.6294
RMS of dh, dJ: 0.00465765 0.00665718
Max of dh, dJ: 0.0412496 0.148472

iteration 155
Number of threads allocated = 1
Avg. energy: 10.7862
RMS of dh, dJ: 0.0065182 0.00534879
Max of dh, dJ: 0.0543375 0.121022

iteration 156
Number of threads allocated = 1
Avg. energy: 11.5301
RMS of dh, dJ: 0.00632841 0.005717
Max of dh, dJ: 0.0458597 0.145441

iteration 157
Number of threads allocated = 1
Avg. energy: 11.3176
RMS of dh, dJ: 0.00650215 0.00540077
Max of dh, dJ: 0.0450219 0.128871

iteration 158
Number of threads allocated = 1
Avg. energy: 12.6271
RMS of dh, dJ: 0.00555989 0.00666039
Max of dh, dJ: 0.044263 0.171306

iteration 159
Number of threads allocated = 1
Avg. energy: 12.1742
RMS of dh, dJ: 0.00648707 0.00620953
Max of dh, dJ: 0.0518435 0.15026

iteration 160
Number of threads allocated = 1
Avg. energy: 12.1772
RMS of dh, dJ: 0.00528212 0.00612382
Max of dh, dJ: 0.0388427 0.142522

iteration 161
Number of threads allocated = 1
Avg. energy: 11.892
RMS of dh, dJ: 0.00542511 0.00588658
Max of dh, dJ: 0.038263 0.144584

iteration 162
Number of threads allocated = 1
Avg. energy: 12.738
RMS of dh, dJ: 0.00544364 0.00613008
Max of dh, dJ: 0.0388601 0.147652

iteration 163
Number of threads allocated = 1
Avg. energy: 12.5684
RMS of dh, dJ: 0.00634801 0.00545433
Max of dh, dJ: 0.0450692 0.118923

iteration 164
Number of threads allocated = 1
Avg. energy: 13.2447
RMS of dh, dJ: 0.00596468 0.0055361
Max of dh, dJ: 0.0472359 0.124022

iteration 165
Number of threads allocated = 1
Avg. energy: 13.9158
RMS of dh, dJ: 0.00552915 0.00677617
Max of dh, dJ: 0.050417 0.176522

iteration 166
Number of threads allocated = 1
Avg. energy: 14.2057
RMS of dh, dJ: 0.0047922 0.00665679
Max of dh, dJ: 0.0303601 0.149441

iteration 167
Number of threads allocated = 1
Avg. energy: 13.4396
RMS of dh, dJ: 0.00572157 0.00568825
Max of dh, dJ: 0.0383748 0.13026

iteration 168
Number of threads allocated = 1
Avg. energy: 13.7794
RMS of dh, dJ: 0.00624227 0.00565637
Max of dh, dJ: 0.047123 0.145925

iteration 169
Number of threads allocated = 1
Avg. energy: 14.0555
RMS of dh, dJ: 0.00525904 0.00610535
Max of dh, dJ: 0.0425232 0.157833

iteration 170
Number of threads allocated = 1
Avg. energy: 14.4635
RMS of dh, dJ: 0.00552592 0.00624896
Max of dh, dJ: 0.0338409 0.135916

iteration 171
Number of threads allocated = 1
Avg. energy: 14.8159
RMS of dh, dJ: 0.00563249 0.00634015
Max of dh, dJ: 0.045169 0.153167

iteration 172
Number of threads allocated = 1
Avg. energy: 15.1555
RMS of dh, dJ: 0.00519812 0.00639441
Max of dh, dJ: 0.0338376 0.148508

iteration 173
Number of threads allocated = 1
Avg. energy: 14.3279
RMS of dh, dJ: 0.00756503 0.00496533
Max of dh, dJ: 0.0527963 0.123961

iteration 174
Number of threads allocated = 1
Avg. energy: 15.1733
RMS of dh, dJ: 0.0051231 0.00601966
Max of dh, dJ: 0.0418246 0.135522

iteration 175
Number of threads allocated = 1
Avg. energy: 15.653
RMS of dh, dJ: 0.00540061 0.00606973
Max of dh, dJ: 0.0446669 0.132363

iteration 176
Number of threads allocated = 1
Avg. energy: 15.6247
RMS of dh, dJ: 0.00603935 0.00577491
Max of dh, dJ: 0.0400961 0.134516

iteration 177
Number of threads allocated = 1
Avg. energy: 15.7852
RMS of dh, dJ: 0.00547376 0.00599305
Max of dh, dJ: 0.0512903 0.144364

iteration 178
Number of threads allocated = 1
Avg. energy: 16.886
RMS of dh, dJ: 0.00513036 0.00672116
Max of dh, dJ: 0.0401313 0.147016

iteration 179
Number of threads allocated = 1
Avg. energy: 16.2635
RMS of dh, dJ: 0.00512087 0.00628843
Max of dh, dJ: 0.0393805 0.145022

iteration 180
Number of threads allocated = 1
Avg. energy: 16.025
RMS of dh, dJ: 0.00701054 0.00520606
Max of dh, dJ: 0.0433435 0.121172

iteration 181
Number of threads allocated = 1
Avg. energy: 17.2641
RMS of dh, dJ: 0.0051418 0.00633172
Max of dh, dJ: 0.0307106 0.138335

iteration 182
Number of threads allocated = 1
Avg. energy: 16.6211
RMS of dh, dJ: 0.00624068 0.00533874
Max of dh, dJ: 0.0507242 0.134835

iteration 183
Number of threads allocated = 1
Avg. energy: 16.8431
RMS of dh, dJ: 0.00649881 0.00563963
Max of dh, dJ: 0.0509965 0.134765

iteration 184
Number of threads allocated = 1
Avg. energy: 17.7667
RMS of dh, dJ: 0.00494884 0.00692679
Max of dh, dJ: 0.036432 0.157555

iteration 185
Number of threads allocated = 1
Avg. energy: 16.7422
RMS of dh, dJ: 0.00591755 0.0057118
Max of dh, dJ: 0.0468597 0.138247

iteration 186
Number of threads allocated = 1
Avg. energy: 17.4692
RMS of dh, dJ: 0.00604358 0.00545214
Max of dh, dJ: 0.043417 0.129231

iteration 187
Number of threads allocated = 1
Avg. energy: 18.2051
RMS of dh, dJ: 0.00564987 0.00581506
Max of dh, dJ: 0.054417 0.13905

iteration 188
Number of threads allocated = 1
Avg. energy: 18.3684
RMS of dh, dJ: 0.00480094 0.00660567
Max of dh, dJ: 0.0358326 0.140597

iteration 189
Number of threads allocated = 1
Avg. energy: 17.7461
RMS of dh, dJ: 0.0064288 0.00526014
Max of dh, dJ: 0.0457238 0.130022

iteration 190
Number of threads allocated = 1
Avg. energy: 18.4929
RMS of dh, dJ: 0.00547244 0.00610184
Max of dh, dJ: 0.0388376 0.141021

iteration 191
Number of threads allocated = 1
Avg. energy: 18.747
RMS of dh, dJ: 0.00713689 0.00538127
Max of dh, dJ: 0.0487242 0.131311

iteration 192
Number of threads allocated = 1
Avg. energy: 18.6843
RMS of dh, dJ: 0.00494338 0.00594899
Max of dh, dJ: 0.0385961 0.130766

iteration 193
Number of threads allocated = 1
Avg. energy: 19.2034
RMS of dh, dJ: 0.00503349 0.00577925
Max of dh, dJ: 0.0388779 0.133022

iteration 194
Number of threads allocated = 1
Avg. energy: 19.4389
RMS of dh, dJ: 0.00603389 0.00598407
Max of dh, dJ: 0.0472963 0.138169

iteration 195
Number of threads allocated = 1
Avg. energy: 19.7138
RMS of dh, dJ: 0.005045 0.00643249
Max of dh, dJ: 0.0332762 0.146267

iteration 196
Number of threads allocated = 1
Avg. energy: 19.415
RMS of dh, dJ: 0.00510337 0.00608543
Max of dh, dJ: 0.0325232 0.141555

iteration 197
Number of threads allocated = 1
Avg. energy: 19.2491
RMS of dh, dJ: 0.00634014 0.00541812
Max of dh, dJ: 0.0438601 0.120669

iteration 198
Number of threads allocated = 1
Avg. energy: 19.2024
RMS of dh, dJ: 0.00613661 0.00581395
Max of dh, dJ: 0.0593597 0.126055

iteration 199
Number of threads allocated = 1
Avg. energy: 19.9909
RMS of dh, dJ: 0.00590802 0.00567022
Max of dh, dJ: 0.0398601 0.141412

iteration 200
Number of threads allocated = 1
Avg. energy: 19.1853
RMS of dh, dJ: 0.00830337 0.00446126
Max of dh, dJ: 0.0591144 0.113167

iteration 201
Number of threads allocated = 1
Avg. energy: 21.0992
RMS of dh, dJ: 0.00526792 0.00660963
Max of dh, dJ: 0.0443601 0.142916

iteration 202
Number of threads allocated = 1
Avg. energy: 20.6983
RMS of dh, dJ: 0.00634745 0.00537929
Max of dh, dJ: 0.0416144 0.131522

iteration 203
Number of threads allocated = 1
Avg. energy: 21.4265
RMS of dh, dJ: 0.0052764 0.00701122
Max of dh, dJ: 0.0506403 0.140863

iteration 204
Number of threads allocated = 1
Avg. energy: 19.5537
RMS of dh, dJ: 0.00828935 0.00460846
Max of dh, dJ: 0.0672903 0.124118
Std. errors: 0.0139718 0.00474461
Model difference is within sampling error. Increasing sampling...
MC steps per iteration: 4000

iteration 205
Number of threads allocated = 1
Avg. energy: 20.9343
RMS of dh, dJ: 0.00512695 0.00536907
Max of dh, dJ: 0.0348644 0.114022

iteration 206
Number of threads allocated = 1
Avg. energy: 21.3825
RMS of dh, dJ: 0.00407835 0.00613218
Max of dh, dJ: 0.0329181 0.142864

iteration 207
Number of threads allocated = 1
Avg. energy: 20.7855
RMS of dh, dJ: 0.00506213 0.00534882
Max of dh, dJ: 0.0551144 0.117213

iteration 208
Number of threads allocated = 1
Avg. energy: 21.0971
RMS of dh, dJ: 0.00658655 0.00473933
Max of dh, dJ: 0.0439606 0.109864

iteration 209
Number of threads allocated = 1
Avg. energy: 21.7724
RMS of dh, dJ: 0.00452669 0.00606485
Max of dh, dJ: 0.0288375 0.139937

iteration 210
Number of threads allocated = 1
Avg. energy: 22.0764
RMS of dh, dJ: 0.00482859 0.00569546
Max of dh, dJ: 0.040513 0.133772

iteration 211
Number of threads allocated = 1
Avg. energy: 21.9309
RMS of dh, dJ: 0.00511363 0.00556622
Max of dh, dJ: 0.044513 0.123913

iteration 212
Number of threads allocated = 1
Avg. energy: 22.7239
RMS of dh, dJ: 0.00412451 0.00637523
Max of dh, dJ: 0.034513 0.147272

iteration 213
Number of threads allocated = 1
Avg. energy: 22.3153
RMS of dh, dJ: 0.00364549 0.00616139
Max of dh, dJ: 0.031169 0.126772

iteration 214
Number of threads allocated = 1
Avg. energy: 22.2667
RMS of dh, dJ: 0.00554834 0.00521779
Max of dh, dJ: 0.038013 0.130266

iteration 215
Number of threads allocated = 1
Avg. energy: 23.1792
RMS of dh, dJ: 0.00365299 0.0063119
Max of dh, dJ: 0.0338749 0.148114

iteration 216
Number of threads allocated = 1
Avg. energy: 22.68
RMS of dh, dJ: 0.00481213 0.00527041
Max of dh, dJ: 0.0335445 0.111662

iteration 217
Number of threads allocated = 1
Avg. energy: 22.8597
RMS of dh, dJ: 0.00602458 0.00488361
Max of dh, dJ: 0.0343805 0.103766

iteration 218
Number of threads allocated = 1
Avg. energy: 23.8585
RMS of dh, dJ: 0.00413338 0.00606214
Max of dh, dJ: 0.0316399 0.127919

iteration 219
Number of threads allocated = 1
Avg. energy: 23.893
RMS of dh, dJ: 0.00397523 0.00618583
Max of dh, dJ: 0.0293749 0.140305

iteration 220
Number of threads allocated = 1
Avg. energy: 23.5984
RMS of dh, dJ: 0.00462314 0.00565115
Max of dh, dJ: 0.0380445 0.126211

iteration 221
Number of threads allocated = 1
Avg. energy: 24.4532
RMS of dh, dJ: 0.00445048 0.00590311
Max of dh, dJ: 0.0355055 0.143522

iteration 222
Number of threads allocated = 1
Avg. energy: 23.7004
RMS of dh, dJ: 0.00562242 0.00514401
Max of dh, dJ: 0.0420403 0.130364

iteration 223
Number of threads allocated = 1
Avg. energy: 24.3904
RMS of dh, dJ: 0.00409839 0.00607319
Max of dh, dJ: 0.0366588 0.129325

iteration 224
Number of threads allocated = 1
Avg. energy: 24.6129
RMS of dh, dJ: 0.00383307 0.00600328
Max of dh, dJ: 0.0283687 0.130222

iteration 225
Number of threads allocated = 1
Avg. energy: 24.6441
RMS of dh, dJ: 0.0037797 0.00590169
Max of dh, dJ: 0.0266681 0.130522

iteration 226
Number of threads allocated = 1
Avg. energy: 24.1789
RMS of dh, dJ: 0.00538022 0.00500683
Max of dh, dJ: 0.0307242 0.117772

iteration 227
Number of threads allocated = 1
Avg. energy: 25.3504
RMS of dh, dJ: 0.0037157 0.00603397
Max of dh, dJ: 0.0333192 0.139022

iteration 228
Number of threads allocated = 1
Avg. energy: 24.9325
RMS of dh, dJ: 0.00480037 0.00537682
Max of dh, dJ: 0.035123 0.113588

iteration 229
Number of threads allocated = 1
Avg. energy: 25.662
RMS of dh, dJ: 0.00347937 0.00635244
Max of dh, dJ: 0.0267531 0.137614

iteration 230
Number of threads allocated = 1
Avg. energy: 24.9853
RMS of dh, dJ: 0.00602882 0.00479992
Max of dh, dJ: 0.039167 0.120834

iteration 231
Number of threads allocated = 1
Avg. energy: 25.8727
RMS of dh, dJ: 0.00352214 0.00685808
Max of dh, dJ: 0.0246248 0.144864

iteration 232
Number of threads allocated = 1
Avg. energy: 24.8367
RMS of dh, dJ: 0.00579574 0.00471774
Max of dh, dJ: 0.0372887 0.109174

iteration 233
Number of threads allocated = 1
Avg. energy: 25.2547
RMS of dh, dJ: 0.00571937 0.00490381
Max of dh, dJ: 0.0377945 0.122864

iteration 234
Number of threads allocated = 1
Avg. energy: 25.6747
RMS of dh, dJ: 0.00475363 0.00522804
Max of dh, dJ: 0.032623 0.117187

iteration 235
Number of threads allocated = 1
Avg. energy: 25.9844
RMS of dh, dJ: 0.00494353 0.00522819
Max of dh, dJ: 0.0310961 0.111394

iteration 236
Number of threads allocated = 1
Avg. energy: 27.2069
RMS of dh, dJ: 0.00581145 0.00803279
Max of dh, dJ: 0.0419065 0.160937

iteration 237
Number of threads allocated = 1
Avg. energy: 24.1189
RMS of dh, dJ: 0.00932469 0.00340117
Max of dh, dJ: 0.0592945 0.0844325
Std. errors: 0.0101399 0.00351185
Model difference is within sampling error. Increasing sampling...
MC steps per iteration: 8000

iteration 238
Number of threads allocated = 1
Avg. energy: 25.2661
RMS of dh, dJ: 0.00599753 0.00431935
Max of dh, dJ: 0.0479195 0.105989

iteration 239
Number of threads allocated = 1
Avg. energy: 26.1782
RMS of dh, dJ: 0.00413529 0.00512959
Max of dh, dJ: 0.0242125 0.108141

iteration 240
Number of threads allocated = 1
Avg. energy: 26.7966
RMS of dh, dJ: 0.00282299 0.00599877
Max of dh, dJ: 0.020917 0.126864

iteration 241
Number of threads allocated = 1
Avg. energy: 26.0874
RMS of dh, dJ: 0.0046735 0.00484516
Max of dh, dJ: 0.0382125 0.110489

iteration 242
Number of threads allocated = 1
Avg. energy: 26.8457
RMS of dh, dJ: 0.00373654 0.00539329
Max of dh, dJ: 0.0237125 0.128937

iteration 243
Number of threads allocated = 1
Avg. energy: 26.7515
RMS of dh, dJ: 0.00456323 0.0049014
Max of dh, dJ: 0.031167 0.116772

iteration 244
Number of threads allocated = 1
Avg. energy: 27.847
RMS of dh, dJ: 0.00318622 0.00605782
Max of dh, dJ: 0.0292733 0.138897

iteration 245
Number of threads allocated = 1
Avg. energy: 27.6706
RMS of dh, dJ: 0.00363351 0.00515618
Max of dh, dJ: 0.022187 0.102937

iteration 246
Number of threads allocated = 1
Avg. energy: 28.129
RMS of dh, dJ: 0.00254329 0.00624053
Max of dh, dJ: 0.021333 0.125272

iteration 247
Number of threads allocated = 1
Avg. energy: 27.9506
RMS of dh, dJ: 0.00306517 0.00564601
Max of dh, dJ: 0.0251382 0.120537

iteration 248
Number of threads allocated = 1
Avg. energy: 27.5433
RMS of dh, dJ: 0.0035361 0.00530664
Max of dh, dJ: 0.0268687 0.11695

iteration 249
Number of threads allocated = 1
Avg. energy: 27.6352
RMS of dh, dJ: 0.00380557 0.0051951
Max of dh, dJ: 0.0351363 0.112739

iteration 250
Number of threads allocated = 1
Avg. energy: 27.969
RMS of dh, dJ: 0.00363517 0.00522363
Max of dh, dJ: 0.0366101 0.113022

iteration 251
Number of threads allocated = 1
Avg. energy: 28.3594
RMS of dh, dJ: 0.00260307 0.00631372
Max of dh, dJ: 0.0219537 0.130472

iteration 252
Number of threads allocated = 1
Avg. energy: 27.2498
RMS of dh, dJ: 0.00625452 0.0040062
Max of dh, dJ: 0.0328409 0.092364

iteration 253
Number of threads allocated = 1
Avg. energy: 27.8672
RMS of dh, dJ: 0.00483497 0.00454359
Max of dh, dJ: 0.0281406 0.114481

iteration 254
Number of threads allocated = 1
Avg. energy: 28.6534
RMS of dh, dJ: 0.00326867 0.00533425
Max of dh, dJ: 0.0269606 0.104147

iteration 255
Number of threads allocated = 1
Avg. energy: 29.1599
RMS of dh, dJ: 0.0028322 0.00620132
Max of dh, dJ: 0.020487 0.121956

iteration 256
Number of threads allocated = 1
Avg. energy: 28.0806
RMS of dh, dJ: 0.00404456 0.00483641
Max of dh, dJ: 0.0323982 0.104206

iteration 257
Number of threads allocated = 1
Avg. energy: 28.404
RMS of dh, dJ: 0.00369182 0.00490835
Max of dh, dJ: 0.0273409 0.107075

iteration 258
Number of threads allocated = 1
Avg. energy: 28.7972
RMS of dh, dJ: 0.00281312 0.0053046
Max of dh, dJ: 0.020937 0.123147

iteration 259
Number of threads allocated = 1
Avg. energy: 28.5405
RMS of dh, dJ: 0.00362885 0.00487197
Max of dh, dJ: 0.0230219 0.108011

iteration 260
Number of threads allocated = 1
Avg. energy: 29.0823
RMS of dh, dJ: 0.00277837 0.00619814
Max of dh, dJ: 0.0193098 0.123766

iteration 261
Number of threads allocated = 1
Avg. energy: 28.0233
RMS of dh, dJ: 0.0029592 0.00508228
Max of dh, dJ: 0.023062 0.109614

iteration 262
Number of threads allocated = 1
Avg. energy: 27.7077
RMS of dh, dJ: 0.00628677 0.00371503
Max of dh, dJ: 0.0348969 0.0854611

iteration 263
Number of threads allocated = 1
Avg. energy: 28.7061
RMS of dh, dJ: 0.00344075 0.00479564
Max of dh, dJ: 0.0213969 0.105364

iteration 264
Number of threads allocated = 1
Avg. energy: 29.2332
RMS of dh, dJ: 0.00252718 0.00567065
Max of dh, dJ: 0.0203517 0.115555

iteration 265
Number of threads allocated = 1
Avg. energy: 28.4383
RMS of dh, dJ: 0.00496109 0.00430784
Max of dh, dJ: 0.0306996 0.105647

iteration 266
Number of threads allocated = 1
Avg. energy: 29.0529
RMS of dh, dJ: 0.0047627 0.00446593
Max of dh, dJ: 0.0280445 0.101114

iteration 267
Number of threads allocated = 1
Avg. energy: 29.8344
RMS of dh, dJ: 0.00508838 0.00688374
Max of dh, dJ: 0.0332649 0.139364

iteration 268
Number of threads allocated = 1
Avg. energy: 27.5588
RMS of dh, dJ: 0.00994844 0.00258615
Max of dh, dJ: 0.0523863 0.070364

iteration 269
Number of threads allocated = 1
Avg. energy: 29.2702
RMS of dh, dJ: 0.00248654 0.00516641
Max of dh, dJ: 0.0171902 0.106864

iteration 270
Number of threads allocated = 1
Avg. energy: 29.3298
RMS of dh, dJ: 0.00457722 0.00447303
Max of dh, dJ: 0.0297394 0.103114

iteration 271
Number of threads allocated = 1
Avg. energy: 29.2598
RMS of dh, dJ: 0.0050551 0.00409007
Max of dh, dJ: 0.0322691 0.0924368

iteration 272
Number of threads allocated = 1
Avg. energy: 29.9203
RMS of dh, dJ: 0.00261494 0.00533178
Max of dh, dJ: 0.0180233 0.119022

iteration 273
Number of threads allocated = 1
Avg. energy: 29.2574
RMS of dh, dJ: 0.0038545 0.00447563
Max of dh, dJ: 0.0271996 0.101239

iteration 274
Number of threads allocated = 1
Avg. energy: 30.1244
RMS of dh, dJ: 0.00266218 0.00523789
Max of dh, dJ: 0.0177311 0.114022

iteration 275
Number of threads allocated = 1
Avg. energy: 29.444
RMS of dh, dJ: 0.00259097 0.0052328
Max of dh, dJ: 0.0160992 0.108211

iteration 276
Number of threads allocated = 1
Avg. energy: 29.2445
RMS of dh, dJ: 0.00684132 0.00333845
Max of dh, dJ: 0.0407613 0.0815971

iteration 277
Number of threads allocated = 1
Avg. energy: 30.8032
RMS of dh, dJ: 0.00687617 0.00729841
Max of dh, dJ: 0.0408517 0.146114

iteration 278
Number of threads allocated = 1
Avg. energy: 28.0963
RMS of dh, dJ: 0.0113595 0.00209753
Max of dh, dJ: 0.0546695 0.0562867

iteration 279
Number of threads allocated = 1
Avg. energy: 29.7299
RMS of dh, dJ: 0.0026281 0.00525193
Max of dh, dJ: 0.0195805 0.121166

iteration 280
Number of threads allocated = 1
Avg. energy: 29.3512
RMS of dh, dJ: 0.00380553 0.00423863
Max of dh, dJ: 0.024138 0.0978969

iteration 281
Number of threads allocated = 1
Avg. energy: 28.7486
RMS of dh, dJ: 0.00875091 0.00258897
Max of dh, dJ: 0.0492613 0.0692719
Std. errors: 0.0102085 0.00336721
Model difference is within sampling error. Increasing sampling...
MC steps per iteration: 16000

iteration 282
Number of threads allocated = 1
Avg. energy: 29.7583
RMS of dh, dJ: 0.0022811 0.0050789
Max of dh, dJ: 0.014888 0.106364

iteration 283
Number of threads allocated = 1
Avg. energy: 29.1187
RMS of dh, dJ: 0.00574828 0.00333352
Max of dh, dJ: 0.0302613 0.0788969

iteration 284
Number of threads allocated = 1
Avg. energy: 29.713
RMS of dh, dJ: 0.00326695 0.00440315
Max of dh, dJ: 0.0320476 0.103147

iteration 285
Number of threads allocated = 1
Avg. energy: 29.5662
RMS of dh, dJ: 0.00255198 0.00447366
Max of dh, dJ: 0.0216988 0.0973969

iteration 286
Number of threads allocated = 1
Avg. energy: 29.5241
RMS of dh, dJ: 0.0044684 0.00388318
Max of dh, dJ: 0.0273863 0.0881414

iteration 287
Number of threads allocated = 1
Avg. energy: 29.6603
RMS of dh, dJ: 0.00318799 0.00412376
Max of dh, dJ: 0.0295113 0.0951469

iteration 288
Number of threads allocated = 1
Avg. energy: 29.9636
RMS of dh, dJ: 0.002245 0.00527938
Max of dh, dJ: 0.0216879 0.104397

iteration 289
Number of threads allocated = 1
Avg. energy: 28.9144
RMS of dh, dJ: 0.00783554 0.00262139
Max of dh, dJ: 0.0441988 0.066044

iteration 290
Number of threads allocated = 1
Avg. energy: 30.6668
RMS of dh, dJ: 0.00388122 0.00600868
Max of dh, dJ: 0.0232037 0.123187

iteration 291
Number of threads allocated = 1
Avg. energy: 29.4231
RMS of dh, dJ: 0.00611163 0.00305734
Max of dh, dJ: 0.0320738 0.0813344

iteration 292
Number of threads allocated = 1
Avg. energy: 29.7962
RMS of dh, dJ: 0.00305977 0.00405241
Max of dh, dJ: 0.0170738 0.0855219

iteration 293
Number of threads allocated = 1
Avg. energy: 29.7478
RMS of dh, dJ: 0.00362205 0.00380427
Max of dh, dJ: 0.0226988 0.0935861

iteration 294
Number of threads allocated = 1
Avg. energy: 29.9267
RMS of dh, dJ: 0.00203064 0.00508844
Max of dh, dJ: 0.0119344 0.103019

iteration 295
Number of threads allocated = 1
Avg. energy: 28.8032
RMS of dh, dJ: 0.0092736 0.00218918
Max of dh, dJ: 0.045656 0.0585346

iteration 296
Number of threads allocated = 1
Avg. energy: 29.7486
RMS of dh, dJ: 0.00348561 0.00389335
Max of dh, dJ: 0.0237703 0.0836469

iteration 297
Number of threads allocated = 1
Avg. energy: 29.7788
RMS of dh, dJ: 0.00237732 0.00426856
Max of dh, dJ: 0.0160605 0.0937846

iteration 298
Number of threads allocated = 1
Avg. energy: 29.3843
RMS of dh, dJ: 0.004785 0.00328322
Max of dh, dJ: 0.026031 0.0785971

iteration 299
Number of threads allocated = 1
Avg. energy: 29.9949
RMS of dh, dJ: 0.00324736 0.00525311
Max of dh, dJ: 0.0245495 0.113412

iteration 300
Number of threads allocated = 1
Avg. energy: 29.0237
RMS of dh, dJ: 0.00978947 0.00199036
Max of dh, dJ: 0.0510828 0.0527111

iteration 301
Number of threads allocated = 1
Avg. energy: 29.744
RMS of dh, dJ: 0.00397501 0.00347387
Max of dh, dJ: 0.0251517 0.0835219

iteration 302
Number of threads allocated = 1
Avg. energy: 29.9356
RMS of dh, dJ: 0.0034074 0.00371466
Max of dh, dJ: 0.0206305 0.0887719
Std. errors: 0.0130064 0.00407801
Model difference is within sampling error. Increasing sampling...
MC steps per iteration: 32000

iteration 303
Number of threads allocated = 1
Avg. energy: 29.6378
RMS of dh, dJ: 0.00422059 0.00331626
Max of dh, dJ: 0.0254313 0.0748361

iteration 304
Number of threads allocated = 1
Avg. energy: 29.907
RMS of dh, dJ: 0.00214445 0.00463075
Max of dh, dJ: 0.0164575 0.103053

iteration 305
Number of threads allocated = 1
Avg. energy: 29.2439
RMS of dh, dJ: 0.00594683 0.00273518
Max of dh, dJ: 0.029933 0.0701157

iteration 306
Number of threads allocated = 1
Avg. energy: 29.9568
RMS of dh, dJ: 0.00477619 0.00318211
Max of dh, dJ: 0.0272809 0.0783969

iteration 307
Number of threads allocated = 1
Avg. energy: 30.5814
RMS of dh, dJ: 0.00355275 0.00542297
Max of dh, dJ: 0.0254245 0.109209

iteration 308
Number of threads allocated = 1
Avg. energy: 29.0957
RMS of dh, dJ: 0.00962537 0.00184288
Max of dh, dJ: 0.0421871 0.0497719

iteration 309
Number of threads allocated = 1
Avg. energy: 30.3567
RMS of dh, dJ: 0.00702844 0.0063441
Max of dh, dJ: 0.0351227 0.12338

iteration 310
Number of threads allocated = 1
Avg. energy: 29.343
RMS of dh, dJ: 0.00538324 0.00282366
Max of dh, dJ: 0.0262767 0.0683344

iteration 311
Number of threads allocated = 1
Avg. energy: 28.9616
RMS of dh, dJ: 0.00883752 0.00192166
Max of dh, dJ: 0.0427496 0.0516157
Std. errors: 0.00987581 0.00302166
Model difference is within sampling error. Increasing sampling...
MC steps per iteration: 64000

iteration 312
Number of threads allocated = 1
Avg. energy: 29.3277
RMS of dh, dJ: 0.0088646 0.00195808
Max of dh, dJ: 0.0429996 0.0477234

iteration 313
Number of threads allocated = 1
Avg. energy: 29.6006
RMS of dh, dJ: 0.00469587 0.00294523
Max of dh, dJ: 0.0270111 0.0656157

iteration 314
Number of threads allocated = 1
Avg. energy: 29.7565
RMS of dh, dJ: 0.00396148 0.0031588
Max of dh, dJ: 0.0250465 0.0726938

iteration 315
Number of threads allocated = 1
Avg. energy: 29.7889
RMS of dh, dJ: 0.00546041 0.00273423
Max of dh, dJ: 0.028484 0.0633032

iteration 316
Number of threads allocated = 1
Avg. energy: 30.3858
RMS of dh, dJ: 0.00497633 0.00558259
Max of dh, dJ: 0.0253206 0.109584

iteration 317
Number of threads allocated = 1
Avg. energy: 28.865
RMS of dh, dJ: 0.0101986 0.00165019
Max of dh, dJ: 0.0455309 0.040278

iteration 318
Number of threads allocated = 1
Avg. energy: 30.0108
RMS of dh, dJ: 0.00136642 0.00400512
Max of dh, dJ: 0.0132653 0.0849594

iteration 319
Number of threads allocated = 1
Avg. energy: 29.7682
RMS of dh, dJ: 0.00531522 0.00272815
Max of dh, dJ: 0.0277965 0.0676922

iteration 320
Number of threads allocated = 1
Avg. energy: 29.9197
RMS of dh, dJ: 0.00143604 0.00418974
Max of dh, dJ: 0.0172184 0.0909438

iteration 321
Number of threads allocated = 1
Avg. energy: 29.5084
RMS of dh, dJ: 0.00741459 0.002155
Max of dh, dJ: 0.0342341 0.0530515

iteration 322
Number of threads allocated = 1
Avg. energy: 29.9316
RMS of dh, dJ: 0.00127596 0.00389568
Max of dh, dJ: 0.0125465 0.0820359

iteration 323
Number of threads allocated = 1
Avg. energy: 29.6838
RMS of dh, dJ: 0.00406993 0.00289146
Max of dh, dJ: 0.0252965 0.0701297

iteration 324
Number of threads allocated = 1
Avg. energy: 29.8418
RMS of dh, dJ: 0.00390378 0.00302188
Max of dh, dJ: 0.0290778 0.0687937

iteration 325
Number of threads allocated = 1
Avg. energy: 29.8901
RMS of dh, dJ: 0.00298325 0.00324542
Max of dh, dJ: 0.0167809 0.0759734

iteration 326
Number of threads allocated = 1
Avg. energy: 29.8614
RMS of dh, dJ: 0.00131092 0.00404031
Max of dh, dJ: 0.00814558 0.0884578

iteration 327
Number of threads allocated = 1
Avg. energy: 29.6713
RMS of dh, dJ: 0.00560547 0.00242677
Max of dh, dJ: 0.0291246 0.0589578

iteration 328
Number of threads allocated = 1
Avg. energy: 30.0105
RMS of dh, dJ: 0.00256636 0.00328535
Max of dh, dJ: 0.0150132 0.073239

iteration 329
Number of threads allocated = 1
Avg. energy: 30.0013
RMS of dh, dJ: 0.00262658 0.00451183
Max of dh, dJ: 0.0148596 0.0925047

iteration 330
Number of threads allocated = 1
Avg. energy: 29.2489
RMS of dh, dJ: 0.0077112 0.00184572
Max of dh, dJ: 0.0367789 0.0493093

iteration 331
Number of threads allocated = 1
Avg. energy: 29.7874
RMS of dh, dJ: 0.00599128 0.00231515
Max of dh, dJ: 0.0298488 0.0639812

iteration 332
Number of threads allocated = 1
Avg. energy: 29.9399
RMS of dh, dJ: 0.00385901 0.00478486
Max of dh, dJ: 0.0204534 0.0965828

iteration 333
Number of threads allocated = 1
Avg. energy: 29.2417
RMS of dh, dJ: 0.00961383 0.00156938
Max of dh, dJ: 0.044607 0.0481843

iteration 334
Number of threads allocated = 1
Avg. energy: 29.7221
RMS of dh, dJ: 0.00411354 0.00271202
Max of dh, dJ: 0.0215544 0.0635828

iteration 335
Number of threads allocated = 1
Avg. energy: 29.5992
RMS of dh, dJ: 0.00136954 0.00353184
Max of dh, dJ: 0.0124507 0.0748328

iteration 336
Number of threads allocated = 1
Avg. energy: 29.4762
RMS of dh, dJ: 0.00553682 0.00226915
Max of dh, dJ: 0.0295757 0.0586687

iteration 337
Number of threads allocated = 1
Avg. energy: 29.54
RMS of dh, dJ: 0.00284743 0.00298306
Max of dh, dJ: 0.0175601 0.0661453

iteration 338
Number of threads allocated = 1
Avg. energy: 29.3768
RMS of dh, dJ: 0.00677399 0.00197538
Max of dh, dJ: 0.0350519 0.055153
Std. errors: 0.00900426 0.00268017
Model difference is within sampling error. Increasing sampling...
MC steps per iteration: 128000

iteration 339
Number of threads allocated = 1
Avg. energy: 29.5759
RMS of dh, dJ: 0.00394737 0.00267443
Max of dh, dJ: 0.0233726 0.0648405

iteration 340
Number of threads allocated = 1
Avg. energy: 29.7136
RMS of dh, dJ: 0.00185343 0.00326299
Max of dh, dJ: 0.0129586 0.072325

iteration 341
Number of threads allocated = 1
Avg. energy: 29.6368
RMS of dh, dJ: 0.00393166 0.00262922
Max of dh, dJ: 0.0237476 0.0630515

iteration 342
Number of threads allocated = 1
Avg. energy: 29.9858
RMS of dh, dJ: 0.00131871 0.00368459
Max of dh, dJ: 0.0104192 0.0803484

iteration 343
Number of threads allocated = 1
Avg. energy: 29.5864
RMS of dh, dJ: 0.00424824 0.00249194
Max of dh, dJ: 0.0225992 0.0601922

iteration 344
Number of threads allocated = 1
Avg. energy: 30.1216
RMS of dh, dJ: 0.003138 0.00445242
Max of dh, dJ: 0.018682 0.0931375

iteration 345
Number of threads allocated = 1
Avg. energy: 29.2893
RMS of dh, dJ: 0.00493543 0.0022273
Max of dh, dJ: 0.0260989 0.0555515

iteration 346
Number of threads allocated = 1
Avg. energy: 29.6381
RMS of dh, dJ: 0.00204855 0.00299067
Max of dh, dJ: 0.0151458 0.0705203

iteration 347
Number of threads allocated = 1
Avg. energy: 29.5737
RMS of dh, dJ: 0.00283415 0.00274369
Max of dh, dJ: 0.0204427 0.0651218

iteration 348
Number of threads allocated = 1
Avg. energy: 29.6209
RMS of dh, dJ: 0.00149634 0.00312571
Max of dh, dJ: 0.0105677 0.0722234

iteration 349
Number of threads allocated = 1
Avg. energy: 29.4914
RMS of dh, dJ: 0.00494216 0.00218925
Max of dh, dJ: 0.0254607 0.0566687

iteration 350
Number of threads allocated = 1
Avg. energy: 30.1221
RMS of dh, dJ: 0.00936755 0.00599829
Max of dh, dJ: 0.0419112 0.118387

iteration 351
Number of threads allocated = 1
Avg. energy: 27.4614
RMS of dh, dJ: 0.019876 0.00364759
Max of dh, dJ: 0.0852632 0.0630926

iteration 352
Number of threads allocated = 1
Avg. energy: 30.3585
RMS of dh, dJ: 0.00890399 0.00592625
Max of dh, dJ: 0.0419789 0.116623

iteration 353
Number of threads allocated = 1
Avg. energy: 29.5695
RMS of dh, dJ: 0.00234096 0.00278947
Max of dh, dJ: 0.0177061 0.066739

iteration 354
Number of threads allocated = 1
Avg. energy: 29.6281
RMS of dh, dJ: 0.00154376 0.00301719
Max of dh, dJ: 0.00962798 0.0707

iteration 355
Number of threads allocated = 1
Avg. energy: 29.448
RMS of dh, dJ: 0.00347921 0.00244671
Max of dh, dJ: 0.0170935 0.0584656

iteration 356
Number of threads allocated = 1
Avg. energy: 29.4834
RMS of dh, dJ: 0.00226751 0.00277019
Max of dh, dJ: 0.0140544 0.0650828

iteration 357
Number of threads allocated = 1
Avg. energy: 29.438
RMS of dh, dJ: 0.004738 0.00213165
Max of dh, dJ: 0.0233044 0.0536062

iteration 358
Number of threads allocated = 1
Avg. energy: 29.7707
RMS of dh, dJ: 0.00160307 0.003672
Max of dh, dJ: 0.0106488 0.0806938

iteration 359
Number of threads allocated = 1
Avg. energy: 29.2215
RMS of dh, dJ: 0.00462501 0.00210746
Max of dh, dJ: 0.0222576 0.0571235

iteration 360
Number of threads allocated = 1
Avg. energy: 29.4
RMS of dh, dJ: 0.00488664 0.0020566
Max of dh, dJ: 0.0212282 0.0530376

iteration 361
Number of threads allocated = 1
Avg. energy: 29.7372
RMS of dh, dJ: 0.00188807 0.00285389
Max of dh, dJ: 0.0141905 0.0674047

iteration 362
Number of threads allocated = 1
Avg. energy: 29.6292
RMS of dh, dJ: 0.00378455 0.00418161
Max of dh, dJ: 0.0198149 0.0886391

iteration 363
Number of threads allocated = 1
Avg. energy: 28.677
RMS of dh, dJ: 0.0113714 0.00162458
Max of dh, dJ: 0.04632 0.0358327

iteration 364
Number of threads allocated = 1
Avg. energy: 29.7216
RMS of dh, dJ: 0.00413607 0.00432957
Max of dh, dJ: 0.0206846 0.0909516

iteration 365
Number of threads allocated = 1
Avg. energy: 29.37
RMS of dh, dJ: 0.00357493 0.00230442
Max of dh, dJ: 0.018078 0.0582876

iteration 366
Number of threads allocated = 1
Avg. energy: 29.3081
RMS of dh, dJ: 0.00410718 0.00215765
Max of dh, dJ: 0.019496 0.0545593

iteration 367
Number of threads allocated = 1
Avg. energy: 29.2945
RMS of dh, dJ: 0.00652903 0.00171285
Max of dh, dJ: 0.0285194 0.0477546

iteration 368
Number of threads allocated = 1
Avg. energy: 29.4154
RMS of dh, dJ: 0.00345954 0.00231006
Max of dh, dJ: 0.0172282 0.0587016

iteration 369
Number of threads allocated = 1
Avg. energy: 29.4003
RMS of dh, dJ: 0.00258103 0.00255497
Max of dh, dJ: 0.0150155 0.0608406

iteration 370
Number of threads allocated = 1
Avg. energy: 29.3949
RMS of dh, dJ: 0.00117577 0.0029472
Max of dh, dJ: 0.00724987 0.0659594

iteration 371
Number of threads allocated = 1
Avg. energy: 29.1834
RMS of dh, dJ: 0.00329546 0.0022743
Max of dh, dJ: 0.0176249 0.0553796

iteration 372
Number of threads allocated = 1
Avg. energy: 29.323
RMS of dh, dJ: 0.00306452 0.00237349
Max of dh, dJ: 0.0162867 0.0588891

iteration 373
Number of threads allocated = 1
Avg. energy: 29.4688
RMS of dh, dJ: 0.00290686 0.00379518
Max of dh, dJ: 0.0152529 0.0821938

iteration 374
Number of threads allocated = 1
Avg. energy: 28.8557
RMS of dh, dJ: 0.0080715 0.00149144
Max of dh, dJ: 0.0349608 0.0396843

iteration 375
Number of threads allocated = 1
Avg. energy: 29.5759
RMS of dh, dJ: 0.00223541 0.00259979
Max of dh, dJ: 0.0132839 0.0631938

iteration 376
Number of threads allocated = 1
Avg. energy: 29.4361
RMS of dh, dJ: 0.00307434 0.00382906
Max of dh, dJ: 0.0171039 0.0852719

iteration 377
Number of threads allocated = 1
Avg. energy: 29.0412
RMS of dh, dJ: 0.00305184 0.00225999
Max of dh, dJ: 0.0150663 0.0569282

iteration 378
Number of threads allocated = 1
Avg. energy: 29.0972
RMS of dh, dJ: 0.00593452 0.00170322
Max of dh, dJ: 0.0275429 0.0483249

iteration 379
Number of threads allocated = 1
Avg. energy: 29.1011
RMS of dh, dJ: 0.00366234 0.00212702
Max of dh, dJ: 0.0186991 0.056114

iteration 380
Number of threads allocated = 1
Avg. energy: 29.21
RMS of dh, dJ: 0.00298041 0.00228549
Max of dh, dJ: 0.0148944 0.0575688

iteration 381
Number of threads allocated = 1
Avg. energy: 29.295
RMS of dh, dJ: 0.00751074 0.00152636
Max of dh, dJ: 0.0337164 0.053364

iteration 382
Number of threads allocated = 1
Avg. energy: 29.8436
RMS of dh, dJ: 0.00808601 0.00528541
Max of dh, dJ: 0.0399086 0.108788

iteration 383
Number of threads allocated = 1
Avg. energy: 28.2897
RMS of dh, dJ: 0.0155113 0.00262001
Max of dh, dJ: 0.0628804 0.0512465

iteration 384
Number of threads allocated = 1
Avg. energy: 29.6711
RMS of dh, dJ: 0.0128286 0.00655199
Max of dh, dJ: 0.0575425 0.124952

iteration 385
Number of threads allocated = 1
Avg. energy: 28.8289
RMS of dh, dJ: 0.00606608 0.00158501
Max of dh, dJ: 0.02616 0.0451296

iteration 386
Number of threads allocated = 1
Avg. energy: 28.9488
RMS of dh, dJ: 0.00350567 0.00205012
Max of dh, dJ: 0.016121 0.0549655

iteration 387
Number of threads allocated = 1
Avg. energy: 29.0529
RMS of dh, dJ: 0.00355746 0.00206305
Max of dh, dJ: 0.0165272 0.0546001

iteration 388
Number of threads allocated = 1
Avg. energy: 29.0188
RMS of dh, dJ: 0.00374696 0.0020279
Max of dh, dJ: 0.0175819 0.0537094

iteration 389
Number of threads allocated = 1
Avg. energy: 29.1457
RMS of dh, dJ: 0.00381516 0.00203416
Max of dh, dJ: 0.0208397 0.0548891

iteration 390
Number of threads allocated = 1
Avg. energy: 29.3056
RMS of dh, dJ: 0.00286577 0.00366109
Max of dh, dJ: 0.0166647 0.0819438

iteration 391
Number of threads allocated = 1
Avg. energy: 28.7102
RMS of dh, dJ: 0.00931664 0.00145817
Max of dh, dJ: 0.0394204 0.0379968

iteration 392
Number of threads allocated = 1
Avg. energy: 29.2261
RMS of dh, dJ: 0.00538047 0.00175418
Max of dh, dJ: 0.0247292 0.0515749

iteration 393
Number of threads allocated = 1
Avg. energy: 29.3391
RMS of dh, dJ: 0.00227576 0.00241688
Max of dh, dJ: 0.0144335 0.0629672

iteration 394
Number of threads allocated = 1
Avg. energy: 29.4028
RMS of dh, dJ: 0.00349259 0.00377663
Max of dh, dJ: 0.0185727 0.0837719

iteration 395
Number of threads allocated = 1
Avg. energy: 28.9232
RMS of dh, dJ: 0.00567537 0.00161305
Max of dh, dJ: 0.0250754 0.0475749

iteration 396
Number of threads allocated = 1
Avg. energy: 29.08
RMS of dh, dJ: 0.00449263 0.00182136
Max of dh, dJ: 0.0216679 0.0527312
Std. errors: 0.00668019 0.00198143
Model difference is within sampling error. Increasing sampling...
MC steps per iteration: 256000

iteration 397
Number of threads allocated = 1
Avg. energy: 29.1124
RMS of dh, dJ: 0.00190638 0.00239266
Max of dh, dJ: 0.010535 0.0607797

iteration 398
Number of threads allocated = 1
Avg. energy: 29.0315
RMS of dh, dJ: 0.00349611 0.00199861
Max of dh, dJ: 0.0174257 0.0561313

iteration 399
Number of threads allocated = 1
Avg. energy: 29.1094
RMS of dh, dJ: 0.00112189 0.00261767
Max of dh, dJ: 0.00784363 0.0652485

iteration 400
Number of threads allocated = 1
Avg. energy: 29.0612
RMS of dh, dJ: 0.00199304 0.0032514
Max of dh, dJ: 0.011766 0.0747915

iteration 401
Number of threads allocated = 1
Avg. energy: 28.595
RMS of dh, dJ: 0.00615492 0.00149484
Max of dh, dJ: 0.0266805 0.0457624

iteration 402
Number of threads allocated = 1
Avg. energy: 28.9815
RMS of dh, dJ: 0.00271717 0.00212314
Max of dh, dJ: 0.0131325 0.0579516

iteration 403
Number of threads allocated = 1
Avg. energy: 29.0804
RMS of dh, dJ: 0.00171375 0.00240111
Max of dh, dJ: 0.00932361 0.0621508

iteration 404
Number of threads allocated = 1
Avg. energy: 29.052
RMS of dh, dJ: 0.000869962 0.00260663
Max of dh, dJ: 0.00532293 0.0659907

iteration 405
Number of threads allocated = 1
Avg. energy: 28.8687
RMS of dh, dJ: 0.00365602 0.00189012
Max of dh, dJ: 0.017203 0.052489

iteration 406
Number of threads allocated = 1
Avg. energy: 29.2154
RMS of dh, dJ: 0.00126143 0.00302682
Max of dh, dJ: 0.00873676 0.0712602

iteration 407
Number of threads allocated = 1
Avg. energy: 28.86
RMS of dh, dJ: 0.00351718 0.00189818
Max of dh, dJ: 0.0163866 0.0523774

iteration 408
Number of threads allocated = 1
Avg. energy: 28.9962
RMS of dh, dJ: 0.00172458 0.00229465
Max of dh, dJ: 0.00981238 0.0602055

iteration 409
Number of threads allocated = 1
Avg. energy: 29.0865
RMS of dh, dJ: 0.000706835 0.00262195
Max of dh, dJ: 0.00479626 0.0639751

iteration 410
Number of threads allocated = 1
Avg. energy: 28.8843
RMS of dh, dJ: 0.0011332 0.00238202
Max of dh, dJ: 0.00804063 0.0580454

iteration 411
Number of threads allocated = 1
Avg. energy: 28.878
RMS of dh, dJ: 0.00329905 0.00188054
Max of dh, dJ: 0.0148816 0.0503813

iteration 412
Number of threads allocated = 1
Avg. energy: 29.2383
RMS of dh, dJ: 0.00299948 0.00341128
Max of dh, dJ: 0.0145513 0.0739321

iteration 413
Number of threads allocated = 1
Avg. energy: 28.366
RMS of dh, dJ: 0.0104303 0.00167119
Max of dh, dJ: 0.0433484 0.0343129

iteration 414
Number of threads allocated = 1
Avg. energy: 29.5297
RMS of dh, dJ: 0.01348 0.00633719
Max of dh, dJ: 0.0563187 0.117005

iteration 415
Number of threads allocated = 1
Avg. energy: 28.5806
RMS of dh, dJ: 0.00451228 0.00160288
Max of dh, dJ: 0.0193124 0.0455554

iteration 416
Number of threads allocated = 1
Avg. energy: 28.5757
RMS of dh, dJ: 0.00763867 0.00137982
Max of dh, dJ: 0.0311925 0.0400124

iteration 417
Number of threads allocated = 1
Avg. energy: 28.7657
RMS of dh, dJ: 0.0022241 0.00205022
Max of dh, dJ: 0.0108336 0.0507077

iteration 418
Number of threads allocated = 1
Avg. energy: 28.781
RMS of dh, dJ: 0.00207859 0.0020857
Max of dh, dJ: 0.0113883 0.0523071

iteration 419
Number of threads allocated = 1
Avg. energy: 28.8177
RMS of dh, dJ: 0.0013309 0.00281302
Max of dh, dJ: 0.00858655 0.0621062

iteration 420
Number of threads allocated = 1
Avg. energy: 28.6136
RMS of dh, dJ: 0.00778102 0.0013874
Max of dh, dJ: 0.0326639 0.0382077

iteration 421
Number of threads allocated = 1
Avg. energy: 28.9996
RMS of dh, dJ: 0.000862193 0.0024412
Max of dh, dJ: 0.00728859 0.057489

iteration 422
Number of threads allocated = 1
Avg. energy: 29.0038
RMS of dh, dJ: 0.00108194 0.00277125
Max of dh, dJ: 0.00735594 0.0604555

iteration 423
Number of threads allocated = 1
Avg. energy: 28.7805
RMS of dh, dJ: 0.0015681 0.00216825
Max of dh, dJ: 0.00802996 0.0535827

iteration 424
Number of threads allocated = 1
Avg. energy: 28.7478
RMS of dh, dJ: 0.00207647 0.00204238
Max of dh, dJ: 0.0119566 0.0510554

iteration 425
Number of threads allocated = 1
Avg. energy: 28.6806
RMS of dh, dJ: 0.00448686 0.00157667
Max of dh, dJ: 0.0208296 0.0480827

iteration 426
Number of threads allocated = 1
Avg. energy: 28.7066
RMS of dh, dJ: 0.00356575 0.00334866
Max of dh, dJ: 0.018312 0.0707312

iteration 427
Number of threads allocated = 1
Avg. energy: 28.4381
RMS of dh, dJ: 0.00978058 0.00159447
Max of dh, dJ: 0.0415093 0.0361413

iteration 428
Number of threads allocated = 1
Avg. energy: 28.7645
RMS of dh, dJ: 0.000646851 0.0025095
Max of dh, dJ: 0.00576279 0.0592741

iteration 429
Number of threads allocated = 1
Avg. energy: 28.645
RMS of dh, dJ: 0.00364735 0.00169658
Max of dh, dJ: 0.0190796 0.0522624

iteration 430
Number of threads allocated = 1
Avg. energy: 28.6735
RMS of dh, dJ: 0.00421194 0.00161101
Max of dh, dJ: 0.0207281 0.0509733
Std. errors: 0.00638216 0.00185208
Model difference is within sampling error. Increasing sampling...
MC steps per iteration: 512000

iteration 431
Number of threads allocated = 1
Avg. energy: 28.7051
RMS of dh, dJ: 0.00152079 0.00212988
Max of dh, dJ: 0.0102124 0.0560788

iteration 432
Number of threads allocated = 1
Avg. energy: 28.6649
RMS of dh, dJ: 0.0012642 0.00217973
Max of dh, dJ: 0.00909527 0.0571081

iteration 433
Number of threads allocated = 1
Avg. energy: 28.5936
RMS of dh, dJ: 0.00473374 0.00150942
Max of dh, dJ: 0.0235582 0.0485163

iteration 434
Number of threads allocated = 1
Avg. energy: 28.8053
RMS of dh, dJ: 0.000924284 0.00261626
Max of dh, dJ: 0.00521713 0.059114

iteration 435
Number of threads allocated = 1
Avg. energy: 28.6357
RMS of dh, dJ: 0.00433462 0.00157569
Max of dh, dJ: 0.0216382 0.0484812

iteration 436
Number of threads allocated = 1
Avg. energy: 28.7844
RMS of dh, dJ: 0.000614005 0.00250008
Max of dh, dJ: 0.0042066 0.0577038

iteration 437
Number of threads allocated = 1
Avg. energy: 28.6511
RMS of dh, dJ: 0.0026066 0.00185217
Max of dh, dJ: 0.0145122 0.0530515

iteration 438
Number of threads allocated = 1
Avg. energy: 28.6596
RMS of dh, dJ: 0.00104117 0.00219947
Max of dh, dJ: 0.00837267 0.0537292

iteration 439
Number of threads allocated = 1
Avg. energy: 28.5537
RMS of dh, dJ: 0.00280607 0.00176308
Max of dh, dJ: 0.0155406 0.0486706

iteration 440
Number of threads allocated = 1
Avg. energy: 28.6392
RMS of dh, dJ: 0.00126792 0.00210957
Max of dh, dJ: 0.00763129 0.0524987

iteration 441
Number of threads allocated = 1
Avg. energy: 28.6148
RMS of dh, dJ: 0.00118982 0.00262468
Max of dh, dJ: 0.00672018 0.0582446

iteration 442
Number of threads allocated = 1
Avg. energy: 28.365
RMS of dh, dJ: 0.0054024 0.00139782
Max of dh, dJ: 0.0236101 0.041905

iteration 443
Number of threads allocated = 1
Avg. energy: 28.684
RMS of dh, dJ: 0.00112804 0.00263592
Max of dh, dJ: 0.0059155 0.0618833

iteration 444
Number of threads allocated = 1
Avg. energy: 28.5702
RMS of dh, dJ: 0.00133012 0.00206618
Max of dh, dJ: 0.00908938 0.0514438

iteration 445
Number of threads allocated = 1
Avg. energy: 28.4591
RMS of dh, dJ: 0.00224088 0.00184043
Max of dh, dJ: 0.0108277 0.0484284

iteration 446
Number of threads allocated = 1
Avg. energy: 28.4268
RMS of dh, dJ: 0.00649 0.00135589
Max of dh, dJ: 0.0281746 0.040364

iteration 447
Number of threads allocated = 1
Avg. energy: 28.4827
RMS of dh, dJ: 0.00381672 0.00156865
Max of dh, dJ: 0.0179207 0.0464538

iteration 448
Number of threads allocated = 1
Avg. energy: 28.6197
RMS of dh, dJ: 0.00251222 0.00292643
Max of dh, dJ: 0.0127563 0.0676645

iteration 449
Number of threads allocated = 1
Avg. energy: 28.3279
RMS of dh, dJ: 0.00534202 0.00138298
Max of dh, dJ: 0.023782 0.0417253
Std. errors: 0.00560335 0.00161224
Model difference is within sampling error. Increasing sampling...
MC steps per iteration: 1024000

iteration 450
Number of threads allocated = 1
Avg. energy: 28.4393
RMS of dh, dJ: 0.00301465 0.00167596
Max of dh, dJ: 0.0146228 0.0473454

iteration 451
Number of threads allocated = 1
Avg. energy: 28.4431
RMS of dh, dJ: 0.00431764 0.00149019
Max of dh, dJ: 0.020365 0.0444108

iteration 452
Number of threads allocated = 1
Avg. energy: 28.4981
RMS of dh, dJ: 0.00141972 0.00201408
Max of dh, dJ: 0.0088035 0.0518374

iteration 453
Number of threads allocated = 1
Avg. energy: 28.4669
RMS of dh, dJ: 0.00181558 0.00189863
Max of dh, dJ: 0.0112261 0.0492788

iteration 454
Number of threads allocated = 1
Avg. energy: 28.4618
RMS of dh, dJ: 0.00300379 0.00168336
Max of dh, dJ: 0.0153133 0.0463659

iteration 455
Number of threads allocated = 1
Avg. energy: 28.5897
RMS of dh, dJ: 0.00154206 0.00262943
Max of dh, dJ: 0.00954633 0.0642719

iteration 456
Number of threads allocated = 1
Avg. energy: 28.2959
RMS of dh, dJ: 0.00373033 0.00152926
Max of dh, dJ: 0.0184012 0.0448786

iteration 457
Number of threads allocated = 1
Avg. energy: 28.4613
RMS of dh, dJ: 0.00376653 0.0015447
Max of dh, dJ: 0.0187879 0.0457204

iteration 458
Number of threads allocated = 1
Avg. energy: 28.5571
RMS of dh, dJ: 0.00243828 0.00285062
Max of dh, dJ: 0.0129496 0.0674907

iteration 459
Number of threads allocated = 1
Avg. energy: 28.2328
RMS of dh, dJ: 0.00468014 0.00140021
Max of dh, dJ: 0.0224598 0.0422067

iteration 460
Number of threads allocated = 1
Avg. energy: 28.3667
RMS of dh, dJ: 0.00126483 0.0019698
Max of dh, dJ: 0.0079927 0.0518286

iteration 461
Number of threads allocated = 1
Avg. energy: 28.3414
RMS of dh, dJ: 0.0038206 0.00150433
Max of dh, dJ: 0.0190027 0.0456071

iteration 462
Number of threads allocated = 1
Avg. energy: 28.3988
RMS of dh, dJ: 0.00145304 0.00193989
Max of dh, dJ: 0.00999589 0.0534213

iteration 463
Number of threads allocated = 1
Avg. energy: 28.4153
RMS of dh, dJ: 0.000880581 0.00208511
Max of dh, dJ: 0.00656229 0.0548452

iteration 464
Number of threads allocated = 1
Avg. energy: 28.3069
RMS of dh, dJ: 0.00300723 0.00160598
Max of dh, dJ: 0.0161092 0.046448

iteration 465
Number of threads allocated = 1
Avg. energy: 28.5118
RMS of dh, dJ: 0.0010348 0.00244111
Max of dh, dJ: 0.00680902 0.0612212

iteration 466
Number of threads allocated = 1
Avg. energy: 28.2918
RMS of dh, dJ: 0.0045363 0.00140348
Max of dh, dJ: 0.0227986 0.0450222

iteration 467
Number of threads allocated = 1
Avg. energy: 28.5705
RMS of dh, dJ: 0.00148747 0.00258348
Max of dh, dJ: 0.00867909 0.0619126

iteration 468
Number of threads allocated = 1
Avg. energy: 28.3659
RMS of dh, dJ: 0.000500225 0.00217904
Max of dh, dJ: 0.00499686 0.0553422

iteration 469
Number of threads allocated = 1
Avg. energy: 28.2485
RMS of dh, dJ: 0.00458976 0.00138131
Max of dh, dJ: 0.022284 0.0443044

iteration 470
Number of threads allocated = 1
Avg. energy: 28.3152
RMS of dh, dJ: 0.00172958 0.00182525
Max of dh, dJ: 0.0113807 0.0498757

iteration 471
Number of threads allocated = 1
Avg. energy: 28.3379
RMS of dh, dJ: 0.00224682 0.00171715
Max of dh, dJ: 0.0136141 0.0490134

iteration 472
Number of threads allocated = 1
Avg. energy: 28.3146
RMS of dh, dJ: 0.00216349 0.00172119
Max of dh, dJ: 0.0129656 0.0485124

iteration 473
Number of threads allocated = 1
Avg. energy: 28.3469
RMS of dh, dJ: 0.00180228 0.00179043
Max of dh, dJ: 0.0108875 0.049655

iteration 474
Number of threads allocated = 1
Avg. energy: 28.4049
RMS of dh, dJ: 0.000680543 0.00225371
Max of dh, dJ: 0.00636464 0.0546333

iteration 475
Number of threads allocated = 1
Avg. energy: 28.2232
RMS of dh, dJ: 0.00350157 0.00147349
Max of dh, dJ: 0.0174411 0.0460769

iteration 476
Number of threads allocated = 1
Avg. energy: 28.465
RMS of dh, dJ: 0.00214595 0.00267096
Max of dh, dJ: 0.0114417 0.0614907

iteration 477
Number of threads allocated = 1
Avg. energy: 28.1709
RMS of dh, dJ: 0.0020703 0.00168136
Max of dh, dJ: 0.0115065 0.0489841

iteration 478
Number of threads allocated = 1
Avg. energy: 28.1818
RMS of dh, dJ: 0.00139533 0.00180459
Max of dh, dJ: 0.00862269 0.0504431

iteration 479
Number of threads allocated = 1
Avg. energy: 28.1711
RMS of dh, dJ: 0.0027584 0.00155429
Max of dh, dJ: 0.0139059 0.0465622

iteration 480
Number of threads allocated = 1
Avg. energy: 28.2179
RMS of dh, dJ: 0.0016685 0.00245581
Max of dh, dJ: 0.0107406 0.0568493

iteration 481
Number of threads allocated = 1
Avg. energy: 28.0031
RMS of dh, dJ: 0.00614588 0.00131984
Max of dh, dJ: 0.0279577 0.040529

iteration 482
Number of threads allocated = 1
Avg. energy: 28.1386
RMS of dh, dJ: 0.000841248 0.00190462
Max of dh, dJ: 0.00552699 0.0534421

iteration 483
Number of threads allocated = 1
Avg. energy: 28.1675
RMS of dh, dJ: 0.00243783 0.00158553
Max of dh, dJ: 0.0128893 0.050114

iteration 484
Number of threads allocated = 1
Avg. energy: 28.1779
RMS of dh, dJ: 0.0022448 0.00162207
Max of dh, dJ: 0.0117379 0.0504079

iteration 485
Number of threads allocated = 1
Avg. energy: 28.2379
RMS of dh, dJ: 0.00135777 0.00179699
Max of dh, dJ: 0.00878578 0.0509665

iteration 486
Number of threads allocated = 1
Avg. energy: 28.2512
RMS of dh, dJ: 0.000925525 0.00224438
Max of dh, dJ: 0.00647304 0.0562273

iteration 487
Number of threads allocated = 1
Avg. energy: 28.0238
RMS of dh, dJ: 0.00393274 0.00136733
Max of dh, dJ: 0.0178619 0.0456901

iteration 488
Number of threads allocated = 1
Avg. energy: 28.2639
RMS of dh, dJ: 0.000935714 0.00190275
Max of dh, dJ: 0.0063014 0.0528737

iteration 489
Number of threads allocated = 1
Avg. energy: 28.2334
RMS of dh, dJ: 0.000863419 0.00190589
Max of dh, dJ: 0.00515003 0.0527087

iteration 490
Number of threads allocated = 1
Avg. energy: 28.1551
RMS of dh, dJ: 0.00148502 0.0023577
Max of dh, dJ: 0.00964285 0.0549802

iteration 491
Number of threads allocated = 1
Avg. energy: 27.9195
RMS of dh, dJ: 0.00611564 0.00132523
Max of dh, dJ: 0.0268902 0.0403903

iteration 492
Number of threads allocated = 1
Avg. energy: 28.2458
RMS of dh, dJ: 0.00305825 0.00276974
Max of dh, dJ: 0.0161155 0.0594398

iteration 493
Number of threads allocated = 1
Avg. energy: 28.0692
RMS of dh, dJ: 0.00481592 0.00130533
Max of dh, dJ: 0.0222974 0.0420466

iteration 494
Number of threads allocated = 1
Avg. energy: 28.125
RMS of dh, dJ: 0.000976074 0.00182874
Max of dh, dJ: 0.0069898 0.0498806

iteration 495
Number of threads allocated = 1
Avg. energy: 28.0846
RMS of dh, dJ: 0.00181238 0.00165024
Max of dh, dJ: 0.00977105 0.0485417

iteration 496
Number of threads allocated = 1
Avg. energy: 28.046
RMS of dh, dJ: 0.00179296 0.00165009
Max of dh, dJ: 0.00983941 0.0478425

iteration 497
Number of threads allocated = 1
Avg. energy: 28.0083
RMS of dh, dJ: 0.000802295 0.00184183
Max of dh, dJ: 0.00563043 0.0505476

iteration 498
Number of threads allocated = 1
Avg. energy: 27.9664
RMS of dh, dJ: 0.00358284 0.00137717
Max of dh, dJ: 0.0182437 0.0434909

iteration 499
Number of threads allocated = 1
Avg. energy: 28.1068
RMS of dh, dJ: 0.00100224 0.002196
Max of dh, dJ: 0.0064993 0.0533659

iteration 500
Number of threads allocated = 1
Avg. energy: 27.9709
RMS of dh, dJ: 0.00409064 0.00133041
Max of dh, dJ: 0.0198179 0.0436843

iteration 501
Number of threads allocated = 1
Avg. energy: 28.1069
RMS of dh, dJ: 0.000993385 0.00219728
Max of dh, dJ: 0.00687911 0.0542429

iteration 502
Number of threads allocated = 1
Avg. energy: 27.9808
RMS of dh, dJ: 0.00159964 0.00166102
Max of dh, dJ: 0.00993707 0.0474733

iteration 503
Number of threads allocated = 1
Avg. energy: 27.9634
RMS of dh, dJ: 0.00468737 0.00130179
Max of dh, dJ: 0.0214322 0.0418054
Std. errors: 0.0049412 0.00139563
Model difference is within sampling error. Increasing sampling...
MC steps per iteration: 2048000

iteration 504
Number of threads allocated = 1
Avg. energy: 27.9954
RMS of dh, dJ: 0.00189311 0.00159664
Max of dh, dJ: 0.00936127 0.0470339

iteration 505
Number of threads allocated = 1
Avg. energy: 27.9946
RMS of dh, dJ: 0.00204454 0.00156908
Max of dh, dJ: 0.0103544 0.0471691

iteration 506
Number of threads allocated = 1
Avg. energy: 28.007
RMS of dh, dJ: 0.00165023 0.00164312
Max of dh, dJ: 0.0091767 0.0473991

iteration 507
Number of threads allocated = 1
Avg. energy: 27.998
RMS of dh, dJ: 0.00156828 0.00165336
Max of dh, dJ: 0.00860834 0.0480192

iteration 508
Number of threads allocated = 1
Avg. energy: 28.0203
RMS of dh, dJ: 0.00126317 0.00172314
Max of dh, dJ: 0.00708735 0.0492185

iteration 509
Number of threads allocated = 1
Avg. energy: 28.0347
RMS of dh, dJ: 0.000561117 0.00188634
Max of dh, dJ: 0.00376005 0.0502839

iteration 510
Number of threads allocated = 1
Avg. energy: 27.9531
RMS of dh, dJ: 0.00111256 0.00172653
Max of dh, dJ: 0.00704438 0.0486394

iteration 511
Number of threads allocated = 1
Avg. energy: 28.0404
RMS of dh, dJ: 0.0020027 0.00157348
Max of dh, dJ: 0.0108105 0.0475417

iteration 512
Number of threads allocated = 1
Avg. energy: 28.2002
RMS of dh, dJ: 0.00466885 0.00310269
Max of dh, dJ: 0.0215222 0.0661909

iteration 513
Number of threads allocated = 1
Avg. energy: 27.1159
RMS of dh, dJ: 0.016243 0.00368812
Max of dh, dJ: 0.067768 0.0673727

iteration 514
Number of threads allocated = 1
Avg. energy: 28.7577
RMS of dh, dJ: 0.0318615 0.0107981
Max of dh, dJ: 0.130651 0.179327

iteration 515
Number of threads allocated = 1
Avg. energy: 26.6689
RMS of dh, dJ: 0.0208084 0.00504395
Max of dh, dJ: 0.0861127 0.0868786

iteration 516
Number of threads allocated = 1
Avg. energy: 27.5227
RMS of dh, dJ: 0.0102569 0.00205793
Max of dh, dJ: 0.0442836 0.0452059

iteration 517
Number of threads allocated = 1
Avg. energy: 27.8767
RMS of dh, dJ: 0.00279904 0.00142166
Max of dh, dJ: 0.0139555 0.0470983

iteration 518
Number of threads allocated = 1
Avg. energy: 27.9867
RMS of dh, dJ: 0.000549528 0.00184698
Max of dh, dJ: 0.0050916 0.0527561

iteration 519
Number of threads allocated = 1
Avg. energy: 28.0046
RMS of dh, dJ: 0.000446754 0.0019701
Max of dh, dJ: 0.00323572 0.052966

iteration 520
Number of threads allocated = 1
Avg. energy: 27.9354
RMS of dh, dJ: 0.00160325 0.00160456
Max of dh, dJ: 0.00844135 0.0495022

iteration 521
Number of threads allocated = 1
Avg. energy: 28.0026
RMS of dh, dJ: 0.00165831 0.00228063
Max of dh, dJ: 0.00793493 0.0551428

iteration 522
Number of threads allocated = 1
Avg. energy: 27.8539
RMS of dh, dJ: 0.00308399 0.00137054
Max of dh, dJ: 0.0145463 0.0460964

iteration 523
Number of threads allocated = 1
Avg. energy: 27.8789
RMS of dh, dJ: 0.0017723 0.00154776
Max of dh, dJ: 0.00867524 0.0486818

iteration 524
Number of threads allocated = 1
Avg. energy: 27.8724
RMS of dh, dJ: 0.00227607 0.001459
Max of dh, dJ: 0.010746 0.0480183

iteration 525
Number of threads allocated = 1
Avg. energy: 27.8741
RMS of dh, dJ: 0.000761263 0.00172392
Max of dh, dJ: 0.00474785 0.0496799

iteration 526
Number of threads allocated = 1
Avg. energy: 27.8698
RMS of dh, dJ: 0.00215808 0.00147295
Max of dh, dJ: 0.00974513 0.0471066

iteration 527
Number of threads allocated = 1
Avg. energy: 27.9699
RMS of dh, dJ: 0.00166856 0.00156242
Max of dh, dJ: 0.00840285 0.0485764

iteration 528
Number of threads allocated = 1
Avg. energy: 28.0231
RMS of dh, dJ: 0.00224409 0.00238635
Max of dh, dJ: 0.0118275 0.0561008

iteration 529
Number of threads allocated = 1
Avg. energy: 27.6418
RMS of dh, dJ: 0.00694179 0.00143846
Max of dh, dJ: 0.0285654 0.0357233

iteration 530
Number of threads allocated = 1
Avg. energy: 28.1372
RMS of dh, dJ: 0.00569916 0.00328672
Max of dh, dJ: 0.0253309 0.0700263

iteration 531
Number of threads allocated = 1
Avg. energy: 27.8154
RMS of dh, dJ: 0.000856329 0.0016698
Max of dh, dJ: 0.00476711 0.0486779

iteration 532
Number of threads allocated = 1
Avg. energy: 27.7746
RMS of dh, dJ: 0.00173814 0.00150523
Max of dh, dJ: 0.00768095 0.0464343

iteration 533
Number of threads allocated = 1
Avg. energy: 27.765
RMS of dh, dJ: 0.0027884 0.00135629
Max of dh, dJ: 0.011899 0.0448493

iteration 534
Number of threads allocated = 1
Avg. energy: 27.8097
RMS of dh, dJ: 0.00298524 0.00133816
Max of dh, dJ: 0.0127139 0.044633

iteration 535
Number of threads allocated = 1
Avg. energy: 27.8642
RMS of dh, dJ: 0.000434543 0.00177681
Max of dh, dJ: 0.00292431 0.049466

iteration 536
Number of threads allocated = 1
Avg. energy: 27.8176
RMS of dh, dJ: 0.002527 0.00138512
Max of dh, dJ: 0.0112539 0.0454245

iteration 537
Number of threads allocated = 1
Avg. energy: 27.9188
RMS of dh, dJ: 0.000623248 0.00173024
Max of dh, dJ: 0.00432277 0.0506223

iteration 538
Number of threads allocated = 1
Avg. energy: 27.8782
RMS of dh, dJ: 0.000552098 0.001911
Max of dh, dJ: 0.0041929 0.051906

iteration 539
Number of threads allocated = 1
Avg. energy: 27.7519
RMS of dh, dJ: 0.00226224 0.00140352
Max of dh, dJ: 0.0102139 0.0456335

iteration 540
Number of threads allocated = 1
Avg. energy: 27.8828
RMS of dh, dJ: 0.000442458 0.00189566
Max of dh, dJ: 0.00328909 0.0520412

iteration 541
Number of threads allocated = 1
Avg. energy: 27.7982
RMS of dh, dJ: 0.000866349 0.00163512
Max of dh, dJ: 0.00487603 0.0485129

iteration 542
Number of threads allocated = 1
Avg. energy: 27.7615
RMS of dh, dJ: 0.000759607 0.00164799
Max of dh, dJ: 0.0041734 0.0480666

iteration 543
Number of threads allocated = 1
Avg. energy: 27.7212
RMS of dh, dJ: 0.00372484 0.00126426
Max of dh, dJ: 0.016608 0.0418498

iteration 544
Number of threads allocated = 1
Avg. energy: 27.805
RMS of dh, dJ: 0.0016881 0.00216727
Max of dh, dJ: 0.00883724 0.0533645

iteration 545
Number of threads allocated = 1
Avg. energy: 27.6443
RMS of dh, dJ: 0.00315152 0.0012935
Max of dh, dJ: 0.0150762 0.0430441

iteration 546
Number of threads allocated = 1
Avg. energy: 27.7026
RMS of dh, dJ: 0.00395327 0.00126055
Max of dh, dJ: 0.0176856 0.0416765

iteration 547
Number of threads allocated = 1
Avg. energy: 27.7442
RMS of dh, dJ: 0.000587736 0.00169576
Max of dh, dJ: 0.00393121 0.0483449

iteration 548
Number of threads allocated = 1
Avg. energy: 27.7059
RMS of dh, dJ: 0.00234189 0.00138601
Max of dh, dJ: 0.011334 0.045468

iteration 549
Number of threads allocated = 1
Avg. energy: 27.7047
RMS of dh, dJ: 0.000507493 0.00185728
Max of dh, dJ: 0.00305369 0.0501413

iteration 550
Number of threads allocated = 1
Avg. energy: 27.6458
RMS of dh, dJ: 0.00251017 0.00134972
Max of dh, dJ: 0.0125816 0.0445378

iteration 551
Number of threads allocated = 1
Avg. energy: 27.6903
RMS of dh, dJ: 0.00115042 0.00155362
Max of dh, dJ: 0.00642437 0.04855

iteration 552
Number of threads allocated = 1
Avg. energy: 27.6734
RMS of dh, dJ: 0.00151022 0.00148927
Max of dh, dJ: 0.00775836 0.0485485

iteration 553
Number of threads allocated = 1
Avg. energy: 27.6435
RMS of dh, dJ: 0.00140033 0.00150277
Max of dh, dJ: 0.00717167 0.0488894

iteration 554
Number of threads allocated = 1
Avg. energy: 27.6813
RMS of dh, dJ: 0.000422191 0.0018134
Max of dh, dJ: 0.00377893 0.0538733

iteration 555
Number of threads allocated = 1
Avg. energy: 27.5618
RMS of dh, dJ: 0.0027415 0.00130709
Max of dh, dJ: 0.0122426 0.0439274

iteration 556
Number of threads allocated = 1
Avg. energy: 27.6801
RMS of dh, dJ: 0.000918956 0.00159516
Max of dh, dJ: 0.00520682 0.0518415

iteration 557
Number of threads allocated = 1
Avg. energy: 27.655
RMS of dh, dJ: 0.00119239 0.00153029
Max of dh, dJ: 0.00662577 0.0510339

iteration 558
Number of threads allocated = 1
Avg. energy: 27.65
RMS of dh, dJ: 0.000977312 0.00193254
Max of dh, dJ: 0.00471052 0.0542844

iteration 559
Number of threads allocated = 1
Avg. energy: 27.5006
RMS of dh, dJ: 0.0032525 0.00126196
Max of dh, dJ: 0.0146438 0.0441579

iteration 560
Number of threads allocated = 1
Avg. energy: 27.6083
RMS of dh, dJ: 0.00235769 0.00135008
Max of dh, dJ: 0.0114246 0.0475534

iteration 561
Number of threads allocated = 1
Avg. energy: 27.6508
RMS of dh, dJ: 0.00159085 0.00146701
Max of dh, dJ: 0.00825126 0.0493254

iteration 562
Number of threads allocated = 1
Avg. energy: 27.6345
RMS of dh, dJ: 0.00194902 0.00140107
Max of dh, dJ: 0.00975223 0.0484787

iteration 563
Number of threads allocated = 1
Avg. energy: 27.671
RMS of dh, dJ: 0.002507 0.00227727
Max of dh, dJ: 0.0114907 0.0566272

iteration 564
Number of threads allocated = 1
Avg. energy: 27.3662
RMS of dh, dJ: 0.00750376 0.00159236
Max of dh, dJ: 0.0319062 0.0361293

iteration 565
Number of threads allocated = 1
Avg. energy: 27.765
RMS of dh, dJ: 0.000858125 0.00189343
Max of dh, dJ: 0.00719521 0.0554191

iteration 566
Number of threads allocated = 1
Avg. energy: 27.7119
RMS of dh, dJ: 0.0012586 0.00198726
Max of dh, dJ: 0.00736029 0.0550788

iteration 567
Number of threads allocated = 1
Avg. energy: 27.6151
RMS of dh, dJ: 0.00321529 0.00242802
Max of dh, dJ: 0.0151508 0.0573498

iteration 568
Number of threads allocated = 1
Avg. energy: 27.4811
RMS of dh, dJ: 0.00414088 0.00122346
Max of dh, dJ: 0.0187402 0.0415134

iteration 569
Number of threads allocated = 1
Avg. energy: 27.6329
RMS of dh, dJ: 0.000939494 0.00155535
Max of dh, dJ: 0.00568061 0.049924

iteration 570
Number of threads allocated = 1
Avg. energy: 27.5797
RMS of dh, dJ: 0.00112378 0.00191231
Max of dh, dJ: 0.00626996 0.0534592

iteration 571
Number of threads allocated = 1
Avg. energy: 27.5001
RMS of dh, dJ: 0.00380149 0.00122465
Max of dh, dJ: 0.0169819 0.0425319

iteration 572
Number of threads allocated = 1
Avg. energy: 27.5573
RMS of dh, dJ: 0.00310335 0.00125834
Max of dh, dJ: 0.015187 0.0447815
Std. errors: 0.0047341 0.00133037
Model difference is within sampling error. Increasing sampling...
MC steps per iteration: 4096000

iteration 573
Number of threads allocated = 1
Avg. energy: 27.5714
RMS of dh, dJ: 0.00140562 0.0014592
Max of dh, dJ: 0.00786811 0.0492768

iteration 574
Number of threads allocated = 1
Avg. energy: 27.5472
RMS of dh, dJ: 0.00203088 0.00135869
Max of dh, dJ: 0.0104645 0.0470771

iteration 575
Number of threads allocated = 1
Avg. energy: 27.578
RMS of dh, dJ: 0.00306173 0.00126213
Max of dh, dJ: 0.0149367 0.0455612

iteration 576
Number of threads allocated = 1
Avg. energy: 27.6436
RMS of dh, dJ: 0.00130859 0.00195965
Max of dh, dJ: 0.00803852 0.0532985

iteration 577
Number of threads allocated = 1
Avg. energy: 27.4693
RMS of dh, dJ: 0.00074218 0.00153684
Max of dh, dJ: 0.00503974 0.0482976

iteration 578
Number of threads allocated = 1
Avg. energy: 27.4378
RMS of dh, dJ: 0.00292494 0.0012455
Max of dh, dJ: 0.0140451 0.043602

iteration 579
Number of threads allocated = 1
Avg. energy: 27.4892
RMS of dh, dJ: 0.0029679 0.00125094
Max of dh, dJ: 0.0147377 0.0443039

iteration 580
Number of threads allocated = 1
Avg. energy: 27.5409
RMS of dh, dJ: 0.000740169 0.0017956
Max of dh, dJ: 0.00471287 0.0508374

iteration 581
Number of threads allocated = 1
Avg. energy: 27.454
RMS of dh, dJ: 0.00229416 0.00130149
Max of dh, dJ: 0.0116904 0.0446721

iteration 582
Number of threads allocated = 1
Avg. energy: 27.4595
RMS of dh, dJ: 0.00141739 0.00141492
Max of dh, dJ: 0.00812934 0.04656

iteration 583
Number of threads allocated = 1
Avg. energy: 27.4643
RMS of dh, dJ: 0.00227847 0.00130522
Max of dh, dJ: 0.0117834 0.0442849

iteration 584
Number of threads allocated = 1
Avg. energy: 27.5053
RMS of dh, dJ: 0.000578049 0.00157956
Max of dh, dJ: 0.00480292 0.0483117

iteration 585
Number of threads allocated = 1
Avg. energy: 27.483
RMS of dh, dJ: 0.00204106 0.00133428
Max of dh, dJ: 0.0112331 0.0447224

iteration 586
Number of threads allocated = 1
Avg. energy: 27.5181
RMS of dh, dJ: 0.000496222 0.00172356
Max of dh, dJ: 0.00345746 0.0493938

iteration 587
Number of threads allocated = 1
Avg. energy: 27.4474
RMS of dh, dJ: 0.00271966 0.00125623
Max of dh, dJ: 0.0140317 0.0429936

iteration 588
Number of threads allocated = 1
Avg. energy: 27.5356
RMS of dh, dJ: 0.00104261 0.00185468
Max of dh, dJ: 0.00562201 0.0506787

iteration 589
Number of threads allocated = 1
Avg. energy: 27.4371
RMS of dh, dJ: 0.0027555 0.00125488
Max of dh, dJ: 0.013861 0.0427212

iteration 590
Number of threads allocated = 1
Avg. energy: 27.4839
RMS of dh, dJ: 0.00240556 0.00128371
Max of dh, dJ: 0.0125682 0.0449174

iteration 591
Number of threads allocated = 1
Avg. energy: 27.466
RMS of dh, dJ: 0.0003923 0.0016766
Max of dh, dJ: 0.002916 0.0494404

iteration 592
Number of threads allocated = 1
Avg. energy: 27.4035
RMS of dh, dJ: 0.00245126 0.00126444
Max of dh, dJ: 0.0123198 0.0435615

iteration 593
Number of threads allocated = 1
Avg. energy: 27.4357
RMS of dh, dJ: 0.00217711 0.0012901
Max of dh, dJ: 0.0114049 0.0444563

iteration 594
Number of threads allocated = 1
Avg. energy: 27.4088
RMS of dh, dJ: 0.000678053 0.00149341
Max of dh, dJ: 0.00464271 0.0471916

iteration 595
Number of threads allocated = 1
Avg. energy: 27.382
RMS of dh, dJ: 0.00223212 0.00127429
Max of dh, dJ: 0.0112206 0.0436777

iteration 596
Number of threads allocated = 1
Avg. energy: 27.428
RMS of dh, dJ: 0.000335713 0.0016251
Max of dh, dJ: 0.00237434 0.0484785
Converged!
RMS of dh, dJ, tot: 0.000335713 0.0016251 0.00196081
Max of |dh|, |dJ|: 0.00237434 0.0484785
