INPUT PARAMETERS:
msa_name /data/wangd17/contact_seqs/Ntl9/NTL9_contacts.dat
freq_dir /data/wangd17/Ising-Model_biowulf/scratch/NTL9/lambda=0.000000_mc_steps_init=1000_as_al_gamma=0.100000_cutoff_rmsd=0.002000/
out_name ntl9_cont2.bm_param
folder_name NTL9_cont2
scratch_dir /data/wangd17/Ising-Model_biowulf/scratch/
input_name /data/wangd17/Ising-Model_biowulf/scratch/NTL9_cont/lambda=0.000000_mc_steps_init=1024000_as_al_gamma=0.100000_cutoff_rmsd=0.002000_restart1
mc_init random
lambda 0
myseed 1
max_iter 10000000
mc_steps 1024000
eps0_h 0.02
eps0_J 0.002
adaptive_stepsize_on 1
adaptive_sampling_on 1
eps_inc 1.5
eps_dec 0.6
eps_min_h 0.001
eps_max_h 2.5
eps_min_J 0.00001
eps_max_J_N 2.5
gamma 0.1
cutoff_freq 0.05
delta 0.0
symmetrize_on 0
do_lowmem_fill 1
cutoff_rmsd 0.002
conv_type rmsd
verbose 1
record_freq 50
num_restarts 2

/data/wangd17/contact_seqs/Ntl9/NTL9_contacts.dat
Sequence length: 630
random
conv type: rmsd
Reading in MSA frequencies...
Fitting model.

iteration 0
Number of threads allocated = 1
Avg. energy: 87.1733
RMS of dh, dJ: 0.000722923 0.00153702
Max of dh, dJ: 0.00445235 0.0479851

iteration 1
Number of threads allocated = 1
Avg. energy: 87.1756
RMS of dh, dJ: 0.000804756 0.00153997
Max of dh, dJ: 0.00541134 0.0489489

iteration 2
Number of threads allocated = 1
Avg. energy: 87.2003
RMS of dh, dJ: 0.000680313 0.00153864
Max of dh, dJ: 0.00377732 0.0497204

iteration 3
Number of threads allocated = 1
Avg. energy: 87.2078
RMS of dh, dJ: 0.000526462 0.00153536
Max of dh, dJ: 0.00319747 0.0481862

iteration 4
Number of threads allocated = 1
Avg. energy: 87.1618
RMS of dh, dJ: 0.000520885 0.0015345
Max of dh, dJ: 0.00223101 0.0487487

iteration 5
Number of threads allocated = 1
Avg. energy: 87.2404
RMS of dh, dJ: 0.00125708 0.00155955
Max of dh, dJ: 0.00588043 0.0471501

iteration 6
Number of threads allocated = 1
Avg. energy: 87.1701
RMS of dh, dJ: 0.00066997 0.00154251
Max of dh, dJ: 0.00323801 0.0499958

iteration 7
Number of threads allocated = 1
Avg. energy: 87.1283
RMS of dh, dJ: 0.00101979 0.00156677
Max of dh, dJ: 0.0058688 0.0487644

iteration 8
Number of threads allocated = 1
Avg. energy: 87.3107
RMS of dh, dJ: 0.00203438 0.00162127
Max of dh, dJ: 0.00941191 0.0487214

iteration 9
Number of threads allocated = 1
Avg. energy: 87.0352
RMS of dh, dJ: 0.00226942 0.00168742
Max of dh, dJ: 0.0105924 0.0505075

iteration 10
Number of threads allocated = 1
Avg. energy: 87.2806
RMS of dh, dJ: 0.00166809 0.00159252
Max of dh, dJ: 0.00782281 0.0472028

iteration 11
Number of threads allocated = 1
Avg. energy: 87.1457
RMS of dh, dJ: 0.000567949 0.0015389
Max of dh, dJ: 0.00239307 0.0503015

iteration 12
Number of threads allocated = 1
Avg. energy: 87.216
RMS of dh, dJ: 0.000744274 0.00153307
Max of dh, dJ: 0.00346247 0.0478855

iteration 13
Number of threads allocated = 1
Avg. energy: 87.222
RMS of dh, dJ: 0.000919982 0.00154274
Max of dh, dJ: 0.00491754 0.0478962

iteration 14
Number of threads allocated = 1
Avg. energy: 87.3553
RMS of dh, dJ: 0.00281442 0.00171038
Max of dh, dJ: 0.0130896 0.0459314

iteration 15
Number of threads allocated = 1
Avg. energy: 87.2473
RMS of dh, dJ: 0.0015274 0.00158512
Max of dh, dJ: 0.00802789 0.0469587

iteration 16
Number of threads allocated = 1
Avg. energy: 87.1582
RMS of dh, dJ: 0.00060522 0.00153492
Max of dh, dJ: 0.00374582 0.0479821

iteration 17
Number of threads allocated = 1
Avg. energy: 87.056
RMS of dh, dJ: 0.00135558 0.00157464
Max of dh, dJ: 0.00744161 0.0481101

iteration 18
Number of threads allocated = 1
Avg. energy: 87.0807
RMS of dh, dJ: 0.000929346 0.00155361
Max of dh, dJ: 0.00408645 0.0495622

iteration 19
Number of threads allocated = 1
Avg. energy: 87.1613
RMS of dh, dJ: 0.000583317 0.00153119
Max of dh, dJ: 0.00352462 0.0487741

iteration 20
Number of threads allocated = 1
Avg. energy: 87.2513
RMS of dh, dJ: 0.000912607 0.00153846
Max of dh, dJ: 0.00480328 0.0469851

iteration 21
Number of threads allocated = 1
Avg. energy: 87.0815
RMS of dh, dJ: 0.0019272 0.00163461
Max of dh, dJ: 0.00789614 0.0503952

iteration 22
Number of threads allocated = 1
Avg. energy: 87.1859
RMS of dh, dJ: 0.000546507 0.00152806
Max of dh, dJ: 0.00301072 0.0487771

iteration 23
Number of threads allocated = 1
Avg. energy: 87.1326
RMS of dh, dJ: 0.000625713 0.00153032
Max of dh, dJ: 0.00386907 0.0458288

iteration 24
Number of threads allocated = 1
Avg. energy: 87.1398
RMS of dh, dJ: 0.000626666 0.00153303
Max of dh, dJ: 0.00343575 0.0480358

iteration 25
Number of threads allocated = 1
Avg. energy: 87.1947
RMS of dh, dJ: 0.000924468 0.00153952
Max of dh, dJ: 0.00407574 0.0478122

iteration 26
Number of threads allocated = 1
Avg. energy: 87.0786
RMS of dh, dJ: 0.000569446 0.00153527
Max of dh, dJ: 0.00305918 0.0491853

iteration 27
Number of threads allocated = 1
Avg. energy: 87.155
RMS of dh, dJ: 0.00071159 0.00153931
Max of dh, dJ: 0.00344493 0.0483513

iteration 28
Number of threads allocated = 1
Avg. energy: 87.1922
RMS of dh, dJ: 0.00085965 0.00153798
Max of dh, dJ: 0.00419349 0.0468142

iteration 29
Number of threads allocated = 1
Avg. energy: 87.1308
RMS of dh, dJ: 0.000497919 0.00152967
Max of dh, dJ: 0.00260056 0.0480339

iteration 30
Number of threads allocated = 1
Avg. energy: 87.0359
RMS of dh, dJ: 0.00175493 0.00161589
Max of dh, dJ: 0.0081354 0.0497439

iteration 31
Number of threads allocated = 1
Avg. energy: 87.13
RMS of dh, dJ: 0.000889752 0.00155238
Max of dh, dJ: 0.00485891 0.0477312

iteration 32
Number of threads allocated = 1
Avg. energy: 87.2471
RMS of dh, dJ: 0.00164171 0.00157353
Max of dh, dJ: 0.00770423 0.0477995

iteration 33
Number of threads allocated = 1
Avg. energy: 87.256
RMS of dh, dJ: 0.00156576 0.00157265
Max of dh, dJ: 0.00767828 0.0473708

iteration 34
Number of threads allocated = 1
Avg. energy: 87.1443
RMS of dh, dJ: 0.000593509 0.00153422
Max of dh, dJ: 0.00329025 0.0480212

iteration 35
Number of threads allocated = 1
Avg. energy: 87.1388
RMS of dh, dJ: 0.000508847 0.00153193
Max of dh, dJ: 0.00277696 0.0486648

iteration 36
Number of threads allocated = 1
Avg. energy: 87.0775
RMS of dh, dJ: 0.000977623 0.00155918
Max of dh, dJ: 0.00443325 0.048821

iteration 37
Number of threads allocated = 1
Avg. energy: 87.1183
RMS of dh, dJ: 0.000719233 0.0015375
Max of dh, dJ: 0.00494357 0.0482136

iteration 38
Number of threads allocated = 1
Avg. energy: 87.2283
RMS of dh, dJ: 0.00107759 0.00154611
Max of dh, dJ: 0.00602984 0.0482917

iteration 39
Number of threads allocated = 1
Avg. energy: 87.2053
RMS of dh, dJ: 0.000598526 0.001531
Max of dh, dJ: 0.00354099 0.049404

iteration 40
Number of threads allocated = 1
Avg. energy: 87.1721
RMS of dh, dJ: 0.000500061 0.00152597
Max of dh, dJ: 0.00218552 0.0490456

iteration 41
Number of threads allocated = 1
Avg. energy: 87.1699
RMS of dh, dJ: 0.000505551 0.00152762
Max of dh, dJ: 0.00232183 0.0485778

iteration 42
Number of threads allocated = 1
Avg. energy: 87.194
RMS of dh, dJ: 0.000702416 0.00152797
Max of dh, dJ: 0.0035649 0.047695

iteration 43
Number of threads allocated = 1
Avg. energy: 87.1393
RMS of dh, dJ: 0.000617071 0.00154059
Max of dh, dJ: 0.00382681 0.0486267

iteration 44
Number of threads allocated = 1
Avg. energy: 87.0553
RMS of dh, dJ: 0.0012481 0.00157077
Max of dh, dJ: 0.00593227 0.0491677

iteration 45
Number of threads allocated = 1
Avg. energy: 87.2361
RMS of dh, dJ: 0.00159059 0.00157051
Max of dh, dJ: 0.00701519 0.0456081

iteration 46
Number of threads allocated = 1
Avg. energy: 87.1651
RMS of dh, dJ: 0.00074147 0.00153135
Max of dh, dJ: 0.00390215 0.0471482

iteration 47
Number of threads allocated = 1
Avg. energy: 87.1256
RMS of dh, dJ: 0.000998956 0.00155775
Max of dh, dJ: 0.00509048 0.048905

iteration 48
Number of threads allocated = 1
Avg. energy: 87.0574
RMS of dh, dJ: 0.000908493 0.0015473
Max of dh, dJ: 0.00495626 0.0482995

iteration 49
Number of threads allocated = 1
Avg. energy: 87.2425
RMS of dh, dJ: 0.00102985 0.00153833
Max of dh, dJ: 0.00506816 0.0480691

iteration 50
Number of threads allocated = 1
Avg. energy: 87.1184
RMS of dh, dJ: 0.000623448 0.00153209
Max of dh, dJ: 0.0036588 0.0479597

iteration 51
Number of threads allocated = 1
Avg. energy: 87.163
RMS of dh, dJ: 0.00064477 0.00152928
Max of dh, dJ: 0.00306931 0.0470388

iteration 52
Number of threads allocated = 1
Avg. energy: 87.2096
RMS of dh, dJ: 0.00115785 0.0015451
Max of dh, dJ: 0.00560307 0.0458776

iteration 53
Number of threads allocated = 1
Avg. energy: 87.0432
RMS of dh, dJ: 0.0019018 0.00163664
Max of dh, dJ: 0.00892446 0.0499646

iteration 54
Number of threads allocated = 1
Avg. energy: 87.0953
RMS of dh, dJ: 0.000964258 0.00155284
Max of dh, dJ: 0.00423659 0.0480026

iteration 55
Number of threads allocated = 1
Avg. energy: 87.1438
RMS of dh, dJ: 0.000688688 0.00153368
Max of dh, dJ: 0.00366483 0.0484441

iteration 56
Number of threads allocated = 1
Avg. energy: 87.0975
RMS of dh, dJ: 0.000790949 0.00152803
Max of dh, dJ: 0.0039654 0.0472341

iteration 57
Number of threads allocated = 1
Avg. energy: 87.1642
RMS of dh, dJ: 0.000893665 0.00153083
Max of dh, dJ: 0.00382322 0.0469997

iteration 58
Number of threads allocated = 1
Avg. energy: 87.1833
RMS of dh, dJ: 0.000609499 0.00152935
Max of dh, dJ: 0.00362278 0.0483923

iteration 59
Number of threads allocated = 1
Avg. energy: 87.1452
RMS of dh, dJ: 0.000578799 0.00152208
Max of dh, dJ: 0.002967 0.0470964

iteration 60
Number of threads allocated = 1
Avg. energy: 87.109
RMS of dh, dJ: 0.000593159 0.00153257
Max of dh, dJ: 0.00280252 0.0483571

iteration 61
Number of threads allocated = 1
Avg. energy: 87.2423
RMS of dh, dJ: 0.00184804 0.0015944
Max of dh, dJ: 0.00946832 0.0467829

iteration 62
Number of threads allocated = 1
Avg. energy: 87.2284
RMS of dh, dJ: 0.000957773 0.00153906
Max of dh, dJ: 0.00524078 0.0468132

iteration 63
Number of threads allocated = 1
Avg. energy: 87.2111
RMS of dh, dJ: 0.000614066 0.00152313
Max of dh, dJ: 0.00287457 0.0478923

iteration 64
Number of threads allocated = 1
Avg. energy: 87.2093
RMS of dh, dJ: 0.000972324 0.00153218
Max of dh, dJ: 0.00456988 0.0475349

iteration 65
Number of threads allocated = 1
Avg. energy: 87.1556
RMS of dh, dJ: 0.00062508 0.00152276
Max of dh, dJ: 0.00306305 0.0481472

iteration 66
Number of threads allocated = 1
Avg. energy: 87.0535
RMS of dh, dJ: 0.0010743 0.00156053
Max of dh, dJ: 0.00511778 0.0485593

iteration 67
Number of threads allocated = 1
Avg. energy: 87.2106
RMS of dh, dJ: 0.00135666 0.0015576
Max of dh, dJ: 0.0069605 0.0466999

iteration 68
Number of threads allocated = 1
Avg. energy: 87.1577
RMS of dh, dJ: 0.000876629 0.00152912
Max of dh, dJ: 0.00422711 0.0469489

iteration 69
Number of threads allocated = 1
Avg. energy: 87.0923
RMS of dh, dJ: 0.000874794 0.0015365
Max of dh, dJ: 0.00369591 0.0489157

iteration 70
Number of threads allocated = 1
Avg. energy: 86.9695
RMS of dh, dJ: 0.00208599 0.00164816
Max of dh, dJ: 0.00866187 0.0493093

iteration 71
Number of threads allocated = 1
Avg. energy: 87.1698
RMS of dh, dJ: 0.000508313 0.00152225
Max of dh, dJ: 0.00256896 0.0473308

iteration 72
Number of threads allocated = 1
Avg. energy: 87.1331
RMS of dh, dJ: 0.000673229 0.00152294
Max of dh, dJ: 0.00355659 0.047615

iteration 73
Number of threads allocated = 1
Avg. energy: 87.1425
RMS of dh, dJ: 0.000670453 0.00152179
Max of dh, dJ: 0.00303948 0.0480759

iteration 74
Number of threads allocated = 1
Avg. energy: 87.0933
RMS of dh, dJ: 0.00109013 0.00154754
Max of dh, dJ: 0.00525467 0.0493435

iteration 75
Number of threads allocated = 1
Avg. energy: 87.1066
RMS of dh, dJ: 0.000618674 0.0015229
Max of dh, dJ: 0.00311992 0.0475896

iteration 76
Number of threads allocated = 1
Avg. energy: 87.0766
RMS of dh, dJ: 0.000495782 0.0015281
Max of dh, dJ: 0.00239364 0.0477507

iteration 77
Number of threads allocated = 1
Avg. energy: 87.1676
RMS of dh, dJ: 0.00111272 0.00153893
Max of dh, dJ: 0.0051138 0.0477487

iteration 78
Number of threads allocated = 1
Avg. energy: 86.9431
RMS of dh, dJ: 0.00223722 0.00166082
Max of dh, dJ: 0.0101647 0.0501023

iteration 79
Number of threads allocated = 1
Avg. energy: 87.1143
RMS of dh, dJ: 0.000521332 0.00152187
Max of dh, dJ: 0.00296184 0.0467204

iteration 80
Number of threads allocated = 1
Avg. energy: 87.0858
RMS of dh, dJ: 0.000660394 0.00152449
Max of dh, dJ: 0.00354099 0.0460368

iteration 81
Number of threads allocated = 1
Avg. energy: 87.1135
RMS of dh, dJ: 0.000608866 0.00152185
Max of dh, dJ: 0.00312898 0.0468874

iteration 82
Number of threads allocated = 1
Avg. energy: 87.0966
RMS of dh, dJ: 0.000580384 0.00152701
Max of dh, dJ: 0.00316694 0.0485759

iteration 83
Number of threads allocated = 1
Avg. energy: 87.2322
RMS of dh, dJ: 0.0013877 0.00154615
Max of dh, dJ: 0.00674119 0.0462351

iteration 84
Number of threads allocated = 1
Avg. energy: 87.1239
RMS of dh, dJ: 0.000515721 0.00151843
Max of dh, dJ: 0.0024778 0.0470368

iteration 85
Number of threads allocated = 1
Avg. energy: 87.0149
RMS of dh, dJ: 0.0014867 0.00158677
Max of dh, dJ: 0.00637173 0.0500329

iteration 86
Number of threads allocated = 1
Avg. energy: 87.1027
RMS of dh, dJ: 0.000523646 0.00152101
Max of dh, dJ: 0.00274571 0.0477067

iteration 87
Number of threads allocated = 1
Avg. energy: 87.1608
RMS of dh, dJ: 0.000860057 0.00152316
Max of dh, dJ: 0.00382044 0.0478064

iteration 88
Number of threads allocated = 1
Avg. energy: 87.1308
RMS of dh, dJ: 0.000672239 0.0015213
Max of dh, dJ: 0.00346965 0.0481003

iteration 89
Number of threads allocated = 1
Avg. energy: 87.1526
RMS of dh, dJ: 0.000958138 0.00153098
Max of dh, dJ: 0.00581793 0.0474577

iteration 90
Number of threads allocated = 1
Avg. energy: 87.1435
RMS of dh, dJ: 0.000637938 0.00152025
Max of dh, dJ: 0.00408517 0.0465691

iteration 91
Number of threads allocated = 1
Avg. energy: 87.0984
RMS of dh, dJ: 0.000598192 0.00152553
Max of dh, dJ: 0.00352505 0.0481823

iteration 92
Number of threads allocated = 1
Avg. energy: 87.0163
RMS of dh, dJ: 0.00118137 0.00155656
Max of dh, dJ: 0.00546548 0.0499939

iteration 93
Number of threads allocated = 1
Avg. energy: 87.1569
RMS of dh, dJ: 0.000788156 0.00151673
Max of dh, dJ: 0.00326035 0.0458269

iteration 94
Number of threads allocated = 1
Avg. energy: 87.1553
RMS of dh, dJ: 0.00142103 0.00155429
Max of dh, dJ: 0.00648687 0.0453845

iteration 95
Number of threads allocated = 1
Avg. energy: 87.1184
RMS of dh, dJ: 0.000660908 0.00151857
Max of dh, dJ: 0.00404534 0.0482732

iteration 96
Number of threads allocated = 1
Avg. energy: 87.1138
RMS of dh, dJ: 0.000459432 0.00151881
Max of dh, dJ: 0.0027032 0.0497819
Converged!
RMS of dh, dJ, tot: 0.000459432 0.00151881 0.00197825
Max of |dh|, |dJ|: 0.0027032 0.0497819
