INPUT PARAMETERS:
msa_name /data/wangd17/contact_seqs/Ubiquitin_all/1ubq_contacts_stable_all.dat
freq_dir /data/wangd17/Ising-Model_biowulf/scratch/Ubiquitin_stable_all/lambda=0.000000_mc_steps_init=1000_as_al_gamma=0.100000_cutoff_rmsd=0.002000/
out_name ubiquitin_stable_all_cont2.bm_param
folder_name Ubiquitin_stable_all_cont2
scratch_dir /data/wangd17/Ising-Model_biowulf/scratch/
input_name /data/wangd17/Ising-Model_biowulf/scratch/Ubiquitin_stable_all_cont/lambda=0.000000_mc_steps_init=2048000_as_al_gamma=0.100000_cutoff_rmsd=0.002000_restart1
mc_init random
lambda 0
myseed 1
max_iter 10000000
mc_steps 4096000
eps0_h 0.02
eps0_J 0.002
adaptive_stepsize_on 1
adaptive_sampling_on 1
eps_inc 1.5
eps_dec 0.6
eps_min_h 0.001
eps_max_h 2.5
eps_min_J 0.00001
eps_max_J_N 2.5
gamma 0.1
cutoff_freq 0.05
delta 0.0
symmetrize_on 0
do_lowmem_fill 1
cutoff_rmsd 0.002
conv_type rmsd
verbose 1
record_freq 50
num_restarts 2

/data/wangd17/contact_seqs/Ubiquitin_all/1ubq_contacts_stable_all.dat
Sequence length: 2628
random
conv type: rmsd
Reading in MSA frequencies...
Fitting model.

iteration 0
Number of threads allocated = 1
Avg. energy: 150.335
RMS of dh, dJ: 0.0013266 0.00264205
Max of dh, dJ: 0.0164875 0.179499

iteration 1
Number of threads allocated = 1
Avg. energy: 149.901
RMS of dh, dJ: 0.00300754 0.00209551
Max of dh, dJ: 0.021061 0.163971

iteration 2
Number of threads allocated = 1
Avg. energy: 149.332
RMS of dh, dJ: 0.00879348 0.00183055
Max of dh, dJ: 0.0527146 0.143267

iteration 3
Number of threads allocated = 1
Avg. energy: 150.057
RMS of dh, dJ: 0.00124795 0.0023447
Max of dh, dJ: 0.0111899 0.171581

iteration 4
Number of threads allocated = 1
Avg. energy: 149.186
RMS of dh, dJ: 0.00998459 0.00189132
Max of dh, dJ: 0.0591606 0.141523

iteration 5
Number of threads allocated = 1
Avg. energy: 149.745
RMS of dh, dJ: 0.00510962 0.0018978
Max of dh, dJ: 0.0330795 0.163757

iteration 6
Number of threads allocated = 1
Avg. energy: 149.969
RMS of dh, dJ: 0.00242181 0.0021559
Max of dh, dJ: 0.0177819 0.173997

iteration 7
Number of threads allocated = 1
Avg. energy: 150.462
RMS of dh, dJ: 0.00444659 0.00319633
Max of dh, dJ: 0.0333361 0.194414

iteration 8
Number of threads allocated = 1
Avg. energy: 149.101
RMS of dh, dJ: 0.00960995 0.00186594
Max of dh, dJ: 0.0572888 0.142115

iteration 9
Number of threads allocated = 1
Avg. energy: 150.43
RMS of dh, dJ: 0.00459727 0.00321669
Max of dh, dJ: 0.0337914 0.194592

iteration 10
