INPUT PARAMETERS:
msa_name /data/wangd17/contact_seqs/Ubiquitin/1ubq_contacts_stable.dat
freq_dir /data/wangd17/Ising-Model_biowulf/scratch/Ubiquitin_stable/lambda=0.000000_mc_steps_init=1000_as_al_gamma=0.100000_cutoff_rmsd=0.002000/
out_name ubiquitin_stable_cont2.bm_param
folder_name Ubiquitin_stable_cont2
scratch_dir /data/wangd17/Ising-Model_biowulf/scratch/
input_name /data/wangd17/Ising-Model_biowulf/scratch/Ubiquitin_stable/lambda=0.000000_mc_steps_init=1000_as_al_gamma=0.100000_cutoff_rmsd=0.002000/
mc_init random
lambda 0
myseed 1
max_iter 10000000
mc_steps 32000
eps0_h 0.02
eps0_J 0.002
adaptive_stepsize_on 1
adaptive_sampling_on 1
eps_inc 1.5
eps_dec 0.6
eps_min_h 0.001
eps_max_h 2.5
eps_min_J 0.00001
eps_max_J_N 2.5
gamma 0.1
cutoff_freq 0.05
delta 0.0
symmetrize_on 0
do_lowmem_fill 1
cutoff_rmsd 0.002
conv_type rmsd
verbose 1
record_freq 50
num_restarts 1

/data/wangd17/contact_seqs/Ubiquitin/1ubq_contacts_stable.dat
Sequence length: 2628
random
conv type: rmsd
Reading in MSA frequencies...
Fitting model.

iteration 0
Number of threads allocated = 1
Avg. energy: 167.492
RMS of dh, dJ: 0.00115383 0.00107042
Max of dh, dJ: 0.0114125 0.132408

iteration 1
Number of threads allocated = 1
Avg. energy: 167.732
RMS of dh, dJ: 0.00124815 0.00105001
Max of dh, dJ: 0.0110268 0.130336

iteration 2
Number of threads allocated = 1
Avg. energy: 167.47
RMS of dh, dJ: 0.0012689 0.00105986
Max of dh, dJ: 0.00930666 0.131471

iteration 3
Number of threads allocated = 1
Avg. energy: 167.359
RMS of dh, dJ: 0.00118949 0.00107073
Max of dh, dJ: 0.0112578 0.128721

iteration 4
Number of threads allocated = 1
Avg. energy: 167.844
RMS of dh, dJ: 0.00138982 0.00104446
Max of dh, dJ: 0.0150968 0.140221

iteration 5
Number of threads allocated = 1
Avg. energy: 167.544
RMS of dh, dJ: 0.00116378 0.00106026
Max of dh, dJ: 0.00845491 0.132533

iteration 6
Number of threads allocated = 1
Avg. energy: 167.902
RMS of dh, dJ: 0.00253844 0.00103347
Max of dh, dJ: 0.0292621 0.133283

iteration 7
Number of threads allocated = 1
Avg. energy: 167.683
RMS of dh, dJ: 0.00130092 0.00104977
Max of dh, dJ: 0.0110663 0.128221

iteration 8
Number of threads allocated = 1
Avg. energy: 167.864
RMS of dh, dJ: 0.00121068 0.00106108
Max of dh, dJ: 0.0107476 0.132471

iteration 9
Number of threads allocated = 1
Avg. energy: 167.751
RMS of dh, dJ: 0.00173027 0.00103637
Max of dh, dJ: 0.0210438 0.124023

iteration 10
Number of threads allocated = 1
Avg. energy: 167.755
RMS of dh, dJ: 0.00127313 0.00106822
Max of dh, dJ: 0.0112129 0.13719

iteration 11
Number of threads allocated = 1
Avg. energy: 167.445
RMS of dh, dJ: 0.00146099 0.00108487
Max of dh, dJ: 0.0168846 0.131408

iteration 12
Number of threads allocated = 1
Avg. energy: 167.771
RMS of dh, dJ: 0.00189737 0.00103652
Max of dh, dJ: 0.0208682 0.131158

iteration 13
Number of threads allocated = 1
Avg. energy: 167.502
RMS of dh, dJ: 0.00146779 0.00104225
Max of dh, dJ: 0.0147674 0.132565

iteration 14
Number of threads allocated = 1
Avg. energy: 167.993
RMS of dh, dJ: 0.0029521 0.0010327
Max of dh, dJ: 0.0349862 0.129033

iteration 15
Number of threads allocated = 1
Avg. energy: 167.452
RMS of dh, dJ: 0.00153471 0.00103793
Max of dh, dJ: 0.0156087 0.124242

iteration 16
Number of threads allocated = 1
Avg. energy: 167.788
RMS of dh, dJ: 0.00156284 0.00103606
Max of dh, dJ: 0.0150655 0.132127

iteration 17
Number of threads allocated = 1
Avg. energy: 167.571
RMS of dh, dJ: 0.00134672 0.00104295
Max of dh, dJ: 0.0124093 0.133502

iteration 18
Number of threads allocated = 1
Avg. energy: 167.464
RMS of dh, dJ: 0.00179156 0.00110052
Max of dh, dJ: 0.0210451 0.137002

iteration 19
Number of threads allocated = 1
Avg. energy: 167.367
RMS of dh, dJ: 0.00113229 0.00105201
Max of dh, dJ: 0.00838624 0.132221

iteration 20
Number of threads allocated = 1
Avg. energy: 168.329
RMS of dh, dJ: 0.00286822 0.00103641
Max of dh, dJ: 0.0345799 0.133971

iteration 21
Number of threads allocated = 1
Avg. energy: 167.542
RMS of dh, dJ: 0.00214787 0.0011033
Max of dh, dJ: 0.0237486 0.133471

iteration 22
Number of threads allocated = 1
Avg. energy: 168.046
RMS of dh, dJ: 0.00194015 0.00103636
Max of dh, dJ: 0.0240067 0.129408

iteration 23
Number of threads allocated = 1
Avg. energy: 167.957
RMS of dh, dJ: 0.00167058 0.00103277
Max of dh, dJ: 0.0175121 0.132346

iteration 24
Number of threads allocated = 1
Avg. energy: 167.875
RMS of dh, dJ: 0.00126909 0.00106254
Max of dh, dJ: 0.0102337 0.132908

iteration 25
Number of threads allocated = 1
Avg. energy: 167.787
RMS of dh, dJ: 0.00123077 0.00104404
Max of dh, dJ: 0.00985756 0.128283

iteration 26
Number of threads allocated = 1
Avg. energy: 168.065
RMS of dh, dJ: 0.00134542 0.0010467
Max of dh, dJ: 0.0128974 0.131877

iteration 27
Number of threads allocated = 1
Avg. energy: 167.698
RMS of dh, dJ: 0.00131317 0.00106923
Max of dh, dJ: 0.0104946 0.131221

iteration 28
Number of threads allocated = 1
Avg. energy: 167.887
RMS of dh, dJ: 0.00178103 0.00103144
Max of dh, dJ: 0.0211063 0.131033

iteration 29
Number of threads allocated = 1
Avg. energy: 167.991
RMS of dh, dJ: 0.00135937 0.00104744
Max of dh, dJ: 0.0143899 0.13269

iteration 30
Number of threads allocated = 1
Avg. energy: 168.304
RMS of dh, dJ: 0.00185517 0.00103618
Max of dh, dJ: 0.0206673 0.133315

iteration 31
Number of threads allocated = 1
Avg. energy: 167.771
RMS of dh, dJ: 0.00114154 0.00105182
Max of dh, dJ: 0.00728237 0.126471

iteration 32
Number of threads allocated = 1
Avg. energy: 167.522
RMS of dh, dJ: 0.00155251 0.00108729
Max of dh, dJ: 0.0146504 0.128408

iteration 33
Number of threads allocated = 1
Avg. energy: 167.676
RMS of dh, dJ: 0.00158592 0.00103597
Max of dh, dJ: 0.0175557 0.138065

iteration 34
Number of threads allocated = 1
Avg. energy: 167.711
RMS of dh, dJ: 0.00195328 0.00103448
Max of dh, dJ: 0.0214455 0.136127

iteration 35
Number of threads allocated = 1
Avg. energy: 167.628
RMS of dh, dJ: 0.00133312 0.00104182
Max of dh, dJ: 0.0126942 0.13294

iteration 36
Number of threads allocated = 1
Avg. energy: 167.384
RMS of dh, dJ: 0.00143028 0.00104036
Max of dh, dJ: 0.0137567 0.126961

iteration 37
Number of threads allocated = 1
Avg. energy: 167.714
RMS of dh, dJ: 0.00127876 0.00106453
Max of dh, dJ: 0.0151441 0.133596

iteration 38
Number of threads allocated = 1
Avg. energy: 168.224
RMS of dh, dJ: 0.00195139 0.00103452
Max of dh, dJ: 0.0212001 0.13919

iteration 39
Number of threads allocated = 1
Avg. energy: 168.032
RMS of dh, dJ: 0.00220676 0.00102889
Max of dh, dJ: 0.0272119 0.125315

iteration 40
Number of threads allocated = 1
Avg. energy: 167.801
RMS of dh, dJ: 0.00243181 0.00103879
Max of dh, dJ: 0.0298192 0.128783

iteration 41
Number of threads allocated = 1
Avg. energy: 167.974
RMS of dh, dJ: 0.00137303 0.00103677
Max of dh, dJ: 0.014253 0.137783

iteration 42
Number of threads allocated = 1
Avg. energy: 167.626
RMS of dh, dJ: 0.00200558 0.00102903
Max of dh, dJ: 0.0238139 0.127565

iteration 43
Number of threads allocated = 1
Avg. energy: 167.553
RMS of dh, dJ: 0.00134323 0.00103567
Max of dh, dJ: 0.0128804 0.12944

iteration 44
Number of threads allocated = 1
Avg. energy: 167.707
RMS of dh, dJ: 0.00125679 0.001051
Max of dh, dJ: 0.0119094 0.126752

iteration 45
Number of threads allocated = 1
Avg. energy: 167.652
RMS of dh, dJ: 0.00169257 0.0010941
Max of dh, dJ: 0.0183692 0.13319

iteration 46
Number of threads allocated = 1
Avg. energy: 167.985
RMS of dh, dJ: 0.0048069 0.00107562
Max of dh, dJ: 0.0574496 0.132408

iteration 47
Number of threads allocated = 1
Avg. energy: 167.28
RMS of dh, dJ: 0.00308701 0.00116211
Max of dh, dJ: 0.0353888 0.132127

iteration 48
Number of threads allocated = 1
Avg. energy: 167.289
RMS of dh, dJ: 0.00194955 0.00109648
Max of dh, dJ: 0.0215089 0.132158

iteration 49
Number of threads allocated = 1
Avg. energy: 167.568
RMS of dh, dJ: 0.00139555 0.00103938
Max of dh, dJ: 0.0127099 0.129565

iteration 50
Number of threads allocated = 1
Avg. energy: 167.691
RMS of dh, dJ: 0.00125418 0.00105596
Max of dh, dJ: 0.0121513 0.131127

iteration 51
Number of threads allocated = 1
Avg. energy: 167.437
RMS of dh, dJ: 0.00138894 0.00103723
Max of dh, dJ: 0.0129212 0.126711

iteration 52
Number of threads allocated = 1
Avg. energy: 167.409
RMS of dh, dJ: 0.00128425 0.00106706
Max of dh, dJ: 0.0107174 0.126242

iteration 53
Number of threads allocated = 1
Avg. energy: 168.017
RMS of dh, dJ: 0.00190967 0.00103214
Max of dh, dJ: 0.021788 0.129554

iteration 54
Number of threads allocated = 1
Avg. energy: 167.17
RMS of dh, dJ: 0.00146936 0.00107654
Max of dh, dJ: 0.0134655 0.129158

iteration 55
Number of threads allocated = 1
Avg. energy: 167.633
RMS of dh, dJ: 0.00122121 0.00104163
Max of dh, dJ: 0.00789494 0.130783

iteration 56
Number of threads allocated = 1
Avg. energy: 167.424
RMS of dh, dJ: 0.00167015 0.00108093
Max of dh, dJ: 0.0148628 0.127658

iteration 57
Number of threads allocated = 1
Avg. energy: 167.966
RMS of dh, dJ: 0.00363147 0.00103891
Max of dh, dJ: 0.0442362 0.130846

iteration 58
Number of threads allocated = 1
Avg. energy: 168.051
RMS of dh, dJ: 0.00339426 0.00103811
Max of dh, dJ: 0.0424549 0.128752

iteration 59
Number of threads allocated = 1
Avg. energy: 168.035
RMS of dh, dJ: 0.00210605 0.00102702
Max of dh, dJ: 0.024383 0.130127

iteration 60
Number of threads allocated = 1
Avg. energy: 167.828
RMS of dh, dJ: 0.00123183 0.00106148
Max of dh, dJ: 0.00972133 0.132065

iteration 61
Number of threads allocated = 1
Avg. energy: 167.744
RMS of dh, dJ: 0.00182317 0.00103704
Max of dh, dJ: 0.0195683 0.132002

iteration 62
Number of threads allocated = 1
Avg. energy: 168.174
RMS of dh, dJ: 0.00126748 0.001046
Max of dh, dJ: 0.0106456 0.132065

iteration 63
Number of threads allocated = 1
Avg. energy: 167.552
RMS of dh, dJ: 0.00140567 0.0010331
Max of dh, dJ: 0.0127962 0.133971

iteration 64
Number of threads allocated = 1
Avg. energy: 167.774
RMS of dh, dJ: 0.00174457 0.00103151
Max of dh, dJ: 0.0194455 0.128658

iteration 65
Number of threads allocated = 1
Avg. energy: 167.566
RMS of dh, dJ: 0.00119519 0.00106219
Max of dh, dJ: 0.00914581 0.132096

iteration 66
Number of threads allocated = 1
Avg. energy: 167.746
RMS of dh, dJ: 0.00131361 0.00105584
Max of dh, dJ: 0.0113405 0.134033

iteration 67
Number of threads allocated = 1
Avg. energy: 167.337
RMS of dh, dJ: 0.00186878 0.00108745
Max of dh, dJ: 0.0203067 0.134252

iteration 68
Number of threads allocated = 1
Avg. energy: 167.632
RMS of dh, dJ: 0.00118979 0.00105218
Max of dh, dJ: 0.00932762 0.127783

iteration 69
Number of threads allocated = 1
Avg. energy: 167.941
RMS of dh, dJ: 0.00204226 0.00102909
Max of dh, dJ: 0.0223994 0.134283

iteration 70
Number of threads allocated = 1
Avg. energy: 167.921
RMS of dh, dJ: 0.00249228 0.00103676
Max of dh, dJ: 0.0292558 0.131158

iteration 71
Number of threads allocated = 1
Avg. energy: 167.838
RMS of dh, dJ: 0.00123068 0.00105476
Max of dh, dJ: 0.0100982 0.134221

iteration 72
Number of threads allocated = 1
Avg. energy: 167.921
RMS of dh, dJ: 0.00264068 0.00103201
Max of dh, dJ: 0.0326942 0.13844

iteration 73
Number of threads allocated = 1
Avg. energy: 167.693
RMS of dh, dJ: 0.00186453 0.00102975
Max of dh, dJ: 0.0222744 0.130408

iteration 74
Number of threads allocated = 1
Avg. energy: 167.896
RMS of dh, dJ: 0.00215167 0.00103773
Max of dh, dJ: 0.0273808 0.133283

iteration 75
Number of threads allocated = 1
Avg. energy: 167.439
RMS of dh, dJ: 0.00147712 0.00106471
Max of dh, dJ: 0.0148712 0.130658

iteration 76
Number of threads allocated = 1
Avg. energy: 167.959
RMS of dh, dJ: 0.00220273 0.00102813
Max of dh, dJ: 0.0259286 0.132315

iteration 77
Number of threads allocated = 1
Avg. energy: 167.548
RMS of dh, dJ: 0.0022811 0.0011139
Max of dh, dJ: 0.0241388 0.13594

iteration 78
Number of threads allocated = 1
Avg. energy: 167.862
RMS of dh, dJ: 0.00322803 0.0010364
Max of dh, dJ: 0.040383 0.130377

iteration 79
Number of threads allocated = 1
Avg. energy: 167.577
RMS of dh, dJ: 0.0013862 0.00103231
Max of dh, dJ: 0.0132337 0.129502

iteration 80
Number of threads allocated = 1
Avg. energy: 168.212
RMS of dh, dJ: 0.00377639 0.00104714
Max of dh, dJ: 0.0452934 0.12619

iteration 81
Number of threads allocated = 1
Avg. energy: 167.684
RMS of dh, dJ: 0.00308368 0.0010319
Max of dh, dJ: 0.0364237 0.128815

iteration 82
Number of threads allocated = 1
Avg. energy: 168.353
RMS of dh, dJ: 0.00244364 0.00102388
Max of dh, dJ: 0.0289237 0.12719

iteration 83
Number of threads allocated = 1
Avg. energy: 167.386
RMS of dh, dJ: 0.0019168 0.00108625
Max of dh, dJ: 0.0214253 0.140158

iteration 84
Number of threads allocated = 1
Avg. energy: 167.627
RMS of dh, dJ: 0.00170145 0.00103659
Max of dh, dJ: 0.0208899 0.138627

iteration 85
Number of threads allocated = 1
Avg. energy: 167.624
RMS of dh, dJ: 0.00119457 0.00103785
Max of dh, dJ: 0.00998368 0.133315

iteration 86
Number of threads allocated = 1
Avg. energy: 167.638
RMS of dh, dJ: 0.00430314 0.00106203
Max of dh, dJ: 0.0540799 0.129221

iteration 87
Number of threads allocated = 1
Avg. energy: 168.018
RMS of dh, dJ: 0.00158035 0.0010262
Max of dh, dJ: 0.0171494 0.129752

iteration 88
Number of threads allocated = 1
Avg. energy: 167.473
RMS of dh, dJ: 0.00143376 0.00103725
Max of dh, dJ: 0.0157649 0.134127

iteration 89
Number of threads allocated = 1
Avg. energy: 167.179
RMS of dh, dJ: 0.001474 0.00107168
Max of dh, dJ: 0.0131212 0.134096

iteration 90
Number of threads allocated = 1
Avg. energy: 168.141
RMS of dh, dJ: 0.00282793 0.00102442
Max of dh, dJ: 0.0332674 0.136377

iteration 91
Number of threads allocated = 1
Avg. energy: 168.022
RMS of dh, dJ: 0.00166382 0.00102849
Max of dh, dJ: 0.0163246 0.128721

iteration 92
Number of threads allocated = 1
Avg. energy: 167.819
RMS of dh, dJ: 0.00143607 0.001037
Max of dh, dJ: 0.0131143 0.130533

iteration 93
Number of threads allocated = 1
Avg. energy: 167.702
RMS of dh, dJ: 0.00122176 0.00104668
Max of dh, dJ: 0.0105601 0.12544

iteration 94
Number of threads allocated = 1
Avg. energy: 168.097
RMS of dh, dJ: 0.00305658 0.00103096
Max of dh, dJ: 0.0372255 0.130658

iteration 95
Number of threads allocated = 1
Avg. energy: 167.761
RMS of dh, dJ: 0.00152631 0.00102896
Max of dh, dJ: 0.016378 0.131252

iteration 96
Number of threads allocated = 1
Avg. energy: 167.236
RMS of dh, dJ: 0.00168037 0.00108388
Max of dh, dJ: 0.0186 0.132783

iteration 97
Number of threads allocated = 1
Avg. energy: 167.931
RMS of dh, dJ: 0.00156807 0.00102844
Max of dh, dJ: 0.0149768 0.133815

iteration 98
Number of threads allocated = 1
Avg. energy: 167.776
RMS of dh, dJ: 0.00205424 0.00102398
Max of dh, dJ: 0.0244862 0.128221

iteration 99
Number of threads allocated = 1
Avg. energy: 167.682
RMS of dh, dJ: 0.00149466 0.00106298
Max of dh, dJ: 0.0116837 0.135596

iteration 100
Number of threads allocated = 1
Avg. energy: 167.504
RMS of dh, dJ: 0.00132353 0.00103697
Max of dh, dJ: 0.0122337 0.125221

iteration 101
Number of threads allocated = 1
Avg. energy: 167.684
RMS of dh, dJ: 0.00185566 0.00109049
Max of dh, dJ: 0.0203399 0.126908

iteration 102
Number of threads allocated = 1
Avg. energy: 167.752
RMS of dh, dJ: 0.00143792 0.00103495
Max of dh, dJ: 0.0153612 0.132377

iteration 103
Number of threads allocated = 1
Avg. energy: 167.739
RMS of dh, dJ: 0.00130466 0.00103913
Max of dh, dJ: 0.0168956 0.131846

iteration 104
Number of threads allocated = 1
Avg. energy: 167.831
RMS of dh, dJ: 0.00328149 0.00103454
Max of dh, dJ: 0.037378 0.129565

iteration 105
Number of threads allocated = 1
Avg. energy: 167.402
RMS of dh, dJ: 0.00183887 0.00108164
Max of dh, dJ: 0.0193839 0.122273

iteration 106
Number of threads allocated = 1
Avg. energy: 167.278
RMS of dh, dJ: 0.00175687 0.00107844
Max of dh, dJ: 0.0198692 0.129346

iteration 107
Number of threads allocated = 1
Avg. energy: 168.06
RMS of dh, dJ: 0.0022484 0.00102382
Max of dh, dJ: 0.0246621 0.127315

iteration 108
Number of threads allocated = 1
Avg. energy: 168.061
RMS of dh, dJ: 0.00311851 0.00103069
Max of dh, dJ: 0.0373924 0.127721

iteration 109
Number of threads allocated = 1
Avg. energy: 167.349
RMS of dh, dJ: 0.00123843 0.00104062
Max of dh, dJ: 0.00880206 0.126346

iteration 110
Number of threads allocated = 1
Avg. energy: 168.097
RMS of dh, dJ: 0.00133949 0.00103786
Max of dh, dJ: 0.009391 0.123908

iteration 111
Number of threads allocated = 1
Avg. energy: 167.405
RMS of dh, dJ: 0.00118089 0.00104468
Max of dh, dJ: 0.0110993 0.132627

iteration 112
Number of threads allocated = 1
Avg. energy: 167.483
RMS of dh, dJ: 0.00121833 0.00104958
Max of dh, dJ: 0.009995 0.131533

iteration 113
Number of threads allocated = 1
Avg. energy: 168
RMS of dh, dJ: 0.00203167 0.00102568
Max of dh, dJ: 0.0212987 0.138283

iteration 114
Number of threads allocated = 1
Avg. energy: 167.949
RMS of dh, dJ: 0.00243868 0.00102821
Max of dh, dJ: 0.0292049 0.127127

iteration 115
Number of threads allocated = 1
Avg. energy: 167.741
RMS of dh, dJ: 0.00127052 0.0010307
Max of dh, dJ: 0.00924315 0.125658

iteration 116
Number of threads allocated = 1
Avg. energy: 167.574
RMS of dh, dJ: 0.00140952 0.00104005
Max of dh, dJ: 0.0165462 0.133533

iteration 117
Number of threads allocated = 1
Avg. energy: 167.605
RMS of dh, dJ: 0.00143897 0.00105225
Max of dh, dJ: 0.0129464 0.132627

iteration 118
Number of threads allocated = 1
Avg. energy: 167.804
RMS of dh, dJ: 0.00196155 0.00102358
Max of dh, dJ: 0.0224496 0.133283

iteration 119
Number of threads allocated = 1
Avg. energy: 167.844
RMS of dh, dJ: 0.00307388 0.00102624
Max of dh, dJ: 0.036038 0.129877

iteration 120
Number of threads allocated = 1
Avg. energy: 167.795
RMS of dh, dJ: 0.00146692 0.00105651
Max of dh, dJ: 0.0111482 0.133658

iteration 121
Number of threads allocated = 1
Avg. energy: 167.702
RMS of dh, dJ: 0.00115632 0.00104035
Max of dh, dJ: 0.00743984 0.129502

iteration 122
Number of threads allocated = 1
Avg. energy: 167.227
RMS of dh, dJ: 0.00198554 0.00110494
Max of dh, dJ: 0.0199254 0.136221

iteration 123
Number of threads allocated = 1
Avg. energy: 167.659
RMS of dh, dJ: 0.00146555 0.00102328
Max of dh, dJ: 0.0144893 0.131877

iteration 124
Number of threads allocated = 1
Avg. energy: 168.318
RMS of dh, dJ: 0.00359461 0.00103886
Max of dh, dJ: 0.0415875 0.13344

iteration 125
Number of threads allocated = 1
Avg. energy: 167.593
RMS of dh, dJ: 0.00173347 0.00102704
Max of dh, dJ: 0.0211813 0.12844

iteration 126
Number of threads allocated = 1
Avg. energy: 167.963
RMS of dh, dJ: 0.00238816 0.00102093
Max of dh, dJ: 0.0329237 0.135721

iteration 127
Number of threads allocated = 1
Avg. energy: 167.691
RMS of dh, dJ: 0.00130264 0.0010326
Max of dh, dJ: 0.0107255 0.129721

iteration 128
Number of threads allocated = 1
Avg. energy: 167.805
RMS of dh, dJ: 0.00118545 0.0010471
Max of dh, dJ: 0.0155419 0.132377

iteration 129
Number of threads allocated = 1
Avg. energy: 167.9
RMS of dh, dJ: 0.00121803 0.00104849
Max of dh, dJ: 0.0118857 0.130846

iteration 130
Number of threads allocated = 1
Avg. energy: 168.13
RMS of dh, dJ: 0.00241692 0.00102462
Max of dh, dJ: 0.0314093 0.129846

iteration 131
Number of threads allocated = 1
Avg. energy: 167.595
RMS of dh, dJ: 0.00119843 0.00104796
Max of dh, dJ: 0.0108857 0.133283

iteration 132
Number of threads allocated = 1
Avg. energy: 167.612
RMS of dh, dJ: 0.00118453 0.00104257
Max of dh, dJ: 0.00923956 0.134315

iteration 133
Number of threads allocated = 1
Avg. energy: 167.649
RMS of dh, dJ: 0.00128931 0.00103272
Max of dh, dJ: 0.0125968 0.132752

iteration 134
Number of threads allocated = 1
Avg. energy: 166.809
RMS of dh, dJ: 0.00357056 0.00117875
Max of dh, dJ: 0.0425191 0.125502

iteration 135
Number of threads allocated = 1
Avg. energy: 167.934
RMS of dh, dJ: 0.00184145 0.00101798
Max of dh, dJ: 0.0217001 0.135815

iteration 136
Number of threads allocated = 1
Avg. energy: 167.552
RMS of dh, dJ: 0.00184289 0.00102361
Max of dh, dJ: 0.0215557 0.136627

iteration 137
Number of threads allocated = 1
Avg. energy: 167.457
RMS of dh, dJ: 0.00134293 0.00106331
Max of dh, dJ: 0.0113907 0.132783

iteration 138
Number of threads allocated = 1
Avg. energy: 167.486
RMS of dh, dJ: 0.00139818 0.00102762
Max of dh, dJ: 0.0138804 0.127908

iteration 139
Number of threads allocated = 1
Avg. energy: 168.12
RMS of dh, dJ: 0.00420701 0.00105583
Max of dh, dJ: 0.0506621 0.12819

iteration 140
Number of threads allocated = 1
Avg. energy: 168.146
RMS of dh, dJ: 0.00299137 0.00103015
Max of dh, dJ: 0.036288 0.135408

iteration 141
Number of threads allocated = 1
Avg. energy: 167.949
RMS of dh, dJ: 0.00239529 0.00102658
Max of dh, dJ: 0.0277362 0.13044

iteration 142
Number of threads allocated = 1
Avg. energy: 167.377
RMS of dh, dJ: 0.00121823 0.00104735
Max of dh, dJ: 0.00968348 0.13094

iteration 143
Number of threads allocated = 1
Avg. energy: 167.778
RMS of dh, dJ: 0.0013923 0.00104004
Max of dh, dJ: 0.0137674 0.139065

iteration 144
Number of threads allocated = 1
Avg. energy: 168.048
RMS of dh, dJ: 0.00391682 0.00104383
Max of dh, dJ: 0.0471555 0.135127

iteration 145
Number of threads allocated = 1
Avg. energy: 167.664
RMS of dh, dJ: 0.00143912 0.00103636
Max of dh, dJ: 0.0140799 0.139658

iteration 146
Number of threads allocated = 1
Avg. energy: 167.85
RMS of dh, dJ: 0.00227648 0.00102493
Max of dh, dJ: 0.0318871 0.127158

iteration 147
Number of threads allocated = 1
Avg. energy: 167.521
RMS of dh, dJ: 0.00127956 0.00105592
Max of dh, dJ: 0.0123656 0.133721

iteration 148
Number of threads allocated = 1
Avg. energy: 168.04
RMS of dh, dJ: 0.0015776 0.00102407
Max of dh, dJ: 0.015597 0.122679

iteration 149
Number of threads allocated = 1
Avg. energy: 167.213
RMS of dh, dJ: 0.00296166 0.00111977
Max of dh, dJ: 0.0374464 0.126658

iteration 150
Number of threads allocated = 1
Avg. energy: 168.197
RMS of dh, dJ: 0.00119132 0.0010432
Max of dh, dJ: 0.00855136 0.130096

iteration 151
Number of threads allocated = 1
Avg. energy: 167.395
RMS of dh, dJ: 0.00141957 0.00104928
Max of dh, dJ: 0.0129878 0.12744

iteration 152
Number of threads allocated = 1
Avg. energy: 167.826
RMS of dh, dJ: 0.00235724 0.00102676
Max of dh, dJ: 0.0278612 0.124408

iteration 153
Number of threads allocated = 1
Avg. energy: 167.804
RMS of dh, dJ: 0.00119695 0.00103352
Max of dh, dJ: 0.00903632 0.137627

iteration 154
Number of threads allocated = 1
Avg. energy: 167.747
RMS of dh, dJ: 0.00185644 0.0010738
Max of dh, dJ: 0.0197951 0.129252

iteration 155
Number of threads allocated = 1
Avg. energy: 167.699
RMS of dh, dJ: 0.00150122 0.00106208
Max of dh, dJ: 0.0146044 0.130283

iteration 156
Number of threads allocated = 1
Avg. energy: 168.133
RMS of dh, dJ: 0.00239147 0.00102452
Max of dh, dJ: 0.0298682 0.127252

iteration 157
Number of threads allocated = 1
Avg. energy: 168.076
RMS of dh, dJ: 0.00249111 0.00102148
Max of dh, dJ: 0.0296005 0.125471

iteration 158
Number of threads allocated = 1
Avg. energy: 167.414
RMS of dh, dJ: 0.00126063 0.00102682
Max of dh, dJ: 0.0138468 0.135565

iteration 159
Number of threads allocated = 1
Avg. energy: 167.778
RMS of dh, dJ: 0.00130574 0.00105469
Max of dh, dJ: 0.00979086 0.126096

iteration 160
Number of threads allocated = 1
Avg. energy: 168.161
RMS of dh, dJ: 0.00266839 0.00102154
Max of dh, dJ: 0.0301371 0.125346

iteration 161
Number of threads allocated = 1
Avg. energy: 167.984
RMS of dh, dJ: 0.00127194 0.00103018
Max of dh, dJ: 0.0133369 0.128471

iteration 162
Number of threads allocated = 1
Avg. energy: 167.599
RMS of dh, dJ: 0.00187769 0.00102137
Max of dh, dJ: 0.021775 0.129783

iteration 163
Number of threads allocated = 1
Avg. energy: 167.381
RMS of dh, dJ: 0.00117948 0.00103658
Max of dh, dJ: 0.00842635 0.129096

iteration 164
Number of threads allocated = 1
Avg. energy: 167.734
RMS of dh, dJ: 0.00127032 0.00103051
Max of dh, dJ: 0.0136878 0.128127

iteration 165
Number of threads allocated = 1
Avg. energy: 167.553
RMS of dh, dJ: 0.00137636 0.00102909
Max of dh, dJ: 0.0134313 0.133533

iteration 166
Number of threads allocated = 1
Avg. energy: 167.755
RMS of dh, dJ: 0.00179519 0.00101681
Max of dh, dJ: 0.0193682 0.133346

iteration 167
Number of threads allocated = 1
Avg. energy: 167.256
RMS of dh, dJ: 0.00124193 0.00103943
Max of dh, dJ: 0.0107595 0.134971

iteration 168
Number of threads allocated = 1
Avg. energy: 167.728
RMS of dh, dJ: 0.00168142 0.00101704
Max of dh, dJ: 0.0169625 0.12644

iteration 169
Number of threads allocated = 1
Avg. energy: 167.629
RMS of dh, dJ: 0.00138558 0.00105623
Max of dh, dJ: 0.0138839 0.129658

iteration 170
Number of threads allocated = 1
Avg. energy: 167.688
RMS of dh, dJ: 0.00196137 0.00102387
Max of dh, dJ: 0.0216376 0.135315

iteration 171
Number of threads allocated = 1
Avg. energy: 167.618
RMS of dh, dJ: 0.00129324 0.00102866
Max of dh, dJ: 0.0108192 0.127565

iteration 172
Number of threads allocated = 1
Avg. energy: 168.037
RMS of dh, dJ: 0.00170081 0.00101783
Max of dh, dJ: 0.0169143 0.133471

iteration 173
Number of threads allocated = 1
Avg. energy: 167.763
RMS of dh, dJ: 0.00296023 0.00102157
Max of dh, dJ: 0.0353924 0.135533

iteration 174
Number of threads allocated = 1
Avg. energy: 167.528
RMS of dh, dJ: 0.00125142 0.00104929
Max of dh, dJ: 0.0133227 0.132971

iteration 175
Number of threads allocated = 1
Avg. energy: 167.278
RMS of dh, dJ: 0.00172599 0.00107733
Max of dh, dJ: 0.0187256 0.131221

iteration 176
Number of threads allocated = 1
Avg. energy: 167.615
RMS of dh, dJ: 0.00233157 0.00109106
Max of dh, dJ: 0.0269049 0.137158

iteration 177
Number of threads allocated = 1
Avg. energy: 167.604
RMS of dh, dJ: 0.00144253 0.0010287
Max of dh, dJ: 0.0136112 0.130471

iteration 178
Number of threads allocated = 1
Avg. energy: 167.268
RMS of dh, dJ: 0.00173918 0.00107196
Max of dh, dJ: 0.0187799 0.131721

iteration 179
Number of threads allocated = 1
Avg. energy: 167.526
RMS of dh, dJ: 0.00142389 0.00102098
Max of dh, dJ: 0.0110849 0.134377

iteration 180
Number of threads allocated = 1
Avg. energy: 167.951
RMS of dh, dJ: 0.00147706 0.00102302
Max of dh, dJ: 0.0143518 0.123877

iteration 181
Number of threads allocated = 1
Avg. energy: 168.369
RMS of dh, dJ: 0.00407016 0.00103854
Max of dh, dJ: 0.0506264 0.133221

iteration 182
Number of threads allocated = 1
Avg. energy: 167.573
RMS of dh, dJ: 0.00122966 0.00103858
Max of dh, dJ: 0.00803709 0.132471

iteration 183
Number of threads allocated = 1
Avg. energy: 167.562
RMS of dh, dJ: 0.00128924 0.00104049
Max of dh, dJ: 0.0138471 0.121783

iteration 184
Number of threads allocated = 1
Avg. energy: 168.209
RMS of dh, dJ: 0.00148064 0.0010223
Max of dh, dJ: 0.0143274 0.13319

iteration 185
Number of threads allocated = 1
Avg. energy: 167.711
RMS of dh, dJ: 0.0012909 0.00105181
Max of dh, dJ: 0.0117868 0.129002

iteration 186
Number of threads allocated = 1
Avg. energy: 167.961
RMS of dh, dJ: 0.00241921 0.00101718
Max of dh, dJ: 0.0277987 0.133627

iteration 187
Number of threads allocated = 1
Avg. energy: 167.891
RMS of dh, dJ: 0.00297007 0.00102749
Max of dh, dJ: 0.0338994 0.130596

iteration 188
Number of threads allocated = 1
Avg. energy: 167.168
RMS of dh, dJ: 0.00336535 0.00116765
Max of dh, dJ: 0.0400381 0.133783

iteration 189
Number of threads allocated = 1
Avg. energy: 167.899
RMS of dh, dJ: 0.00362727 0.00103518
Max of dh, dJ: 0.0446112 0.123471

iteration 190
Number of threads allocated = 1
Avg. energy: 167.937
RMS of dh, dJ: 0.00446962 0.00105844
Max of dh, dJ: 0.0542049 0.129002

iteration 191
Number of threads allocated = 1
Avg. energy: 167.851
RMS of dh, dJ: 0.00202979 0.00101644
Max of dh, dJ: 0.0234313 0.133096

iteration 192
Number of threads allocated = 1
Avg. energy: 167.544
RMS of dh, dJ: 0.00125752 0.00102424
Max of dh, dJ: 0.0103084 0.133252

iteration 193
Number of threads allocated = 1
Avg. energy: 167.742
RMS of dh, dJ: 0.00124824 0.00103029
Max of dh, dJ: 0.00963112 0.128315

iteration 194
Number of threads allocated = 1
Avg. energy: 167.978
RMS of dh, dJ: 0.00215032 0.00101476
Max of dh, dJ: 0.0251807 0.130408

iteration 195
Number of threads allocated = 1
Avg. energy: 167.599
RMS of dh, dJ: 0.00118445 0.00103232
Max of dh, dJ: 0.00826256 0.128877

iteration 196
Number of threads allocated = 1
Avg. energy: 168.381
RMS of dh, dJ: 0.00387014 0.00103676
Max of dh, dJ: 0.0485487 0.123815

iteration 197
Number of threads allocated = 1
Avg. energy: 167.528
RMS of dh, dJ: 0.00125875 0.00104904
Max of dh, dJ: 0.00997765 0.138752

iteration 198
Number of threads allocated = 1
Avg. energy: 167.837
RMS of dh, dJ: 0.00135894 0.00103622
Max of dh, dJ: 0.0153274 0.131846

iteration 199
Number of threads allocated = 1
Avg. energy: 167.225
RMS of dh, dJ: 0.00212886 0.00108416
Max of dh, dJ: 0.0218067 0.133908

iteration 200
Number of threads allocated = 1
Avg. energy: 167.508
RMS of dh, dJ: 0.00132314 0.00102424
Max of dh, dJ: 0.0130367 0.125971

iteration 201
Number of threads allocated = 1
Avg. energy: 167.109
RMS of dh, dJ: 0.00331324 0.0011492
Max of dh, dJ: 0.0399986 0.136377

iteration 202
Number of threads allocated = 1
Avg. energy: 167.858
RMS of dh, dJ: 0.00125428 0.0010349
Max of dh, dJ: 0.0109117 0.130846

iteration 203
Number of threads allocated = 1
Avg. energy: 167.469
RMS of dh, dJ: 0.00113985 0.00103752
Max of dh, dJ: 0.0108709 0.131252

iteration 204
Number of threads allocated = 1
Avg. energy: 167.825
RMS of dh, dJ: 0.00203249 0.00101405
Max of dh, dJ: 0.0224076 0.134971

iteration 205
Number of threads allocated = 1
Avg. energy: 167.973
RMS of dh, dJ: 0.00201486 0.00101732
Max of dh, dJ: 0.0230305 0.13169

iteration 206
Number of threads allocated = 1
Avg. energy: 167.665
RMS of dh, dJ: 0.00123552 0.00103701
Max of dh, dJ: 0.0104991 0.135065

iteration 207
Number of threads allocated = 1
Avg. energy: 168.182
RMS of dh, dJ: 0.00148412 0.00102065
Max of dh, dJ: 0.0157125 0.136752

iteration 208
Number of threads allocated = 1
Avg. energy: 167.62
RMS of dh, dJ: 0.00240935 0.00101639
Max of dh, dJ: 0.0277432 0.126377

iteration 209
Number of threads allocated = 1
Avg. energy: 168.056
RMS of dh, dJ: 0.00142563 0.00101985
Max of dh, dJ: 0.0119862 0.132721

iteration 210
Number of threads allocated = 1
Avg. energy: 167.697
RMS of dh, dJ: 0.00187254 0.00101865
Max of dh, dJ: 0.0217493 0.138627

iteration 211
Number of threads allocated = 1
Avg. energy: 167.429
RMS of dh, dJ: 0.001732 0.00106497
Max of dh, dJ: 0.0180879 0.134096

iteration 212
Number of threads allocated = 1
Avg. energy: 167.501
RMS of dh, dJ: 0.00141547 0.00104886
Max of dh, dJ: 0.0125089 0.130721

iteration 213
Number of threads allocated = 1
Avg. energy: 167.952
RMS of dh, dJ: 0.00229298 0.0010177
Max of dh, dJ: 0.0268139 0.129033

iteration 214
Number of threads allocated = 1
Avg. energy: 167.128
RMS of dh, dJ: 0.0011825 0.00103306
Max of dh, dJ: 0.0104431 0.127815

iteration 215
Number of threads allocated = 1
Avg. energy: 167.261
RMS of dh, dJ: 0.0023647 0.00109869
Max of dh, dJ: 0.0271701 0.130877

iteration 216
Number of threads allocated = 1
Avg. energy: 167.713
RMS of dh, dJ: 0.00156949 0.00101942
Max of dh, dJ: 0.0155692 0.130221

iteration 217
Number of threads allocated = 1
Avg. energy: 167.933
RMS of dh, dJ: 0.00308698 0.00102149
Max of dh, dJ: 0.0370692 0.12644

iteration 218
Number of threads allocated = 1
Avg. energy: 168.195
RMS of dh, dJ: 0.0025269 0.00101599
Max of dh, dJ: 0.0301264 0.127283

iteration 219
Number of threads allocated = 1
Avg. energy: 167.862
RMS of dh, dJ: 0.00165789 0.00101839
Max of dh, dJ: 0.0197438 0.12944

iteration 220
Number of threads allocated = 1
Avg. energy: 167.721
RMS of dh, dJ: 0.00163537 0.00101551
Max of dh, dJ: 0.0189442 0.123846

iteration 221
Number of threads allocated = 1
Avg. energy: 167.869
RMS of dh, dJ: 0.00336533 0.00102306
Max of dh, dJ: 0.044258 0.129565

iteration 222
Number of threads allocated = 1
Avg. energy: 167.773
RMS of dh, dJ: 0.00131255 0.00104049
Max of dh, dJ: 0.012396 0.131752

iteration 223
Number of threads allocated = 1
Avg. energy: 167.658
RMS of dh, dJ: 0.00129213 0.00102567
Max of dh, dJ: 0.0118118 0.130877

iteration 224
Number of threads allocated = 1
Avg. energy: 167.063
RMS of dh, dJ: 0.00137419 0.00106597
Max of dh, dJ: 0.0150587 0.136346

iteration 225
Number of threads allocated = 1
Avg. energy: 167.664
RMS of dh, dJ: 0.00126003 0.00103603
Max of dh, dJ: 0.0129839 0.130721

iteration 226
Number of threads allocated = 1
Avg. energy: 168.024
RMS of dh, dJ: 0.00290546 0.0010203
Max of dh, dJ: 0.0366684 0.128252

iteration 227
Number of threads allocated = 1
Avg. energy: 168.005
RMS of dh, dJ: 0.00214904 0.00101384
Max of dh, dJ: 0.0254549 0.124408

iteration 228
Number of threads allocated = 1
Avg. energy: 167.633
RMS of dh, dJ: 0.00162846 0.00106556
Max of dh, dJ: 0.0151192 0.140096

iteration 229
Number of threads allocated = 1
Avg. energy: 167.692
RMS of dh, dJ: 0.00123862 0.00102594
Max of dh, dJ: 0.00999514 0.134158

iteration 230
Number of threads allocated = 1
Avg. energy: 167.516
RMS of dh, dJ: 0.00122684 0.0010233
Max of dh, dJ: 0.0084275 0.130283

iteration 231
Number of threads allocated = 1
Avg. energy: 166.999
RMS of dh, dJ: 0.00362369 0.00117179
Max of dh, dJ: 0.0447379 0.135283

iteration 232
Number of threads allocated = 1
Avg. energy: 167.525
RMS of dh, dJ: 0.00148772 0.00102287
Max of dh, dJ: 0.0148299 0.123429

iteration 233
Number of threads allocated = 1
Avg. energy: 167.507
RMS of dh, dJ: 0.00145524 0.00104936
Max of dh, dJ: 0.0116339 0.132502

iteration 234
Number of threads allocated = 1
Avg. energy: 167.989
RMS of dh, dJ: 0.00292136 0.00101523
Max of dh, dJ: 0.0329746 0.122815

iteration 235
Number of threads allocated = 1
Avg. energy: 167.89
RMS of dh, dJ: 0.00267941 0.00101608
Max of dh, dJ: 0.0324768 0.132721

iteration 236
Number of threads allocated = 1
Avg. energy: 168.525
RMS of dh, dJ: 0.00634064 0.0011339
Max of dh, dJ: 0.0763183 0.13244

iteration 237
Number of threads allocated = 1
Avg. energy: 167.18
RMS of dh, dJ: 0.00368914 0.00116313
Max of dh, dJ: 0.0431339 0.137752

iteration 238
Number of threads allocated = 1
Avg. energy: 168.294
RMS of dh, dJ: 0.00343873 0.00102885
Max of dh, dJ: 0.0389768 0.12869

iteration 239
Number of threads allocated = 1
Avg. energy: 167.678
RMS of dh, dJ: 0.0016907 0.0010183
Max of dh, dJ: 0.0184862 0.130096

iteration 240
Number of threads allocated = 1
Avg. energy: 167.587
RMS of dh, dJ: 0.00136343 0.00104464
Max of dh, dJ: 0.0109713 0.127283

iteration 241
Number of threads allocated = 1
Avg. energy: 167.707
RMS of dh, dJ: 0.00114949 0.00103676
Max of dh, dJ: 0.00809813 0.131721

iteration 242
Number of threads allocated = 1
Avg. energy: 167.653
RMS of dh, dJ: 0.00245976 0.00100892
Max of dh, dJ: 0.0291243 0.125221

iteration 243
Number of threads allocated = 1
Avg. energy: 168.097
RMS of dh, dJ: 0.00300538 0.00101184
Max of dh, dJ: 0.0332246 0.129127

iteration 244
Number of threads allocated = 1
Avg. energy: 167.526
RMS of dh, dJ: 0.00196384 0.00107442
Max of dh, dJ: 0.0228526 0.127908

iteration 245
Number of threads allocated = 1
Avg. energy: 167.93
RMS of dh, dJ: 0.00134489 0.00101923
Max of dh, dJ: 0.0104055 0.136533

iteration 246
Number of threads allocated = 1
Avg. energy: 167.783
RMS of dh, dJ: 0.00219043 0.00101239
Max of dh, dJ: 0.0251182 0.131627

iteration 247
Number of threads allocated = 1
Avg. energy: 167.782
RMS of dh, dJ: 0.00162783 0.00100679
Max of dh, dJ: 0.0165224 0.119127

iteration 248
Number of threads allocated = 1
Avg. energy: 167.32
RMS of dh, dJ: 0.00135083 0.00101748
Max of dh, dJ: 0.0111813 0.129002

iteration 249
Number of threads allocated = 1
Avg. energy: 167.663
RMS of dh, dJ: 0.0011496 0.0010345
Max of dh, dJ: 0.00913112 0.12969

iteration 250
Number of threads allocated = 1
Avg. energy: 167.616
RMS of dh, dJ: 0.00150039 0.00100102
Max of dh, dJ: 0.015128 0.125502

iteration 251
Number of threads allocated = 1
Avg. energy: 167.783
RMS of dh, dJ: 0.00185914 0.00100957
Max of dh, dJ: 0.0235343 0.122877

iteration 252
Number of threads allocated = 1
Avg. energy: 167.344
RMS of dh, dJ: 0.00118124 0.00102634
Max of dh, dJ: 0.00894438 0.131408

iteration 253
Number of threads allocated = 1
Avg. energy: 167.77
RMS of dh, dJ: 0.00198561 0.00100605
Max of dh, dJ: 0.0208246 0.129283

iteration 254
Number of threads allocated = 1
Avg. energy: 167.409
RMS of dh, dJ: 0.00126051 0.00103614
Max of dh, dJ: 0.0111306 0.126502

iteration 255
Number of threads allocated = 1
Avg. energy: 167.294
RMS of dh, dJ: 0.00127166 0.00102448
Max of dh, dJ: 0.00934959 0.135127

iteration 256
Number of threads allocated = 1
Avg. energy: 168.205
RMS of dh, dJ: 0.00329982 0.00102437
Max of dh, dJ: 0.0383192 0.122971

iteration 257
Number of threads allocated = 1
Avg. energy: 168.001
RMS of dh, dJ: 0.0025115 0.00100945
Max of dh, dJ: 0.0284755 0.128877

iteration 258
Number of threads allocated = 1
Avg. energy: 168.157
RMS of dh, dJ: 0.00381536 0.00103068
Max of dh, dJ: 0.0447362 0.129033

iteration 259
Number of threads allocated = 1
Avg. energy: 167.899
RMS of dh, dJ: 0.00158212 0.00101503
Max of dh, dJ: 0.0212674 0.125096

iteration 260
Number of threads allocated = 1
Avg. energy: 167.181
RMS of dh, dJ: 0.00171718 0.00106479
Max of dh, dJ: 0.0191413 0.129752

iteration 261
Number of threads allocated = 1
Avg. energy: 168.058
RMS of dh, dJ: 0.00221749 0.00100902
Max of dh, dJ: 0.024538 0.128783

iteration 262
Number of threads allocated = 1
Avg. energy: 167.789
RMS of dh, dJ: 0.00281598 0.00102467
Max of dh, dJ: 0.0362567 0.132502

iteration 263
Number of threads allocated = 1
Avg. energy: 168.093
RMS of dh, dJ: 0.00135984 0.00101151
Max of dh, dJ: 0.0114501 0.133596

iteration 264
Number of threads allocated = 1
Avg. energy: 168.047
RMS of dh, dJ: 0.00128002 0.0010386
Max of dh, dJ: 0.00964739 0.131596

iteration 265
Number of threads allocated = 1
Avg. energy: 167.79
RMS of dh, dJ: 0.00176261 0.00100794
Max of dh, dJ: 0.0197938 0.133971

iteration 266
Number of threads allocated = 1
Avg. energy: 167.481
RMS of dh, dJ: 0.00117597 0.00102304
Max of dh, dJ: 0.00809297 0.129002

iteration 267
Number of threads allocated = 1
Avg. energy: 167.813
RMS of dh, dJ: 0.00115481 0.00103322
Max of dh, dJ: 0.00816064 0.13019

iteration 268
Number of threads allocated = 1
Avg. energy: 167.699
RMS of dh, dJ: 0.00210487 0.00100883
Max of dh, dJ: 0.026003 0.128596

iteration 269
Number of threads allocated = 1
Avg. energy: 168.034
RMS of dh, dJ: 0.00203347 0.00101096
Max of dh, dJ: 0.0251643 0.132377

iteration 270
Number of threads allocated = 1
Avg. energy: 167.736
RMS of dh, dJ: 0.00125972 0.00101513
Max of dh, dJ: 0.0103369 0.131908

iteration 271
Number of threads allocated = 1
Avg. energy: 167.383
RMS of dh, dJ: 0.00125198 0.00102513
Max of dh, dJ: 0.0109309 0.135971

iteration 272
Number of threads allocated = 1
Avg. energy: 167.512
RMS of dh, dJ: 0.00121804 0.00102935
Max of dh, dJ: 0.00883331 0.128658

iteration 273
Number of threads allocated = 1
Avg. energy: 167.979
RMS of dh, dJ: 0.00190684 0.00100846
Max of dh, dJ: 0.0197201 0.133002

iteration 274
Number of threads allocated = 1
Avg. energy: 167.272
RMS of dh, dJ: 0.00124995 0.0010269
Max of dh, dJ: 0.00904131 0.124408

iteration 275
Number of threads allocated = 1
Avg. energy: 167.697
RMS of dh, dJ: 0.00124617 0.00101344
Max of dh, dJ: 0.00863302 0.131783

iteration 276
Number of threads allocated = 1
Avg. energy: 168.046
RMS of dh, dJ: 0.00123818 0.00102893
Max of dh, dJ: 0.00837422 0.131783

iteration 277
Number of threads allocated = 1
Avg. energy: 167.575
RMS of dh, dJ: 0.00196747 0.00101639
Max of dh, dJ: 0.023788 0.132908

iteration 278
Number of threads allocated = 1
Avg. energy: 167.735
RMS of dh, dJ: 0.001221 0.00102278
Max of dh, dJ: 0.00796533 0.131127

iteration 279
Number of threads allocated = 1
Avg. energy: 167.642
RMS of dh, dJ: 0.00128223 0.00102269
Max of dh, dJ: 0.00944422 0.133533

iteration 280
Number of threads allocated = 1
Avg. energy: 167.252
RMS of dh, dJ: 0.00144943 0.00103005
Max of dh, dJ: 0.0118383 0.130658

iteration 281
Number of threads allocated = 1
Avg. energy: 167.575
RMS of dh, dJ: 0.00134344 0.00104126
Max of dh, dJ: 0.0119794 0.128783

iteration 282
Number of threads allocated = 1
Avg. energy: 167.508
RMS of dh, dJ: 0.00116581 0.00103077
Max of dh, dJ: 0.00961559 0.134721

iteration 283
Number of threads allocated = 1
Avg. energy: 167.249
RMS of dh, dJ: 0.00242993 0.00109169
Max of dh, dJ: 0.0276943 0.126315

iteration 284
Number of threads allocated = 1
Avg. energy: 167.813
RMS of dh, dJ: 0.00130565 0.00101474
Max of dh, dJ: 0.0119625 0.134065

iteration 285
Number of threads allocated = 1
Avg. energy: 167.843
RMS of dh, dJ: 0.00164979 0.00100624
Max of dh, dJ: 0.018038 0.126471

iteration 286
Number of threads allocated = 1
Avg. energy: 167.679
RMS of dh, dJ: 0.0014394 0.00100892
Max of dh, dJ: 0.014025 0.13519

iteration 287
Number of threads allocated = 1
Avg. energy: 167.524
RMS of dh, dJ: 0.00122078 0.00102286
Max of dh, dJ: 0.0105487 0.125158

iteration 288
Number of threads allocated = 1
Avg. energy: 167.683
RMS of dh, dJ: 0.00127827 0.00103049
Max of dh, dJ: 0.00984046 0.126783

iteration 289
Number of threads allocated = 1
Avg. energy: 168.122
RMS of dh, dJ: 0.00217989 0.00100645
Max of dh, dJ: 0.0228299 0.126283

iteration 290
Number of threads allocated = 1
Avg. energy: 167.195
RMS of dh, dJ: 0.00194152 0.00107084
Max of dh, dJ: 0.0205191 0.126283

iteration 291
Number of threads allocated = 1
Avg. energy: 167.784
RMS of dh, dJ: 0.00235306 0.00101446
Max of dh, dJ: 0.0261005 0.132565

iteration 292
Number of threads allocated = 1
Avg. energy: 168.174
RMS of dh, dJ: 0.00187919 0.00100983
Max of dh, dJ: 0.0224911 0.126252

iteration 293
Number of threads allocated = 1
Avg. energy: 167.562
RMS of dh, dJ: 0.00127807 0.00102247
Max of dh, dJ: 0.0127708 0.128033

iteration 294
Number of threads allocated = 1
Avg. energy: 168.085
RMS of dh, dJ: 0.00248639 0.00101263
Max of dh, dJ: 0.0282674 0.127408

iteration 295
Number of threads allocated = 1
Avg. energy: 167.82
RMS of dh, dJ: 0.00212975 0.00101044
Max of dh, dJ: 0.0214368 0.129961

iteration 296
Number of threads allocated = 1
Avg. energy: 167.768
RMS of dh, dJ: 0.00154893 0.00101067
Max of dh, dJ: 0.0156048 0.12369

iteration 297
Number of threads allocated = 1
Avg. energy: 167.646
RMS of dh, dJ: 0.00127874 0.00100813
Max of dh, dJ: 0.0114893 0.120533

iteration 298
Number of threads allocated = 1
Avg. energy: 168.018
RMS of dh, dJ: 0.00125808 0.00101544
Max of dh, dJ: 0.011748 0.122502

iteration 299
Number of threads allocated = 1
Avg. energy: 167.745
RMS of dh, dJ: 0.00128646 0.00103681
Max of dh, dJ: 0.010122 0.128815

iteration 300
Number of threads allocated = 1
Avg. energy: 167.017
RMS of dh, dJ: 0.00222713 0.00108508
Max of dh, dJ: 0.0248818 0.128096

iteration 301
Number of threads allocated = 1
Avg. energy: 168.129
RMS of dh, dJ: 0.00248857 0.00100752
Max of dh, dJ: 0.0281933 0.132502

iteration 302
Number of threads allocated = 1
Avg. energy: 168.072
RMS of dh, dJ: 0.00337123 0.00101864
Max of dh, dJ: 0.0459549 0.125221

iteration 303
Number of threads allocated = 1
Avg. energy: 167.373
RMS of dh, dJ: 0.00170727 0.00105449
Max of dh, dJ: 0.0259032 0.122565

iteration 304
Number of threads allocated = 1
Avg. energy: 167.514
RMS of dh, dJ: 0.00125496 0.00101871
Max of dh, dJ: 0.0109455 0.124471

iteration 305
Number of threads allocated = 1
Avg. energy: 167.303
RMS of dh, dJ: 0.00153442 0.00104894
Max of dh, dJ: 0.0146845 0.128033

iteration 306
Number of threads allocated = 1
Avg. energy: 167.078
RMS of dh, dJ: 0.0026915 0.00110942
Max of dh, dJ: 0.0301183 0.131283

iteration 307
Number of threads allocated = 1
Avg. energy: 167.916
RMS of dh, dJ: 0.00208399 0.00100493
Max of dh, dJ: 0.0227309 0.126565

iteration 308
Number of threads allocated = 1
Avg. energy: 167.755
RMS of dh, dJ: 0.00121775 0.00101888
Max of dh, dJ: 0.0102826 0.129815

iteration 309
Number of threads allocated = 1
Avg. energy: 167.823
RMS of dh, dJ: 0.00135213 0.00100482
Max of dh, dJ: 0.0108924 0.120721

iteration 310
Number of threads allocated = 1
Avg. energy: 167.933
RMS of dh, dJ: 0.0015594 0.0010045
Max of dh, dJ: 0.0146737 0.124283

iteration 311
Number of threads allocated = 1
Avg. energy: 167.468
RMS of dh, dJ: 0.00167528 0.0010598
Max of dh, dJ: 0.0239032 0.13294

iteration 312
Number of threads allocated = 1
Avg. energy: 168.404
RMS of dh, dJ: 0.00529424 0.00107891
Max of dh, dJ: 0.0626621 0.131471

iteration 313
Number of threads allocated = 1
Avg. energy: 167.811
RMS of dh, dJ: 0.0011729 0.00102858
Max of dh, dJ: 0.00958713 0.131002

iteration 314
Number of threads allocated = 1
Avg. energy: 167.557
RMS of dh, dJ: 0.00126408 0.0010331
Max of dh, dJ: 0.00816249 0.128752

iteration 315
Number of threads allocated = 1
Avg. energy: 167.311
RMS of dh, dJ: 0.00128708 0.00100598
Max of dh, dJ: 0.0106684 0.11969

iteration 316
Number of threads allocated = 1
Avg. energy: 167.235
RMS of dh, dJ: 0.00194007 0.00105446
Max of dh, dJ: 0.0206183 0.138002

iteration 317
Number of threads allocated = 1
Avg. energy: 167.732
RMS of dh, dJ: 0.00127611 0.00101254
Max of dh, dJ: 0.0125067 0.130471

iteration 318
Number of threads allocated = 1
Avg. energy: 167.593
RMS of dh, dJ: 0.00114043 0.00103116
Max of dh, dJ: 0.00974696 0.138158

iteration 319
Number of threads allocated = 1
Avg. energy: 167.899
RMS of dh, dJ: 0.00289003 0.00101285
Max of dh, dJ: 0.033008 0.130158

iteration 320
Number of threads allocated = 1
Avg. energy: 167.526
RMS of dh, dJ: 0.0013537 0.00101892
Max of dh, dJ: 0.0132724 0.123221

iteration 321
Number of threads allocated = 1
Avg. energy: 168.02
RMS of dh, dJ: 0.00165569 0.00100408
Max of dh, dJ: 0.0176986 0.127971

iteration 322
Number of threads allocated = 1
Avg. energy: 167.786
RMS of dh, dJ: 0.0012318 0.00101629
Max of dh, dJ: 0.00887947 0.121065

iteration 323
Number of threads allocated = 1
Avg. energy: 168.042
RMS of dh, dJ: 0.00356268 0.00101501
Max of dh, dJ: 0.0429121 0.125533

iteration 324
Number of threads allocated = 1
Avg. energy: 167.658
RMS of dh, dJ: 0.00125224 0.00101462
Max of dh, dJ: 0.00891 0.13669

iteration 325
Number of threads allocated = 1
Avg. energy: 167.718
RMS of dh, dJ: 0.00185655 0.00105702
Max of dh, dJ: 0.0177155 0.132971

iteration 326
Number of threads allocated = 1
Avg. energy: 167.705
RMS of dh, dJ: 0.00366587 0.00102391
Max of dh, dJ: 0.0477744 0.12969

iteration 327
Number of threads allocated = 1
Avg. energy: 167.26
RMS of dh, dJ: 0.00265105 0.0011052
Max of dh, dJ: 0.0299049 0.13619

iteration 328
Number of threads allocated = 1
Avg. energy: 168.174
RMS of dh, dJ: 0.00366199 0.0010183
Max of dh, dJ: 0.0461308 0.129283

iteration 329
Number of threads allocated = 1
Avg. energy: 167.812
RMS of dh, dJ: 0.00147579 0.00101121
Max of dh, dJ: 0.0128872 0.13244

iteration 330
Number of threads allocated = 1
Avg. energy: 167.159
RMS of dh, dJ: 0.00156541 0.0010468
Max of dh, dJ: 0.0163857 0.137252

iteration 331
Number of threads allocated = 1
Avg. energy: 168.397
RMS of dh, dJ: 0.00203978 0.00099919
Max of dh, dJ: 0.0227626 0.126971

iteration 332
Number of threads allocated = 1
Avg. energy: 167.782
RMS of dh, dJ: 0.00126027 0.00102655
Max of dh, dJ: 0.0105587 0.136658

iteration 333
Number of threads allocated = 1
Avg. energy: 168.099
RMS of dh, dJ: 0.00167166 0.00104068
Max of dh, dJ: 0.0173004 0.133846

iteration 334
Number of threads allocated = 1
Avg. energy: 167.206
RMS of dh, dJ: 0.00193242 0.00106443
Max of dh, dJ: 0.021122 0.131471

iteration 335
Number of threads allocated = 1
Avg. energy: 167.768
RMS of dh, dJ: 0.00174417 0.00104166
Max of dh, dJ: 0.018247 0.126627

iteration 336
Number of threads allocated = 1
Avg. energy: 168.057
RMS of dh, dJ: 0.00212914 0.00100175
Max of dh, dJ: 0.0245996 0.134002

iteration 337
Number of threads allocated = 1
Avg. energy: 167.703
RMS of dh, dJ: 0.00155163 0.00100203
Max of dh, dJ: 0.0151317 0.123877

iteration 338
Number of threads allocated = 1
Avg. energy: 167.962
RMS of dh, dJ: 0.00140463 0.00100915
Max of dh, dJ: 0.0147611 0.130283
Std. errors: 0.00825233 0.00101614
Model difference is within sampling error. Increasing sampling...
MC steps per iteration: 64000

iteration 339
Number of threads allocated = 1
Avg. energy: 167.631
RMS of dh, dJ: 0.00140738 0.0010351
Max of dh, dJ: 0.0154437 0.125705

iteration 340
Number of threads allocated = 1
Avg. energy: 167.91
RMS of dh, dJ: 0.00182119 0.000992426
Max of dh, dJ: 0.0211942 0.124158

iteration 341
Number of threads allocated = 1
Avg. energy: 168.238
RMS of dh, dJ: 0.0028102 0.00100478
Max of dh, dJ: 0.0338246 0.127737

iteration 342
Number of threads allocated = 1
Avg. energy: 167.944
RMS of dh, dJ: 0.00196176 0.00098818
Max of dh, dJ: 0.0222119 0.126455

iteration 343
Number of threads allocated = 1
Avg. energy: 167.912
RMS of dh, dJ: 0.00146595 0.000991453
Max of dh, dJ: 0.0171059 0.125518

iteration 344
Number of threads allocated = 1
Avg. energy: 167.874
RMS of dh, dJ: 0.00148321 0.000990873
Max of dh, dJ: 0.0180393 0.126112

iteration 345
Number of threads allocated = 1
Avg. energy: 168.023
RMS of dh, dJ: 0.00262445 0.000997612
Max of dh, dJ: 0.0311807 0.131033

iteration 346
Number of threads allocated = 1
Avg. energy: 167.884
RMS of dh, dJ: 0.00163006 0.000997021
Max of dh, dJ: 0.0199902 0.131737

iteration 347
Number of threads allocated = 1
Avg. energy: 167.529
RMS of dh, dJ: 0.000979969 0.00101246
Max of dh, dJ: 0.0108227 0.12919
Converged!
RMS of dh, dJ, tot: 0.000979969 0.00101246 0.00199243
Max of |dh|, |dJ|: 0.0108227 0.12919
