INPUT PARAMETERS:
msa_name /data/wangd17/contact_seqs/Ubiquitin_all/1ubq_contacts_stable_all.dat
out_name ubiquitin_stable_all.bm_param
folder_name Ubiquitin_stable_all
scratch_dir /data/wangd17/Ising-Model_biowulf/scratch/
input_name none
mc_init random
lambda 0
myseed 1
max_iter 10000000
mc_steps 1000
eps0_h 0.02
eps0_J 0.002
adaptive_stepsize_on 1
adaptive_sampling_on 1
eps_inc 1.5
eps_dec 0.6
eps_min_h 0.001
eps_max_h 2.5
eps_min_J 0.00001
eps_max_J_N 2.5
gamma 0.1
cutoff_freq 0.05
delta 0.0
symmetrize_on 0
do_lowmem_fill 1
cutoff_rmsd 0.002
conv_type rmsd
verbose 1
record_freq 50

/data/wangd17/contact_seqs/Ubiquitin_all/1ubq_contacts_stable_all.dat
Sequence length: 2628
random
conv type: rmsd
Doing low-memory frequency fill...
0
10000
20000
30000
40000
50000
60000
70000
80000
90000
100000
110000
120000
130000
140000
150000
160000
170000
180000
190000
200000
210000
220000
230000
240000
250000
260000
270000
280000
290000
300000
310000
320000
330000
340000
350000
360000
370000
380000
390000
400000
410000
420000
430000
440000
450000
460000
470000
480000
490000
500000
510000
520000
530000
540000
550000
560000
570000
580000
590000
600000
610000
620000
630000
640000
650000
660000
670000
680000
690000
700000
710000
720000
730000
740000
750000
760000
770000
780000
790000
800000
810000
820000
830000
840000
850000
860000
870000
880000
890000
900000
910000
920000
930000
940000
950000
960000
970000
980000
990000
1000000
1010000
1020000
1030000
1040000
1050000
1060000
1070000
1080000
1090000
1100000
1110000
1120000
1130000
1140000
1150000
1160000
1170000
1180000
1190000
1200000
1210000
1220000
1230000
1240000
1250000
1260000
1270000
1280000
1290000
1300000
1310000
1320000
1330000
1340000
1350000
1360000
1370000
1380000
1390000
1400000
1410000
1420000
1430000
1440000
1450000
1460000
1470000
1480000
1490000
1500000
1510000
1520000
1530000
1540000
1550000
1560000
1570000
1580000
1590000
1600000
1610000
1620000
1630000
1640000
1650000
1660000
1670000
1680000
1690000
1700000
1710000
1720000
1730000
1740000
1750000
1760000
1770000
1780000
1790000
1800000
1810000
1820000
1830000
1840000
1850000
1860000
1870000
1880000
1890000
1900000
1910000
1920000
1930000
1940000
1950000
1960000
1970000
1980000
1990000
2000000
2010000
2020000
2030000
2040000
2050000
2060000
2070000
2080000
2090000
2100000
2110000
2120000
2130000
2140000
2150000
2160000
2170000
2180000
2190000
2200000
2210000
2220000
2230000
2240000
2250000
2260000
2270000
2280000
2290000
2300000
2310000
2320000
2330000
2340000
2350000
2360000
2370000
2380000
2390000
2400000
2410000
2420000
2430000
2440000
2450000
2460000
2470000
2480000
2490000
2500000
2510000
2520000
2530000
2540000
2550000
2560000
2570000
2580000
2590000
2600000
2610000
2620000
2630000
2640000
2650000
2660000
2670000
2680000
2690000
2700000
2710000
2720000
2730000
2740000
2750000
2760000
2770000
2780000
2790000
2800000
2810000
2820000
2830000
2840000
2850000
2860000
2870000
2880000
2890000
2900000
2910000
2920000
2930000
2940000
2950000
2960000
2970000
2980000
2990000
3000000
3010000
3020000
3030000
3040000
3050000
3060000
3070000
3080000
3090000
3100000
3110000
3120000
3130000
3140000
3150000
3160000
3170000
3180000
3190000
3200000
3210000
3220000
3230000
3240000
3250000
3260000
3270000
3280000
3290000
3300000
3310000
3320000
3330000
3340000
3350000
3360000
3370000
3380000
3390000
3400000
3410000
3420000
3430000
3440000
3450000
3460000
3470000
3480000
3490000
3500000
3510000
3520000
3530000
3540000
3550000
3560000
3570000
3580000
3590000
3600000
3610000
3620000
3630000
3640000
3650000
3660000
3670000
3680000
3690000
3700000
3710000
3720000
3730000
3740000
3750000
3760000
3770000
3780000
3790000
3800000
3810000
3820000
3830000
3840000
3850000
3860000
3870000
3880000
3890000
3900000
3910000
3920000
3930000
3940000
3950000
3960000
3970000
3980000
3990000
4000000
4010000
4020000
4030000
4040000
4050000
4060000
4070000
4080000
4090000
4100000
4110000
4120000
4130000
4140000
4150000
4160000
4170000
4180000
4190000
4200000
4210000
4220000
4230000
4240000
4250000
4260000
4270000
4280000
4290000
4300000
4310000
4320000
4330000
4340000
4350000
4360000
4370000
4380000
4390000
4400000
4410000
4420000
4430000
4440000
4450000
4460000
4470000
4480000
4490000
4500000
4510000
4520000
4530000
4540000
4550000
4560000
4570000
4580000
4590000
4600000
4610000
4620000
4630000
4640000
4650000
4660000
4670000
4680000
4690000
4700000
4710000
4720000
4730000
4740000
4750000
4760000
4770000
4780000
4790000
4800000
4810000
4820000
4830000
4840000
4850000
4860000
4870000
4880000
4890000
4900000
4910000
4920000
4930000
4940000
4950000
4960000
4970000
4980000
4990000
5000000
5010000
5020000
5030000
5040000
5050000
5060000
5070000
5080000
5090000
5100000
5110000
5120000
5130000
5140000
5150000
5160000
5170000
5180000
5190000
5200000
5210000
5220000
5230000
5240000
5250000
5260000
5270000
5280000
5290000
5300000
5310000
5320000
5330000
5340000
5350000
5360000
5370000
5380000
5390000
5400000
5410000
5420000
5430000
5440000
5450000
5460000
5470000
5480000
5490000
5500000
5510000
5520000
5530000
5540000
5550000
5560000
5570000
5580000
5590000
5600000
5610000
5620000
5630000
5640000
5650000
5660000
5670000
5680000
5690000
5700000
5710000
5720000
5730000
5740000
5750000
5760000
5770000
5780000
5790000
5800000
5810000
5820000
5830000
5840000
5850000
5860000
5870000
5880000
5890000
5900000
5910000
5920000
5930000
5940000
5950000
5960000
5970000
5980000
5990000
6000000
6010000
6020000
6030000
6040000
6050000
6060000
6070000
6080000
6090000
6100000
6110000
6120000
6130000
6140000
6150000
6160000
6170000
6180000
6190000
6200000
6210000
6220000
6230000
6240000
6250000
6260000
6270000
6280000
6290000
6300000
6310000
6320000
6330000
6340000
6350000
6360000
6370000
6380000
6390000
6400000
6410000
6420000
6430000
6440000
6450000
6460000
6470000
6480000
6490000
6500000
6510000
6520000
6530000
6540000
6550000
6560000
6570000
6580000
6590000
6600000
6610000
6620000
6630000
6640000
6650000
6660000
6670000
6680000
6690000
6700000
6710000
6720000
6730000
6740000
6750000
6760000
6770000
6780000
6790000
6800000
6810000
6820000
6830000
6840000
6850000
6860000
6870000
6880000
6890000
6900000
6910000
6920000
6930000
6940000
6950000
6960000
6970000
6980000
6990000
7000000
7010000
7020000
7030000
7040000
7050000
7060000
7070000
7080000
7090000
7100000
7110000
7120000
7130000
7140000
7150000
7160000
7170000
7180000
7190000
7200000
7210000
7220000
7230000
7240000
7250000
7260000
7270000
7280000
7290000
7300000
7310000
7320000
7330000
7340000
7350000
7360000
7370000
7380000
7390000
7400000
7410000
7420000
7430000
7440000
7450000
7460000
7470000
7480000
7490000
7500000
7510000
7520000
7530000
7540000
7550000
7560000
7570000
7580000
7590000
7600000
7610000
7620000
7630000
7640000
7650000
7660000
7670000
7680000
7690000
7700000
7710000
7720000
7730000
7740000
7750000
7760000
7770000
7780000
7790000
7800000
7810000
7820000
7830000
7840000
No. seqs: 7840383
Should be N: 79.8884
Fitting model.

iteration 0
Number of threads allocated = 1
Avg. energy: 156.981
RMS of dh, dJ: 0.0282744 0.00819668
Max of dh, dJ: 0.376296 0.557077

iteration 1
Number of threads allocated = 1
Avg. energy: 158.238
RMS of dh, dJ: 0.0274537 0.00814342
Max of dh, dJ: 0.375296 0.525077

iteration 2
Number of threads allocated = 1
Avg. energy: 157.999
RMS of dh, dJ: 0.0275165 0.00807997
Max of dh, dJ: 0.402296 0.558077

iteration 3
Number of threads allocated = 1
Avg. energy: 159.092
RMS of dh, dJ: 0.0267728 0.00802947
Max of dh, dJ: 0.334296 0.539077

iteration 4
Number of threads allocated = 1
Avg. energy: 156.155
RMS of dh, dJ: 0.0262313 0.00798861
Max of dh, dJ: 0.340296 0.520077

iteration 5
Number of threads allocated = 1
Avg. energy: 157.797
RMS of dh, dJ: 0.0253984 0.00791307
Max of dh, dJ: 0.319296 0.506077

iteration 6
Number of threads allocated = 1
Avg. energy: 157.253
RMS of dh, dJ: 0.0244399 0.00782306
Max of dh, dJ: 0.308296 0.509077

iteration 7
Number of threads allocated = 1
Avg. energy: 156.057
RMS of dh, dJ: 0.0222761 0.00760319
Max of dh, dJ: 0.278296 0.489077

iteration 8
Number of threads allocated = 1
Avg. energy: 155.256
RMS of dh, dJ: 0.0205827 0.00749302
Max of dh, dJ: 0.271296 0.460539

iteration 9
Number of threads allocated = 1
Avg. energy: 153.367
RMS of dh, dJ: 0.0181383 0.00723031
Max of dh, dJ: 0.211877 0.419305

iteration 10
Number of threads allocated = 1
Avg. energy: 154.644
RMS of dh, dJ: 0.0143468 0.00688767
Max of dh, dJ: 0.187296 0.369085

iteration 11
Number of threads allocated = 1
Avg. energy: 150.744
RMS of dh, dJ: 0.0113225 0.00656802
Max of dh, dJ: 0.123296 0.333322

iteration 12
Number of threads allocated = 1
Avg. energy: 150.194
RMS of dh, dJ: 0.00874623 0.00627434
Max of dh, dJ: 0.0932256 0.298688

iteration 13
Number of threads allocated = 1
Avg. energy: 144.208
RMS of dh, dJ: 0.00723705 0.0060237
Max of dh, dJ: 0.0678222 0.24366

iteration 14
Number of threads allocated = 1
Avg. energy: 146.189
RMS of dh, dJ: 0.00719709 0.00584846
Max of dh, dJ: 0.0489045 0.218688

iteration 15
Number of threads allocated = 1
Avg. energy: 143.964
RMS of dh, dJ: 0.00751563 0.00602359
Max of dh, dJ: 0.0580124 0.227309

iteration 16
Number of threads allocated = 1
Avg. energy: 144.278
RMS of dh, dJ: 0.00726456 0.00581928
Max of dh, dJ: 0.0570137 0.205085

iteration 17
Number of threads allocated = 1
Avg. energy: 144.146
RMS of dh, dJ: 0.00725992 0.00588721
Max of dh, dJ: 0.0629681 0.222305

iteration 18
Number of threads allocated = 1
Avg. energy: 146.982
RMS of dh, dJ: 0.00693199 0.0058677
Max of dh, dJ: 0.0434878 0.226675

iteration 19
Number of threads allocated = 1
Avg. energy: 146.35
RMS of dh, dJ: 0.0065129 0.00582076
Max of dh, dJ: 0.0439576 0.218388

iteration 20
Number of threads allocated = 1
Avg. energy: 145.462
RMS of dh, dJ: 0.00704254 0.00579895
Max of dh, dJ: 0.0561242 0.214688

iteration 21
Number of threads allocated = 1
Avg. energy: 144.833
RMS of dh, dJ: 0.00677525 0.00581371
Max of dh, dJ: 0.058017 0.23066

iteration 22
Number of threads allocated = 1
Avg. energy: 143.103
RMS of dh, dJ: 0.0070589 0.00581608
Max of dh, dJ: 0.0678179 0.207688

iteration 23
Number of threads allocated = 1
Avg. energy: 146.632
RMS of dh, dJ: 0.00691821 0.00582077
Max of dh, dJ: 0.0578758 0.21266

iteration 24
Number of threads allocated = 1
Avg. energy: 143.761
RMS of dh, dJ: 0.00686083 0.00579703
Max of dh, dJ: 0.0619863 0.219342

iteration 25
Number of threads allocated = 1
Avg. energy: 145.162
RMS of dh, dJ: 0.00699569 0.00571203
Max of dh, dJ: 0.0573852 0.198322

iteration 26
Number of threads allocated = 1
Avg. energy: 145.373
RMS of dh, dJ: 0.00704269 0.00580001
Max of dh, dJ: 0.0613852 0.208305

iteration 27
Number of threads allocated = 1
Avg. energy: 145.383
RMS of dh, dJ: 0.00714163 0.00582844
Max of dh, dJ: 0.0609158 0.209508

iteration 28
Number of threads allocated = 1
Avg. energy: 145.886
RMS of dh, dJ: 0.0066947 0.00573215
Max of dh, dJ: 0.0508547 0.229688

iteration 29
Number of threads allocated = 1
Avg. energy: 145.269
RMS of dh, dJ: 0.00731317 0.00572766
Max of dh, dJ: 0.0654878 0.208344

iteration 30
Number of threads allocated = 1
Avg. energy: 145.377
RMS of dh, dJ: 0.00722087 0.00577685
Max of dh, dJ: 0.0799681 0.21066

iteration 31
Number of threads allocated = 1
Avg. energy: 146.253
RMS of dh, dJ: 0.00769682 0.00568004
Max of dh, dJ: 0.0657313 0.213322

iteration 32
Number of threads allocated = 1
Avg. energy: 144.397
RMS of dh, dJ: 0.006946 0.00563426
Max of dh, dJ: 0.0668123 0.19846

iteration 33
Number of threads allocated = 1
Avg. energy: 147.98
RMS of dh, dJ: 0.00729876 0.00569152
Max of dh, dJ: 0.0722612 0.20566

iteration 34
Number of threads allocated = 1
Avg. energy: 146.82
RMS of dh, dJ: 0.00675846 0.00569251
Max of dh, dJ: 0.0546163 0.21744

iteration 35
Number of threads allocated = 1
Avg. energy: 147.56
RMS of dh, dJ: 0.00695513 0.00560573
Max of dh, dJ: 0.053225 0.214018

iteration 36
Number of threads allocated = 1
Avg. energy: 146.002
RMS of dh, dJ: 0.00671536 0.00568466
Max of dh, dJ: 0.0653346 0.196503

iteration 37
Number of threads allocated = 1
Avg. energy: 144.66
RMS of dh, dJ: 0.00700152 0.00570648
Max of dh, dJ: 0.0494992 0.19946

iteration 38
Number of threads allocated = 1
Avg. energy: 146.701
RMS of dh, dJ: 0.00702499 0.00566718
Max of dh, dJ: 0.0470991 0.19866

iteration 39
Number of threads allocated = 1
Avg. energy: 147.274
RMS of dh, dJ: 0.00691248 0.00564096
Max of dh, dJ: 0.0569863 0.213018

iteration 40
Number of threads allocated = 1
Avg. energy: 145.073
RMS of dh, dJ: 0.0069306 0.00566693
Max of dh, dJ: 0.0545928 0.206278

iteration 41
Number of threads allocated = 1
Avg. energy: 146.463
RMS of dh, dJ: 0.0069061 0.0056845
Max of dh, dJ: 0.0598459 0.231018

iteration 42
Number of threads allocated = 1
Avg. energy: 146.117
RMS of dh, dJ: 0.00696587 0.00558907
Max of dh, dJ: 0.0546906 0.216305

iteration 43
Number of threads allocated = 1
Avg. energy: 146.005
RMS of dh, dJ: 0.00712125 0.00563379
Max of dh, dJ: 0.0546534 0.19457

iteration 44
Number of threads allocated = 1
Avg. energy: 147.09
RMS of dh, dJ: 0.00726614 0.00564715
Max of dh, dJ: 0.0737183 0.194018

iteration 45
Number of threads allocated = 1
Avg. energy: 146.114
RMS of dh, dJ: 0.00708783 0.00565849
Max of dh, dJ: 0.0590842 0.227688

iteration 46
Number of threads allocated = 1
Avg. energy: 148.351
RMS of dh, dJ: 0.00741824 0.00561112
Max of dh, dJ: 0.0603346 0.200501

iteration 47
Number of threads allocated = 1
Avg. energy: 145.539
RMS of dh, dJ: 0.0073182 0.0055851
Max of dh, dJ: 0.0730728 0.199309

iteration 48
Number of threads allocated = 1
Avg. energy: 145.231
RMS of dh, dJ: 0.0069185 0.00566251
Max of dh, dJ: 0.0676906 0.206688

iteration 49
Number of threads allocated = 1
Avg. energy: 146.425
RMS of dh, dJ: 0.00724741 0.00559451
Max of dh, dJ: 0.0756846 0.213018

iteration 50
Number of threads allocated = 1
Avg. energy: 148.725
RMS of dh, dJ: 0.00710452 0.00558925
Max of dh, dJ: 0.0570991 0.216688

iteration 51
Number of threads allocated = 1
Avg. energy: 148.521
RMS of dh, dJ: 0.00750769 0.00556698
Max of dh, dJ: 0.0681829 0.225508

iteration 52
Number of threads allocated = 1
Avg. energy: 148.205
RMS of dh, dJ: 0.00700759 0.00558566
Max of dh, dJ: 0.0508123 0.204503

iteration 53
Number of threads allocated = 1
Avg. energy: 149.427
RMS of dh, dJ: 0.00681147 0.0056708
Max of dh, dJ: 0.0553729 0.221235

iteration 54
Number of threads allocated = 1
Avg. energy: 146.653
RMS of dh, dJ: 0.00723001 0.00565593
Max of dh, dJ: 0.064456 0.208892

iteration 55
Number of threads allocated = 1
Avg. energy: 146.515
RMS of dh, dJ: 0.00711437 0.00559756
Max of dh, dJ: 0.0600441 0.212688

iteration 56
Number of threads allocated = 1
Avg. energy: 149.355
RMS of dh, dJ: 0.00689776 0.00560644
Max of dh, dJ: 0.0648758 0.22566

iteration 57
Number of threads allocated = 1
Avg. energy: 149.399
RMS of dh, dJ: 0.00736394 0.0056208
Max of dh, dJ: 0.0699863 0.232388

iteration 58
Number of threads allocated = 1
Avg. energy: 147.967
RMS of dh, dJ: 0.00766051 0.00560972
Max of dh, dJ: 0.0723257 0.24941

iteration 59
Number of threads allocated = 1
Avg. energy: 148.597
RMS of dh, dJ: 0.00753785 0.00562205
Max of dh, dJ: 0.0758417 0.204305

iteration 60
Number of threads allocated = 1
Avg. energy: 146.31
RMS of dh, dJ: 0.00753007 0.00553008
Max of dh, dJ: 0.068492 0.196191

iteration 61
Number of threads allocated = 1
Avg. energy: 148.196
RMS of dh, dJ: 0.0070514 0.00561285
Max of dh, dJ: 0.077456 0.203367

iteration 62
Number of threads allocated = 1
Avg. energy: 146.583
RMS of dh, dJ: 0.00728518 0.00565944
Max of dh, dJ: 0.0573323 0.215322

iteration 63
Number of threads allocated = 1
Avg. energy: 148.316
RMS of dh, dJ: 0.00692725 0.00564816
Max of dh, dJ: 0.0578043 0.24166

iteration 64
Number of threads allocated = 1
Avg. energy: 147.579
RMS of dh, dJ: 0.00744018 0.00556643
Max of dh, dJ: 0.057421 0.21866

iteration 65
Number of threads allocated = 1
Avg. energy: 146.725
RMS of dh, dJ: 0.0079141 0.00549483
Max of dh, dJ: 0.0696534 0.195382

iteration 66
Number of threads allocated = 1
Avg. energy: 148.809
RMS of dh, dJ: 0.00694778 0.00564138
Max of dh, dJ: 0.0480428 0.232018

iteration 67
Number of threads allocated = 1
Avg. energy: 147.75
RMS of dh, dJ: 0.00718262 0.00556756
Max of dh, dJ: 0.0653082 0.219085

iteration 68
Number of threads allocated = 1
Avg. energy: 147.699
RMS of dh, dJ: 0.00718225 0.00568325
Max of dh, dJ: 0.0643839 0.206305

iteration 69
Number of threads allocated = 1
Avg. energy: 147.545
RMS of dh, dJ: 0.00756129 0.00558128
Max of dh, dJ: 0.0738417 0.206892

iteration 70
Number of threads allocated = 1
Avg. energy: 148.285
RMS of dh, dJ: 0.00688396 0.00562087
Max of dh, dJ: 0.0578123 0.224305

iteration 71
Number of threads allocated = 1
Avg. energy: 148.48
RMS of dh, dJ: 0.00721529 0.00554905
Max of dh, dJ: 0.0939045 0.19566

iteration 72
Number of threads allocated = 1
Avg. energy: 147.254
RMS of dh, dJ: 0.007136 0.00561849
Max of dh, dJ: 0.0577183 0.191342

iteration 73
Number of threads allocated = 1
Avg. energy: 149.588
RMS of dh, dJ: 0.0071536 0.00566949
Max of dh, dJ: 0.0631778 0.207892

iteration 74
Number of threads allocated = 1
Avg. energy: 147.473
RMS of dh, dJ: 0.00752014 0.00553914
Max of dh, dJ: 0.069508 0.212501

iteration 75
Number of threads allocated = 1
Avg. energy: 149.337
RMS of dh, dJ: 0.00737326 0.00557073
Max of dh, dJ: 0.062681 0.205717

iteration 76
Number of threads allocated = 1
Avg. energy: 148.507
RMS of dh, dJ: 0.00711923 0.00566304
Max of dh, dJ: 0.0640137 0.214688

iteration 77
Number of threads allocated = 1
Avg. energy: 149.907
RMS of dh, dJ: 0.006923 0.00555974
Max of dh, dJ: 0.0580728 0.192367

iteration 78
Number of threads allocated = 1
Avg. energy: 147.15
RMS of dh, dJ: 0.0071203 0.00558243
Max of dh, dJ: 0.0665448 0.216508

iteration 79
Number of threads allocated = 1
Avg. energy: 150.165
RMS of dh, dJ: 0.00750057 0.00556221
Max of dh, dJ: 0.0551683 0.217581

iteration 80
Number of threads allocated = 1
Avg. energy: 150.306
RMS of dh, dJ: 0.00710944 0.00564793
Max of dh, dJ: 0.0551683 0.203522

iteration 81
Number of threads allocated = 1
Avg. energy: 149.564
RMS of dh, dJ: 0.0072293 0.00574151
Max of dh, dJ: 0.0680428 0.232688

iteration 82
Number of threads allocated = 1
Avg. energy: 148.431
RMS of dh, dJ: 0.0074064 0.00559021
Max of dh, dJ: 0.0537291 0.219181

iteration 83
Number of threads allocated = 1
Avg. energy: 150.539
RMS of dh, dJ: 0.00719216 0.00556952
Max of dh, dJ: 0.0563082 0.218018

iteration 84
Number of threads allocated = 1
Avg. energy: 148.36
RMS of dh, dJ: 0.00718622 0.0055587
Max of dh, dJ: 0.0540627 0.20566

iteration 85
Number of threads allocated = 1
Avg. energy: 148.834
RMS of dh, dJ: 0.00739154 0.00559861
Max of dh, dJ: 0.063021 0.213417

iteration 86
Number of threads allocated = 1
Avg. energy: 149.733
RMS of dh, dJ: 0.00711275 0.00563276
Max of dh, dJ: 0.0642505 0.209085

iteration 87
Number of threads allocated = 1
Avg. energy: 149.422
RMS of dh, dJ: 0.00746095 0.00563115
Max of dh, dJ: 0.0841778 0.198832

iteration 88
Number of threads allocated = 1
Avg. energy: 149.68
RMS of dh, dJ: 0.00712396 0.00566147
Max of dh, dJ: 0.0503839 0.214739

iteration 89
Number of threads allocated = 1
Avg. energy: 149.58
RMS of dh, dJ: 0.00676589 0.00566749
Max of dh, dJ: 0.0630129 0.206508

iteration 90
Number of threads allocated = 1
Avg. energy: 150.767
RMS of dh, dJ: 0.0072209 0.0056376
Max of dh, dJ: 0.0533409 0.21041

iteration 91
Number of threads allocated = 1
Avg. energy: 149.659
RMS of dh, dJ: 0.00703054 0.0055954
Max of dh, dJ: 0.0535189 0.233309

iteration 92
Number of threads allocated = 1
Avg. energy: 150.646
RMS of dh, dJ: 0.00732678 0.00554354
Max of dh, dJ: 0.0525299 0.20066

iteration 93
Number of threads allocated = 1
Avg. energy: 151.179
RMS of dh, dJ: 0.00703305 0.00563725
Max of dh, dJ: 0.0562505 0.22566

iteration 94
Number of threads allocated = 1
Avg. energy: 150.357
RMS of dh, dJ: 0.00794722 0.00541338
Max of dh, dJ: 0.0729741 0.195581

iteration 95
Number of threads allocated = 1
Avg. energy: 150.202
RMS of dh, dJ: 0.00713765 0.00560393
Max of dh, dJ: 0.0638459 0.21166

iteration 96
Number of threads allocated = 1
Avg. energy: 150.896
RMS of dh, dJ: 0.00742584 0.00562857
Max of dh, dJ: 0.0767467 0.21966

iteration 97
Number of threads allocated = 1
Avg. energy: 149.469
RMS of dh, dJ: 0.00717282 0.00562006
Max of dh, dJ: 0.0535647 0.202305

iteration 98
Number of threads allocated = 1
Avg. energy: 149.271
RMS of dh, dJ: 0.00720431 0.00566845
Max of dh, dJ: 0.0489741 0.199503

iteration 99
Number of threads allocated = 1
Avg. energy: 152.275
RMS of dh, dJ: 0.00763168 0.00554421
Max of dh, dJ: 0.0646609 0.197607

iteration 100
Number of threads allocated = 1
Avg. energy: 149.334
RMS of dh, dJ: 0.00712715 0.00561841
Max of dh, dJ: 0.0609863 0.23766

iteration 101
Number of threads allocated = 1
Avg. energy: 152.179
RMS of dh, dJ: 0.00727293 0.00560237
Max of dh, dJ: 0.0530714 0.220018

iteration 102
Number of threads allocated = 1
Avg. energy: 148.972
RMS of dh, dJ: 0.00725033 0.0056045
Max of dh, dJ: 0.0572505 0.215739

iteration 103
Number of threads allocated = 1
Avg. energy: 152.247
RMS of dh, dJ: 0.00714235 0.00559479
Max of dh, dJ: 0.0502449 0.20146

iteration 104
Number of threads allocated = 1
Avg. energy: 150.873
RMS of dh, dJ: 0.00725869 0.00566199
Max of dh, dJ: 0.0670503 0.201085

iteration 105
Number of threads allocated = 1
Avg. energy: 150.807
RMS of dh, dJ: 0.00753724 0.00555417
Max of dh, dJ: 0.0612505 0.197018

iteration 106
Number of threads allocated = 1
Avg. energy: 150.272
RMS of dh, dJ: 0.00731699 0.00550585
Max of dh, dJ: 0.0608359 0.207309

iteration 107
Number of threads allocated = 1
Avg. energy: 150.395
RMS of dh, dJ: 0.00731993 0.00559583
Max of dh, dJ: 0.0666918 0.220322

iteration 108
Number of threads allocated = 1
Avg. energy: 151.988
RMS of dh, dJ: 0.00773256 0.00562046
Max of dh, dJ: 0.078314 0.205367

iteration 109
Number of threads allocated = 1
Avg. energy: 152.422
RMS of dh, dJ: 0.00743413 0.00553946
Max of dh, dJ: 0.0583346 0.205688

iteration 110
Number of threads allocated = 1
Avg. energy: 151.709
RMS of dh, dJ: 0.00703339 0.00567018
Max of dh, dJ: 0.0591866 0.222581

iteration 111
Number of threads allocated = 1
Avg. energy: 150.659
RMS of dh, dJ: 0.00725546 0.00558628
Max of dh, dJ: 0.0503839 0.193169

iteration 112
Number of threads allocated = 1
Avg. energy: 150.959
RMS of dh, dJ: 0.00737408 0.00558038
Max of dh, dJ: 0.0526846 0.21366

iteration 113
Number of threads allocated = 1
Avg. energy: 149.919
RMS of dh, dJ: 0.00723022 0.00563404
Max of dh, dJ: 0.0659122 0.22566

iteration 114
Number of threads allocated = 1
Avg. energy: 151.868
RMS of dh, dJ: 0.0075385 0.0054971
Max of dh, dJ: 0.0697753 0.189574

iteration 115
Number of threads allocated = 1
Avg. energy: 151.379
RMS of dh, dJ: 0.00712688 0.0056141
Max of dh, dJ: 0.0598359 0.253417

iteration 116
Number of threads allocated = 1
Avg. energy: 152.7
RMS of dh, dJ: 0.00706862 0.00563253
Max of dh, dJ: 0.0601295 0.206508

iteration 117
Number of threads allocated = 1
Avg. energy: 152.629
RMS of dh, dJ: 0.00730259 0.00547388
Max of dh, dJ: 0.060456 0.22066

iteration 118
Number of threads allocated = 1
Avg. energy: 151.994
RMS of dh, dJ: 0.00693915 0.00559511
Max of dh, dJ: 0.0501683 0.19944

iteration 119
Number of threads allocated = 1
Avg. energy: 152.024
RMS of dh, dJ: 0.00761289 0.005552
Max of dh, dJ: 0.0844811 0.196382

iteration 120
Number of threads allocated = 1
Avg. energy: 153.3
RMS of dh, dJ: 0.00719435 0.00558279
Max of dh, dJ: 0.0559741 0.197417

iteration 121
Number of threads allocated = 1
Avg. energy: 151.163
RMS of dh, dJ: 0.00721803 0.00563711
Max of dh, dJ: 0.0662612 0.230018

iteration 122
Number of threads allocated = 1
Avg. energy: 152.147
RMS of dh, dJ: 0.00778704 0.00542665
Max of dh, dJ: 0.0636163 0.189832

iteration 123
Number of threads allocated = 1
Avg. energy: 153.538
RMS of dh, dJ: 0.00741983 0.00555564
Max of dh, dJ: 0.0511815 0.250688

iteration 124
Number of threads allocated = 1
Avg. energy: 152.012
RMS of dh, dJ: 0.00699993 0.00563984
Max of dh, dJ: 0.0610124 0.203675

iteration 125
Number of threads allocated = 1
Avg. energy: 151.85
RMS of dh, dJ: 0.00725024 0.00559092
Max of dh, dJ: 0.0694929 0.221342

iteration 126
Number of threads allocated = 1
Avg. energy: 152.893
RMS of dh, dJ: 0.00682577 0.00567017
Max of dh, dJ: 0.0550728 0.19566

iteration 127
Number of threads allocated = 1
Avg. energy: 155.252
RMS of dh, dJ: 0.00754968 0.0055494
Max of dh, dJ: 0.0629016 0.204503

iteration 128
Number of threads allocated = 1
Avg. energy: 153.28
RMS of dh, dJ: 0.00745283 0.0055333
Max of dh, dJ: 0.0878134 0.236018

iteration 129
Number of threads allocated = 1
Avg. energy: 153.282
RMS of dh, dJ: 0.00725645 0.0055555
Max of dh, dJ: 0.0540167 0.231508

iteration 130
Number of threads allocated = 1
Avg. energy: 152.81
RMS of dh, dJ: 0.00715022 0.00566492
Max of dh, dJ: 0.0620101 0.222539

iteration 131
Number of threads allocated = 1
Avg. energy: 153.258
RMS of dh, dJ: 0.00696246 0.00562285
Max of dh, dJ: 0.0593928 0.227688

iteration 132
Number of threads allocated = 1
Avg. energy: 153.176
RMS of dh, dJ: 0.00683789 0.00560709
Max of dh, dJ: 0.0510732 0.205631

iteration 133
Number of threads allocated = 1
Avg. energy: 154.857
RMS of dh, dJ: 0.00724082 0.00557607
Max of dh, dJ: 0.0762241 0.203388

iteration 134
Number of threads allocated = 1
Avg. energy: 153.427
RMS of dh, dJ: 0.00705652 0.0055847
Max of dh, dJ: 0.0644929 0.201069

iteration 135
Number of threads allocated = 1
Avg. energy: 155.385
RMS of dh, dJ: 0.00711313 0.00555018
Max of dh, dJ: 0.0603852 0.20466

iteration 136
Number of threads allocated = 1
Avg. energy: 153.551
RMS of dh, dJ: 0.0070123 0.00555591
Max of dh, dJ: 0.054314 0.219305

iteration 137
Number of threads allocated = 1
Avg. energy: 152.497
RMS of dh, dJ: 0.0072621 0.00551995
Max of dh, dJ: 0.0654353 0.205508

iteration 138
Number of threads allocated = 1
Avg. energy: 154.562
RMS of dh, dJ: 0.00766591 0.00554476
Max of dh, dJ: 0.0939016 0.206607

iteration 139
Number of threads allocated = 1
Avg. energy: 152.986
RMS of dh, dJ: 0.00745525 0.00556409
Max of dh, dJ: 0.0713928 0.226309

iteration 140
Number of threads allocated = 1
Avg. energy: 153.547
RMS of dh, dJ: 0.00766837 0.00551068
Max of dh, dJ: 0.0699016 0.227762

iteration 141
Number of threads allocated = 1
Avg. energy: 154.733
RMS of dh, dJ: 0.00708753 0.00567111
Max of dh, dJ: 0.0570129 0.216322

iteration 142
Number of threads allocated = 1
Avg. energy: 153.946
RMS of dh, dJ: 0.00741038 0.00568567
Max of dh, dJ: 0.0725281 0.210892

iteration 143
Number of threads allocated = 1
Avg. energy: 154.601
RMS of dh, dJ: 0.00754888 0.00548554
Max of dh, dJ: 0.0699286 0.214688

iteration 144
Number of threads allocated = 1
Avg. energy: 153.849
RMS of dh, dJ: 0.00678746 0.00552235
Max of dh, dJ: 0.052225 0.218675

iteration 145
Number of threads allocated = 1
Avg. energy: 155.186
RMS of dh, dJ: 0.00718838 0.00550776
Max of dh, dJ: 0.062314 0.199688

iteration 146
Number of threads allocated = 1
Avg. energy: 155.365
RMS of dh, dJ: 0.00733197 0.00566526
Max of dh, dJ: 0.0753852 0.216866

iteration 147
Number of threads allocated = 1
Avg. energy: 154.768
RMS of dh, dJ: 0.0076802 0.00549282
Max of dh, dJ: 0.0699016 0.210739

iteration 148
Number of threads allocated = 1
Avg. energy: 153.414
RMS of dh, dJ: 0.00744364 0.00560974
Max of dh, dJ: 0.0650897 0.209388

iteration 149
Number of threads allocated = 1
Avg. energy: 153.449
RMS of dh, dJ: 0.00694474 0.00557188
Max of dh, dJ: 0.0590864 0.21266

iteration 150
Number of threads allocated = 1
Avg. energy: 151.378
RMS of dh, dJ: 0.00682023 0.00568643
Max of dh, dJ: 0.0483079 0.215018

iteration 151
Number of threads allocated = 1
Avg. energy: 155.458
RMS of dh, dJ: 0.0076386 0.00546403
Max of dh, dJ: 0.0664992 0.197577

iteration 152
Number of threads allocated = 1
Avg. energy: 152.94
RMS of dh, dJ: 0.00765403 0.0055759
Max of dh, dJ: 0.0639016 0.204688

iteration 153
Number of threads allocated = 1
Avg. energy: 154.883
RMS of dh, dJ: 0.0073476 0.00556235
Max of dh, dJ: 0.069456 0.194501

iteration 154
Number of threads allocated = 1
Avg. energy: 155.084
RMS of dh, dJ: 0.00711693 0.00552463
Max of dh, dJ: 0.0563217 0.193305

iteration 155
Number of threads allocated = 1
Avg. energy: 155.361
RMS of dh, dJ: 0.00782622 0.00546495
Max of dh, dJ: 0.0666906 0.197322

iteration 156
Number of threads allocated = 1
Avg. energy: 154.365
RMS of dh, dJ: 0.00777369 0.00558661
Max of dh, dJ: 0.0809899 0.20397

iteration 157
Number of threads allocated = 1
Avg. energy: 155.598
RMS of dh, dJ: 0.00720933 0.00551301
Max of dh, dJ: 0.0730137 0.221018

iteration 158
Number of threads allocated = 1
Avg. energy: 155.109
RMS of dh, dJ: 0.00701772 0.00558711
Max of dh, dJ: 0.0602612 0.201196

iteration 159
Number of threads allocated = 1
Avg. energy: 153.847
RMS of dh, dJ: 0.00714353 0.0056262
Max of dh, dJ: 0.0754798 0.210739

iteration 160
Number of threads allocated = 1
Avg. energy: 155.391
RMS of dh, dJ: 0.00701227 0.00557666
Max of dh, dJ: 0.0538845 0.214688

iteration 161
Number of threads allocated = 1
Avg. energy: 153.536
RMS of dh, dJ: 0.00696355 0.00563111
Max of dh, dJ: 0.0547474 0.198577

iteration 162
Number of threads allocated = 1
Avg. energy: 154.604
RMS of dh, dJ: 0.00738701 0.00550863
Max of dh, dJ: 0.0676464 0.223508

iteration 163
Number of threads allocated = 1
Avg. energy: 153.942
RMS of dh, dJ: 0.00687495 0.00558197
Max of dh, dJ: 0.0556464 0.195866

iteration 164
Number of threads allocated = 1
Avg. energy: 155.86
RMS of dh, dJ: 0.00742333 0.00550842
Max of dh, dJ: 0.0586292 0.226739

iteration 165
Number of threads allocated = 1
Avg. energy: 153.424
RMS of dh, dJ: 0.00742568 0.00553726
Max of dh, dJ: 0.0629045 0.204675

iteration 166
Number of threads allocated = 1
Avg. energy: 156.906
RMS of dh, dJ: 0.00728686 0.00562363
Max of dh, dJ: 0.062492 0.22466

iteration 167
Number of threads allocated = 1
Avg. energy: 156.515
RMS of dh, dJ: 0.00728871 0.00555307
Max of dh, dJ: 0.0684811 0.222675

iteration 168
Number of threads allocated = 1
Avg. energy: 155.522
RMS of dh, dJ: 0.00689593 0.00567605
Max of dh, dJ: 0.0547467 0.224892

iteration 169
Number of threads allocated = 1
Avg. energy: 154.478
RMS of dh, dJ: 0.00743516 0.00552185
Max of dh, dJ: 0.0574141 0.22966

iteration 170
Number of threads allocated = 1
Avg. energy: 157.139
RMS of dh, dJ: 0.00756619 0.0054756
Max of dh, dJ: 0.0614567 0.202539

iteration 171
Number of threads allocated = 1
Avg. energy: 154.5
RMS of dh, dJ: 0.0073692 0.00550693
Max of dh, dJ: 0.0779899 0.22766

iteration 172
Number of threads allocated = 1
Avg. energy: 153.089
RMS of dh, dJ: 0.00757278 0.00555622
Max of dh, dJ: 0.0619899 0.21266

iteration 173
Number of threads allocated = 1
Avg. energy: 155.825
RMS of dh, dJ: 0.00704691 0.00553889
Max of dh, dJ: 0.0615345 0.216739

iteration 174
Number of threads allocated = 1
Avg. energy: 154.618
RMS of dh, dJ: 0.00696798 0.00560774
Max of dh, dJ: 0.0535299 0.19724

iteration 175
Number of threads allocated = 1
Avg. energy: 155.969
RMS of dh, dJ: 0.00750349 0.00545435
Max of dh, dJ: 0.059492 0.210739

iteration 176
Number of threads allocated = 1
Avg. energy: 154.198
RMS of dh, dJ: 0.00690234 0.00558639
Max of dh, dJ: 0.0532505 0.22866

iteration 177
Number of threads allocated = 1
Avg. energy: 156.453
RMS of dh, dJ: 0.00712227 0.00561923
Max of dh, dJ: 0.0549863 0.198812

iteration 178
Number of threads allocated = 1
Avg. energy: 156.394
RMS of dh, dJ: 0.00716932 0.00547551
Max of dh, dJ: 0.0629681 0.20166

iteration 179
Number of threads allocated = 1
Avg. energy: 156.49
RMS of dh, dJ: 0.00720997 0.00559255
Max of dh, dJ: 0.0678435 0.21566

iteration 180
Number of threads allocated = 1
Avg. energy: 154.986
RMS of dh, dJ: 0.00681091 0.00561561
Max of dh, dJ: 0.0565345 0.195014

iteration 181
Number of threads allocated = 1
Avg. energy: 158.091
RMS of dh, dJ: 0.00813713 0.00526415
Max of dh, dJ: 0.0731829 0.208305

iteration 182
Number of threads allocated = 1
Avg. energy: 157.55
RMS of dh, dJ: 0.00722129 0.00555991
Max of dh, dJ: 0.0580629 0.22944

iteration 183
Number of threads allocated = 1
Avg. energy: 155.151
RMS of dh, dJ: 0.00694085 0.00565601
Max of dh, dJ: 0.0656846 0.237018

iteration 184
Number of threads allocated = 1
Avg. energy: 157.351
RMS of dh, dJ: 0.00763665 0.00538379
Max of dh, dJ: 0.0891852 0.19346

iteration 185
Number of threads allocated = 1
Avg. energy: 158.363
RMS of dh, dJ: 0.00745434 0.0055613
Max of dh, dJ: 0.0577551 0.21546

iteration 186
Number of threads allocated = 1
Avg. energy: 157.677
RMS of dh, dJ: 0.00700549 0.00570426
Max of dh, dJ: 0.0497744 0.228342

iteration 187
Number of threads allocated = 1
Avg. energy: 158.88
RMS of dh, dJ: 0.00758664 0.0055052
Max of dh, dJ: 0.0758547 0.20241

iteration 188
Number of threads allocated = 1
Avg. energy: 157.251
RMS of dh, dJ: 0.00730922 0.00555704
Max of dh, dJ: 0.0650873 0.205085

iteration 189
Number of threads allocated = 1
Avg. energy: 157.174
RMS of dh, dJ: 0.0075644 0.00548537
Max of dh, dJ: 0.0678007 0.251739

iteration 190
Number of threads allocated = 1
Avg. energy: 158.167
RMS of dh, dJ: 0.00768388 0.00545696
Max of dh, dJ: 0.0515928 0.216388

iteration 191
Number of threads allocated = 1
Avg. energy: 157.756
RMS of dh, dJ: 0.00747115 0.00555238
Max of dh, dJ: 0.0736906 0.202607

iteration 192
Number of threads allocated = 1
Avg. energy: 157.59
RMS of dh, dJ: 0.00719117 0.00560889
Max of dh, dJ: 0.066225 0.223762

iteration 193
Number of threads allocated = 1
Avg. energy: 158.093
RMS of dh, dJ: 0.00730516 0.00558261
Max of dh, dJ: 0.0600526 0.219631

iteration 194
Number of threads allocated = 1
Avg. energy: 156.922
RMS of dh, dJ: 0.00727489 0.00556832
Max of dh, dJ: 0.0687726 0.20241

iteration 195
Number of threads allocated = 1
Avg. energy: 157.047
RMS of dh, dJ: 0.00694074 0.00560969
Max of dh, dJ: 0.055025 0.205631

iteration 196
Number of threads allocated = 1
Avg. energy: 157.895
RMS of dh, dJ: 0.007795 0.00539084
Max of dh, dJ: 0.0688435 0.20566

iteration 197
Number of threads allocated = 1
Avg. energy: 156.461
RMS of dh, dJ: 0.00818171 0.00540391
Max of dh, dJ: 0.0633928 0.207445

iteration 198
Number of threads allocated = 1
Avg. energy: 158.34
RMS of dh, dJ: 0.00767947 0.0054699
Max of dh, dJ: 0.0617744 0.207675

iteration 199
Number of threads allocated = 1
Avg. energy: 157.563
RMS of dh, dJ: 0.00763432 0.00545058
Max of dh, dJ: 0.060421 0.208631

iteration 200
Number of threads allocated = 1
Avg. energy: 156.923
RMS of dh, dJ: 0.00723005 0.00548948
Max of dh, dJ: 0.059421 0.235342

iteration 201
Number of threads allocated = 1
Avg. energy: 159.48
RMS of dh, dJ: 0.00764172 0.0053818
Max of dh, dJ: 0.0644798 0.190675

iteration 202
Number of threads allocated = 1
Avg. energy: 159.737
RMS of dh, dJ: 0.00729577 0.00550211
Max of dh, dJ: 0.0490271 0.21041

iteration 203
Number of threads allocated = 1
Avg. energy: 159.682
RMS of dh, dJ: 0.00757441 0.00556299
Max of dh, dJ: 0.0735313 0.220309

iteration 204
Number of threads allocated = 1
Avg. energy: 158.13
RMS of dh, dJ: 0.00724531 0.00552741
Max of dh, dJ: 0.0507753 0.202688

iteration 205
Number of threads allocated = 1
Avg. energy: 157.071
RMS of dh, dJ: 0.00687033 0.00560641
Max of dh, dJ: 0.0563526 0.210085

iteration 206
Number of threads allocated = 1
Avg. energy: 156.336
RMS of dh, dJ: 0.00756008 0.00541644
Max of dh, dJ: 0.0563928 0.195069

iteration 207
Number of threads allocated = 1
Avg. energy: 159
RMS of dh, dJ: 0.00738279 0.00546646
Max of dh, dJ: 0.061421 0.201739

iteration 208
Number of threads allocated = 1
Avg. energy: 158.745
RMS of dh, dJ: 0.00749524 0.00552711
Max of dh, dJ: 0.0670441 0.214753

iteration 209
Number of threads allocated = 1
Avg. energy: 157.047
RMS of dh, dJ: 0.00708794 0.00560525
Max of dh, dJ: 0.059492 0.224388

iteration 210
Number of threads allocated = 1
Avg. energy: 154.566
RMS of dh, dJ: 0.00657051 0.00564548
Max of dh, dJ: 0.0519371 0.203604

iteration 211
Number of threads allocated = 1
Avg. energy: 158.419
RMS of dh, dJ: 0.0069107 0.00553693
Max of dh, dJ: 0.052017 0.22044

iteration 212
Number of threads allocated = 1
Avg. energy: 158.115
RMS of dh, dJ: 0.00784013 0.00541455
Max of dh, dJ: 0.0621829 0.220675

iteration 213
Number of threads allocated = 1
Avg. energy: 156.71
RMS of dh, dJ: 0.00712253 0.00555575
Max of dh, dJ: 0.0541361 0.195739

iteration 214
Number of threads allocated = 1
Avg. energy: 158.74
RMS of dh, dJ: 0.00742437 0.00542641
Max of dh, dJ: 0.0567474 0.204688

iteration 215
Number of threads allocated = 1
Avg. energy: 158.886
RMS of dh, dJ: 0.0067902 0.00565743
Max of dh, dJ: 0.0709871 0.222388

iteration 216
Number of threads allocated = 1
Avg. energy: 156.562
RMS of dh, dJ: 0.00731377 0.00543749
Max of dh, dJ: 0.0489286 0.218739

iteration 217
Number of threads allocated = 1
Avg. energy: 160.098
RMS of dh, dJ: 0.00711012 0.00545759
Max of dh, dJ: 0.0765281 0.193388

iteration 218
Number of threads allocated = 1
Avg. energy: 157.618
RMS of dh, dJ: 0.00691424 0.00557466
Max of dh, dJ: 0.0627467 0.20846

iteration 219
Number of threads allocated = 1
Avg. energy: 158.445
RMS of dh, dJ: 0.00665749 0.00558121
Max of dh, dJ: 0.0581829 0.193503

iteration 220
Number of threads allocated = 1
Avg. energy: 158.276
RMS of dh, dJ: 0.00749113 0.00545434
Max of dh, dJ: 0.0646906 0.21641

iteration 221
Number of threads allocated = 1
Avg. energy: 159.351
RMS of dh, dJ: 0.0078628 0.00533212
Max of dh, dJ: 0.0780728 0.204305

iteration 222
Number of threads allocated = 1
Avg. energy: 159.23
RMS of dh, dJ: 0.00687301 0.00555858
Max of dh, dJ: 0.0521778 0.230581

iteration 223
Number of threads allocated = 1
Avg. energy: 159.037
RMS of dh, dJ: 0.0072986 0.00544733
Max of dh, dJ: 0.0601295 0.215892

iteration 224
Number of threads allocated = 1
Avg. energy: 159.388
RMS of dh, dJ: 0.00728231 0.00549232
Max of dh, dJ: 0.0578398 0.211688

iteration 225
Number of threads allocated = 1
Avg. energy: 158.346
RMS of dh, dJ: 0.00740524 0.00548996
Max of dh, dJ: 0.0569899 0.204061

iteration 226
Number of threads allocated = 1
Avg. energy: 160.737
RMS of dh, dJ: 0.00737552 0.00538893
Max of dh, dJ: 0.0658398 0.193523

iteration 227
Number of threads allocated = 1
Avg. energy: 161.299
RMS of dh, dJ: 0.00669773 0.00545665
Max of dh, dJ: 0.0486567 0.198018

iteration 228
Number of threads allocated = 1
Avg. energy: 158.393
RMS of dh, dJ: 0.00694512 0.00551287
Max of dh, dJ: 0.0627291 0.208309

iteration 229
Number of threads allocated = 1
Avg. energy: 160.405
RMS of dh, dJ: 0.00773576 0.00545924
Max of dh, dJ: 0.0745438 0.223748

iteration 230
Number of threads allocated = 1
Avg. energy: 161.611
RMS of dh, dJ: 0.00778767 0.00537726
Max of dh, dJ: 0.0730526 0.21766

iteration 231
Number of threads allocated = 1
Avg. energy: 160.044
RMS of dh, dJ: 0.0071252 0.00556127
Max of dh, dJ: 0.0551602 0.204688

iteration 232
Number of threads allocated = 1
Avg. energy: 161.762
RMS of dh, dJ: 0.00674476 0.00557674
Max of dh, dJ: 0.0609741 0.212309

iteration 233
Number of threads allocated = 1
Avg. energy: 160.526
RMS of dh, dJ: 0.00822172 0.00527125
Max of dh, dJ: 0.0683346 0.19117

iteration 234
Number of threads allocated = 1
Avg. energy: 159.411
RMS of dh, dJ: 0.00732599 0.00538787
Max of dh, dJ: 0.0536846 0.20761

iteration 235
Number of threads allocated = 1
Avg. energy: 159.936
RMS of dh, dJ: 0.00709849 0.0056157
Max of dh, dJ: 0.0710627 0.216388

iteration 236
Number of threads allocated = 1
Avg. energy: 158.778
RMS of dh, dJ: 0.00733805 0.00549023
Max of dh, dJ: 0.0574272 0.194634

iteration 237
Number of threads allocated = 1
Avg. energy: 159.632
RMS of dh, dJ: 0.00691399 0.00551457
Max of dh, dJ: 0.0533852 0.201801

iteration 238
Number of threads allocated = 1
Avg. energy: 161.017
RMS of dh, dJ: 0.00817456 0.0052014
Max of dh, dJ: 0.0606609 0.191444

iteration 239
Number of threads allocated = 1
Avg. energy: 159.28
RMS of dh, dJ: 0.00738169 0.00552287
Max of dh, dJ: 0.0763928 0.227018

iteration 240
Number of threads allocated = 1
Avg. energy: 160.739
RMS of dh, dJ: 0.00754201 0.00552435
Max of dh, dJ: 0.0715946 0.207018

iteration 241
Number of threads allocated = 1
Avg. energy: 160.192
RMS of dh, dJ: 0.00722359 0.00557374
Max of dh, dJ: 0.0571291 0.21466

iteration 242
Number of threads allocated = 1
Avg. energy: 160.037
RMS of dh, dJ: 0.00747284 0.00538087
Max of dh, dJ: 0.0633187 0.212181

iteration 243
Number of threads allocated = 1
Avg. energy: 159.451
RMS of dh, dJ: 0.00742029 0.0053205
Max of dh, dJ: 0.0582125 0.207866

iteration 244
Number of threads allocated = 1
Avg. energy: 160.137
RMS of dh, dJ: 0.00692356 0.00571799
Max of dh, dJ: 0.0665438 0.21066

iteration 245
Number of threads allocated = 1
Avg. energy: 161.232
RMS of dh, dJ: 0.00767586 0.00536045
Max of dh, dJ: 0.0699863 0.21766

iteration 246
Number of threads allocated = 1
Avg. energy: 159.36
RMS of dh, dJ: 0.00703183 0.00543016
Max of dh, dJ: 0.0541778 0.185812

iteration 247
Number of threads allocated = 1
Avg. energy: 161.109
RMS of dh, dJ: 0.00698965 0.0055746
Max of dh, dJ: 0.052492 0.235688

iteration 248
Number of threads allocated = 1
Avg. energy: 160.535
RMS of dh, dJ: 0.00772533 0.00537943
Max of dh, dJ: 0.0746846 0.201309

iteration 249
Number of threads allocated = 1
Avg. energy: 162.323
RMS of dh, dJ: 0.00719372 0.0054056
Max of dh, dJ: 0.0540271 0.191305

iteration 250
Number of threads allocated = 1
Avg. energy: 160.15
RMS of dh, dJ: 0.00686651 0.00561785
Max of dh, dJ: 0.0492505 0.20166

iteration 251
Number of threads allocated = 1
Avg. energy: 161.985
RMS of dh, dJ: 0.0072089 0.00534677
Max of dh, dJ: 0.0547291 0.198675

iteration 252
Number of threads allocated = 1
Avg. energy: 160.535
RMS of dh, dJ: 0.00742805 0.00538448
Max of dh, dJ: 0.0589139 0.198018

iteration 253
Number of threads allocated = 1
Avg. energy: 159.843
RMS of dh, dJ: 0.00675553 0.00560475
Max of dh, dJ: 0.0454552 0.21244

iteration 254
Number of threads allocated = 1
Avg. energy: 161.9
RMS of dh, dJ: 0.00765651 0.00538262
Max of dh, dJ: 0.0623928 0.23066

iteration 255
Number of threads allocated = 1
Avg. energy: 159.578
RMS of dh, dJ: 0.00713913 0.00542348
Max of dh, dJ: 0.0690526 0.21541

iteration 256
Number of threads allocated = 1
Avg. energy: 163.033
RMS of dh, dJ: 0.00780829 0.00528449
Max of dh, dJ: 0.0653187 0.205305

iteration 257
Number of threads allocated = 1
Avg. energy: 162.82
RMS of dh, dJ: 0.00696183 0.00551909
Max of dh, dJ: 0.0583409 0.22566

iteration 258
Number of threads allocated = 1
Avg. energy: 160.974
RMS of dh, dJ: 0.00752159 0.00555558
Max of dh, dJ: 0.0636846 0.22566

iteration 259
Number of threads allocated = 1
Avg. energy: 161.67
RMS of dh, dJ: 0.0074027 0.00550587
Max of dh, dJ: 0.0639681 0.221322

iteration 260
Number of threads allocated = 1
Avg. energy: 160.676
RMS of dh, dJ: 0.00791256 0.00525232
Max of dh, dJ: 0.0724992 0.20666

iteration 261
Number of threads allocated = 1
Avg. energy: 161.461
RMS of dh, dJ: 0.00762108 0.00519589
Max of dh, dJ: 0.0668547 0.20966

iteration 262
Number of threads allocated = 1
Avg. energy: 161.494
RMS of dh, dJ: 0.00754312 0.00543144
Max of dh, dJ: 0.0829899 0.205503

iteration 263
Number of threads allocated = 1
Avg. energy: 160.619
RMS of dh, dJ: 0.00690499 0.00553048
Max of dh, dJ: 0.0520985 0.208322

iteration 264
Number of threads allocated = 1
Avg. energy: 161.546
RMS of dh, dJ: 0.00778059 0.00519701
Max of dh, dJ: 0.0843082 0.19666

iteration 265
Number of threads allocated = 1
Avg. energy: 163.474
RMS of dh, dJ: 0.00778944 0.00526732
Max of dh, dJ: 0.0779681 0.225085

iteration 266
Number of threads allocated = 1
Avg. energy: 161.883
RMS of dh, dJ: 0.007064 0.00552738
Max of dh, dJ: 0.0530985 0.214739

iteration 267
Number of threads allocated = 1
Avg. energy: 161.635
RMS of dh, dJ: 0.00748399 0.00523381
Max of dh, dJ: 0.065456 0.193793

iteration 268
Number of threads allocated = 1
Avg. energy: 160.92
RMS of dh, dJ: 0.00752495 0.00534584
Max of dh, dJ: 0.058225 0.189832

iteration 269
Number of threads allocated = 1
Avg. energy: 160.653
RMS of dh, dJ: 0.00692084 0.00543604
Max of dh, dJ: 0.0510991 0.192322

iteration 270
Number of threads allocated = 1
Avg. energy: 161.724
RMS of dh, dJ: 0.00763651 0.00525837
Max of dh, dJ: 0.0738459 0.210631

iteration 271
Number of threads allocated = 1
Avg. energy: 163.79
RMS of dh, dJ: 0.00794345 0.00514774
Max of dh, dJ: 0.0655299 0.190762

iteration 272
Number of threads allocated = 1
Avg. energy: 162.158
RMS of dh, dJ: 0.0071161 0.00546294
Max of dh, dJ: 0.0574141 0.203085

iteration 273
Number of threads allocated = 1
Avg. energy: 162.487
RMS of dh, dJ: 0.00753001 0.0054508
Max of dh, dJ: 0.0749286 0.206322

iteration 274
Number of threads allocated = 1
Avg. energy: 164.225
RMS of dh, dJ: 0.00772131 0.00529032
Max of dh, dJ: 0.0678398 0.22961

iteration 275
Number of threads allocated = 1
Avg. energy: 162.902
RMS of dh, dJ: 0.00781095 0.0053665
Max of dh, dJ: 0.0603852 0.199305

iteration 276
Number of threads allocated = 1
Avg. energy: 162.061
RMS of dh, dJ: 0.00711765 0.00568682
Max of dh, dJ: 0.053225 0.217085

iteration 277
Number of threads allocated = 1
Avg. energy: 162.755
RMS of dh, dJ: 0.00768074 0.00520698
Max of dh, dJ: 0.0639016 0.20166

iteration 278
Number of threads allocated = 1
Avg. energy: 162.793
RMS of dh, dJ: 0.00714805 0.00530325
Max of dh, dJ: 0.0629122 0.218675

iteration 279
Number of threads allocated = 1
Avg. energy: 159.744
RMS of dh, dJ: 0.00681188 0.00557324
Max of dh, dJ: 0.0548639 0.195118

iteration 280
Number of threads allocated = 1
Avg. energy: 164.987
RMS of dh, dJ: 0.00730081 0.00531036
Max of dh, dJ: 0.0544798 0.214305

iteration 281
Number of threads allocated = 1
Avg. energy: 162.547
RMS of dh, dJ: 0.00731778 0.00529051
Max of dh, dJ: 0.0582858 0.20166

iteration 282
Number of threads allocated = 1
Avg. energy: 161.68
RMS of dh, dJ: 0.0069245 0.00564608
Max of dh, dJ: 0.0560644 0.234018

iteration 283
Number of threads allocated = 1
Avg. energy: 164.941
RMS of dh, dJ: 0.0103274 0.00459013
Max of dh, dJ: 0.0784992 0.178429

iteration 284
Number of threads allocated = 1
Avg. energy: 162.183
RMS of dh, dJ: 0.00698602 0.00541353
Max of dh, dJ: 0.0646163 0.204866

iteration 285
Number of threads allocated = 1
Avg. energy: 162.337
RMS of dh, dJ: 0.00719936 0.00547642
Max of dh, dJ: 0.0834556 0.207342

iteration 286
Number of threads allocated = 1
Avg. energy: 162.554
RMS of dh, dJ: 0.00762333 0.00503062
Max of dh, dJ: 0.0550842 0.202417

iteration 287
Number of threads allocated = 1
Avg. energy: 164.487
RMS of dh, dJ: 0.0082549 0.005036
Max of dh, dJ: 0.0745299 0.217322

iteration 288
Number of threads allocated = 1
Avg. energy: 161.099
RMS of dh, dJ: 0.00699186 0.0052764
Max of dh, dJ: 0.0516464 0.217508

iteration 289
Number of threads allocated = 1
Avg. energy: 160.874
RMS of dh, dJ: 0.0065899 0.00549639
Max of dh, dJ: 0.043225 0.213739

iteration 290
Number of threads allocated = 1
Avg. energy: 164.848
RMS of dh, dJ: 0.00769694 0.00508583
Max of dh, dJ: 0.0564798 0.187085

iteration 291
Number of threads allocated = 1
Avg. energy: 163.056
RMS of dh, dJ: 0.00685449 0.00548295
Max of dh, dJ: 0.0547992 0.197085

iteration 292
Number of threads allocated = 1
Avg. energy: 162.049
RMS of dh, dJ: 0.00668228 0.00534887
Max of dh, dJ: 0.0533094 0.201018

iteration 293
Number of threads allocated = 1
Avg. energy: 163.593
RMS of dh, dJ: 0.00794556 0.00506619
Max of dh, dJ: 0.0866567 0.201505

iteration 294
Number of threads allocated = 1
Avg. energy: 164.302
RMS of dh, dJ: 0.0102738 0.00454935
Max of dh, dJ: 0.0840124 0.185018

iteration 295
Number of threads allocated = 1
Avg. energy: 161.981
RMS of dh, dJ: 0.00719482 0.00577378
Max of dh, dJ: 0.0609371 0.23566

iteration 296
Number of threads allocated = 1
Avg. energy: 163.182
RMS of dh, dJ: 0.00819423 0.00495036
Max of dh, dJ: 0.0746534 0.181523

iteration 297
Number of threads allocated = 1
Avg. energy: 165.037
RMS of dh, dJ: 0.00833456 0.00488863
Max of dh, dJ: 0.0780124 0.197739

iteration 298
Number of threads allocated = 1
Avg. energy: 164.271
RMS of dh, dJ: 0.00681153 0.00547564
Max of dh, dJ: 0.0515281 0.217309

iteration 299
Number of threads allocated = 1
Avg. energy: 161.244
RMS of dh, dJ: 0.00775349 0.00491448
Max of dh, dJ: 0.0651361 0.192609

iteration 300
Number of threads allocated = 1
Avg. energy: 162.998
RMS of dh, dJ: 0.0080433 0.00487628
Max of dh, dJ: 0.0746534 0.21366

iteration 301
Number of threads allocated = 1
Avg. energy: 165.226
RMS of dh, dJ: 0.00778751 0.00513327
Max of dh, dJ: 0.0626534 0.215508

iteration 302
Number of threads allocated = 1
Avg. energy: 162.836
RMS of dh, dJ: 0.00716873 0.00519953
Max of dh, dJ: 0.0638758 0.205342

iteration 303
Number of threads allocated = 1
Avg. energy: 163.994
RMS of dh, dJ: 0.00711549 0.00576453
Max of dh, dJ: 0.0469371 0.225688

iteration 304
Number of threads allocated = 1
Avg. energy: 164.365
RMS of dh, dJ: 0.0082457 0.00488424
Max of dh, dJ: 0.0740424 0.19666

iteration 305
Number of threads allocated = 1
Avg. energy: 161.735
RMS of dh, dJ: 0.00712162 0.00525783
Max of dh, dJ: 0.0655627 0.238342

iteration 306
Number of threads allocated = 1
Avg. energy: 165.317
RMS of dh, dJ: 0.00776257 0.00517335
Max of dh, dJ: 0.0679122 0.188675

iteration 307
Number of threads allocated = 1
Avg. energy: 164.383
RMS of dh, dJ: 0.00826008 0.00497599
Max of dh, dJ: 0.0669741 0.206309

iteration 308
Number of threads allocated = 1
Avg. energy: 163.4
RMS of dh, dJ: 0.00870695 0.0045872
Max of dh, dJ: 0.0759122 0.19766

iteration 309
Number of threads allocated = 1
Avg. energy: 164.191
RMS of dh, dJ: 0.00730998 0.00538295
Max of dh, dJ: 0.0558108 0.238309

iteration 310
Number of threads allocated = 1
Avg. energy: 161.3
RMS of dh, dJ: 0.00713472 0.00544131
Max of dh, dJ: 0.0723079 0.200747

iteration 311
Number of threads allocated = 1
Avg. energy: 161.93
RMS of dh, dJ: 0.00699067 0.00530292
Max of dh, dJ: 0.0611877 0.223309

iteration 312
Number of threads allocated = 1
Avg. energy: 162.913
RMS of dh, dJ: 0.0119432 0.00407243
Max of dh, dJ: 0.0995448 0.204429
Std. errors: 0.021882 0.00415304
Model difference is within sampling error. Increasing sampling...
MC steps per iteration: 2000

iteration 313
Number of threads allocated = 1
Avg. energy: 161.944
RMS of dh, dJ: 0.00557011 0.00515999
Max of dh, dJ: 0.0550441 0.195217

iteration 314
Number of threads allocated = 1
Avg. energy: 163.723
RMS of dh, dJ: 0.00583167 0.00494261
Max of dh, dJ: 0.0416361 0.204309

iteration 315
Number of threads allocated = 1
Avg. energy: 161.961
RMS of dh, dJ: 0.00535954 0.00547741
Max of dh, dJ: 0.0497247 0.22616

iteration 316
Number of threads allocated = 1
Avg. energy: 162.812
RMS of dh, dJ: 0.00569684 0.00484021
Max of dh, dJ: 0.0522498 0.18644

iteration 317
Number of threads allocated = 1
Avg. energy: 164.581
RMS of dh, dJ: 0.00531388 0.00531095
Max of dh, dJ: 0.0383526 0.19516

iteration 318
Number of threads allocated = 1
Avg. energy: 163.279
RMS of dh, dJ: 0.0142607 0.00343825
Max of dh, dJ: 0.11705 0.175444
Std. errors: 0.0215215 0.00420376
Model difference is within sampling error. Increasing sampling...
MC steps per iteration: 4000

iteration 319
Number of threads allocated = 1
Avg. energy: 161.774
RMS of dh, dJ: 0.00883165 0.00629641
Max of dh, dJ: 0.100032 0.247572

iteration 320
Number of threads allocated = 1
Avg. energy: 164.367
RMS of dh, dJ: 0.00416413 0.00485718
Max of dh, dJ: 0.0384278 0.19241

iteration 321
Number of threads allocated = 1
Avg. energy: 163.087
RMS of dh, dJ: 0.00824259 0.00410232
Max of dh, dJ: 0.0639356 0.171929

iteration 322
Number of threads allocated = 1
Avg. energy: 164.224
RMS of dh, dJ: 0.00916331 0.0039002
Max of dh, dJ: 0.0702474 0.172929

iteration 323
Number of threads allocated = 1
Avg. energy: 162.868
RMS of dh, dJ: 0.00397866 0.00528804
Max of dh, dJ: 0.0391997 0.20736

iteration 324
Number of threads allocated = 1
Avg. energy: 163.833
RMS of dh, dJ: 0.0077896 0.00407804
Max of dh, dJ: 0.0589183 0.172179

iteration 325
Number of threads allocated = 1
Avg. energy: 162.821
RMS of dh, dJ: 0.00877283 0.00384419
Max of dh, dJ: 0.0823068 0.166429

iteration 326
Number of threads allocated = 1
Avg. energy: 162.872
RMS of dh, dJ: 0.00653169 0.00421333
Max of dh, dJ: 0.0684183 0.18366

iteration 327
Number of threads allocated = 1
Avg. energy: 163.374
RMS of dh, dJ: 0.00619657 0.00425544
Max of dh, dJ: 0.0490087 0.19266

iteration 328
Number of threads allocated = 1
Avg. energy: 163.138
RMS of dh, dJ: 0.0075831 0.00608619
Max of dh, dJ: 0.0630671 0.22616

iteration 329
Number of threads allocated = 1
Avg. energy: 162.517
RMS of dh, dJ: 0.0196289 0.00276535
Max of dh, dJ: 0.129206 0.187694

iteration 330
Number of threads allocated = 1
Avg. energy: 160.285
RMS of dh, dJ: 0.00514471 0.00535902
Max of dh, dJ: 0.0657702 0.223116

iteration 331
Number of threads allocated = 1
Avg. energy: 162.25
RMS of dh, dJ: 0.00413198 0.00477817
Max of dh, dJ: 0.0364863 0.20491

iteration 332
Number of threads allocated = 1
Avg. energy: 161.014
RMS of dh, dJ: 0.00378251 0.00496874
Max of dh, dJ: 0.0359698 0.19141

iteration 333
Number of threads allocated = 1
Avg. energy: 162.058
RMS of dh, dJ: 0.00546199 0.00434199
Max of dh, dJ: 0.0470124 0.184072

iteration 334
Number of threads allocated = 1
Avg. energy: 161.265
RMS of dh, dJ: 0.0042456 0.00468801
Max of dh, dJ: 0.045456 0.20291

iteration 335
Number of threads allocated = 1
Avg. energy: 161.658
RMS of dh, dJ: 0.00754544 0.00381471
Max of dh, dJ: 0.064206 0.180518
Std. errors: 0.02224 0.00469344
Model difference is within sampling error. Increasing sampling...
MC steps per iteration: 8000

iteration 336
Number of threads allocated = 1
Avg. energy: 162.317
RMS of dh, dJ: 0.0120412 0.00310369
Max of dh, dJ: 0.086581 0.164179

iteration 337
Number of threads allocated = 1
Avg. energy: 160.543
RMS of dh, dJ: 0.00542362 0.00538941
Max of dh, dJ: 0.0571972 0.224188

iteration 338
Number of threads allocated = 1
Avg. energy: 161.675
RMS of dh, dJ: 0.0108101 0.00314541
Max of dh, dJ: 0.0749318 0.162929
Std. errors: 0.0175392 0.0037241
Model difference is within sampling error. Increasing sampling...
MC steps per iteration: 16000

iteration 339
Number of threads allocated = 1
Avg. energy: 161.339
RMS of dh, dJ: 0.00454595 0.00411481
Max of dh, dJ: 0.0416435 0.19225

iteration 340
Number of threads allocated = 1
Avg. energy: 161.323
RMS of dh, dJ: 0.00529478 0.0039421
Max of dh, dJ: 0.0415732 0.178643

iteration 341
Number of threads allocated = 1
Avg. energy: 161.207
RMS of dh, dJ: 0.00727707 0.00358413
Max of dh, dJ: 0.061206 0.176938

iteration 342
Number of threads allocated = 1
Avg. energy: 160.932
RMS of dh, dJ: 0.00400173 0.00517026
Max of dh, dJ: 0.0421561 0.212955

iteration 343
Number of threads allocated = 1
Avg. energy: 160.701
RMS of dh, dJ: 0.0103579 0.00308193
Max of dh, dJ: 0.074206 0.161616

iteration 344
Number of threads allocated = 1
Avg. energy: 161.134
RMS of dh, dJ: 0.00364324 0.00424819
Max of dh, dJ: 0.040331 0.185

iteration 345
Number of threads allocated = 1
Avg. energy: 160.839
RMS of dh, dJ: 0.00734989 0.00348969
Max of dh, dJ: 0.0573068 0.175563

iteration 346
Number of threads allocated = 1
Avg. energy: 161.226
RMS of dh, dJ: 0.00395553 0.00404746
Max of dh, dJ: 0.038456 0.184438

iteration 347
Number of threads allocated = 1
Avg. energy: 160.749
RMS of dh, dJ: 0.00641401 0.00355819
Max of dh, dJ: 0.0581435 0.171947

iteration 348
Number of threads allocated = 1
Avg. energy: 160.436
RMS of dh, dJ: 0.00271354 0.00439457
Max of dh, dJ: 0.0298068 0.199097

iteration 349
Number of threads allocated = 1
Avg. energy: 160.498
RMS of dh, dJ: 0.00555583 0.0036644
Max of dh, dJ: 0.0488935 0.174313

iteration 350
Number of threads allocated = 1
Avg. energy: 160.058
RMS of dh, dJ: 0.00467647 0.005105
Max of dh, dJ: 0.0429067 0.212563

iteration 351
Number of threads allocated = 1
Avg. energy: 160.188
RMS of dh, dJ: 0.011287 0.00284174
Max of dh, dJ: 0.0808874 0.160554

iteration 352
Number of threads allocated = 1
Avg. energy: 159.96
RMS of dh, dJ: 0.00348436 0.00482143
Max of dh, dJ: 0.0315317 0.210955

iteration 353
Number of threads allocated = 1
Avg. energy: 160.275
RMS of dh, dJ: 0.00525733 0.00362303
Max of dh, dJ: 0.0445062 0.183008

iteration 354
Number of threads allocated = 1
Avg. energy: 159.915
RMS of dh, dJ: 0.0104208 0.00284834
Max of dh, dJ: 0.0754735 0.158955

iteration 355
Number of threads allocated = 1
Avg. energy: 159.994
RMS of dh, dJ: 0.00295894 0.00466638
Max of dh, dJ: 0.0246567 0.197018

iteration 356
Number of threads allocated = 1
Avg. energy: 159.879
RMS of dh, dJ: 0.00882975 0.00299604
Max of dh, dJ: 0.0633227 0.159393

iteration 357
Number of threads allocated = 1
Avg. energy: 159.665
RMS of dh, dJ: 0.00689183 0.00325823
Max of dh, dJ: 0.052286 0.167375

iteration 358
Number of threads allocated = 1
Avg. energy: 159.802
RMS of dh, dJ: 0.00426435 0.00369799
Max of dh, dJ: 0.0440524 0.185143

iteration 359
Number of threads allocated = 1
Avg. energy: 159.865
RMS of dh, dJ: 0.00488967 0.00351985
Max of dh, dJ: 0.0388227 0.174447

iteration 360
Number of threads allocated = 1
Avg. energy: 159.627
RMS of dh, dJ: 0.00417714 0.00362777
Max of dh, dJ: 0.0331776 0.173597

iteration 361
Number of threads allocated = 1
Avg. energy: 159.469
RMS of dh, dJ: 0.00313525 0.00380407
Max of dh, dJ: 0.0277303 0.1805

iteration 362
Number of threads allocated = 1
Avg. energy: 159.57
RMS of dh, dJ: 0.00642932 0.0032036
Max of dh, dJ: 0.0484056 0.16383

iteration 363
Number of threads allocated = 1
Avg. energy: 158.738
RMS of dh, dJ: 0.00861815 0.00563674
Max of dh, dJ: 0.0637012 0.220472

iteration 364
Number of threads allocated = 1
Avg. energy: 157.349
RMS of dh, dJ: 0.0336539 0.00461366
Max of dh, dJ: 0.204128 0.187256

iteration 365
Number of threads allocated = 1
Avg. energy: 157.389
RMS of dh, dJ: 0.0184779 0.00728688
Max of dh, dJ: 0.126427 0.252518

iteration 366
Number of threads allocated = 1
Avg. energy: 158.466
RMS of dh, dJ: 0.0124136 0.00627085
Max of dh, dJ: 0.0861241 0.23166

iteration 367
Number of threads allocated = 1
Avg. energy: 158.506
RMS of dh, dJ: 0.0056778 0.00498716
Max of dh, dJ: 0.0434876 0.206035

iteration 368
Number of threads allocated = 1
Avg. energy: 158.754
RMS of dh, dJ: 0.00542436 0.00323949
Max of dh, dJ: 0.0463024 0.168426

iteration 369
Number of threads allocated = 1
Avg. energy: 158.121
RMS of dh, dJ: 0.0039624 0.00339692
Max of dh, dJ: 0.0317734 0.18091
Std. errors: 0.0171137 0.00366632
Model difference is within sampling error. Increasing sampling...
MC steps per iteration: 32000

iteration 370
Number of threads allocated = 1
Avg. energy: 158.553
RMS of dh, dJ: 0.0124055 0.00239432
Max of dh, dJ: 0.0842494 0.15421

iteration 371
Number of threads allocated = 1
Avg. energy: 158.082
RMS of dh, dJ: 0.0103559 0.00579481
Max of dh, dJ: 0.0703018 0.222379

iteration 372
Number of threads allocated = 1
Avg. energy: 157.291
RMS of dh, dJ: 0.0193331 0.00250218
Max of dh, dJ: 0.120753 0.162866

iteration 373
Number of threads allocated = 1
Avg. energy: 157.857
RMS of dh, dJ: 0.0039491 0.0045211
Max of dh, dJ: 0.033464 0.196862

iteration 374
Number of threads allocated = 1
Avg. energy: 157.657
RMS of dh, dJ: 0.00575777 0.00492154
Max of dh, dJ: 0.0427192 0.203504

iteration 375
Number of threads allocated = 1
Avg. energy: 157.602
RMS of dh, dJ: 0.00571601 0.00301524
Max of dh, dJ: 0.0441596 0.161785

iteration 376
Number of threads allocated = 1
Avg. energy: 157.696
RMS of dh, dJ: 0.00401573 0.0033081
Max of dh, dJ: 0.0353024 0.172597

iteration 377
Number of threads allocated = 1
Avg. energy: 157.517
RMS of dh, dJ: 0.00671136 0.00287549
Max of dh, dJ: 0.0523471 0.155145

iteration 378
Number of threads allocated = 1
Avg. energy: 157.746
RMS of dh, dJ: 0.00359814 0.00334145
Max of dh, dJ: 0.0328158 0.172049

iteration 379
Number of threads allocated = 1
Avg. energy: 157.53
RMS of dh, dJ: 0.00594186 0.002959
Max of dh, dJ: 0.0460971 0.15675
Std. errors: 0.0137273 0.00298053
Model difference is within sampling error. Increasing sampling...
MC steps per iteration: 64000

iteration 380
Number of threads allocated = 1
Avg. energy: 157.649
RMS of dh, dJ: 0.00247896 0.00412902
Max of dh, dJ: 0.024347 0.185129

iteration 381
Number of threads allocated = 1
Avg. energy: 156.853
RMS of dh, dJ: 0.0138468 0.00225309
Max of dh, dJ: 0.0924408 0.155741

iteration 382
Number of threads allocated = 1
Avg. energy: 157.124
RMS of dh, dJ: 0.00652342 0.00490037
Max of dh, dJ: 0.0504407 0.20541

iteration 383
Number of threads allocated = 1
Avg. energy: 157.154
RMS of dh, dJ: 0.00187237 0.00371504
Max of dh, dJ: 0.0184274 0.177222

iteration 384
Number of threads allocated = 1
Avg. energy: 156.088
RMS of dh, dJ: 0.0135629 0.00220663
Max of dh, dJ: 0.0886752 0.152804

iteration 385
Number of threads allocated = 1
Avg. energy: 156.504
RMS of dh, dJ: 0.00261821 0.00339715
Max of dh, dJ: 0.0261306 0.174847

iteration 386
Number of threads allocated = 1
Avg. energy: 156.72
RMS of dh, dJ: 0.00309356 0.00332195
Max of dh, dJ: 0.0304899 0.169113

iteration 387
Number of threads allocated = 1
Avg. energy: 156.535
RMS of dh, dJ: 0.00714619 0.00264286
Max of dh, dJ: 0.0527806 0.153813

iteration 388
Number of threads allocated = 1
Avg. energy: 156.704
RMS of dh, dJ: 0.00236388 0.00343454
Max of dh, dJ: 0.020394 0.170516

iteration 389
Number of threads allocated = 1
Avg. energy: 156.119
RMS of dh, dJ: 0.00631345 0.00269346
Max of dh, dJ: 0.0468002 0.158172
Std. errors: 0.0157945 0.00345799
Model difference is within sampling error. Increasing sampling...
MC steps per iteration: 128000

iteration 390
Number of threads allocated = 1
Avg. energy: 156.57
RMS of dh, dJ: 0.00494578 0.00447178
Max of dh, dJ: 0.0394406 0.195832

iteration 391
Number of threads allocated = 1
Avg. energy: 155.655
RMS of dh, dJ: 0.0154357 0.0022271
Max of dh, dJ: 0.0996478 0.155921

iteration 392
Number of threads allocated = 1
Avg. energy: 156.371
RMS of dh, dJ: 0.00669958 0.00477827
Max of dh, dJ: 0.0477845 0.200535

iteration 393
Number of threads allocated = 1
Avg. energy: 155.786
RMS of dh, dJ: 0.00268282 0.00320281
Max of dh, dJ: 0.0255002 0.169894

iteration 394
Number of threads allocated = 1
Avg. energy: 155.85
RMS of dh, dJ: 0.00693366 0.00254261
Max of dh, dJ: 0.0525619 0.15134

iteration 395
Number of threads allocated = 1
Avg. energy: 155.916
RMS of dh, dJ: 0.00485064 0.00282943
Max of dh, dJ: 0.0391029 0.162418

iteration 396
Number of threads allocated = 1
Avg. energy: 155.328
RMS of dh, dJ: 0.0137338 0.00215645
Max of dh, dJ: 0.0855092 0.153108

iteration 397
Number of threads allocated = 1
Avg. energy: 155.774
RMS of dh, dJ: 0.00303861 0.0039553
Max of dh, dJ: 0.0256751 0.19034

iteration 398
Number of threads allocated = 1
Avg. energy: 155.506
RMS of dh, dJ: 0.0102899 0.00220527
Max of dh, dJ: 0.0707748 0.147702

iteration 399
Number of threads allocated = 1
Avg. energy: 155.691
RMS of dh, dJ: 0.00314387 0.00303531
Max of dh, dJ: 0.0318674 0.16623

iteration 400
Number of threads allocated = 1
Avg. energy: 155.792
RMS of dh, dJ: 0.00165643 0.00352131
Max of dh, dJ: 0.0155483 0.177543

iteration 401
Number of threads allocated = 1
Avg. energy: 155.165
RMS of dh, dJ: 0.00841284 0.00230882
Max of dh, dJ: 0.0601087 0.146046

iteration 402
Number of threads allocated = 1
Avg. energy: 155.239
RMS of dh, dJ: 0.00580969 0.0025752
Max of dh, dJ: 0.0475705 0.154832

iteration 403
Number of threads allocated = 1
Avg. energy: 155.353
RMS of dh, dJ: 0.00232961 0.00312914
Max of dh, dJ: 0.0256877 0.16948

iteration 404
Number of threads allocated = 1
Avg. energy: 155.326
RMS of dh, dJ: 0.00213618 0.003691
Max of dh, dJ: 0.0203409 0.183535

iteration 405
Number of threads allocated = 1
Avg. energy: 154.56
RMS of dh, dJ: 0.0132423 0.00211617
Max of dh, dJ: 0.0875014 0.150523

iteration 406
Number of threads allocated = 1
Avg. energy: 155.46
RMS of dh, dJ: 0.00808415 0.00487466
Max of dh, dJ: 0.0538189 0.205558

iteration 407
Number of threads allocated = 1
Avg. energy: 154.859
RMS of dh, dJ: 0.00619422 0.00247479
Max of dh, dJ: 0.0478049 0.153403

iteration 408
Number of threads allocated = 1
Avg. energy: 154.928
RMS of dh, dJ: 0.00248337 0.0030326
Max of dh, dJ: 0.0293674 0.167246

iteration 409
Number of threads allocated = 1
Avg. energy: 154.482
RMS of dh, dJ: 0.00892055 0.00220055
Max of dh, dJ: 0.062392 0.143335
Std. errors: 0.0126277 0.00278923
Model difference is within sampling error. Increasing sampling...
MC steps per iteration: 256000

iteration 410
Number of threads allocated = 1
Avg. energy: 154.478
RMS of dh, dJ: 0.00749179 0.00230103
Max of dh, dJ: 0.0555393 0.1497

iteration 411
Number of threads allocated = 1
Avg. energy: 154.423
RMS of dh, dJ: 0.0110718 0.00208921
Max of dh, dJ: 0.0746877 0.146612

iteration 412
Number of threads allocated = 1
Avg. energy: 155.279
RMS of dh, dJ: 0.00710922 0.00460043
Max of dh, dJ: 0.0459127 0.199805

iteration 413
Number of threads allocated = 1
Avg. energy: 154.131
RMS of dh, dJ: 0.0110644 0.00208034
Max of dh, dJ: 0.0735276 0.147972

iteration 414
Number of threads allocated = 1
Avg. energy: 154.649
RMS of dh, dJ: 0.00359712 0.00275732
Max of dh, dJ: 0.0353088 0.16734

iteration 415
Number of threads allocated = 1
Avg. energy: 154.543
RMS of dh, dJ: 0.00303344 0.00283532
Max of dh, dJ: 0.0320861 0.165692

iteration 416
Number of threads allocated = 1
Avg. energy: 154.033
RMS of dh, dJ: 0.00785241 0.00220879
Max of dh, dJ: 0.0551604 0.152582

iteration 417
Number of threads allocated = 1
Avg. energy: 154.527
RMS of dh, dJ: 0.00149553 0.00310632
Max of dh, dJ: 0.0223791 0.178129

iteration 418
Number of threads allocated = 1
Avg. energy: 154.519
RMS of dh, dJ: 0.00295419 0.00371218
Max of dh, dJ: 0.023834 0.18725

iteration 419
Number of threads allocated = 1
Avg. energy: 153.979
RMS of dh, dJ: 0.00874586 0.00213284
Max of dh, dJ: 0.0609182 0.147575

iteration 420
Number of threads allocated = 1
Avg. energy: 154.457
RMS of dh, dJ: 0.0030597 0.00370722
Max of dh, dJ: 0.0237528 0.188329

iteration 421
Number of threads allocated = 1
Avg. energy: 153.898
RMS of dh, dJ: 0.00634075 0.00231454
Max of dh, dJ: 0.0453401 0.158204

iteration 422
Number of threads allocated = 1
Avg. energy: 153.889
RMS of dh, dJ: 0.00636371 0.00229514
Max of dh, dJ: 0.0431955 0.156176

iteration 423
Number of threads allocated = 1
Avg. energy: 154.24
RMS of dh, dJ: 0.00157355 0.00337346
Max of dh, dJ: 0.0143583 0.180684

iteration 424
Number of threads allocated = 1
Avg. energy: 152.829
RMS of dh, dJ: 0.0178074 0.00253036
Max of dh, dJ: 0.105971 0.154862

iteration 425
Number of threads allocated = 1
Avg. energy: 154.022
RMS of dh, dJ: 0.00303276 0.00270552
Max of dh, dJ: 0.0232564 0.175541

iteration 426
Number of threads allocated = 1
Avg. energy: 153.867
RMS of dh, dJ: 0.00378398 0.00258434
Max of dh, dJ: 0.0269488 0.171889

iteration 427
Number of threads allocated = 1
Avg. energy: 154.155
RMS of dh, dJ: 0.00325459 0.00367578
Max of dh, dJ: 0.0259824 0.196533

iteration 428
Number of threads allocated = 1
Avg. energy: 153.385
RMS of dh, dJ: 0.0109317 0.00201953
Max of dh, dJ: 0.0684971 0.145885

iteration 429
Number of threads allocated = 1
Avg. energy: 154.042
RMS of dh, dJ: 0.00209513 0.00343807
Max of dh, dJ: 0.0188535 0.191701

iteration 430
Number of threads allocated = 1
Avg. energy: 153.427
RMS of dh, dJ: 0.00582573 0.00230596
Max of dh, dJ: 0.0401363 0.162682
Std. errors: 0.010599 0.00235185
Model difference is within sampling error. Increasing sampling...
MC steps per iteration: 512000

iteration 431
Number of threads allocated = 1
Avg. energy: 153.262
RMS of dh, dJ: 0.0104491 0.00201385
Max of dh, dJ: 0.0637857 0.146858

iteration 432
Number of threads allocated = 1
Avg. energy: 153.414
RMS of dh, dJ: 0.00664788 0.0022113
Max of dh, dJ: 0.0434776 0.15949

iteration 433
Number of threads allocated = 1
Avg. energy: 153.132
RMS of dh, dJ: 0.0109088 0.0020067
Max of dh, dJ: 0.0665162 0.145063

iteration 434
Number of threads allocated = 1
Avg. energy: 153.723
RMS of dh, dJ: 0.00180978 0.00286475
Max of dh, dJ: 0.0156119 0.178268

iteration 435
Number of threads allocated = 1
Avg. energy: 153.142
RMS of dh, dJ: 0.0100146 0.00200814
Max of dh, dJ: 0.0618531 0.148887

iteration 436
Number of threads allocated = 1
Avg. energy: 153.26
RMS of dh, dJ: 0.0072012 0.00213881
Max of dh, dJ: 0.046212 0.156479

iteration 437
Number of threads allocated = 1
Avg. energy: 153.66
RMS of dh, dJ: 0.00248449 0.00272723
Max of dh, dJ: 0.0211178 0.175225

iteration 438
Number of threads allocated = 1
Avg. energy: 153.619
RMS of dh, dJ: 0.00130899 0.00297025
Max of dh, dJ: 0.0145011 0.180414

iteration 439
Number of threads allocated = 1
Avg. energy: 153.296
RMS of dh, dJ: 0.00440891 0.00240985
Max of dh, dJ: 0.0321881 0.167276

iteration 440
Number of threads allocated = 1
Avg. energy: 153.314
RMS of dh, dJ: 0.00323735 0.0025696
Max of dh, dJ: 0.024687 0.171684

iteration 441
Number of threads allocated = 1
Avg. energy: 153.248
RMS of dh, dJ: 0.00351329 0.00250766
Max of dh, dJ: 0.0266265 0.17002

iteration 442
Number of threads allocated = 1
Avg. energy: 153.608
RMS of dh, dJ: 0.00338778 0.00356134
Max of dh, dJ: 0.0296482 0.192977

iteration 443
Number of threads allocated = 1
Avg. energy: 151.945
RMS of dh, dJ: 0.0182361 0.00266437
Max of dh, dJ: 0.106139 0.153755

iteration 444
Number of threads allocated = 1
Avg. energy: 154.112
RMS of dh, dJ: 0.0183983 0.00653175
Max of dh, dJ: 0.10801 0.248508

iteration 445
Number of threads allocated = 1
Avg. energy: 153.106
RMS of dh, dJ: 0.00223171 0.00266958
Max of dh, dJ: 0.0184698 0.172631

iteration 446
Number of threads allocated = 1
Avg. energy: 153.021
RMS of dh, dJ: 0.00342839 0.00248253
Max of dh, dJ: 0.0253655 0.167213

iteration 447
Number of threads allocated = 1
Avg. energy: 152.939
RMS of dh, dJ: 0.00278758 0.00256319
Max of dh, dJ: 0.021858 0.168827

iteration 448
Number of threads allocated = 1
Avg. energy: 152.54
RMS of dh, dJ: 0.00598137 0.00215713
Max of dh, dJ: 0.0394542 0.158705

iteration 449
Number of threads allocated = 1
Avg. energy: 152.796
RMS of dh, dJ: 0.00346542 0.00244663
Max of dh, dJ: 0.0255342 0.165582

iteration 450
Number of threads allocated = 1
Avg. energy: 153.19
RMS of dh, dJ: 0.00370259 0.00356183
Max of dh, dJ: 0.0283878 0.191604

iteration 451
Number of threads allocated = 1
Avg. energy: 151.381
RMS of dh, dJ: 0.018601 0.00276095
Max of dh, dJ: 0.10767 0.153585

iteration 452
Number of threads allocated = 1
Avg. energy: 153.424
RMS of dh, dJ: 0.00853163 0.00446999
Max of dh, dJ: 0.0560214 0.207678

iteration 453
Number of threads allocated = 1
Avg. energy: 153.232
RMS of dh, dJ: 0.00724391 0.00422149
Max of dh, dJ: 0.0474724 0.20237

iteration 454
Number of threads allocated = 1
Avg. energy: 152.07
RMS of dh, dJ: 0.0110239 0.00196621
Max of dh, dJ: 0.0671783 0.142165
Std. errors: 0.011252 0.00250253
Model difference is within sampling error. Increasing sampling...
MC steps per iteration: 1024000

iteration 455
Number of threads allocated = 1
Avg. energy: 152.702
RMS of dh, dJ: 0.00140931 0.00274067
Max of dh, dJ: 0.0135686 0.1748

iteration 456
Number of threads allocated = 1
Avg. energy: 152.824
RMS of dh, dJ: 0.00243499 0.00326497
Max of dh, dJ: 0.02149 0.184791

iteration 457
Number of threads allocated = 1
Avg. energy: 152.515
RMS of dh, dJ: 0.00186987 0.00263987
Max of dh, dJ: 0.0162229 0.171468

iteration 458
Number of threads allocated = 1
Avg. energy: 152.052
RMS of dh, dJ: 0.0068799 0.00202747
Max of dh, dJ: 0.0444303 0.153499

iteration 459
Number of threads allocated = 1
Avg. energy: 151.964
RMS of dh, dJ: 0.00752001 0.00198493
Max of dh, dJ: 0.0487955 0.151986

iteration 460
Number of threads allocated = 1
Avg. energy: 151.671
RMS of dh, dJ: 0.012023 0.00200606
Max of dh, dJ: 0.0727985 0.142769

iteration 461
Number of threads allocated = 1
Avg. energy: 152.652
RMS of dh, dJ: 0.00246715 0.00323246
Max of dh, dJ: 0.0232527 0.184106

iteration 462
Number of threads allocated = 1
Avg. energy: 152.06
RMS of dh, dJ: 0.00518716 0.00215876
Max of dh, dJ: 0.0352496 0.158885

iteration 463
Number of threads allocated = 1
Avg. energy: 151.842
RMS of dh, dJ: 0.00552767 0.00211279
Max of dh, dJ: 0.037944 0.159174

iteration 464
Number of threads allocated = 1
Avg. energy: 151.876
RMS of dh, dJ: 0.00597131 0.002071
Max of dh, dJ: 0.039962 0.155057
Std. errors: 0.0104206 0.00232818
Model difference is within sampling error. Increasing sampling...
MC steps per iteration: 2048000

iteration 465
Number of threads allocated = 1
Avg. energy: 152.058
RMS of dh, dJ: 0.00415347 0.00225994
Max of dh, dJ: 0.0297825 0.162674

iteration 466
Number of threads allocated = 1
Avg. energy: 151.952
RMS of dh, dJ: 0.0048269 0.00217282
Max of dh, dJ: 0.0334806 0.160263

iteration 467
Number of threads allocated = 1
Avg. energy: 152.023
RMS of dh, dJ: 0.00266267 0.00244593
Max of dh, dJ: 0.0223426 0.168018

iteration 468
Number of threads allocated = 1
Avg. energy: 152.084
RMS of dh, dJ: 0.00209683 0.00253144
Max of dh, dJ: 0.0187439 0.170126

iteration 469
Number of threads allocated = 1
Avg. energy: 151.922
RMS of dh, dJ: 0.0029395 0.00238817
Max of dh, dJ: 0.0236692 0.165543

iteration 470
Number of threads allocated = 1
Avg. energy: 152.017
RMS of dh, dJ: 0.00125974 0.00268605
Max of dh, dJ: 0.0127532 0.172927

iteration 471
Number of threads allocated = 1
Avg. energy: 151.947
RMS of dh, dJ: 0.00141028 0.00263343
Max of dh, dJ: 0.0143348 0.172063

iteration 472
Number of threads allocated = 1
Avg. energy: 151.795
RMS of dh, dJ: 0.00196306 0.00250904
Max of dh, dJ: 0.018284 0.169613

iteration 473
Number of threads allocated = 1
Avg. energy: 151.872
RMS of dh, dJ: 0.00105097 0.00270321
Max of dh, dJ: 0.0124504 0.176832

iteration 474
Number of threads allocated = 1
Avg. energy: 151.861
RMS of dh, dJ: 0.00145987 0.0029138
Max of dh, dJ: 0.0157756 0.179932

iteration 475
Number of threads allocated = 1
Avg. energy: 150.231
RMS of dh, dJ: 0.0179944 0.0027803
Max of dh, dJ: 0.105994 0.148894

iteration 476
Number of threads allocated = 1
Avg. energy: 151.876
RMS of dh, dJ: 0.0311722 0.00863988
Max of dh, dJ: 0.182347 0.314294

iteration 477
Number of threads allocated = 1
Avg. energy: 146.613
RMS of dh, dJ: 0.0494584 0.00931765
Max of dh, dJ: 0.28605 0.241513

iteration 478
Number of threads allocated = 1
Avg. energy: 151.865
RMS of dh, dJ: 0.0305889 0.00855651
Max of dh, dJ: 0.178428 0.301792

iteration 479
Number of threads allocated = 1
Avg. energy: 152.397
RMS of dh, dJ: 0.0280746 0.00817173
Max of dh, dJ: 0.162417 0.28272

iteration 480
Number of threads allocated = 1
Avg. energy: 152.499
RMS of dh, dJ: 0.0202087 0.00661745
Max of dh, dJ: 0.117352 0.245956

iteration 481
Number of threads allocated = 1
Avg. energy: 150.1
RMS of dh, dJ: 0.0153939 0.00238364
Max of dh, dJ: 0.0970226 0.145743

iteration 482
Number of threads allocated = 1
Avg. energy: 152.574
RMS of dh, dJ: 0.0196846 0.0065142
Max of dh, dJ: 0.114082 0.243418

iteration 483
Number of threads allocated = 1
Avg. energy: 151.207
RMS of dh, dJ: 0.00224383 0.00239003
Max of dh, dJ: 0.0219747 0.160665

iteration 484
Number of threads allocated = 1
Avg. energy: 150.89
RMS of dh, dJ: 0.00578752 0.00198165
Max of dh, dJ: 0.0416315 0.147404

iteration 485
Number of threads allocated = 1
Avg. energy: 151.236
RMS of dh, dJ: 0.00130709 0.00255458
Max of dh, dJ: 0.0149264 0.164385

iteration 486
Number of threads allocated = 1
Avg. energy: 150.916
RMS of dh, dJ: 0.00449245 0.00208897
Max of dh, dJ: 0.0332438 0.15189

iteration 487
Number of threads allocated = 1
Avg. energy: 151.376
RMS of dh, dJ: 0.00172813 0.00290527
Max of dh, dJ: 0.0157165 0.173089

iteration 488
Number of threads allocated = 1
Avg. energy: 151.094
RMS of dh, dJ: 0.0013893 0.00251049
Max of dh, dJ: 0.0145039 0.163813

iteration 489
