INPUT PARAMETERS:
msa_name /data/wangd17/contact_seqs/Ubiquitin_all/1ubq_contacts_stable_all.dat
freq_dir /data/wangd17/Ising-Model_biowulf/scratch/Ubiquitin_stable_all/lambda=0.000000_mc_steps_init=1000_as_al_gamma=0.100000_cutoff_rmsd=0.002000/
out_name ubiquitin_stable_all_cont6.bm_param
folder_name Ubiquitin_stable_all_cont6
scratch_dir /data/wangd17/Ising-Model_biowulf/scratch/
input_name /data/wangd17/Ising-Model_biowulf/scratch/Ubiquitin_stable_all_cont5/lambda=0.000000_mc_steps_init=8192000_as_al_gamma=0.100000_cutoff_rmsd=0.002000_restart5
mc_init random
lambda 0
myseed 1
max_iter 20000000
mc_steps 8192000
eps0_h 0.02
eps0_J 0.002
adaptive_stepsize_on 1
adaptive_sampling_on 1
eps_inc 1.5
eps_dec 0.6
eps_min_h 0.001
eps_max_h 2.5
eps_min_J 0.00001
eps_max_J_N 2.5
gamma 0.1
cutoff_freq 0.05
delta 0.0
symmetrize_on 0
do_lowmem_fill 1
cutoff_rmsd 0.002
conv_type rmsd
verbose 1
record_freq 50
num_restarts 6

/data/wangd17/contact_seqs/Ubiquitin_all/1ubq_contacts_stable_all.dat
Sequence length: 2628
random
conv type: rmsd
Reading in MSA frequencies...
Fitting model.

iteration 0
Number of threads allocated = 1
Avg. energy: 149.097
RMS of dh, dJ: 0.00406945 0.00190579
Max of dh, dJ: 0.0260936 0.158663

iteration 1
Number of threads allocated = 1
Avg. energy: 149.932
RMS of dh, dJ: 0.00578838 0.0033506
Max of dh, dJ: 0.0378232 0.191157

iteration 2
Number of threads allocated = 1
Avg. energy: 146.503
RMS of dh, dJ: 0.0270969 0.00484076
Max of dh, dJ: 0.152621 0.156477

iteration 3
