INPUT PARAMETERS:
msa_name /data/wangd17/contact_seqs/Ubiquitin_all_10ns_filter/1ubq_contacts_stable_all.dat
freq_dir /data/wangd17/Ising-Model_biowulf/scratch/Ubiquitin_stable_all_10ns_filter/lambda=0.000000_mc_steps_init=1000_as_al_gamma=0.100000_cutoff_rmsd=0.002000/
out_name ubiquitin_stable_all_10ns_filter_cont4.bm_param
folder_name Ubiquitin_stable_all_10ns_filter_cont4
scratch_dir /data/wangd17/Ising-Model_biowulf/scratch/
input_name /data/wangd17/Ising-Model_biowulf/scratch/Ubiquitin_stable_all_10ns_filter_cont3/lambda=0.000000_mc_steps_init=2048000_as_al_gamma=0.100000_cutoff_rmsd=0.002000_restart3
mc_init random
lambda 0
myseed 1
max_iter 10000000
mc_steps 2048000
eps0_h 0.02
eps0_J 0.002
adaptive_stepsize_on 1
adaptive_sampling_on 1
eps_inc 1.5
eps_dec 0.6
eps_min_h 0.001
eps_max_h 2.5
eps_min_J 0.00001
eps_max_J_N 2.5
gamma 0.1
cutoff_freq 0.05
delta 0.0
symmetrize_on 0
do_lowmem_fill 1
cutoff_rmsd 0.002
conv_type rmsd
verbose 1
record_freq 50
num_restarts 4

/data/wangd17/contact_seqs/Ubiquitin_all_10ns_filter/1ubq_contacts_stable_all.dat
Sequence length: 2628
random
conv type: rmsd
Reading in MSA frequencies...
Fitting model.

iteration 0
Number of threads allocated = 1
Avg. energy: 70.2678
RMS of dh, dJ: 0.00557174 0.000988249
Max of dh, dJ: 0.0396145 0.137991

iteration 1
Number of threads allocated = 1
Avg. energy: 69.8606
RMS of dh, dJ: 0.0047397 0.00224856
Max of dh, dJ: 0.0347424 0.183602

iteration 2
Number of threads allocated = 1
Avg. energy: 70.0986
RMS of dh, dJ: 0.00193988 0.00127454
Max of dh, dJ: 0.0153132 0.153356

iteration 3
Number of threads allocated = 1
Avg. energy: 70.0561
RMS of dh, dJ: 0.0022305 0.00123857
Max of dh, dJ: 0.0171022 0.152687

iteration 4
Number of threads allocated = 1
Avg. energy: 70.03
RMS of dh, dJ: 0.00111444 0.00137671
Max of dh, dJ: 0.0104348 0.157464

iteration 5
Number of threads allocated = 1
Avg. energy: 70.0736
RMS of dh, dJ: 0.00341608 0.00111261
Max of dh, dJ: 0.0250842 0.147889

iteration 6
Number of threads allocated = 1
Avg. energy: 69.9501
RMS of dh, dJ: 0.000393064 0.00150458
Max of dh, dJ: 0.00536087 0.162538
Converged!
RMS of dh, dJ, tot: 0.000393064 0.00150458 0.00189764
Max of |dh|, |dJ|: 0.00536087 0.162538
