INPUT PARAMETERS:
msa_name /data/wangd17/contact_seqs/Ubiquitin_all/1ubq_contacts_stable_all.dat
freq_dir /data/wangd17/Ising-Model_biowulf/scratch/Ubiquitin_stable_all/lambda=0.000000_mc_steps_init=1000_as_al_gamma=0.100000_cutoff_rmsd=0.002000/
out_name ubiquitin_stable_all_cont5.bm_param
folder_name Ubiquitin_stable_all_cont5
scratch_dir /data/wangd17/Ising-Model_biowulf/scratch/
input_name /data/wangd17/Ising-Model_biowulf/scratch/Ubiquitin_stable_all_cont4/lambda=0.000000_mc_steps_init=8192000_as_al_gamma=0.100000_cutoff_rmsd=0.002000_restart4
mc_init random
lambda 0
myseed 1
max_iter 20000000
mc_steps 8192000
eps0_h 0.02
eps0_J 0.002
adaptive_stepsize_on 1
adaptive_sampling_on 1
eps_inc 1.5
eps_dec 0.6
eps_min_h 0.001
eps_max_h 2.5
eps_min_J 0.00001
eps_max_J_N 2.5
gamma 0.1
cutoff_freq 0.05
delta 0.0
symmetrize_on 0
do_lowmem_fill 1
cutoff_rmsd 0.002
conv_type rmsd
verbose 1
record_freq 50
num_restarts 5

/data/wangd17/contact_seqs/Ubiquitin_all/1ubq_contacts_stable_all.dat
Sequence length: 2628
random
conv type: rmsd
Reading in MSA frequencies...
Fitting model.

iteration 0
Number of threads allocated = 1
Avg. energy: 149.465
RMS of dh, dJ: 0.00360526 0.00198432
Max of dh, dJ: 0.0245804 0.163542

iteration 1
Number of threads allocated = 1
Avg. energy: 149.795
RMS of dh, dJ: 0.00100678 0.0024925
Max of dh, dJ: 0.0156268 0.176738

iteration 2
Number of threads allocated = 1
Avg. energy: 149.007
RMS of dh, dJ: 0.00740869 0.00179171
Max of dh, dJ: 0.0452204 0.149688

iteration 3
Number of threads allocated = 1
Avg. energy: 150.097
RMS of dh, dJ: 0.00454061 0.00315283
Max of dh, dJ: 0.03211 0.189603

iteration 4
Number of threads allocated = 1
Avg. energy: 149.25
RMS of dh, dJ: 0.00416435 0.00191633
Max of dh, dJ: 0.0275163 0.159875

iteration 5
Number of threads allocated = 1
Avg. energy: 149.142
RMS of dh, dJ: 0.00503066 0.0018519
Max of dh, dJ: 0.0321662 0.156505

iteration 6
Number of threads allocated = 1
Avg. energy: 149.439
RMS of dh, dJ: 0.00167088 0.00219002
Max of dh, dJ: 0.0127364 0.168463

iteration 7
Number of threads allocated = 1
Avg. energy: 149.306
RMS of dh, dJ: 0.00218615 0.00211378
Max of dh, dJ: 0.0159888 0.165673

iteration 8
Number of threads allocated = 1
Avg. energy: 149.28
RMS of dh, dJ: 0.00252558 0.00206751
Max of dh, dJ: 0.0175872 0.164149

iteration 9
