INPUT PARAMETERS:
msa_name /data/wangd17/contact_seqs/WW_Domain_all/GTT_contacts_stable_all.dat
out_name ww_domain_stable_all.bm_param
folder_name WW_Domain_stable_all
scratch_dir /data/wangd17/Ising-Model_biowulf/scratch/
input_name none
mc_init random
lambda 0
myseed 1
max_iter 10000000
mc_steps 1000
eps0_h 0.02
eps0_J 0.002
adaptive_stepsize_on 1
adaptive_sampling_on 1
eps_inc 1.5
eps_dec 0.6
eps_min_h 0.001
eps_max_h 2.5
eps_min_J 0.00001
eps_max_J_N 2.5
gamma 0.1
cutoff_freq 0.05
delta 0.0
symmetrize_on 0
do_lowmem_fill 1
cutoff_rmsd 0.002
conv_type rmsd
verbose 1
record_freq 50

/data/wangd17/contact_seqs/WW_Domain_all/GTT_contacts_stable_all.dat
Sequence length: 496
random
conv type: rmsd
Doing low-memory frequency fill...
0
10000
20000
30000
40000
50000
60000
70000
80000
90000
100000
110000
120000
130000
140000
150000
160000
170000
180000
190000
200000
210000
220000
230000
240000
250000
260000
270000
280000
290000
300000
310000
320000
330000
340000
350000
360000
370000
380000
390000
400000
410000
420000
430000
440000
450000
460000
470000
480000
490000
500000
510000
520000
530000
540000
550000
560000
570000
580000
590000
600000
610000
620000
630000
640000
650000
660000
670000
680000
690000
700000
710000
720000
730000
740000
750000
760000
770000
780000
790000
800000
810000
820000
830000
840000
850000
860000
870000
880000
890000
900000
910000
920000
930000
940000
950000
960000
970000
980000
990000
1000000
1010000
1020000
1030000
1040000
1050000
1060000
1070000
1080000
1090000
1100000
1110000
1120000
1130000
1140000
1150000
1160000
1170000
1180000
1190000
1200000
1210000
1220000
1230000
1240000
1250000
1260000
1270000
1280000
1290000
1300000
1310000
1320000
1330000
1340000
1350000
1360000
1370000
1380000
1390000
1400000
1410000
1420000
1430000
1440000
1450000
1460000
1470000
1480000
1490000
1500000
1510000
1520000
1530000
1540000
1550000
1560000
1570000
1580000
1590000
1600000
1610000
1620000
1630000
1640000
1650000
1660000
1670000
1680000
1690000
1700000
1710000
1720000
1730000
1740000
1750000
1760000
1770000
1780000
1790000
1800000
1810000
1820000
1830000
1840000
1850000
1860000
1870000
1880000
1890000
1900000
1910000
1920000
1930000
1940000
1950000
1960000
1970000
1980000
1990000
2000000
2010000
2020000
2030000
2040000
2050000
2060000
2070000
2080000
2090000
2100000
2110000
2120000
2130000
2140000
2150000
2160000
2170000
2180000
2190000
2200000
2210000
2220000
2230000
2240000
2250000
2260000
2270000
2280000
2290000
2300000
2310000
2320000
2330000
2340000
2350000
2360000
2370000
2380000
2390000
2400000
2410000
2420000
2430000
2440000
2450000
2460000
2470000
2480000
2490000
2500000
2510000
2520000
2530000
2540000
2550000
2560000
2570000
2580000
2590000
2600000
2610000
2620000
2630000
2640000
2650000
2660000
2670000
2680000
2690000
2700000
2710000
2720000
2730000
2740000
2750000
2760000
2770000
2780000
2790000
2800000
2810000
2820000
2830000
2840000
2850000
2860000
2870000
2880000
2890000
2900000
2910000
2920000
2930000
2940000
2950000
2960000
2970000
2980000
2990000
3000000
3010000
3020000
3030000
3040000
3050000
3060000
3070000
3080000
3090000
3100000
3110000
3120000
3130000
3140000
3150000
3160000
3170000
3180000
3190000
3200000
3210000
3220000
3230000
3240000
3250000
3260000
3270000
3280000
3290000
3300000
3310000
3320000
3330000
3340000
3350000
3360000
3370000
3380000
3390000
3400000
3410000
3420000
3430000
3440000
3450000
3460000
3470000
3480000
3490000
3500000
3510000
3520000
3530000
3540000
3550000
3560000
3570000
3580000
3590000
3600000
3610000
3620000
3630000
3640000
3650000
3660000
3670000
3680000
3690000
3700000
3710000
3720000
3730000
3740000
3750000
3760000
3770000
3780000
3790000
3800000
3810000
3820000
3830000
3840000
3850000
3860000
3870000
3880000
3890000
3900000
3910000
3920000
3930000
3940000
3950000
3960000
3970000
3980000
3990000
4000000
4010000
4020000
4030000
4040000
4050000
4060000
4070000
4080000
4090000
4100000
4110000
4120000
4130000
4140000
4150000
4160000
4170000
4180000
4190000
4200000
4210000
4220000
4230000
4240000
4250000
4260000
4270000
4280000
4290000
4300000
4310000
4320000
4330000
4340000
4350000
4360000
4370000
4380000
4390000
4400000
4410000
4420000
4430000
4440000
4450000
4460000
4470000
4480000
4490000
4500000
4510000
4520000
4530000
4540000
4550000
4560000
4570000
4580000
4590000
4600000
4610000
4620000
4630000
4640000
4650000
4660000
4670000
4680000
4690000
4700000
4710000
4720000
4730000
4740000
4750000
4760000
4770000
4780000
4790000
4800000
4810000
4820000
4830000
4840000
4850000
4860000
4870000
4880000
4890000
4900000
4910000
4920000
4930000
4940000
4950000
4960000
4970000
4980000
4990000
5000000
5010000
5020000
5030000
5040000
5050000
5060000
5070000
5080000
5090000
5100000
5110000
5120000
5130000
5140000
5150000
5160000
5170000
5180000
5190000
5200000
5210000
5220000
5230000
5240000
5250000
5260000
5270000
5280000
5290000
5300000
5310000
5320000
5330000
5340000
5350000
5360000
5370000
5380000
5390000
5400000
5410000
5420000
5430000
5440000
5450000
5460000
5470000
5480000
5490000
5500000
5510000
5520000
5530000
5540000
5550000
5560000
5570000
5580000
5590000
5600000
5610000
5620000
5630000
5640000
5650000
5660000
5670000
5680000
No. seqs: 5686702
Should be N: 24.4274
Fitting model.

iteration 0
Number of threads allocated = 1
Avg. energy: 14.2018
RMS of dh, dJ: 0.0700459 0.026199
Max of dh, dJ: 0.363748 0.601462

iteration 1
Number of threads allocated = 1
Avg. energy: 13.6049
RMS of dh, dJ: 0.0696909 0.0261102
Max of dh, dJ: 0.355792 0.596696

iteration 2
Number of threads allocated = 1
Avg. energy: 13.7797
RMS of dh, dJ: 0.0678537 0.0257037
Max of dh, dJ: 0.37304 0.598551

iteration 3
Number of threads allocated = 1
Avg. energy: 13.7077
RMS of dh, dJ: 0.0654682 0.02516
Max of dh, dJ: 0.336792 0.582176

iteration 4
Number of threads allocated = 1
Avg. energy: 13.0761
RMS of dh, dJ: 0.0630967 0.0246717
Max of dh, dJ: 0.33465 0.571211

iteration 5
Number of threads allocated = 1
Avg. energy: 12.7939
RMS of dh, dJ: 0.0593691 0.0237493
Max of dh, dJ: 0.32265 0.549959

iteration 6
Number of threads allocated = 1
Avg. energy: 12.249
RMS of dh, dJ: 0.0546968 0.0227205
Max of dh, dJ: 0.29965 0.529969

iteration 7
Number of threads allocated = 1
Avg. energy: 10.9761
RMS of dh, dJ: 0.0500118 0.0216394
Max of dh, dJ: 0.284325 0.512999

iteration 8
Number of threads allocated = 1
Avg. energy: 9.42882
RMS of dh, dJ: 0.0422832 0.019687
Max of dh, dJ: 0.262806 0.490099

iteration 9
Number of threads allocated = 1
Avg. energy: 7.85334
RMS of dh, dJ: 0.0359593 0.0180031
Max of dh, dJ: 0.200636 0.434335

iteration 10
Number of threads allocated = 1
Avg. energy: 5.03904
RMS of dh, dJ: 0.0252854 0.0150378
Max of dh, dJ: 0.159406 0.370999

iteration 11
Number of threads allocated = 1
Avg. energy: 2.47424
RMS of dh, dJ: 0.0154009 0.011935
Max of dh, dJ: 0.107511 0.302122

iteration 12
Number of threads allocated = 1
Avg. energy: -0.972722
RMS of dh, dJ: 0.00983722 0.00947022
Max of dh, dJ: 0.0860402 0.261834

iteration 13
Number of threads allocated = 1
Avg. energy: -2.79408
RMS of dh, dJ: 0.0056021 0.00790751
Max of dh, dJ: 0.032719 0.208176

iteration 14
Number of threads allocated = 1
Avg. energy: -4.447
RMS of dh, dJ: 0.00684511 0.00708636
Max of dh, dJ: 0.0646061 0.182144

iteration 15
Number of threads allocated = 1
Avg. energy: -3.99969
RMS of dh, dJ: 0.00587696 0.00774066
Max of dh, dJ: 0.0557095 0.18389

iteration 16
Number of threads allocated = 1
Avg. energy: -3.46951
RMS of dh, dJ: 0.00523093 0.00717717
Max of dh, dJ: 0.0422905 0.187648

iteration 17
Number of threads allocated = 1
Avg. energy: -4.00223
RMS of dh, dJ: 0.00575483 0.00744824
Max of dh, dJ: 0.0503939 0.193999

iteration 18
Number of threads allocated = 1
Avg. energy: -4.45864
RMS of dh, dJ: 0.00549593 0.00686311
Max of dh, dJ: 0.0407285 0.181072

iteration 19
Number of threads allocated = 1
Avg. energy: -4.14032
RMS of dh, dJ: 0.00701417 0.00651019
Max of dh, dJ: 0.0462202 0.179531

iteration 20
Number of threads allocated = 1
Avg. energy: -3.92412
RMS of dh, dJ: 0.00632189 0.00654712
Max of dh, dJ: 0.0692905 0.174011

iteration 21
Number of threads allocated = 1
Avg. energy: -4.46855
RMS of dh, dJ: 0.00591894 0.0065611
Max of dh, dJ: 0.0518049 0.1616

iteration 22
Number of threads allocated = 1
Avg. energy: -4.32649
RMS of dh, dJ: 0.00840272 0.00606342
Max of dh, dJ: 0.0580499 0.204539

iteration 23
Number of threads allocated = 1
Avg. energy: -3.86339
RMS of dh, dJ: 0.00564339 0.00681968
Max of dh, dJ: 0.0512076 0.180453

iteration 24
Number of threads allocated = 1
Avg. energy: -3.74189
RMS of dh, dJ: 0.00676528 0.00624383
Max of dh, dJ: 0.0572035 0.155262

iteration 25
Number of threads allocated = 1
Avg. energy: -3.41626
RMS of dh, dJ: 0.00603488 0.00665776
Max of dh, dJ: 0.0522202 0.179462

iteration 26
Number of threads allocated = 1
Avg. energy: -3.67547
RMS of dh, dJ: 0.0071958 0.0062372
Max of dh, dJ: 0.0496265 0.180335

iteration 27
Number of threads allocated = 1
Avg. energy: -3.55526
RMS of dh, dJ: 0.00645788 0.00666319
Max of dh, dJ: 0.0516061 0.198129

iteration 28
Number of threads allocated = 1
Avg. energy: -2.91215
RMS of dh, dJ: 0.00629195 0.00677021
Max of dh, dJ: 0.0479387 0.193534

iteration 29
Number of threads allocated = 1
Avg. energy: -2.94553
RMS of dh, dJ: 0.00721516 0.00676356
Max of dh, dJ: 0.0574913 0.212999

iteration 30
Number of threads allocated = 1
Avg. energy: -3.4386
RMS of dh, dJ: 0.00757723 0.00610552
Max of dh, dJ: 0.0549525 0.155824

iteration 31
Number of threads allocated = 1
Avg. energy: -3.02999
RMS of dh, dJ: 0.00694963 0.00715517
Max of dh, dJ: 0.047964 0.197486

iteration 32
Number of threads allocated = 1
Avg. energy: -2.78577
RMS of dh, dJ: 0.00795122 0.0058522
Max of dh, dJ: 0.0576427 0.17289

iteration 33
Number of threads allocated = 1
Avg. energy: -3.1597
RMS of dh, dJ: 0.00752276 0.00618279
Max of dh, dJ: 0.0510061 0.168696

iteration 34
Number of threads allocated = 1
Avg. energy: -2.68902
RMS of dh, dJ: 0.00691308 0.00632624
Max of dh, dJ: 0.0689598 0.177969

iteration 35
Number of threads allocated = 1
Avg. energy: -1.83069
RMS of dh, dJ: 0.00652411 0.00659682
Max of dh, dJ: 0.0481336 0.187431

iteration 36
Number of threads allocated = 1
Avg. energy: -2.90406
RMS of dh, dJ: 0.00651117 0.00595482
Max of dh, dJ: 0.0492076 0.170825

iteration 37
Number of threads allocated = 1
Avg. energy: -2.24994
RMS of dh, dJ: 0.00622734 0.00654569
Max of dh, dJ: 0.0460499 0.18489

iteration 38
Number of threads allocated = 1
Avg. energy: -2.40393
RMS of dh, dJ: 0.00638525 0.00614939
Max of dh, dJ: 0.0453255 0.162534

iteration 39
Number of threads allocated = 1
Avg. energy: -1.71591
RMS of dh, dJ: 0.0070163 0.00641731
Max of dh, dJ: 0.0478049 0.174969

iteration 40
Number of threads allocated = 1
Avg. energy: -1.88325
RMS of dh, dJ: 0.00817801 0.005907
Max of dh, dJ: 0.0523444 0.159774

iteration 41
Number of threads allocated = 1
Avg. energy: -1.29173
RMS of dh, dJ: 0.00573509 0.00715546
Max of dh, dJ: 0.0463255 0.18196

iteration 42
Number of threads allocated = 1
Avg. energy: -1.37799
RMS of dh, dJ: 0.00611825 0.00701439
Max of dh, dJ: 0.0492202 0.187045

iteration 43
Number of threads allocated = 1
Avg. energy: -2.25967
RMS of dh, dJ: 0.00714169 0.0062172
Max of dh, dJ: 0.047281 0.192534

iteration 44
Number of threads allocated = 1
Avg. energy: -2.15343
RMS of dh, dJ: 0.00669017 0.0062322
Max of dh, dJ: 0.0473498 0.1836

iteration 45
Number of threads allocated = 1
Avg. energy: -1.55335
RMS of dh, dJ: 0.00684114 0.00629568
Max of dh, dJ: 0.0717388 0.180539

iteration 46
Number of threads allocated = 1
Avg. energy: -1.85564
RMS of dh, dJ: 0.00826029 0.00603577
Max of dh, dJ: 0.0760499 0.16629

iteration 47
Number of threads allocated = 1
Avg. energy: -1.4032
RMS of dh, dJ: 0.00639132 0.00688623
Max of dh, dJ: 0.0543754 0.19698

iteration 48
Number of threads allocated = 1
Avg. energy: -1.74233
RMS of dh, dJ: 0.00792999 0.00601109
Max of dh, dJ: 0.0536061 0.196959

iteration 49
Number of threads allocated = 1
Avg. energy: -1.05574
RMS of dh, dJ: 0.00661491 0.00659555
Max of dh, dJ: 0.0435939 0.182834

iteration 50
Number of threads allocated = 1
Avg. energy: -1.30118
RMS of dh, dJ: 0.00727184 0.00653012
Max of dh, dJ: 0.0501937 0.184144

iteration 51
Number of threads allocated = 1
Avg. energy: -1.1619
RMS of dh, dJ: 0.00760426 0.00617142
Max of dh, dJ: 0.0646265 0.173462

iteration 52
Number of threads allocated = 1
Avg. energy: -1.13484
RMS of dh, dJ: 0.00786064 0.00597343
Max of dh, dJ: 0.0584913 0.163072

iteration 53
Number of threads allocated = 1
Avg. energy: -0.456586
RMS of dh, dJ: 0.00707203 0.00619517
Max of dh, dJ: 0.0472202 0.1646

iteration 54
Number of threads allocated = 1
Avg. energy: 0.625948
RMS of dh, dJ: 0.00529512 0.00702136
Max of dh, dJ: 0.0439588 0.202072

iteration 55
Number of threads allocated = 1
Avg. energy: 0.373246
RMS of dh, dJ: 0.00628572 0.00636825
Max of dh, dJ: 0.0443163 0.159666

iteration 56
Number of threads allocated = 1
Avg. energy: 0.662888
RMS of dh, dJ: 0.0066041 0.00743324
Max of dh, dJ: 0.0646556 0.171648

iteration 57
Number of threads allocated = 1
Avg. energy: 0.206459
RMS of dh, dJ: 0.00860747 0.00588511
Max of dh, dJ: 0.0633255 0.178072

iteration 58
Number of threads allocated = 1
Avg. energy: -0.077778
RMS of dh, dJ: 0.0068551 0.0064795
Max of dh, dJ: 0.0456748 0.192454

iteration 59
Number of threads allocated = 1
Avg. energy: 0.99752
RMS of dh, dJ: 0.00648112 0.00674277
Max of dh, dJ: 0.0506181 0.171879

iteration 60
Number of threads allocated = 1
Avg. energy: 0.336821
RMS of dh, dJ: 0.00718615 0.00639032
Max of dh, dJ: 0.0573163 0.18773

iteration 61
Number of threads allocated = 1
Avg. energy: 0.857268
RMS of dh, dJ: 0.00706974 0.00637684
Max of dh, dJ: 0.0549387 0.1856

iteration 62
Number of threads allocated = 1
Avg. energy: 1.1146
RMS of dh, dJ: 0.00644711 0.00595239
Max of dh, dJ: 0.0356427 0.154842

iteration 63
Number of threads allocated = 1
Avg. energy: 1.70023
RMS of dh, dJ: 0.00553293 0.00722293
Max of dh, dJ: 0.0396837 0.209262

iteration 64
Number of threads allocated = 1
Avg. energy: 1.37808
RMS of dh, dJ: 0.0057665 0.00656141
Max of dh, dJ: 0.0453498 0.187833

iteration 65
Number of threads allocated = 1
Avg. energy: 1.36195
RMS of dh, dJ: 0.00649581 0.00659983
Max of dh, dJ: 0.058281 0.198565

iteration 66
Number of threads allocated = 1
Avg. energy: 1.61174
RMS of dh, dJ: 0.00646943 0.00656783
Max of dh, dJ: 0.0489525 0.191462

iteration 67
Number of threads allocated = 1
Avg. energy: 1.19467
RMS of dh, dJ: 0.00743033 0.00650748
Max of dh, dJ: 0.0530499 0.182648

iteration 68
Number of threads allocated = 1
Avg. energy: 1.6503
RMS of dh, dJ: 0.00772023 0.00617087
Max of dh, dJ: 0.0583444 0.162066

iteration 69
Number of threads allocated = 1
Avg. energy: 2.35167
RMS of dh, dJ: 0.00659905 0.0062526
Max of dh, dJ: 0.047126 0.185565

iteration 70
Number of threads allocated = 1
Avg. energy: 2.59127
RMS of dh, dJ: 0.00702696 0.00669051
Max of dh, dJ: 0.0439588 0.172671

iteration 71
Number of threads allocated = 1
Avg. energy: 2.10112
RMS of dh, dJ: 0.0070087 0.00723019
Max of dh, dJ: 0.052049 0.18729

iteration 72
Number of threads allocated = 1
Avg. energy: 1.81044
RMS of dh, dJ: 0.00790082 0.0060385
Max of dh, dJ: 0.068281 0.155683

iteration 73
Number of threads allocated = 1
Avg. energy: 1.95922
RMS of dh, dJ: 0.00738253 0.00626169
Max of dh, dJ: 0.0532905 0.180262

iteration 74
Number of threads allocated = 1
Avg. energy: 1.51534
RMS of dh, dJ: 0.00722677 0.006152
Max of dh, dJ: 0.0621308 0.177072

iteration 75
Number of threads allocated = 1
Avg. energy: 2.78028
RMS of dh, dJ: 0.0068251 0.00760819
Max of dh, dJ: 0.066281 0.207519

iteration 76
Number of threads allocated = 1
Avg. energy: 2.10918
RMS of dh, dJ: 0.0076851 0.00623733
Max of dh, dJ: 0.065126 0.175362

iteration 77
Number of threads allocated = 1
Avg. energy: 2.42831
RMS of dh, dJ: 0.00695987 0.00682317
Max of dh, dJ: 0.057874 0.180531

iteration 78
Number of threads allocated = 1
Avg. energy: 2.10089
RMS of dh, dJ: 0.00714965 0.00597895
Max of dh, dJ: 0.0529525 0.16589

iteration 79
Number of threads allocated = 1
Avg. energy: 2.6954
RMS of dh, dJ: 0.00615306 0.00653811
Max of dh, dJ: 0.040281 0.172519

iteration 80
Number of threads allocated = 1
Avg. energy: 2.20849
RMS of dh, dJ: 0.00764487 0.0056533
Max of dh, dJ: 0.0526061 0.153673

iteration 81
Number of threads allocated = 1
Avg. energy: 2.43183
RMS of dh, dJ: 0.00688961 0.00646647
Max of dh, dJ: 0.053281 0.188176

iteration 82
Number of threads allocated = 1
Avg. energy: 2.43888
RMS of dh, dJ: 0.00721393 0.00596492
Max of dh, dJ: 0.0593444 0.160839

iteration 83
Number of threads allocated = 1
Avg. energy: 2.00296
RMS of dh, dJ: 0.00871117 0.00573871
Max of dh, dJ: 0.0632521 0.181974

iteration 84
Number of threads allocated = 1
Avg. energy: 2.78492
RMS of dh, dJ: 0.00687637 0.00608283
Max of dh, dJ: 0.0479525 0.195045

iteration 85
Number of threads allocated = 1
Avg. energy: 3.41489
RMS of dh, dJ: 0.00624368 0.00661642
Max of dh, dJ: 0.0403643 0.173176

iteration 86
Number of threads allocated = 1
Avg. energy: 3.36476
RMS of dh, dJ: 0.00734421 0.00663329
Max of dh, dJ: 0.0960499 0.162884

iteration 87
Number of threads allocated = 1
Avg. energy: 3.68583
RMS of dh, dJ: 0.0078109 0.00616198
Max of dh, dJ: 0.0586265 0.178696

iteration 88
Number of threads allocated = 1
Avg. energy: 4.34731
RMS of dh, dJ: 0.00601105 0.00689601
Max of dh, dJ: 0.0363255 0.192579

iteration 89
Number of threads allocated = 1
Avg. energy: 4.48617
RMS of dh, dJ: 0.00674248 0.00682252
Max of dh, dJ: 0.0533643 0.180175

iteration 90
Number of threads allocated = 1
Avg. energy: 4.09017
RMS of dh, dJ: 0.00602621 0.00685797
Max of dh, dJ: 0.0366427 0.185833

iteration 91
Number of threads allocated = 1
Avg. energy: 3.45475
RMS of dh, dJ: 0.00797165 0.00551824
Max of dh, dJ: 0.0593643 0.169211

iteration 92
Number of threads allocated = 1
Avg. energy: 4.25474
RMS of dh, dJ: 0.00682175 0.00628886
Max of dh, dJ: 0.039281 0.182563

iteration 93
Number of threads allocated = 1
Avg. energy: 4.52162
RMS of dh, dJ: 0.00671603 0.00651567
Max of dh, dJ: 0.043126 0.205362

iteration 94
Number of threads allocated = 1
Avg. energy: 4.79656
RMS of dh, dJ: 0.00698693 0.00660521
Max of dh, dJ: 0.0521197 0.187833

iteration 95
Number of threads allocated = 1
Avg. energy: 4.71384
RMS of dh, dJ: 0.00611063 0.00684687
Max of dh, dJ: 0.0461308 0.192879

iteration 96
Number of threads allocated = 1
Avg. energy: 4.4815
RMS of dh, dJ: 0.00809026 0.00561854
Max of dh, dJ: 0.0564887 0.152879

iteration 97
Number of threads allocated = 1
Avg. energy: 3.82311
RMS of dh, dJ: 0.00760634 0.00576169
Max of dh, dJ: 0.055126 0.17089

iteration 98
Number of threads allocated = 1
Avg. energy: 4.63657
RMS of dh, dJ: 0.00751735 0.00578617
Max of dh, dJ: 0.0506265 0.141825

iteration 99
Number of threads allocated = 1
Avg. energy: 4.90406
RMS of dh, dJ: 0.00737139 0.00627126
Max of dh, dJ: 0.0542035 0.176129

iteration 100
Number of threads allocated = 1
Avg. energy: 6.16535
RMS of dh, dJ: 0.0059508 0.00701878
Max of dh, dJ: 0.0426265 0.185783

iteration 101
Number of threads allocated = 1
Avg. energy: 5.63855
RMS of dh, dJ: 0.00690908 0.00597934
Max of dh, dJ: 0.0423163 0.165293

iteration 102
Number of threads allocated = 1
Avg. energy: 5.70772
RMS of dh, dJ: 0.00708272 0.00603047
Max of dh, dJ: 0.0483444 0.165045

iteration 103
Number of threads allocated = 1
Avg. energy: 5.98094
RMS of dh, dJ: 0.00596851 0.00648391
Max of dh, dJ: 0.0482521 0.181959

iteration 104
Number of threads allocated = 1
Avg. energy: 5.70667
RMS of dh, dJ: 0.00652019 0.00624557
Max of dh, dJ: 0.0586049 0.182144

iteration 105
Number of threads allocated = 1
Avg. energy: 6.08041
RMS of dh, dJ: 0.00635962 0.00719683
Max of dh, dJ: 0.0454913 0.19496

iteration 106
Number of threads allocated = 1
Avg. energy: 5.68708
RMS of dh, dJ: 0.00724525 0.00610181
Max of dh, dJ: 0.0517285 0.17789

iteration 107
Number of threads allocated = 1
Avg. energy: 6.20419
RMS of dh, dJ: 0.00604205 0.00663065
Max of dh, dJ: 0.0433444 0.171969

iteration 108
Number of threads allocated = 1
Avg. energy: 5.62476
RMS of dh, dJ: 0.0079464 0.00580705
Max of dh, dJ: 0.0589588 0.168534

iteration 109
Number of threads allocated = 1
Avg. energy: 5.50843
RMS of dh, dJ: 0.00989113 0.00513074
Max of dh, dJ: 0.0646748 0.160969

iteration 110
Number of threads allocated = 1
Avg. energy: 6.64818
RMS of dh, dJ: 0.00694921 0.00672062
Max of dh, dJ: 0.0455939 0.184969

iteration 111
Number of threads allocated = 1
Avg. energy: 5.77547
RMS of dh, dJ: 0.00837582 0.00586481
Max of dh, dJ: 0.0643444 0.167043

iteration 112
Number of threads allocated = 1
Avg. energy: 6.74831
RMS of dh, dJ: 0.00679806 0.00636787
Max of dh, dJ: 0.0536748 0.171648

iteration 113
Number of threads allocated = 1
Avg. energy: 6.16708
RMS of dh, dJ: 0.00780831 0.00617797
Max of dh, dJ: 0.0576748 0.164467

iteration 114
Number of threads allocated = 1
Avg. energy: 7.10709
RMS of dh, dJ: 0.00606992 0.00680291
Max of dh, dJ: 0.0373496 0.190839

iteration 115
Number of threads allocated = 1
Avg. energy: 6.48887
RMS of dh, dJ: 0.00702047 0.0063079
Max of dh, dJ: 0.0474913 0.178125

iteration 116
Number of threads allocated = 1
Avg. energy: 6.07213
RMS of dh, dJ: 0.00905139 0.00499714
Max of dh, dJ: 0.0604913 0.148828
Std. errors: 0.0188694 0.00514614
Model difference is within sampling error. Increasing sampling...
MC steps per iteration: 2000

iteration 117
Number of threads allocated = 1
Avg. energy: 6.98015
RMS of dh, dJ: 0.0054616 0.00623839
Max of dh, dJ: 0.0361937 0.167644

iteration 118
Number of threads allocated = 1
Avg. energy: 7.00537
RMS of dh, dJ: 0.00661725 0.00590665
Max of dh, dJ: 0.0509525 0.156644

iteration 119
Number of threads allocated = 1
Avg. energy: 7.30844
RMS of dh, dJ: 0.00508238 0.00663442
Max of dh, dJ: 0.0443643 0.180644

iteration 120
Number of threads allocated = 1
Avg. energy: 7.06697
RMS of dh, dJ: 0.00647657 0.00555018
Max of dh, dJ: 0.0402076 0.14879

iteration 121
Number of threads allocated = 1
Avg. energy: 7.4721
RMS of dh, dJ: 0.00573149 0.00588065
Max of dh, dJ: 0.033781 0.16258

iteration 122
Number of threads allocated = 1
Avg. energy: 7.59078
RMS of dh, dJ: 0.00539115 0.00613373
Max of dh, dJ: 0.0406937 0.154824

iteration 123
Number of threads allocated = 1
Avg. energy: 7.99093
RMS of dh, dJ: 0.00629334 0.00561965
Max of dh, dJ: 0.0451308 0.155459

iteration 124
Number of threads allocated = 1
Avg. energy: 8.27559
RMS of dh, dJ: 0.00466603 0.00628651
Max of dh, dJ: 0.0360939 0.159862

iteration 125
Number of threads allocated = 1
Avg. energy: 8.51296
RMS of dh, dJ: 0.0043651 0.00713758
Max of dh, dJ: 0.0402479 0.199962

iteration 126
Number of threads allocated = 1
Avg. energy: 8.26622
RMS of dh, dJ: 0.00519017 0.00602995
Max of dh, dJ: 0.0392388 0.165212

iteration 127
Number of threads allocated = 1
Avg. energy: 8.70701
RMS of dh, dJ: 0.00448671 0.00665141
Max of dh, dJ: 0.0266061 0.174969

iteration 128
Number of threads allocated = 1
Avg. energy: 8.79012
RMS of dh, dJ: 0.00403573 0.00686257
Max of dh, dJ: 0.0341181 0.173148

iteration 129
Number of threads allocated = 1
Avg. energy: 8.16801
RMS of dh, dJ: 0.00533124 0.00619101
Max of dh, dJ: 0.0559913 0.167434

iteration 130
Number of threads allocated = 1
Avg. energy: 8.40601
RMS of dh, dJ: 0.00568387 0.00595926
Max of dh, dJ: 0.0458496 0.156743

iteration 131
Number of threads allocated = 1
Avg. energy: 8.73656
RMS of dh, dJ: 0.00596096 0.00567137
Max of dh, dJ: 0.0428049 0.152629

iteration 132
Number of threads allocated = 1
Avg. energy: 8.98734
RMS of dh, dJ: 0.00469571 0.00625774
Max of dh, dJ: 0.0301748 0.170862

iteration 133
Number of threads allocated = 1
Avg. energy: 8.85783
RMS of dh, dJ: 0.00498181 0.00626198
Max of dh, dJ: 0.0488498 0.16439

iteration 134
Number of threads allocated = 1
Avg. energy: 8.92388
RMS of dh, dJ: 0.00599618 0.00575267
Max of dh, dJ: 0.0457285 0.158469

iteration 135
Number of threads allocated = 1
Avg. energy: 9.21934
RMS of dh, dJ: 0.00570262 0.00607356
Max of dh, dJ: 0.0427202 0.166482

iteration 136
Number of threads allocated = 1
Avg. energy: 9.5123
RMS of dh, dJ: 0.00605947 0.00604729
Max of dh, dJ: 0.0480499 0.177176

iteration 137
Number of threads allocated = 1
Avg. energy: 9.51626
RMS of dh, dJ: 0.00444891 0.00662859
Max of dh, dJ: 0.0278163 0.188441

iteration 138
Number of threads allocated = 1
Avg. energy: 9.31276
RMS of dh, dJ: 0.00628141 0.00581898
Max of dh, dJ: 0.0434913 0.158539

iteration 139
Number of threads allocated = 1
Avg. energy: 9.70542
RMS of dh, dJ: 0.00502498 0.00651585
Max of dh, dJ: 0.0347035 0.179434

iteration 140
Number of threads allocated = 1
Avg. energy: 9.59078
RMS of dh, dJ: 0.00586913 0.00565718
Max of dh, dJ: 0.043049 0.150262

iteration 141
Number of threads allocated = 1
Avg. energy: 9.30183
RMS of dh, dJ: 0.00523596 0.00603327
Max of dh, dJ: 0.0437388 0.157243

iteration 142
Number of threads allocated = 1
Avg. energy: 10.4137
RMS of dh, dJ: 0.00503249 0.00637408
Max of dh, dJ: 0.038049 0.156079

iteration 143
Number of threads allocated = 1
Avg. energy: 10.2825
RMS of dh, dJ: 0.00643413 0.00543156
Max of dh, dJ: 0.0552388 0.149545

iteration 144
Number of threads allocated = 1
Avg. energy: 11.199
RMS of dh, dJ: 0.00455331 0.00739152
Max of dh, dJ: 0.0311357 0.198625

iteration 145
Number of threads allocated = 1
Avg. energy: 10.7416
RMS of dh, dJ: 0.00580075 0.00596119
Max of dh, dJ: 0.0418163 0.1586

iteration 146
Number of threads allocated = 1
Avg. energy: 10.7079
RMS of dh, dJ: 0.00416365 0.0070105
Max of dh, dJ: 0.0264913 0.17239

iteration 147
Number of threads allocated = 1
Avg. energy: 10.5533
RMS of dh, dJ: 0.00585127 0.00598527
Max of dh, dJ: 0.0400087 0.164538

iteration 148
Number of threads allocated = 1
Avg. energy: 10.6008
RMS of dh, dJ: 0.00619481 0.00581758
Max of dh, dJ: 0.0632202 0.161629

iteration 149
Number of threads allocated = 1
Avg. energy: 11.1054
RMS of dh, dJ: 0.00494396 0.00645388
Max of dh, dJ: 0.0422035 0.166962

iteration 150
Number of threads allocated = 1
Avg. energy: 11.789
RMS of dh, dJ: 0.00514181 0.00738532
Max of dh, dJ: 0.0398573 0.194644

iteration 151
Number of threads allocated = 1
Avg. energy: 10.7237
RMS of dh, dJ: 0.00657367 0.00526228
Max of dh, dJ: 0.0416265 0.148847

iteration 152
Number of threads allocated = 1
Avg. energy: 11.3947
RMS of dh, dJ: 0.00456079 0.00681933
Max of dh, dJ: 0.028415 0.175545

iteration 153
Number of threads allocated = 1
Avg. energy: 10.9399
RMS of dh, dJ: 0.00574884 0.00579193
Max of dh, dJ: 0.0446181 0.156539

iteration 154
Number of threads allocated = 1
Avg. energy: 11.6522
RMS of dh, dJ: 0.00516371 0.00615095
Max of dh, dJ: 0.0382076 0.16748

iteration 155
Number of threads allocated = 1
Avg. energy: 11.1303
RMS of dh, dJ: 0.00484865 0.00632326
Max of dh, dJ: 0.0409588 0.147324

iteration 156
Number of threads allocated = 1
Avg. energy: 10.9348
RMS of dh, dJ: 0.00550205 0.00569524
Max of dh, dJ: 0.0395499 0.14598

iteration 157
Number of threads allocated = 1
Avg. energy: 11.6117
RMS of dh, dJ: 0.00480968 0.00642096
Max of dh, dJ: 0.0371246 0.165842

iteration 158
Number of threads allocated = 1
Avg. energy: 11.8085
RMS of dh, dJ: 0.00595644 0.00562418
Max of dh, dJ: 0.040049 0.146553

iteration 159
Number of threads allocated = 1
Avg. energy: 11.786
RMS of dh, dJ: 0.00589773 0.00584856
Max of dh, dJ: 0.0481748 0.16073

iteration 160
Number of threads allocated = 1
Avg. energy: 12.1391
RMS of dh, dJ: 0.00491208 0.00644699
Max of dh, dJ: 0.040281 0.170545

iteration 161
Number of threads allocated = 1
Avg. energy: 11.8226
RMS of dh, dJ: 0.00573974 0.00601192
Max of dh, dJ: 0.0498255 0.163342

iteration 162
Number of threads allocated = 1
Avg. energy: 12.1005
RMS of dh, dJ: 0.00471778 0.00590991
Max of dh, dJ: 0.034049 0.163122

iteration 163
Number of threads allocated = 1
Avg. energy: 12.553
RMS of dh, dJ: 0.00488159 0.00684906
Max of dh, dJ: 0.0394588 0.191039

iteration 164
Number of threads allocated = 1
Avg. energy: 12.1079
RMS of dh, dJ: 0.00524619 0.00594863
Max of dh, dJ: 0.0446427 0.154534

iteration 165
Number of threads allocated = 1
Avg. energy: 12.2629
RMS of dh, dJ: 0.00494663 0.00595395
Max of dh, dJ: 0.0407905 0.151462

iteration 166
Number of threads allocated = 1
Avg. energy: 11.9668
RMS of dh, dJ: 0.00590483 0.00553794
Max of dh, dJ: 0.0474598 0.160072

iteration 167
Number of threads allocated = 1
Avg. energy: 12.6529
RMS of dh, dJ: 0.00431364 0.0064882
Max of dh, dJ: 0.0314387 0.176459

iteration 168
Number of threads allocated = 1
Avg. energy: 12.5495
RMS of dh, dJ: 0.00601674 0.00556561
Max of dh, dJ: 0.0458444 0.137499

iteration 169
Number of threads allocated = 1
Avg. energy: 13.0669
RMS of dh, dJ: 0.00471387 0.00608884
Max of dh, dJ: 0.0395061 0.16639

iteration 170
Number of threads allocated = 1
Avg. energy: 13.1005
RMS of dh, dJ: 0.00545683 0.00610027
Max of dh, dJ: 0.0394598 0.170176

iteration 171
Number of threads allocated = 1
Avg. energy: 13.4751
RMS of dh, dJ: 0.0053443 0.00583686
Max of dh, dJ: 0.0436748 0.145962

iteration 172
Number of threads allocated = 1
Avg. energy: 13.6998
RMS of dh, dJ: 0.00448526 0.00695102
Max of dh, dJ: 0.0331745 0.179648

iteration 173
Number of threads allocated = 1
Avg. energy: 13.8289
RMS of dh, dJ: 0.00505952 0.00644195
Max of dh, dJ: 0.0394588 0.171482

iteration 174
Number of threads allocated = 1
Avg. energy: 13.4103
RMS of dh, dJ: 0.00408727 0.00638885
Max of dh, dJ: 0.0348643 0.164644

iteration 175
Number of threads allocated = 1
Avg. energy: 13.3273
RMS of dh, dJ: 0.00629117 0.00526436
Max of dh, dJ: 0.0457285 0.133625

iteration 176
Number of threads allocated = 1
Avg. energy: 13.2819
RMS of dh, dJ: 0.00540612 0.00616566
Max of dh, dJ: 0.0471336 0.165671

iteration 177
Number of threads allocated = 1
Avg. energy: 13.4593
RMS of dh, dJ: 0.00537985 0.00588486
Max of dh, dJ: 0.0376336 0.161962

iteration 178
Number of threads allocated = 1
Avg. energy: 13.5242
RMS of dh, dJ: 0.00609407 0.00546474
Max of dh, dJ: 0.0488163 0.153862

iteration 179
Number of threads allocated = 1
Avg. energy: 13.5314
RMS of dh, dJ: 0.00561201 0.00560236
Max of dh, dJ: 0.0388444 0.1541

iteration 180
Number of threads allocated = 1
Avg. energy: 13.9857
RMS of dh, dJ: 0.0045199 0.00632482
Max of dh, dJ: 0.0385939 0.167482

iteration 181
Number of threads allocated = 1
Avg. energy: 14.0338
RMS of dh, dJ: 0.00546375 0.00615578
Max of dh, dJ: 0.0583498 0.164325

iteration 182
Number of threads allocated = 1
Avg. energy: 13.7357
RMS of dh, dJ: 0.0065222 0.00517317
Max of dh, dJ: 0.0503444 0.133176

iteration 183
Number of threads allocated = 1
Avg. energy: 14.5115
RMS of dh, dJ: 0.00534203 0.00568883
Max of dh, dJ: 0.0377905 0.14389

iteration 184
Number of threads allocated = 1
Avg. energy: 14.2968
RMS of dh, dJ: 0.00450973 0.00601483
Max of dh, dJ: 0.0361265 0.162969

iteration 185
Number of threads allocated = 1
Avg. energy: 14.9739
RMS of dh, dJ: 0.00510191 0.00738539
Max of dh, dJ: 0.0298063 0.191362

iteration 186
Number of threads allocated = 1
Avg. energy: 13.8652
RMS of dh, dJ: 0.00628914 0.00547733
Max of dh, dJ: 0.0473498 0.143696

iteration 187
Number of threads allocated = 1
Avg. energy: 14.216
RMS of dh, dJ: 0.00441492 0.00630128
Max of dh, dJ: 0.0466197 0.161712

iteration 188
Number of threads allocated = 1
Avg. energy: 14.1747
RMS of dh, dJ: 0.00531639 0.00569923
Max of dh, dJ: 0.0489387 0.148534

iteration 189
Number of threads allocated = 1
Avg. energy: 14.9569
RMS of dh, dJ: 0.00445602 0.00627682
Max of dh, dJ: 0.0275939 0.172469

iteration 190
Number of threads allocated = 1
Avg. energy: 14.8095
RMS of dh, dJ: 0.00502732 0.00573782
Max of dh, dJ: 0.0356308 0.156469

iteration 191
Number of threads allocated = 1
Avg. energy: 15.0294
RMS of dh, dJ: 0.00368044 0.00642629
Max of dh, dJ: 0.0340061 0.158835

iteration 192
Number of threads allocated = 1
Avg. energy: 14.8125
RMS of dh, dJ: 0.0057346 0.00543075
Max of dh, dJ: 0.0521061 0.155534

iteration 193
Number of threads allocated = 1
Avg. energy: 14.8648
RMS of dh, dJ: 0.00698183 0.00504115
Max of dh, dJ: 0.0533163 0.142325

iteration 194
Number of threads allocated = 1
Avg. energy: 15.5939
RMS of dh, dJ: 0.00477691 0.00676144
Max of dh, dJ: 0.0351061 0.179954

iteration 195
Number of threads allocated = 1
Avg. energy: 14.9219
RMS of dh, dJ: 0.00770881 0.00475258
Max of dh, dJ: 0.0488498 0.132246

iteration 196
Number of threads allocated = 1
Avg. energy: 15.5558
RMS of dh, dJ: 0.00554293 0.005864
Max of dh, dJ: 0.0438444 0.154516

iteration 197
Number of threads allocated = 1
Avg. energy: 15.211
RMS of dh, dJ: 0.0051299 0.00596643
Max of dh, dJ: 0.0411061 0.180879

iteration 198
Number of threads allocated = 1
Avg. energy: 15.1773
RMS of dh, dJ: 0.00577572 0.00537328
Max of dh, dJ: 0.0475499 0.142196

iteration 199
Number of threads allocated = 1
Avg. energy: 15.7318
RMS of dh, dJ: 0.0046606 0.0060552
Max of dh, dJ: 0.0403498 0.1541

iteration 200
Number of threads allocated = 1
Avg. energy: 15.6331
RMS of dh, dJ: 0.00476603 0.00623854
Max of dh, dJ: 0.0411748 0.168673

iteration 201
Number of threads allocated = 1
Avg. energy: 15.6378
RMS of dh, dJ: 0.00499423 0.0064324
Max of dh, dJ: 0.0539939 0.168839

iteration 202
Number of threads allocated = 1
Avg. energy: 15.2288
RMS of dh, dJ: 0.00679634 0.00489026
Max of dh, dJ: 0.0508498 0.142469

iteration 203
Number of threads allocated = 1
Avg. energy: 15.5786
RMS of dh, dJ: 0.00676869 0.00489728
Max of dh, dJ: 0.0536427 0.133499

iteration 204
Number of threads allocated = 1
Avg. energy: 16.8313
RMS of dh, dJ: 0.00376905 0.00644745
Max of dh, dJ: 0.0297905 0.174572

iteration 205
Number of threads allocated = 1
Avg. energy: 16.0196
RMS of dh, dJ: 0.00529744 0.00577082
Max of dh, dJ: 0.0389913 0.160676

iteration 206
Number of threads allocated = 1
Avg. energy: 15.6314
RMS of dh, dJ: 0.00477928 0.00554214
Max of dh, dJ: 0.0366336 0.147171

iteration 207
Number of threads allocated = 1
Avg. energy: 15.9419
RMS of dh, dJ: 0.00516015 0.0054683
Max of dh, dJ: 0.0503255 0.146362

iteration 208
Number of threads allocated = 1
Avg. energy: 15.8191
RMS of dh, dJ: 0.00636757 0.00484351
Max of dh, dJ: 0.0409598 0.147588

iteration 209
Number of threads allocated = 1
Avg. energy: 17.1455
RMS of dh, dJ: 0.00596638 0.0075888
Max of dh, dJ: 0.0657479 0.207572

iteration 210
Number of threads allocated = 1
Avg. energy: 15.2633
RMS of dh, dJ: 0.00978852 0.00393518
Max of dh, dJ: 0.0662035 0.111378

iteration 211
Number of threads allocated = 1
Avg. energy: 16.8639
RMS of dh, dJ: 0.00507459 0.00696047
Max of dh, dJ: 0.0432798 0.176469

iteration 212
Number of threads allocated = 1
Avg. energy: 16.167
RMS of dh, dJ: 0.00783554 0.00467165
Max of dh, dJ: 0.0584588 0.126959

iteration 213
Number of threads allocated = 1
Avg. energy: 16.6641
RMS of dh, dJ: 0.00446829 0.00622377
Max of dh, dJ: 0.0287715 0.160999

iteration 214
Number of threads allocated = 1
Avg. energy: 16.5114
RMS of dh, dJ: 0.00555292 0.00566182
Max of dh, dJ: 0.0376246 0.142676

iteration 215
Number of threads allocated = 1
Avg. energy: 16.258
RMS of dh, dJ: 0.0103765 0.00373383
Max of dh, dJ: 0.0582035 0.119039
Std. errors: 0.0135382 0.00382487
Model difference is within sampling error. Increasing sampling...
MC steps per iteration: 4000

iteration 216
Number of threads allocated = 1
Avg. energy: 16.6137
RMS of dh, dJ: 0.00553042 0.00513598
Max of dh, dJ: 0.0412088 0.132072

iteration 217
Number of threads allocated = 1
Avg. energy: 16.8864
RMS of dh, dJ: 0.00349323 0.00619348
Max of dh, dJ: 0.0307388 0.154589

iteration 218
Number of threads allocated = 1
Avg. energy: 16.3343
RMS of dh, dJ: 0.00546906 0.00496953
Max of dh, dJ: 0.033876 0.125335

iteration 219
Number of threads allocated = 1
Avg. energy: 16.5984
RMS of dh, dJ: 0.00581658 0.0048715
Max of dh, dJ: 0.0337025 0.125784

iteration 220
Number of threads allocated = 1
Avg. energy: 16.7631
RMS of dh, dJ: 0.00513879 0.0049982
Max of dh, dJ: 0.0374913 0.129072

iteration 221
Number of threads allocated = 1
Avg. energy: 17.1942
RMS of dh, dJ: 0.00662906 0.00470403
Max of dh, dJ: 0.0395499 0.153712

iteration 222
Number of threads allocated = 1
Avg. energy: 17.2814
RMS of dh, dJ: 0.00390191 0.00586192
Max of dh, dJ: 0.033469 0.14873

iteration 223
Number of threads allocated = 1
Avg. energy: 17.4685
RMS of dh, dJ: 0.00351541 0.00617742
Max of dh, dJ: 0.0329588 0.164545

iteration 224
Number of threads allocated = 1
Avg. energy: 16.6913
RMS of dh, dJ: 0.00472967 0.00508607
Max of dh, dJ: 0.0354576 0.137262

iteration 225
Number of threads allocated = 1
Avg. energy: 16.8707
RMS of dh, dJ: 0.0073688 0.0042933
Max of dh, dJ: 0.0425405 0.11598

iteration 226
Number of threads allocated = 1
Avg. energy: 17.692
RMS of dh, dJ: 0.00316911 0.00583008
Max of dh, dJ: 0.032626 0.14421

iteration 227
Number of threads allocated = 1
Avg. energy: 18.2444
RMS of dh, dJ: 0.00291258 0.00618133
Max of dh, dJ: 0.0228255 0.149434

iteration 228
Number of threads allocated = 1
Avg. energy: 17.155
RMS of dh, dJ: 0.00531108 0.00469387
Max of dh, dJ: 0.0453561 0.124842

iteration 229
Number of threads allocated = 1
Avg. energy: 18.0421
RMS of dh, dJ: 0.00368828 0.00574985
Max of dh, dJ: 0.0302025 0.141835

iteration 230
Number of threads allocated = 1
Avg. energy: 17.8617
RMS of dh, dJ: 0.0029732 0.00597938
Max of dh, dJ: 0.0286181 0.14548

iteration 231
Number of threads allocated = 1
Avg. energy: 17.7351
RMS of dh, dJ: 0.00357966 0.00621538
Max of dh, dJ: 0.0296502 0.151545

iteration 232
Number of threads allocated = 1
Avg. energy: 17.3552
RMS of dh, dJ: 0.00602076 0.00447705
Max of dh, dJ: 0.0397202 0.119572

iteration 233
Number of threads allocated = 1
Avg. energy: 17.7434
RMS of dh, dJ: 0.00343698 0.00558618
Max of dh, dJ: 0.0308561 0.153034

iteration 234
Number of threads allocated = 1
Avg. energy: 17.6996
RMS of dh, dJ: 0.00415939 0.00510956
Max of dh, dJ: 0.0303836 0.143219

iteration 235
Number of threads allocated = 1
Avg. energy: 18.1062
RMS of dh, dJ: 0.00317746 0.00588621
Max of dh, dJ: 0.0303836 0.153129

iteration 236
Number of threads allocated = 1
Avg. energy: 17.6811
RMS of dh, dJ: 0.00595747 0.00433961
Max of dh, dJ: 0.0428561 0.114462

iteration 237
Number of threads allocated = 1
Avg. energy: 18.5223
RMS of dh, dJ: 0.00383608 0.00651045
Max of dh, dJ: 0.0307975 0.158045

iteration 238
Number of threads allocated = 1
Avg. energy: 17.6366
RMS of dh, dJ: 0.00394765 0.00506622
Max of dh, dJ: 0.0363765 0.130629

iteration 239
Number of threads allocated = 1
Avg. energy: 17.6054
RMS of dh, dJ: 0.00710281 0.00398735
Max of dh, dJ: 0.0458498 0.117148

iteration 240
Number of threads allocated = 1
Avg. energy: 17.8766
RMS of dh, dJ: 0.0051267 0.0048156
Max of dh, dJ: 0.0376748 0.126129

iteration 241
Number of threads allocated = 1
Avg. energy: 18.37
RMS of dh, dJ: 0.00574875 0.00447015
Max of dh, dJ: 0.0427999 0.121969

iteration 242
Number of threads allocated = 1
Avg. energy: 18.8726
RMS of dh, dJ: 0.00305051 0.00604125
Max of dh, dJ: 0.0265215 0.156209

iteration 243
Number of threads allocated = 1
Avg. energy: 18.1986
RMS of dh, dJ: 0.00402844 0.0050208
Max of dh, dJ: 0.0270944 0.134795

iteration 244
Number of threads allocated = 1
Avg. energy: 18.5416
RMS of dh, dJ: 0.00422512 0.00655978
Max of dh, dJ: 0.0295475 0.162539

iteration 245
Number of threads allocated = 1
Avg. energy: 17.7622
RMS of dh, dJ: 0.0079066 0.0036813
Max of dh, dJ: 0.050799 0.100262

iteration 246
Number of threads allocated = 1
Avg. energy: 18.6427
RMS of dh, dJ: 0.00307501 0.00594385
Max of dh, dJ: 0.026719 0.144209

iteration 247
Number of threads allocated = 1
Avg. energy: 18.1961
RMS of dh, dJ: 0.00597625 0.0043703
Max of dh, dJ: 0.044335 0.121469

iteration 248
Number of threads allocated = 1
Avg. energy: 18.5136
RMS of dh, dJ: 0.00353328 0.00512977
Max of dh, dJ: 0.0359702 0.129085

iteration 249
Number of threads allocated = 1
Avg. energy: 18.4274
RMS of dh, dJ: 0.00359306 0.00522872
Max of dh, dJ: 0.0277202 0.146795

iteration 250
Number of threads allocated = 1
Avg. energy: 17.921
RMS of dh, dJ: 0.00975783 0.00307225
Max of dh, dJ: 0.0542413 0.0882887

iteration 251
Number of threads allocated = 1
Avg. energy: 18.9878
RMS of dh, dJ: 0.00449891 0.00640386
Max of dh, dJ: 0.0433692 0.175203

iteration 252
Number of threads allocated = 1
Avg. energy: 18.1677
RMS of dh, dJ: 0.00937577 0.00315648
Max of dh, dJ: 0.0488498 0.0966119

iteration 253
Number of threads allocated = 1
Avg. energy: 18.6496
RMS of dh, dJ: 0.00350421 0.00539938
Max of dh, dJ: 0.0256192 0.145203

iteration 254
Number of threads allocated = 1
Avg. energy: 18.8612
RMS of dh, dJ: 0.00449586 0.00497421
Max of dh, dJ: 0.0318927 0.142572

iteration 255
Number of threads allocated = 1
Avg. energy: 18.2638
RMS of dh, dJ: 0.00764927 0.00363853
Max of dh, dJ: 0.0502202 0.0997839

iteration 256
Number of threads allocated = 1
Avg. energy: 18.6923
RMS of dh, dJ: 0.00381202 0.00493449
Max of dh, dJ: 0.0287076 0.132822

iteration 257
Number of threads allocated = 1
Avg. energy: 18.3655
RMS of dh, dJ: 0.0103225 0.00297126
Max of dh, dJ: 0.0622999 0.0932191
Std. errors: 0.0120053 0.00344844
Model difference is within sampling error. Increasing sampling...
MC steps per iteration: 8000

iteration 258
Number of threads allocated = 1
Avg. energy: 18.7712
RMS of dh, dJ: 0.00305363 0.00516954
Max of dh, dJ: 0.0323452 0.121254

iteration 259
Number of threads allocated = 1
Avg. energy: 18.6449
RMS of dh, dJ: 0.00263488 0.00512633
Max of dh, dJ: 0.0186192 0.128589

iteration 260
Number of threads allocated = 1
Avg. energy: 18.2734
RMS of dh, dJ: 0.00458532 0.00423598
Max of dh, dJ: 0.0295952 0.110295

iteration 261
Number of threads allocated = 1
Avg. energy: 18.5521
RMS of dh, dJ: 0.00613463 0.00381259
Max of dh, dJ: 0.0355021 0.109545

iteration 262
Number of threads allocated = 1
Avg. energy: 19.2763
RMS of dh, dJ: 0.00401552 0.00628525
Max of dh, dJ: 0.0276715 0.14842

iteration 263
Number of threads allocated = 1
Avg. energy: 18.2654
RMS of dh, dJ: 0.00833083 0.00314262
Max of dh, dJ: 0.0517189 0.0913547

iteration 264
Number of threads allocated = 1
Avg. energy: 19.0594
RMS of dh, dJ: 0.00303745 0.00479118
Max of dh, dJ: 0.0239748 0.12796

iteration 265
Number of threads allocated = 1
Avg. energy: 19.1945
RMS of dh, dJ: 0.00296543 0.00488612
Max of dh, dJ: 0.0282189 0.123094

iteration 266
Number of threads allocated = 1
Avg. energy: 19.1078
RMS of dh, dJ: 0.00450896 0.00420305
Max of dh, dJ: 0.0295998 0.10746

iteration 267
Number of threads allocated = 1
Avg. energy: 19.2336
RMS of dh, dJ: 0.00380939 0.00605599
Max of dh, dJ: 0.0312479 0.149212

iteration 268
Number of threads allocated = 1
Avg. energy: 18.1593
RMS of dh, dJ: 0.00969144 0.00258551
Max of dh, dJ: 0.0524785 0.074504

iteration 269
Number of threads allocated = 1
Avg. energy: 19.0757
RMS of dh, dJ: 0.00272651 0.00510196
Max of dh, dJ: 0.0270939 0.127712

iteration 270
Number of threads allocated = 1
Avg. energy: 18.8873
RMS of dh, dJ: 0.00511312 0.00391038
Max of dh, dJ: 0.0405499 0.108129

iteration 271
Number of threads allocated = 1
Avg. energy: 19.0044
RMS of dh, dJ: 0.00325474 0.00457787
Max of dh, dJ: 0.0304249 0.118584

iteration 272
Number of threads allocated = 1
Avg. energy: 18.6961
RMS of dh, dJ: 0.0063324 0.0035288
Max of dh, dJ: 0.0377285 0.0966966

iteration 273
Number of threads allocated = 1
Avg. energy: 18.9093
RMS of dh, dJ: 0.0033933 0.00447739
Max of dh, dJ: 0.0244689 0.111209

iteration 274
Number of threads allocated = 1
Avg. energy: 19.0271
RMS of dh, dJ: 0.00241752 0.00455136
Max of dh, dJ: 0.0254249 0.112676

iteration 275
Number of threads allocated = 1
Avg. energy: 19.0909
RMS of dh, dJ: 0.00271478 0.00457679
Max of dh, dJ: 0.0192248 0.127629

iteration 276
Number of threads allocated = 1
Avg. energy: 18.9802
RMS of dh, dJ: 0.00446867 0.00415755
Max of dh, dJ: 0.0351061 0.115004

iteration 277
Number of threads allocated = 1
Avg. energy: 19.2229
RMS of dh, dJ: 0.00381495 0.00429747
Max of dh, dJ: 0.0283638 0.114209

iteration 278
Number of threads allocated = 1
Avg. energy: 19.464
RMS of dh, dJ: 0.00325507 0.00434772
Max of dh, dJ: 0.0277558 0.114176

iteration 279
Number of threads allocated = 1
Avg. energy: 19.5402
RMS of dh, dJ: 0.00541811 0.00616531
Max of dh, dJ: 0.0368863 0.157835

iteration 280
Number of threads allocated = 1
Avg. energy: 18.2938
RMS of dh, dJ: 0.00973963 0.00244312
Max of dh, dJ: 0.0532311 0.0768012

iteration 281
Number of threads allocated = 1
Avg. energy: 19.0282
RMS of dh, dJ: 0.00270573 0.00443188
Max of dh, dJ: 0.0226265 0.120719

iteration 282
Number of threads allocated = 1
Avg. energy: 19.3164
RMS of dh, dJ: 0.00652286 0.00339569
Max of dh, dJ: 0.0455015 0.101947

iteration 283
Number of threads allocated = 1
Avg. energy: 19.5287
RMS of dh, dJ: 0.00375919 0.00421919
Max of dh, dJ: 0.0371265 0.114045

iteration 284
Number of threads allocated = 1
Avg. energy: 19.7193
RMS of dh, dJ: 0.00508525 0.00593397
Max of dh, dJ: 0.0435752 0.152209

iteration 285
Number of threads allocated = 1
Avg. energy: 18.717
RMS of dh, dJ: 0.00909981 0.00253815
Max of dh, dJ: 0.0506749 0.0737887

iteration 286
Number of threads allocated = 1
Avg. energy: 19.5734
RMS of dh, dJ: 0.00647662 0.00645873
Max of dh, dJ: 0.0376502 0.155822

iteration 287
Number of threads allocated = 1
Avg. energy: 18.6349
RMS of dh, dJ: 0.00924317 0.00241612
Max of dh, dJ: 0.0463561 0.0731703
Std. errors: 0.0104146 0.00289857
Model difference is within sampling error. Increasing sampling...
MC steps per iteration: 16000

iteration 288
Number of threads allocated = 1
Avg. energy: 19.0901
RMS of dh, dJ: 0.00585988 0.00338753
Max of dh, dJ: 0.0351143 0.0952328

iteration 289
Number of threads allocated = 1
Avg. energy: 19.0345
RMS of dh, dJ: 0.00372361 0.00385179
Max of dh, dJ: 0.0243183 0.105483

iteration 290
Number of threads allocated = 1
Avg. energy: 19.1285
RMS of dh, dJ: 0.00362976 0.00377201
Max of dh, dJ: 0.0224433 0.100249

iteration 291
Number of threads allocated = 1
Avg. energy: 18.8349
RMS of dh, dJ: 0.00965806 0.00230858
Max of dh, dJ: 0.0482999 0.0661461

iteration 292
Number of threads allocated = 1
Avg. energy: 19.4734
RMS of dh, dJ: 0.00248474 0.0050494
Max of dh, dJ: 0.0178965 0.128521

iteration 293
Number of threads allocated = 1
Avg. energy: 19.0674
RMS of dh, dJ: 0.00347723 0.00379883
Max of dh, dJ: 0.0259874 0.0996119

iteration 294
Number of threads allocated = 1
Avg. energy: 19.2054
RMS of dh, dJ: 0.00618001 0.0031211
Max of dh, dJ: 0.0373808 0.0858578

iteration 295
Number of threads allocated = 1
Avg. energy: 19.342
RMS of dh, dJ: 0.00234444 0.00424249
Max of dh, dJ: 0.0179121 0.116108

iteration 296
Number of threads allocated = 1
Avg. energy: 19.1881
RMS of dh, dJ: 0.00340834 0.00384212
Max of dh, dJ: 0.0231749 0.102311

iteration 297
Number of threads allocated = 1
Avg. energy: 19.2724
RMS of dh, dJ: 0.00496945 0.00341511
Max of dh, dJ: 0.0324811 0.0933578

iteration 298
Number of threads allocated = 1
Avg. energy: 19.5563
RMS of dh, dJ: 0.00250368 0.00412143
Max of dh, dJ: 0.0195996 0.100061

iteration 299
Number of threads allocated = 1
Avg. energy: 19.6913
RMS of dh, dJ: 0.00359469 0.00382761
Max of dh, dJ: 0.0218183 0.102273

iteration 300
Number of threads allocated = 1
Avg. energy: 19.9473
RMS of dh, dJ: 0.00450242 0.00556897
Max of dh, dJ: 0.0264451 0.135834

iteration 301
Number of threads allocated = 1
Avg. energy: 18.9575
RMS of dh, dJ: 0.00739864 0.00263715
Max of dh, dJ: 0.0437999 0.0762741

iteration 302
Number of threads allocated = 1
Avg. energy: 19.6475
RMS of dh, dJ: 0.00169486 0.00428721
Max of dh, dJ: 0.0123496 0.109015

iteration 303
Number of threads allocated = 1
Avg. energy: 19.2573
RMS of dh, dJ: 0.00286674 0.0037077
Max of dh, dJ: 0.0226937 0.0943512

iteration 304
Number of threads allocated = 1
Avg. energy: 19.7647
RMS of dh, dJ: 0.00397947 0.00360507
Max of dh, dJ: 0.0269268 0.0937711

iteration 305
Number of threads allocated = 1
Avg. energy: 19.7837
RMS of dh, dJ: 0.00390873 0.00523981
Max of dh, dJ: 0.0258837 0.125646

iteration 306
Number of threads allocated = 1
Avg. energy: 18.9594
RMS of dh, dJ: 0.00799308 0.00238046
Max of dh, dJ: 0.0481336 0.0708353

iteration 307
Number of threads allocated = 1
Avg. energy: 19.606
RMS of dh, dJ: 0.00154297 0.00439323
Max of dh, dJ: 0.0114505 0.107521

iteration 308
Number of threads allocated = 1
Avg. energy: 19.4326
RMS of dh, dJ: 0.00172775 0.00423201
Max of dh, dJ: 0.0133211 0.111271

iteration 309
Number of threads allocated = 1
Avg. energy: 19.2318
RMS of dh, dJ: 0.00724698 0.00261054
Max of dh, dJ: 0.0383788 0.0713291

iteration 310
Number of threads allocated = 1
Avg. energy: 19.4008
RMS of dh, dJ: 0.0053799 0.00296548
Max of dh, dJ: 0.0270012 0.0750166

iteration 311
Number of threads allocated = 1
Avg. energy: 19.4795
RMS of dh, dJ: 0.00249632 0.00379576
Max of dh, dJ: 0.0198836 0.100584

iteration 312
Number of threads allocated = 1
Avg. energy: 19.4187
RMS of dh, dJ: 0.00175853 0.00399796
Max of dh, dJ: 0.0165751 0.0966078

iteration 313
Number of threads allocated = 1
Avg. energy: 19.2272
RMS of dh, dJ: 0.00697924 0.00254563
Max of dh, dJ: 0.0387248 0.0718838

iteration 314
Number of threads allocated = 1
Avg. energy: 19.7259
RMS of dh, dJ: 0.00230068 0.00455396
Max of dh, dJ: 0.0160107 0.112219

iteration 315
Number of threads allocated = 1
Avg. energy: 19.3828
RMS of dh, dJ: 0.00583372 0.00272442
Max of dh, dJ: 0.029589 0.0753961

iteration 316
Number of threads allocated = 1
Avg. energy: 19.7414
RMS of dh, dJ: 0.0047891 0.00526529
Max of dh, dJ: 0.0316235 0.126271

iteration 317
Number of threads allocated = 1
Avg. energy: 19.3228
RMS of dh, dJ: 0.00447248 0.00300147
Max of dh, dJ: 0.0237905 0.0848864

iteration 318
Number of threads allocated = 1
Avg. energy: 19.2817
RMS of dh, dJ: 0.00270751 0.00350055
Max of dh, dJ: 0.0234525 0.0954691

iteration 319
Number of threads allocated = 1
Avg. energy: 19.2669
RMS of dh, dJ: 0.00819367 0.00215057
Max of dh, dJ: 0.043166 0.0640663

iteration 320
Number of threads allocated = 1
Avg. energy: 19.3007
RMS of dh, dJ: 0.00327764 0.00330203
Max of dh, dJ: 0.0253275 0.0841762

iteration 321
Number of threads allocated = 1
Avg. energy: 19.1265
RMS of dh, dJ: 0.00849517 0.00206525
Max of dh, dJ: 0.0483535 0.0623163

iteration 322
Number of threads allocated = 1
Avg. energy: 19.6449
RMS of dh, dJ: 0.00255526 0.00359949
Max of dh, dJ: 0.0204887 0.0915836

iteration 323
Number of threads allocated = 1
Avg. energy: 19.8419
RMS of dh, dJ: 0.00391908 0.00489846
Max of dh, dJ: 0.0274174 0.121504

iteration 324
Number of threads allocated = 1
Avg. energy: 19.0313
RMS of dh, dJ: 0.00434655 0.00297819
Max of dh, dJ: 0.0270775 0.079449

iteration 325
Number of threads allocated = 1
Avg. energy: 19.2689
RMS of dh, dJ: 0.00340132 0.00316799
Max of dh, dJ: 0.0258302 0.0863512

iteration 326
Number of threads allocated = 1
Avg. energy: 19.0551
RMS of dh, dJ: 0.00982276 0.001769
Max of dh, dJ: 0.0531163 0.0550316

iteration 327
Number of threads allocated = 1
Avg. energy: 19.5599
RMS of dh, dJ: 0.00284081 0.00348995
Max of dh, dJ: 0.0215177 0.0916288

iteration 328
Number of threads allocated = 1
Avg. energy: 19.9082
RMS of dh, dJ: 0.00852733 0.00609825
Max of dh, dJ: 0.0537924 0.150051

iteration 329
Number of threads allocated = 1
Avg. energy: 18.1948
RMS of dh, dJ: 0.0147355 0.00142252
Max of dh, dJ: 0.0750775 0.0414253

iteration 330
Number of threads allocated = 1
Avg. energy: 19.5337
RMS of dh, dJ: 0.0030516 0.00444162
Max of dh, dJ: 0.0271502 0.109782

iteration 331
Number of threads allocated = 1
Avg. energy: 19.4691
RMS of dh, dJ: 0.00291309 0.00433054
Max of dh, dJ: 0.026874 0.113282

iteration 332
Number of threads allocated = 1
Avg. energy: 19.0389
RMS of dh, dJ: 0.00657591 0.00233113
Max of dh, dJ: 0.043916 0.0695339

iteration 333
Number of threads allocated = 1
Avg. energy: 19.4497
RMS of dh, dJ: 0.00311949 0.00428166
Max of dh, dJ: 0.0284365 0.113344

iteration 334
Number of threads allocated = 1
Avg. energy: 19.1901
RMS of dh, dJ: 0.00636732 0.00238006
Max of dh, dJ: 0.0373535 0.0662726
Std. errors: 0.00939975 0.00239869
Model difference is within sampling error. Increasing sampling...
MC steps per iteration: 32000

iteration 335
Number of threads allocated = 1
Avg. energy: 18.9996
RMS of dh, dJ: 0.0092009 0.00171071
Max of dh, dJ: 0.0542025 0.0524066
Std. errors: 0.00944458 0.00242785
Model difference is within sampling error. Increasing sampling...
MC steps per iteration: 64000

iteration 336
Number of threads allocated = 1
Avg. energy: 19.1552
RMS of dh, dJ: 0.00767929 0.00200942
Max of dh, dJ: 0.0461972 0.0576566

iteration 337
Number of threads allocated = 1
Avg. energy: 19.2103
RMS of dh, dJ: 0.00393 0.00283723
Max of dh, dJ: 0.027041 0.0787973

iteration 338
Number of threads allocated = 1
Avg. energy: 19.1961
RMS of dh, dJ: 0.00434836 0.00267731
Max of dh, dJ: 0.030166 0.0739726

iteration 339
Number of threads allocated = 1
Avg. energy: 19.3258
RMS of dh, dJ: 0.00197329 0.00328304
Max of dh, dJ: 0.0179785 0.0877816

iteration 340
Number of threads allocated = 1
Avg. energy: 19.3188
RMS of dh, dJ: 0.0015922 0.00345192
Max of dh, dJ: 0.0125722 0.0901121

iteration 341
Number of threads allocated = 1
Avg. energy: 19.1694
RMS of dh, dJ: 0.00249629 0.00310521
Max of dh, dJ: 0.0188561 0.0858754

iteration 342
Number of threads allocated = 1
Avg. energy: 19.2046
RMS of dh, dJ: 0.0032725 0.00288606
Max of dh, dJ: 0.0208168 0.0792816

iteration 343
Number of threads allocated = 1
Avg. energy: 19.4759
RMS of dh, dJ: 0.00157819 0.00351847
Max of dh, dJ: 0.0157686 0.0918129

iteration 344
Number of threads allocated = 1
Avg. energy: 19.3653
RMS of dh, dJ: 0.00133573 0.00344107
Max of dh, dJ: 0.0104655 0.088516

iteration 345
Number of threads allocated = 1
Avg. energy: 19.3509
RMS of dh, dJ: 0.00145394 0.00377633
Max of dh, dJ: 0.011745 0.0960004

iteration 346
Number of threads allocated = 1
Avg. energy: 18.9982
RMS of dh, dJ: 0.00623855 0.00209076
Max of dh, dJ: 0.0351436 0.0585004

iteration 347
Number of threads allocated = 1
Avg. energy: 19.8655
RMS of dh, dJ: 0.00543855 0.00491213
Max of dh, dJ: 0.03186 0.115598

iteration 348
Number of threads allocated = 1
Avg. energy: 19.1329
RMS of dh, dJ: 0.00323191 0.00274947
Max of dh, dJ: 0.0214405 0.0725043

iteration 349
Number of threads allocated = 1
Avg. energy: 19.1313
RMS of dh, dJ: 0.00436883 0.00244677
Max of dh, dJ: 0.0244092 0.0656723

iteration 350
Number of threads allocated = 1
Avg. energy: 19.3247
RMS of dh, dJ: 0.00165348 0.0031502
Max of dh, dJ: 0.0135811 0.0823372

iteration 351
Number of threads allocated = 1
Avg. energy: 19.2861
RMS of dh, dJ: 0.00343444 0.00269616
Max of dh, dJ: 0.0219248 0.0711723

iteration 352
Number of threads allocated = 1
Avg. energy: 19.5012
RMS of dh, dJ: 0.00189016 0.00386309
Max of dh, dJ: 0.0127763 0.0951445

iteration 353
Number of threads allocated = 1
Avg. energy: 19.0453
RMS of dh, dJ: 0.00427849 0.00243431
Max of dh, dJ: 0.0256436 0.0661966

iteration 354
Number of threads allocated = 1
Avg. energy: 19.1654
RMS of dh, dJ: 0.00243807 0.00289503
Max of dh, dJ: 0.0181648 0.074141

iteration 355
Number of threads allocated = 1
Avg. energy: 19.2824
RMS of dh, dJ: 0.00263382 0.00281093
Max of dh, dJ: 0.0176023 0.0753793

iteration 356
Number of threads allocated = 1
Avg. energy: 19.3414
RMS of dh, dJ: 0.00154026 0.00366856
Max of dh, dJ: 0.0108939 0.0931184

iteration 357
Number of threads allocated = 1
Avg. energy: 19.1088
RMS of dh, dJ: 0.0083524 0.0015822
Max of dh, dJ: 0.0413811 0.0448129

iteration 358
Number of threads allocated = 1
Avg. energy: 19.4696
RMS of dh, dJ: 0.00255713 0.00390548
Max of dh, dJ: 0.0170098 0.095595

iteration 359
Number of threads allocated = 1
Avg. energy: 19.307
RMS of dh, dJ: 0.00236395 0.00284666
Max of dh, dJ: 0.0161436 0.0761009

iteration 360
Number of threads allocated = 1
Avg. energy: 19.201
RMS of dh, dJ: 0.00496243 0.00219178
Max of dh, dJ: 0.0253936 0.0562543

iteration 361
Number of threads allocated = 1
Avg. energy: 19.2043
RMS of dh, dJ: 0.00472599 0.00227574
Max of dh, dJ: 0.0265061 0.0610824

iteration 362
Number of threads allocated = 1
Avg. energy: 19.343
RMS of dh, dJ: 0.00100405 0.00335206
Max of dh, dJ: 0.00908926 0.0858041

iteration 363
Number of threads allocated = 1
Avg. energy: 19.1519
RMS of dh, dJ: 0.00292875 0.00260418
Max of dh, dJ: 0.0179785 0.0661566

iteration 364
Number of threads allocated = 1
Avg. energy: 19.1991
RMS of dh, dJ: 0.00304732 0.00261803
Max of dh, dJ: 0.0184279 0.0700075

iteration 365
Number of threads allocated = 1
Avg. energy: 19.2156
RMS of dh, dJ: 0.00204268 0.00278694
Max of dh, dJ: 0.0127404 0.0706497

iteration 366
Number of threads allocated = 1
Avg. energy: 19.2237
RMS of dh, dJ: 0.00525146 0.00208385
Max of dh, dJ: 0.0264279 0.0562399

iteration 367
Number of threads allocated = 1
Avg. energy: 19.4442
RMS of dh, dJ: 0.00728453 0.00492866
Max of dh, dJ: 0.0379161 0.119827

iteration 368
Number of threads allocated = 1
Avg. energy: 18.5163
RMS of dh, dJ: 0.0111945 0.00125214
Max of dh, dJ: 0.0557561 0.0364

iteration 369
Number of threads allocated = 1
Avg. energy: 19.2156
RMS of dh, dJ: 0.00328473 0.00249286
Max of dh, dJ: 0.0175959 0.0671703

iteration 370
Number of threads allocated = 1
Avg. energy: 19.1895
RMS of dh, dJ: 0.00323788 0.00386979
Max of dh, dJ: 0.0179914 0.0950296

iteration 371
Number of threads allocated = 1
Avg. energy: 18.9457
RMS of dh, dJ: 0.00405676 0.00225515
Max of dh, dJ: 0.0229785 0.0635921

iteration 372
Number of threads allocated = 1
Avg. energy: 19.1081
RMS of dh, dJ: 0.00177686 0.00277701
Max of dh, dJ: 0.0103691 0.0755921

iteration 373
Number of threads allocated = 1
Avg. energy: 19.0181
RMS of dh, dJ: 0.0045437 0.00212811
Max of dh, dJ: 0.0228222 0.0589515

iteration 374
Number of threads allocated = 1
Avg. energy: 19.0172
RMS of dh, dJ: 0.00482536 0.00207527
Max of dh, dJ: 0.0244592 0.0583336

iteration 375
Number of threads allocated = 1
Avg. energy: 19.2334
RMS of dh, dJ: 0.00149402 0.00288023
Max of dh, dJ: 0.0116896 0.0760765

iteration 376
Number of threads allocated = 1
Avg. energy: 19.1326
RMS of dh, dJ: 0.00178322 0.00273525
Max of dh, dJ: 0.0141035 0.0733265

iteration 377
Number of threads allocated = 1
Avg. energy: 19.0543
RMS of dh, dJ: 0.00279269 0.0024459
Max of dh, dJ: 0.0158222 0.0646774

iteration 378
Number of threads allocated = 1
Avg. energy: 19.2877
RMS of dh, dJ: 0.00189202 0.0034809
Max of dh, dJ: 0.0126533 0.0872953

iteration 379
Number of threads allocated = 1
Avg. energy: 18.9161
RMS of dh, dJ: 0.00417244 0.0021092
Max of dh, dJ: 0.0211625 0.0579828

iteration 380
Number of threads allocated = 1
Avg. energy: 19.1408
RMS of dh, dJ: 0.000906698 0.0030582
Max of dh, dJ: 0.00799411 0.0789984

iteration 381
Number of threads allocated = 1
Avg. energy: 19.0074
RMS of dh, dJ: 0.0015882 0.00269013
Max of dh, dJ: 0.0138691 0.0732015

iteration 382
Number of threads allocated = 1
Avg. energy: 19.067
RMS of dh, dJ: 0.00649677 0.00167789
Max of dh, dJ: 0.0346896 0.0480921

iteration 383
Number of threads allocated = 1
Avg. energy: 19.2811
RMS of dh, dJ: 0.00495164 0.00415748
Max of dh, dJ: 0.0274053 0.101686

iteration 384
Number of threads allocated = 1
Avg. energy: 18.825
RMS of dh, dJ: 0.00935854 0.00122786
Max of dh, dJ: 0.0432754 0.0389781

iteration 385
Number of threads allocated = 1
Avg. energy: 19.1039
RMS of dh, dJ: 0.00197917 0.00259189
Max of dh, dJ: 0.0113615 0.0683265

iteration 386
Number of threads allocated = 1
Avg. energy: 19.0831
RMS of dh, dJ: 0.00162543 0.00263747
Max of dh, dJ: 0.0113638 0.0696234

iteration 387
Number of threads allocated = 1
Avg. energy: 19.0082
RMS of dh, dJ: 0.00196399 0.00330032
Max of dh, dJ: 0.0127783 0.0827555

iteration 388
Number of threads allocated = 1
Avg. energy: 18.8174
RMS of dh, dJ: 0.00611638 0.00162955
Max of dh, dJ: 0.0289125 0.0464046

iteration 389
Number of threads allocated = 1
Avg. energy: 18.9779
RMS of dh, dJ: 0.000772634 0.00298201
Max of dh, dJ: 0.00543316 0.0784203

iteration 390
Number of threads allocated = 1
Avg. energy: 18.9025
RMS of dh, dJ: 0.00530745 0.00179029
Max of dh, dJ: 0.0267814 0.048318

iteration 391
Number of threads allocated = 1
Avg. energy: 18.8423
RMS of dh, dJ: 0.010015 0.00114153
Max of dh, dJ: 0.0487393 0.041775

iteration 392
Number of threads allocated = 1
Avg. energy: 19.055
RMS of dh, dJ: 0.00231566 0.00241428
Max of dh, dJ: 0.0138679 0.0629203

iteration 393
Number of threads allocated = 1
Avg. energy: 19.0186
RMS of dh, dJ: 0.0027808 0.0035194
Max of dh, dJ: 0.0157178 0.085889

iteration 394
Number of threads allocated = 1
Avg. energy: 18.9411
RMS of dh, dJ: 0.00685478 0.00149681
Max of dh, dJ: 0.0342502 0.04265
Std. errors: 0.0076987 0.00185823
Model difference is within sampling error. Increasing sampling...
MC steps per iteration: 128000

iteration 395
Number of threads allocated = 1
Avg. energy: 18.9541
RMS of dh, dJ: 0.00747826 0.00138354
Max of dh, dJ: 0.035912 0.0424234

iteration 396
Number of threads allocated = 1
Avg. energy: 19.0042
RMS of dh, dJ: 0.00514965 0.00178019
Max of dh, dJ: 0.0263561 0.0468578

iteration 397
Number of threads allocated = 1
Avg. energy: 18.9884
RMS of dh, dJ: 0.00192593 0.00243485
Max of dh, dJ: 0.0142351 0.0630055

iteration 398
Number of threads allocated = 1
Avg. energy: 18.9798
RMS of dh, dJ: 0.00335632 0.00212999
Max of dh, dJ: 0.0211179 0.0557008

iteration 399
Number of threads allocated = 1
Avg. energy: 19.032
RMS of dh, dJ: 0.00111052 0.00292552
Max of dh, dJ: 0.00894363 0.0739828

iteration 400
Number of threads allocated = 1
Avg. energy: 18.7985
RMS of dh, dJ: 0.00329435 0.00203657
Max of dh, dJ: 0.0178054 0.0556539

iteration 401
Number of threads allocated = 1
Avg. energy: 18.8981
RMS of dh, dJ: 0.000848937 0.0027969
Max of dh, dJ: 0.0071155 0.0707164

iteration 402
Number of threads allocated = 1
Avg. energy: 18.8633
RMS of dh, dJ: 0.00737108 0.00133005
Max of dh, dJ: 0.0349613 0.0419234

iteration 403
Number of threads allocated = 1
Avg. energy: 19.0929
RMS of dh, dJ: 0.0024982 0.00227574
Max of dh, dJ: 0.014657 0.0579231

iteration 404
Number of threads allocated = 1
Avg. energy: 19.0519
RMS of dh, dJ: 0.00154217 0.00247174
Max of dh, dJ: 0.0121961 0.0638812

iteration 405
Number of threads allocated = 1
Avg. energy: 19.0532
RMS of dh, dJ: 0.00120881 0.00297002
Max of dh, dJ: 0.00878027 0.0736028

iteration 406
Number of threads allocated = 1
Avg. energy: 18.9285
RMS of dh, dJ: 0.00550206 0.00161249
Max of dh, dJ: 0.0260632 0.0453531

iteration 407
Number of threads allocated = 1
Avg. energy: 19.0407
RMS of dh, dJ: 0.00246222 0.00323801
Max of dh, dJ: 0.0147481 0.0802903

iteration 408
Number of threads allocated = 1
Avg. energy: 18.9307
RMS of dh, dJ: 0.00293256 0.00208853
Max of dh, dJ: 0.0160395 0.0552356

iteration 409
Number of threads allocated = 1
Avg. energy: 18.9439
RMS of dh, dJ: 0.00147105 0.00243452
Max of dh, dJ: 0.0097335 0.0626341

iteration 410
Number of threads allocated = 1
Avg. energy: 18.8626
RMS of dh, dJ: 0.00606949 0.00147093
Max of dh, dJ: 0.0312335 0.0462125

iteration 411
Number of threads allocated = 1
Avg. energy: 18.921
RMS of dh, dJ: 0.00314929 0.00206345
Max of dh, dJ: 0.0180082 0.0522321

iteration 412
Number of threads allocated = 1
Avg. energy: 18.9921
RMS of dh, dJ: 0.0032607 0.00205052
Max of dh, dJ: 0.0197882 0.0518668

iteration 413
Number of threads allocated = 1
Avg. energy: 18.9743
RMS of dh, dJ: 0.00312485 0.00337833
Max of dh, dJ: 0.0178977 0.0824757

iteration 414
Number of threads allocated = 1
Avg. energy: 18.7159
RMS of dh, dJ: 0.00496794 0.00162688
Max of dh, dJ: 0.0253038 0.0440872

iteration 415
Number of threads allocated = 1
Avg. energy: 18.7788
RMS of dh, dJ: 0.00276042 0.00207072
Max of dh, dJ: 0.0159288 0.0552492

iteration 416
Number of threads allocated = 1
Avg. energy: 18.7878
RMS of dh, dJ: 0.00492661 0.00160665
Max of dh, dJ: 0.0264991 0.0457984

iteration 417
Number of threads allocated = 1
Avg. energy: 18.9073
RMS of dh, dJ: 0.000934674 0.00257186
Max of dh, dJ: 0.0102436 0.0681867

iteration 418
Number of threads allocated = 1
Avg. energy: 18.7658
RMS of dh, dJ: 0.00547483 0.00153375
Max of dh, dJ: 0.0283976 0.0461187

iteration 419
Number of threads allocated = 1
Avg. energy: 18.9569
RMS of dh, dJ: 0.00154129 0.00243135
Max of dh, dJ: 0.0136944 0.0619914

iteration 420
Number of threads allocated = 1
Avg. energy: 18.9566
RMS of dh, dJ: 0.00118065 0.00254005
Max of dh, dJ: 0.0104132 0.0650539

iteration 421
Number of threads allocated = 1
Avg. energy: 18.8682
RMS of dh, dJ: 0.00431062 0.00174836
Max of dh, dJ: 0.0272179 0.0469469

iteration 422
Number of threads allocated = 1
Avg. energy: 19.0563
RMS of dh, dJ: 0.00285623 0.0032518
Max of dh, dJ: 0.0167493 0.0783196

iteration 423
Number of threads allocated = 1
Avg. energy: 18.7516
RMS of dh, dJ: 0.00322085 0.00189823
Max of dh, dJ: 0.021046 0.0511184

iteration 424
Number of threads allocated = 1
Avg. energy: 18.8026
RMS of dh, dJ: 0.00209886 0.0021385
Max of dh, dJ: 0.0157804 0.0575716

iteration 425
Number of threads allocated = 1
Avg. energy: 18.8537
RMS of dh, dJ: 0.00419697 0.00170369
Max of dh, dJ: 0.0257726 0.0471341

iteration 426
Number of threads allocated = 1
Avg. energy: 18.9714
RMS of dh, dJ: 0.00143987 0.00283382
Max of dh, dJ: 0.010093 0.0708137

iteration 427
Number of threads allocated = 1
Avg. energy: 18.7234
RMS of dh, dJ: 0.000784306 0.00251289
Max of dh, dJ: 0.00683507 0.0656966

iteration 428
Number of threads allocated = 1
Avg. energy: 18.6701
RMS of dh, dJ: 0.00193143 0.00210734
Max of dh, dJ: 0.0141476 0.056718

iteration 429
Number of threads allocated = 1
Avg. energy: 18.7413
RMS of dh, dJ: 0.00511144 0.00151008
Max of dh, dJ: 0.028046 0.0425875
Std. errors: 0.00674549 0.00164984
Model difference is within sampling error. Increasing sampling...
MC steps per iteration: 256000

iteration 430
Number of threads allocated = 1
Avg. energy: 18.8334
RMS of dh, dJ: 0.00221098 0.00297346
Max of dh, dJ: 0.0127908 0.0747044

iteration 431
Number of threads allocated = 1
Avg. energy: 18.6699
RMS of dh, dJ: 0.00537803 0.00142673
Max of dh, dJ: 0.0267023 0.0439117

iteration 432
Number of threads allocated = 1
Avg. energy: 18.8349
RMS of dh, dJ: 0.00238335 0.00200716
Max of dh, dJ: 0.0139874 0.0535091

iteration 433
Number of threads allocated = 1
Avg. energy: 18.7879
RMS of dh, dJ: 0.00210228 0.00204215
Max of dh, dJ: 0.0118598 0.055677

iteration 434
Number of threads allocated = 1
Avg. energy: 18.8542
RMS of dh, dJ: 0.000712875 0.00252981
Max of dh, dJ: 0.00594093 0.06605

iteration 435
Number of threads allocated = 1
Avg. energy: 18.7266
RMS of dh, dJ: 0.00585572 0.00134885
Max of dh, dJ: 0.0282365 0.0424859

iteration 436
Number of threads allocated = 1
Avg. energy: 18.8875
RMS of dh, dJ: 0.00463823 0.00351886
Max of dh, dJ: 0.0243042 0.0862786

iteration 437
Number of threads allocated = 1
Avg. energy: 18.5922
RMS of dh, dJ: 0.00579804 0.00132481
Max of dh, dJ: 0.0294718 0.0423648

iteration 438
Number of threads allocated = 1
Avg. energy: 18.6409
RMS of dh, dJ: 0.00110789 0.00219521
Max of dh, dJ: 0.00861817 0.0587161

iteration 439
Number of threads allocated = 1
Avg. energy: 18.6753
RMS of dh, dJ: 0.00488555 0.0014793
Max of dh, dJ: 0.0258447 0.0444976

iteration 440
Number of threads allocated = 1
Avg. energy: 18.6828
RMS of dh, dJ: 0.00126991 0.00216688
Max of dh, dJ: 0.0102549 0.0578079

iteration 441
Number of threads allocated = 1
Avg. energy: 18.7546
RMS of dh, dJ: 0.00411966 0.00160689
Max of dh, dJ: 0.0209084 0.0436851

iteration 442
Number of threads allocated = 1
Avg. energy: 18.8226
RMS of dh, dJ: 0.000989808 0.00258937
Max of dh, dJ: 0.00837978 0.0651458

iteration 443
Number of threads allocated = 1
Avg. energy: 18.7067
RMS of dh, dJ: 0.00183481 0.00202108
Max of dh, dJ: 0.011294 0.0547512

iteration 444
Number of threads allocated = 1
Avg. energy: 18.7083
RMS of dh, dJ: 0.00187492 0.00199649
Max of dh, dJ: 0.0112354 0.0535364

iteration 445
Number of threads allocated = 1
Avg. energy: 18.6974
RMS of dh, dJ: 0.000537358 0.00239723
Max of dh, dJ: 0.0048589 0.061138

iteration 446
Number of threads allocated = 1
Avg. energy: 18.5924
RMS of dh, dJ: 0.00280673 0.001765
Max of dh, dJ: 0.0143119 0.0478528

iteration 447
Number of threads allocated = 1
Avg. energy: 18.6875
RMS of dh, dJ: 0.00176478 0.0019997
Max of dh, dJ: 0.0109457 0.0521497

iteration 448
Number of threads allocated = 1
Avg. energy: 18.6833
RMS of dh, dJ: 0.00246747 0.00286202
Max of dh, dJ: 0.0138667 0.0712161

iteration 449
Number of threads allocated = 1
Avg. energy: 18.4353
RMS of dh, dJ: 0.00723116 0.00114574
Max of dh, dJ: 0.0332806 0.039689

iteration 450
Number of threads allocated = 1
Avg. energy: 18.7764
RMS of dh, dJ: 0.00113574 0.00219017
Max of dh, dJ: 0.00780512 0.0541106

iteration 451
Number of threads allocated = 1
Avg. energy: 18.6844
RMS of dh, dJ: 0.00325229 0.00303413
Max of dh, dJ: 0.0173348 0.0750407

iteration 452
Number of threads allocated = 1
Avg. energy: 18.5439
RMS of dh, dJ: 0.0046441 0.00140048
Max of dh, dJ: 0.0223522 0.0439351

iteration 453
Number of threads allocated = 1
Avg. energy: 18.5986
RMS of dh, dJ: 0.00105357 0.00211416
Max of dh, dJ: 0.00773871 0.0552317

iteration 454
Number of threads allocated = 1
Avg. energy: 18.5714
RMS of dh, dJ: 0.00209284 0.00186517
Max of dh, dJ: 0.0123509 0.0503684

iteration 455
Number of threads allocated = 1
Avg. energy: 18.5397
RMS of dh, dJ: 0.00584177 0.00123747
Max of dh, dJ: 0.0278612 0.0423492

iteration 456
Number of threads allocated = 1
Avg. energy: 18.6689
RMS of dh, dJ: 0.00298722 0.0017072
Max of dh, dJ: 0.0162025 0.0454547

iteration 457
Number of threads allocated = 1
Avg. energy: 18.7316
RMS of dh, dJ: 0.000901769 0.00222467
Max of dh, dJ: 0.00688964 0.0575368

iteration 458
Number of threads allocated = 1
Avg. energy: 18.669
RMS of dh, dJ: 0.0014367 0.0020175
Max of dh, dJ: 0.00912153 0.0523922

iteration 459
Number of threads allocated = 1
Avg. energy: 18.6556
RMS of dh, dJ: 0.00100385 0.00210154
Max of dh, dJ: 0.00720639 0.0545524

iteration 460
Number of threads allocated = 1
Avg. energy: 18.6737
RMS of dh, dJ: 0.0014289 0.00199077
Max of dh, dJ: 0.00987153 0.0520289

iteration 461
Number of threads allocated = 1
Avg. energy: 18.6785
RMS of dh, dJ: 0.00213902 0.00269956
Max of dh, dJ: 0.0122881 0.0688649

iteration 462
Number of threads allocated = 1
Avg. energy: 18.4343
RMS of dh, dJ: 0.00684813 0.00111006
Max of dh, dJ: 0.0343168 0.0413219

iteration 463
Number of threads allocated = 1
Avg. energy: 18.8438
RMS of dh, dJ: 0.00436992 0.00325715
Max of dh, dJ: 0.0224392 0.0786618

iteration 464
Number of threads allocated = 1
Avg. energy: 18.6827
RMS of dh, dJ: 0.0017498 0.00189403
Max of dh, dJ: 0.0103129 0.0491618

iteration 465
Number of threads allocated = 1
Avg. energy: 18.5488
RMS of dh, dJ: 0.0014849 0.0019265
Max of dh, dJ: 0.00950969 0.0510563

iteration 466
Number of threads allocated = 1
Avg. energy: 18.5503
RMS of dh, dJ: 0.00328941 0.0015494
Max of dh, dJ: 0.0168682 0.0436656

iteration 467
Number of threads allocated = 1
Avg. energy: 18.5623
RMS of dh, dJ: 0.00187067 0.00181203
Max of dh, dJ: 0.011141 0.049818

iteration 468
Number of threads allocated = 1
Avg. energy: 18.584
RMS of dh, dJ: 0.00222285 0.00175245
Max of dh, dJ: 0.0125238 0.0470641

iteration 469
Number of threads allocated = 1
Avg. energy: 18.6261
RMS of dh, dJ: 0.000669954 0.00217223
Max of dh, dJ: 0.00486703 0.0551696

iteration 470
Number of threads allocated = 1
Avg. energy: 18.5574
RMS of dh, dJ: 0.00234832 0.00171704
Max of dh, dJ: 0.0125089 0.0465797

iteration 471
Number of threads allocated = 1
Avg. energy: 18.6535
RMS of dh, dJ: 0.00123812 0.00242614
Max of dh, dJ: 0.00822753 0.0628258

iteration 472
Number of threads allocated = 1
Avg. energy: 18.5073
RMS of dh, dJ: 0.00297473 0.0015506
Max of dh, dJ: 0.0148495 0.0430875

iteration 473
Number of threads allocated = 1
Avg. energy: 18.583
RMS of dh, dJ: 0.00125089 0.00192627
Max of dh, dJ: 0.00885301 0.0519157

iteration 474
Number of threads allocated = 1
Avg. energy: 18.5322
RMS of dh, dJ: 0.000779512 0.002027
Max of dh, dJ: 0.00782176 0.0554977

iteration 475
Number of threads allocated = 1
Avg. energy: 18.497
RMS of dh, dJ: 0.000652125 0.00212369
Max of dh, dJ: 0.00568894 0.058693

iteration 476
Number of threads allocated = 1
Avg. energy: 18.4457
RMS of dh, dJ: 0.00298164 0.00155122
Max of dh, dJ: 0.0153995 0.0435797

iteration 477
Number of threads allocated = 1
Avg. energy: 18.5897
RMS of dh, dJ: 0.000601681 0.00218345
Max of dh, dJ: 0.00456192 0.0581149

iteration 478
Number of threads allocated = 1
Avg. energy: 18.5182
RMS of dh, dJ: 0.00209237 0.00169686
Max of dh, dJ: 0.0111378 0.0465602

iteration 479
Number of threads allocated = 1
Avg. energy: 18.57
RMS of dh, dJ: 0.00143268 0.00184389
Max of dh, dJ: 0.0097823 0.0482985

iteration 480
Number of threads allocated = 1
Avg. energy: 18.5927
RMS of dh, dJ: 0.00456042 0.00312648
Max of dh, dJ: 0.0235699 0.0776539

iteration 481
Number of threads allocated = 1
Avg. energy: 18.1862
RMS of dh, dJ: 0.0061517 0.00112074
Max of dh, dJ: 0.0283285 0.0409703

iteration 482
Number of threads allocated = 1
Avg. energy: 18.413
RMS of dh, dJ: 0.00442999 0.00127045
Max of dh, dJ: 0.0219503 0.0416578

iteration 483
Number of threads allocated = 1
Avg. energy: 18.5295
RMS of dh, dJ: 0.00256493 0.00160787
Max of dh, dJ: 0.0134631 0.0469898

iteration 484
Number of threads allocated = 1
Avg. energy: 18.5633
RMS of dh, dJ: 0.00377327 0.00292273
Max of dh, dJ: 0.0206793 0.0732367

iteration 485
Number of threads allocated = 1
Avg. energy: 18.2596
RMS of dh, dJ: 0.00653837 0.00107054
Max of dh, dJ: 0.0305284 0.0403726

iteration 486
Number of threads allocated = 1
Avg. energy: 18.4822
RMS of dh, dJ: 0.000897869 0.00193765
Max of dh, dJ: 0.00634473 0.0517406

iteration 487
Number of threads allocated = 1
Avg. energy: 18.4326
RMS of dh, dJ: 0.00235932 0.00159685
Max of dh, dJ: 0.0129015 0.0460875

iteration 488
Number of threads allocated = 1
Avg. energy: 18.4789
RMS of dh, dJ: 0.000731357 0.00195842
Max of dh, dJ: 0.00594835 0.0525101

iteration 489
Number of threads allocated = 1
Avg. energy: 18.4863
RMS of dh, dJ: 0.00259559 0.00157606
Max of dh, dJ: 0.0153186 0.0443609

iteration 490
Number of threads allocated = 1
Avg. energy: 18.5062
RMS of dh, dJ: 0.00177837 0.00171504
Max of dh, dJ: 0.0108116 0.0471148

iteration 491
Number of threads allocated = 1
Avg. energy: 18.4933
RMS of dh, dJ: 0.0039533 0.00289075
Max of dh, dJ: 0.0213199 0.0721781

iteration 492
Number of threads allocated = 1
Avg. energy: 18.1151
RMS of dh, dJ: 0.00838499 0.00117154
Max of dh, dJ: 0.0388459 0.0403414

iteration 493
Number of threads allocated = 1
Avg. energy: 18.4809
RMS of dh, dJ: 0.000952151 0.00188233
Max of dh, dJ: 0.00729122 0.0508695

iteration 494
Number of threads allocated = 1
Avg. energy: 18.4775
RMS of dh, dJ: 0.00068276 0.00202797
Max of dh, dJ: 0.0057627 0.0521305

iteration 495
Number of threads allocated = 1
Avg. energy: 18.4233
RMS of dh, dJ: 0.00227121 0.00246623
Max of dh, dJ: 0.0153902 0.0634593

iteration 496
Number of threads allocated = 1
Avg. energy: 18.2744
RMS of dh, dJ: 0.00179472 0.00164158
Max of dh, dJ: 0.0136764 0.0460179

iteration 497
Number of threads allocated = 1
Avg. energy: 18.3476
RMS of dh, dJ: 0.00532458 0.00112773
Max of dh, dJ: 0.0262311 0.0415172
Std. errors: 0.00610243 0.00148864
Model difference is within sampling error. Increasing sampling...
MC steps per iteration: 512000

iteration 498
Number of threads allocated = 1
Avg. energy: 18.416
RMS of dh, dJ: 0.000937437 0.00188106
Max of dh, dJ: 0.00787367 0.0503207

iteration 499
Number of threads allocated = 1
Avg. energy: 18.4058
RMS of dh, dJ: 0.00109498 0.00182047
Max of dh, dJ: 0.00793272 0.049264

iteration 500
Number of threads allocated = 1
Avg. energy: 18.3413
RMS of dh, dJ: 0.00262004 0.001487
Max of dh, dJ: 0.0155421 0.0450308

iteration 501
Number of threads allocated = 1
Avg. energy: 18.3923
RMS of dh, dJ: 0.00207623 0.00159756
Max of dh, dJ: 0.0130714 0.0446344

iteration 502
Number of threads allocated = 1
Avg. energy: 18.4388
RMS of dh, dJ: 0.00180612 0.00235295
Max of dh, dJ: 0.0129453 0.0597145

iteration 503
Number of threads allocated = 1
Avg. energy: 18.2892
RMS of dh, dJ: 0.00508095 0.00113228
Max of dh, dJ: 0.0261295 0.0412574

iteration 504
Number of threads allocated = 1
Avg. energy: 18.4453
RMS of dh, dJ: 0.00180649 0.00234197
Max of dh, dJ: 0.0108927 0.0597445

iteration 505
Number of threads allocated = 1
Avg. energy: 18.3402
RMS of dh, dJ: 0.00167606 0.00163516
Max of dh, dJ: 0.01213 0.0447406

iteration 506
Number of threads allocated = 1
Avg. energy: 18.3832
RMS of dh, dJ: 0.00250955 0.00148735
Max of dh, dJ: 0.014778 0.0436773

iteration 507
Number of threads allocated = 1
Avg. energy: 18.3303
RMS of dh, dJ: 0.00150413 0.00167445
Max of dh, dJ: 0.0107018 0.0453148

iteration 508
Number of threads allocated = 1
Avg. energy: 18.3194
RMS of dh, dJ: 0.00270981 0.00143042
Max of dh, dJ: 0.0157569 0.0427008

iteration 509
Number of threads allocated = 1
Avg. energy: 18.3076
RMS of dh, dJ: 0.00130669 0.00170902
Max of dh, dJ: 0.00986586 0.0460114

iteration 510
Number of threads allocated = 1
Avg. energy: 18.3038
RMS of dh, dJ: 0.00130569 0.00168451
Max of dh, dJ: 0.00961935 0.0454528

iteration 511
Number of threads allocated = 1
Avg. energy: 18.3138
RMS of dh, dJ: 0.0011893 0.00170851
Max of dh, dJ: 0.00836586 0.0457699

iteration 512
Number of threads allocated = 1
Avg. energy: 18.3497
RMS of dh, dJ: 0.000612449 0.00193601
Max of dh, dJ: 0.00433506 0.051777

iteration 513
Number of threads allocated = 1
Avg. energy: 18.275
RMS of dh, dJ: 0.0035944 0.00127414
Max of dh, dJ: 0.0182268 0.0425055

iteration 514
Number of threads allocated = 1
Avg. energy: 18.466
RMS of dh, dJ: 0.00455149 0.00291679
Max of dh, dJ: 0.0233868 0.0720921

iteration 515
Number of threads allocated = 1
Avg. energy: 18.1733
RMS of dh, dJ: 0.00536903 0.00107493
Max of dh, dJ: 0.0268596 0.0407691

iteration 516
Number of threads allocated = 1
Avg. energy: 18.303
RMS of dh, dJ: 0.00061862 0.00195455
Max of dh, dJ: 0.00475203 0.0513688

iteration 517
Number of threads allocated = 1
Avg. energy: 18.302
RMS of dh, dJ: 0.00118189 0.00167302
Max of dh, dJ: 0.00753146 0.0447164

iteration 518
Number of threads allocated = 1
Avg. energy: 18.2324
RMS of dh, dJ: 0.00150552 0.00215567
Max of dh, dJ: 0.00950398 0.0564359

iteration 519
Number of threads allocated = 1
Avg. energy: 18.1899
RMS of dh, dJ: 0.00356109 0.00123553
Max of dh, dJ: 0.0175395 0.0424605

iteration 520
Number of threads allocated = 1
Avg. energy: 18.2796
RMS of dh, dJ: 0.0042275 0.00116897
Max of dh, dJ: 0.0216567 0.0420152

iteration 521
Number of threads allocated = 1
Avg. energy: 18.2621
RMS of dh, dJ: 0.00104195 0.00207606
Max of dh, dJ: 0.00658406 0.0536058

iteration 522
Number of threads allocated = 1
Avg. energy: 18.2208
RMS of dh, dJ: 0.00263099 0.00137664
Max of dh, dJ: 0.0136763 0.042857

iteration 523
Number of threads allocated = 1
Avg. energy: 18.2475
RMS of dh, dJ: 0.00588228 0.00103334
Max of dh, dJ: 0.0281587 0.0408375

iteration 524
Number of threads allocated = 1
Avg. energy: 18.2239
RMS of dh, dJ: 0.00249223 0.00139479
Max of dh, dJ: 0.0131554 0.0439332

iteration 525
Number of threads allocated = 1
Avg. energy: 18.2633
RMS of dh, dJ: 0.00284098 0.00136647
Max of dh, dJ: 0.0151821 0.0434781

iteration 526
Number of threads allocated = 1
Avg. energy: 18.2775
RMS of dh, dJ: 0.00547336 0.00105881
Max of dh, dJ: 0.0267934 0.0436148

iteration 527
Number of threads allocated = 1
Avg. energy: 18.2734
RMS of dh, dJ: 0.00163971 0.00219864
Max of dh, dJ: 0.0133625 0.0548805

iteration 528
Number of threads allocated = 1
Avg. energy: 18.2417
RMS of dh, dJ: 0.00473857 0.00110626
Max of dh, dJ: 0.0234341 0.0419762

iteration 529
Number of threads allocated = 1
Avg. energy: 18.2565
RMS of dh, dJ: 0.000611778 0.0018084
Max of dh, dJ: 0.00465941 0.0460621

iteration 530
Number of threads allocated = 1
Avg. energy: 18.207
RMS of dh, dJ: 0.000883171 0.00169756
Max of dh, dJ: 0.00694578 0.0452086

iteration 531
Number of threads allocated = 1
Avg. energy: 18.1672
RMS of dh, dJ: 0.00199566 0.00146868
Max of dh, dJ: 0.011147 0.0452848

iteration 532
Number of threads allocated = 1
Avg. energy: 18.1619
RMS of dh, dJ: 0.00394544 0.00116518
Max of dh, dJ: 0.0194444 0.0425367

iteration 533
Number of threads allocated = 1
Avg. energy: 18.1894
RMS of dh, dJ: 0.0029015 0.00131789
Max of dh, dJ: 0.0152569 0.0436461

iteration 534
Number of threads allocated = 1
Avg. energy: 18.1556
RMS of dh, dJ: 0.000713302 0.00193291
Max of dh, dJ: 0.00536461 0.0495628

iteration 535
Number of threads allocated = 1
Avg. energy: 18.19
RMS of dh, dJ: 0.00649084 0.00101803
Max of dh, dJ: 0.0312016 0.0415719

iteration 536
Number of threads allocated = 1
Avg. energy: 18.2404
RMS of dh, dJ: 0.000627418 0.00178733
Max of dh, dJ: 0.00481785 0.0458688

iteration 537
Number of threads allocated = 1
Avg. energy: 18.2617
RMS of dh, dJ: 0.000773502 0.00174367
Max of dh, dJ: 0.00535203 0.045484

iteration 538
Number of threads allocated = 1
Avg. energy: 18.1925
RMS of dh, dJ: 0.00129955 0.00208788
Max of dh, dJ: 0.00795682 0.0519359

iteration 539
Number of threads allocated = 1
Avg. energy: 18.157
RMS of dh, dJ: 0.00392576 0.00116112
Max of dh, dJ: 0.0193026 0.0431324

iteration 540
Number of threads allocated = 1
Avg. energy: 18.1862
RMS of dh, dJ: 0.00149125 0.0015576
Max of dh, dJ: 0.00858319 0.0444078

iteration 541
Number of threads allocated = 1
Avg. energy: 18.1645
RMS of dh, dJ: 0.00368145 0.00118995
Max of dh, dJ: 0.0183311 0.042275

iteration 542
Number of threads allocated = 1
Avg. energy: 18.2043
RMS of dh, dJ: 0.00204684 0.00145311
Max of dh, dJ: 0.0114222 0.0444137

iteration 543
Number of threads allocated = 1
Avg. energy: 18.2423
RMS of dh, dJ: 0.00193857 0.00147833
Max of dh, dJ: 0.010718 0.0435328

iteration 544
Number of threads allocated = 1
Avg. energy: 18.2436
RMS of dh, dJ: 0.00124316 0.00161202
Max of dh, dJ: 0.00758613 0.0439976

iteration 545
Number of threads allocated = 1
Avg. energy: 18.2321
RMS of dh, dJ: 0.00114677 0.00161754
Max of dh, dJ: 0.00676402 0.0437848

iteration 546
Number of threads allocated = 1
Avg. energy: 18.2301
RMS of dh, dJ: 0.000731074 0.00171052
Max of dh, dJ: 0.00592498 0.0438004

iteration 547
Number of threads allocated = 1
Avg. energy: 18.1794
RMS of dh, dJ: 0.000526237 0.00171642
Max of dh, dJ: 0.00389098 0.0440055

iteration 548
Number of threads allocated = 1
Avg. energy: 18.1946
RMS of dh, dJ: 0.00499684 0.00103971
Max of dh, dJ: 0.0247016 0.0419664

iteration 549
Number of threads allocated = 1
Avg. energy: 18.4285
RMS of dh, dJ: 0.0133532 0.00484562
Max of dh, dJ: 0.0601753 0.107861

iteration 550
Number of threads allocated = 1
Avg. energy: 17.0679
RMS of dh, dJ: 0.0255013 0.00509131
Max of dh, dJ: 0.11744 0.103511

iteration 551
Number of threads allocated = 1
Avg. energy: 18.54
RMS of dh, dJ: 0.0157492 0.00546406
Max of dh, dJ: 0.070775 0.118409

iteration 552
Number of threads allocated = 1
Avg. energy: 18.1961
RMS of dh, dJ: 0.000697661 0.00169428
Max of dh, dJ: 0.00552655 0.0457652

iteration 553
Number of threads allocated = 1
Avg. energy: 18.1251
RMS of dh, dJ: 0.00100632 0.00158325
Max of dh, dJ: 0.00592563 0.0446617

iteration 554
Number of threads allocated = 1
Avg. energy: 18.1458
RMS of dh, dJ: 0.00312047 0.00122714
Max of dh, dJ: 0.0158879 0.0419039

iteration 555
Number of threads allocated = 1
Avg. energy: 18.1852
RMS of dh, dJ: 0.00373681 0.00114488
Max of dh, dJ: 0.018742 0.0423883

iteration 556
Number of threads allocated = 1
Avg. energy: 18.2689
RMS of dh, dJ: 0.00118047 0.00200539
Max of dh, dJ: 0.00843228 0.0491083

iteration 557
Number of threads allocated = 1
Avg. energy: 18.147
RMS of dh, dJ: 0.000496042 0.00178636
Max of dh, dJ: 0.0041684 0.0451614

iteration 558
Number of threads allocated = 1
Avg. energy: 18.1333
RMS of dh, dJ: 0.00281379 0.00124351
Max of dh, dJ: 0.0147355 0.0430543

iteration 559
Number of threads allocated = 1
Avg. energy: 18.1568
RMS of dh, dJ: 0.000445405 0.00167848
Max of dh, dJ: 0.00338983 0.0437183

iteration 560
Number of threads allocated = 1
Avg. energy: 18.1877
RMS of dh, dJ: 0.00266257 0.00127376
Max of dh, dJ: 0.0140695 0.0424176

iteration 561
Number of threads allocated = 1
Avg. energy: 18.1707
RMS of dh, dJ: 0.00042486 0.00168952
Max of dh, dJ: 0.00377459 0.0438059

iteration 562
Number of threads allocated = 1
Avg. energy: 18.1138
RMS of dh, dJ: 0.000464774 0.00172758
Max of dh, dJ: 0.00452297 0.0451722

iteration 563
Number of threads allocated = 1
Avg. energy: 18.0888
RMS of dh, dJ: 0.000520847 0.00163431
Max of dh, dJ: 0.00344985 0.0445035

iteration 564
Number of threads allocated = 1
Avg. energy: 18.084
RMS of dh, dJ: 0.000800238 0.00155851
Max of dh, dJ: 0.00514959 0.0436656

iteration 565
Number of threads allocated = 1
Avg. energy: 18.0606
RMS of dh, dJ: 0.00295317 0.00119314
Max of dh, dJ: 0.015408 0.0428394

iteration 566
Number of threads allocated = 1
Avg. energy: 18.2109
RMS of dh, dJ: 0.00418127 0.00260701
Max of dh, dJ: 0.0203802 0.0632884

iteration 567
Number of threads allocated = 1
Avg. energy: 17.8278
RMS of dh, dJ: 0.00644417 0.00104773
Max of dh, dJ: 0.029112 0.0393765

iteration 568
Number of threads allocated = 1
Avg. energy: 18.0767
RMS of dh, dJ: 0.000368236 0.00168416
Max of dh, dJ: 0.00344875 0.0443196

iteration 569
Number of threads allocated = 1
Avg. energy: 18.1412
RMS of dh, dJ: 0.000967105 0.00154757
Max of dh, dJ: 0.00634591 0.0431598

iteration 570
Number of threads allocated = 1
Avg. energy: 18.0934
RMS of dh, dJ: 0.00130083 0.00194036
Max of dh, dJ: 0.00760304 0.0493177

iteration 571
Number of threads allocated = 1
Avg. energy: 18.0715
RMS of dh, dJ: 0.00383866 0.00107515
Max of dh, dJ: 0.0179041 0.041316
Std. errors: 0.00492 0.0011775
Model difference is within sampling error. Increasing sampling...
MC steps per iteration: 1024000

iteration 572
Number of threads allocated = 1
Avg. energy: 18.0821
RMS of dh, dJ: 0.000553485 0.00157845
Max of dh, dJ: 0.00363477 0.0439264

iteration 573
Number of threads allocated = 1
Avg. energy: 18.0975
RMS of dh, dJ: 0.00137707 0.00143279
Max of dh, dJ: 0.00712575 0.0431139

iteration 574
Number of threads allocated = 1
Avg. energy: 18.0806
RMS of dh, dJ: 0.000425865 0.00162358
Max of dh, dJ: 0.00248317 0.0437525

iteration 575
Number of threads allocated = 1
Avg. energy: 18.03
RMS of dh, dJ: 0.0013592 0.00140818
Max of dh, dJ: 0.00741124 0.0431558

iteration 576
Number of threads allocated = 1
Avg. energy: 18.0206
RMS of dh, dJ: 0.000433416 0.00161633
Max of dh, dJ: 0.00339821 0.0435025

iteration 577
Number of threads allocated = 1
Avg. energy: 17.9924
RMS of dh, dJ: 0.0019416 0.00130323
Max of dh, dJ: 0.0100408 0.0429254

iteration 578
Number of threads allocated = 1
Avg. energy: 18.0627
RMS of dh, dJ: 0.000891039 0.00149388
Max of dh, dJ: 0.00620192 0.0431715

iteration 579
Number of threads allocated = 1
Avg. energy: 18.0623
RMS of dh, dJ: 0.00129572 0.0018927
Max of dh, dJ: 0.00757535 0.0485061

iteration 580
Number of threads allocated = 1
Avg. energy: 17.9585
RMS of dh, dJ: 0.00384595 0.00105441
Max of dh, dJ: 0.0175468 0.0405094

iteration 581
Number of threads allocated = 1
Avg. energy: 18.061
RMS of dh, dJ: 0.00326285 0.00229992
Max of dh, dJ: 0.0164416 0.0575901

iteration 582
Number of threads allocated = 1
Avg. energy: 17.95
RMS of dh, dJ: 0.00107638 0.00142981
Max of dh, dJ: 0.00664352 0.0427408

iteration 583
Number of threads allocated = 1
Avg. energy: 17.9473
RMS of dh, dJ: 0.00261316 0.00117676
Max of dh, dJ: 0.0122109 0.0417164

iteration 584
Number of threads allocated = 1
Avg. energy: 17.9403
RMS of dh, dJ: 0.00242792 0.00120621
Max of dh, dJ: 0.0116853 0.041524

iteration 585
Number of threads allocated = 1
Avg. energy: 17.9768
RMS of dh, dJ: 0.00391028 0.00104367
Max of dh, dJ: 0.0180859 0.0408873

iteration 586
Number of threads allocated = 1
Avg. energy: 18.0606
RMS of dh, dJ: 0.0011684 0.0014305
Max of dh, dJ: 0.00614801 0.0428932

iteration 587
Number of threads allocated = 1
Avg. energy: 18.0572
RMS of dh, dJ: 0.001854 0.00130944
Max of dh, dJ: 0.00954786 0.0431578

iteration 588
Number of threads allocated = 1
Avg. energy: 18.0645
RMS of dh, dJ: 0.0023982 0.00209524
Max of dh, dJ: 0.0131238 0.053472

iteration 589
Number of threads allocated = 1
Avg. energy: 17.8645
RMS of dh, dJ: 0.00489297 0.000997036
Max of dh, dJ: 0.0215611 0.0397545

iteration 590
Number of threads allocated = 1
Avg. energy: 18.0019
RMS of dh, dJ: 0.00176939 0.0019452
Max of dh, dJ: 0.00951545 0.0504095

iteration 591
Number of threads allocated = 1
Avg. energy: 17.979
RMS of dh, dJ: 0.00151063 0.00134195
Max of dh, dJ: 0.008207 0.0431158

iteration 592
Number of threads allocated = 1
Avg. energy: 17.9575
RMS of dh, dJ: 0.00131418 0.00137269
Max of dh, dJ: 0.00744825 0.0428033

iteration 593
Number of threads allocated = 1
Avg. energy: 17.9512
RMS of dh, dJ: 0.00214824 0.00122827
Max of dh, dJ: 0.0111884 0.042981

iteration 594
Number of threads allocated = 1
Avg. energy: 17.9279
RMS of dh, dJ: 0.000981568 0.00141589
Max of dh, dJ: 0.00601364 0.0435299

iteration 595
Number of threads allocated = 1
Avg. energy: 17.9752
RMS of dh, dJ: 0.00248378 0.00118969
Max of dh, dJ: 0.0122545 0.0417213

iteration 596
Number of threads allocated = 1
Avg. energy: 18.0229
RMS of dh, dJ: 0.00265609 0.00116979
Max of dh, dJ: 0.0136241 0.0419674

iteration 597
Number of threads allocated = 1
Avg. energy: 18.0577
RMS of dh, dJ: 0.00383548 0.00239597
Max of dh, dJ: 0.0193924 0.0598392

iteration 598
Number of threads allocated = 1
Avg. energy: 17.7713
RMS of dh, dJ: 0.00861239 0.00133682
Max of dh, dJ: 0.0381256 0.0366842

iteration 599
Number of threads allocated = 1
Avg. energy: 18.053
RMS of dh, dJ: 0.00360089 0.00232476
Max of dh, dJ: 0.0183162 0.0581155

iteration 600
Number of threads allocated = 1
Avg. energy: 18.0052
RMS of dh, dJ: 0.000607095 0.00150123
Max of dh, dJ: 0.0047691 0.0433805

iteration 601
Number of threads allocated = 1
Avg. energy: 17.9917
RMS of dh, dJ: 0.00104834 0.00140633
Max of dh, dJ: 0.00712457 0.0433316

iteration 602
Number of threads allocated = 1
Avg. energy: 17.9569
RMS of dh, dJ: 0.000501681 0.00161115
Max of dh, dJ: 0.00328704 0.0432291

iteration 603
Number of threads allocated = 1
Avg. energy: 17.9286
RMS of dh, dJ: 0.0025862 0.00115319
Max of dh, dJ: 0.013192 0.0416666

iteration 604
Number of threads allocated = 1
Avg. energy: 17.9706
RMS of dh, dJ: 0.00374395 0.00103162
Max of dh, dJ: 0.0180948 0.0410191
Std. errors: 0.00443945 0.00105767
Model difference is within sampling error. Increasing sampling...
MC steps per iteration: 2048000

iteration 605
Number of threads allocated = 1
Avg. energy: 17.9546
RMS of dh, dJ: 0.00244798 0.00117464
Max of dh, dJ: 0.0132985 0.0418477

iteration 606
Number of threads allocated = 1
Avg. energy: 17.9659
RMS of dh, dJ: 0.00196926 0.00123984
Max of dh, dJ: 0.0114313 0.0422945

iteration 607
Number of threads allocated = 1
Avg. energy: 17.9438
RMS of dh, dJ: 0.000878711 0.0014262
Max of dh, dJ: 0.0066974 0.0426598

iteration 608
Number of threads allocated = 1
Avg. energy: 17.931
RMS of dh, dJ: 0.000699014 0.00145648
Max of dh, dJ: 0.00572426 0.0432203

iteration 609
Number of threads allocated = 1
Avg. energy: 17.9175
RMS of dh, dJ: 0.000879749 0.00141176
Max of dh, dJ: 0.00641615 0.0432223

iteration 610
Number of threads allocated = 1
Avg. energy: 17.9233
RMS of dh, dJ: 0.000496488 0.00149165
Max of dh, dJ: 0.00483656 0.0429737
Converged!
RMS of dh, dJ, tot: 0.000496488 0.00149165 0.00198814
Max of |dh|, |dJ|: 0.00483656 0.0429737
